情報,2019/11/07 15:11:46,Microsoft-Windows-Sysmon,1,Process Create (rule: ProcessCreate),"Process Create:
UtcTime: 2019-11-07 06:11:46.670
ProcessGuid: {02EA0504-4EA2-5A01-0000-0010EA370C00}
ProcessId: 2732
Image: C:\Windows\System32\Macromed\Flash\FlashUtil64_22_0_0_210_ActiveX.exe
CommandLine: C:\Windows\system32\Macromed\Flash\FlashUtil64_22_0_0_210_ActiveX.exe -Embedding
CurrentDirectory: C:\Windows\system32\
User: EXAMPLE\chiyoda.tokyo
LogonGuid: {02EA0504-41EA-5A01-0000-002074B30100}
LogonId: 0x1b374
TerminalSessionId: 1
IntegrityLevel: Medium
Hashes: SHA1=4333BFE126CAEAFDB0A80530F0C05A06C51EB2B8
ParentProcessGuid: {02EA0504-41A7-5A01-0000-001060A00000}
ParentProcessId: 636
ParentImage: C:\Windows\System32\svchost.exe
ParentCommandLine: C:\Windows\system32\svchost.exe -k DcomLaunch"
情報,2019/11/07 15:11:15,Microsoft-Windows-Sysmon,2,File creation time changed (rule: FileCreateTime),"File creation time changed:
UtcTime: 2019-11-07 06:11:15.439
ProcessGuid: {02EA0504-485D-5A01-0000-0010DB380900}
ProcessId: 2736
Image: C:\Program Files\Internet Explorer\iexplore.exe
TargetFilename: C:\Users\chiyoda.tokyo.EXAMPLE\AppData\Roaming\Microsoft\Windows\Recent\CustomDestinations\PQPKUPNP764HUM2SWE6E.temp
CreationUtcTime: 2019-11-07 05:26:24.114
PreviousCreationUtcTime: 2019-11-07 06:11:15.439"
情報,2019/11/07 15:10:32,Microsoft-Windows-Sysmon,5,Process terminated (rule: ProcessTerminate),"Process terminated:
UtcTime: 2019-11-07 06:10:32.275
ProcessGuid: {02EA0504-4E4E-5A01-0000-00106A140C00}
ProcessId: 2620
Image: C:\Windows\System32\Macromed\Flash\FlashUtil64_22_0_0_210_ActiveX.exe"
情報,2019/11/07 15:10:32,Microsoft-Windows-Sysmon,2,File creation time changed (rule: FileCreateTime),"File creation time changed:
UtcTime: 2019-11-07 06:10:32.259
ProcessGuid: {02EA0504-485D-5A01-0000-0010DB380900}
ProcessId: 2736
Image: C:\Program Files\Internet Explorer\iexplore.exe
TargetFilename: C:\Users\chiyoda.tokyo.EXAMPLE\AppData\Roaming\Microsoft\Windows\Recent\CustomDestinations\MKGV4CMT5IQYZWC7JCZF.temp
CreationUtcTime: 2019-11-07 05:26:24.114
PreviousCreationUtcTime: 2019-11-07 06:10:32.259"
情報,2019/11/07 15:10:22,Microsoft-Windows-Sysmon,1,Process Create (rule: ProcessCreate),"Process Create:
UtcTime: 2019-11-07 06:10:22.010
ProcessGuid: {02EA0504-4E4E-5A01-0000-00106A140C00}
ProcessId: 2620
Image: C:\Windows\System32\Macromed\Flash\FlashUtil64_22_0_0_210_ActiveX.exe
CommandLine: C:\Windows\system32\Macromed\Flash\FlashUtil64_22_0_0_210_ActiveX.exe -Embedding
CurrentDirectory: C:\Windows\system32\
User: EXAMPLE\chiyoda.tokyo
LogonGuid: {02EA0504-41EA-5A01-0000-002074B30100}
LogonId: 0x1b374
TerminalSessionId: 1
IntegrityLevel: Medium
Hashes: SHA1=4333BFE126CAEAFDB0A80530F0C05A06C51EB2B8
ParentProcessGuid: {02EA0504-41A7-5A01-0000-001060A00000}
ParentProcessId: 636
ParentImage: C:\Windows\System32\svchost.exe
ParentCommandLine: C:\Windows\system32\svchost.exe -k DcomLaunch"
情報,2019/11/07 15:10:21,Microsoft-Windows-Sysmon,1,Process Create (rule: ProcessCreate),"Process Create:
UtcTime: 2019-11-07 06:10:21.368
ProcessGuid: {02EA0504-4E4D-5A01-0000-001086F20B00}
ProcessId: 2168
Image: C:\Program Files (x86)\Internet Explorer\iexplore.exe
CommandLine: ""C:\Program Files (x86)\Internet Explorer\IEXPLORE.EXE"" SCODEF:2736 CREDAT:3085697 /prefetch:2
CurrentDirectory: C:\Users\chiyoda.tokyo.EXAMPLE\Desktop\
User: EXAMPLE\chiyoda.tokyo
LogonGuid: {02EA0504-41EA-5A01-0000-002074B30100}
LogonId: 0x1b374
TerminalSessionId: 1
IntegrityLevel: Low
Hashes: SHA1=7CB7EF5B277663E56167E1E7705D7C8BFC4BD432
ParentProcessGuid: {02EA0504-485D-5A01-0000-0010DB380900}
ParentProcessId: 2736
ParentImage: C:\Program Files\Internet Explorer\iexplore.exe
ParentCommandLine: ""C:\Program Files\Internet Explorer\iexplore.exe"" -Embedding"
情報,2019/11/07 15:09:28,Microsoft-Windows-Sysmon,5,Process terminated (rule: ProcessTerminate),"Process terminated:
UtcTime: 2019-11-07 06:09:28.703
ProcessGuid: {02EA0504-4DD0-5A01-0000-001031CE0B00}
ProcessId: 976
Image: C:\Program Files (x86)\Internet Explorer\iexplore.exe"
情報,2019/11/07 15:08:27,Microsoft-Windows-Sysmon,2,File creation time changed (rule: FileCreateTime),"File creation time changed:
UtcTime: 2019-11-07 06:08:27.427
ProcessGuid: {02EA0504-485D-5A01-0000-0010DB380900}
ProcessId: 2736
Image: C:\Program Files\Internet Explorer\iexplore.exe
TargetFilename: C:\Users\chiyoda.tokyo.EXAMPLE\AppData\Roaming\Microsoft\Windows\Recent\CustomDestinations\N06F35EYSG1EM8O9HFHP.temp
CreationUtcTime: 2019-11-07 05:26:24.114
PreviousCreationUtcTime: 2019-11-07 06:08:27.427"
情報,2019/11/07 15:08:16,Microsoft-Windows-Sysmon,1,Process Create (rule: ProcessCreate),"Process Create:
UtcTime: 2019-11-07 06:08:16.764
ProcessGuid: {02EA0504-4DD0-5A01-0000-001031CE0B00}
ProcessId: 976
Image: C:\Program Files (x86)\Internet Explorer\iexplore.exe
CommandLine: ""C:\Program Files (x86)\Internet Explorer\IEXPLORE.EXE"" SCODEF:2736 CREDAT:3085676 /prefetch:2
CurrentDirectory: C:\Users\chiyoda.tokyo.EXAMPLE\Desktop\
User: EXAMPLE\chiyoda.tokyo
LogonGuid: {02EA0504-41EA-5A01-0000-002074B30100}
LogonId: 0x1b374
TerminalSessionId: 1
IntegrityLevel: Low
Hashes: SHA1=7CB7EF5B277663E56167E1E7705D7C8BFC4BD432
ParentProcessGuid: {02EA0504-485D-5A01-0000-0010DB380900}
ParentProcessId: 2736
ParentImage: C:\Program Files\Internet Explorer\iexplore.exe
ParentCommandLine: ""C:\Program Files\Internet Explorer\iexplore.exe"" -Embedding"
情報,2019/11/07 15:08:12,Microsoft-Windows-Sysmon,5,Process terminated (rule: ProcessTerminate),"Process terminated:
UtcTime: 2019-11-07 06:08:12.615
ProcessGuid: {02EA0504-4D40-5A01-0000-0010E3820B00}
ProcessId: 796
Image: C:\Program Files (x86)\Internet Explorer\iexplore.exe"
情報,2019/11/07 15:06:51,Microsoft-Windows-Sysmon,2,File creation time changed (rule: FileCreateTime),"File creation time changed:
UtcTime: 2019-11-07 06:06:51.374
ProcessGuid: {02EA0504-485D-5A01-0000-0010DB380900}
ProcessId: 2736
Image: C:\Program Files\Internet Explorer\iexplore.exe
TargetFilename: C:\Users\chiyoda.tokyo.EXAMPLE\AppData\Roaming\Microsoft\Windows\Recent\CustomDestinations\K1IXL06C9J3SWE358K7C.temp
CreationUtcTime: 2019-11-07 05:26:24.114
PreviousCreationUtcTime: 2019-11-07 06:06:51.374"
情報,2019/11/07 15:06:02,Microsoft-Windows-Sysmon,2,File creation time changed (rule: FileCreateTime),"File creation time changed:
UtcTime: 2019-11-07 06:06:02.988
ProcessGuid: {02EA0504-485D-5A01-0000-0010DB380900}
ProcessId: 2736
Image: C:\Program Files\Internet Explorer\iexplore.exe
TargetFilename: C:\Users\chiyoda.tokyo.EXAMPLE\AppData\Roaming\Microsoft\Windows\Recent\CustomDestinations\10LIGLCM982J2HQL3SD7.temp
CreationUtcTime: 2019-11-07 05:26:24.114
PreviousCreationUtcTime: 2019-11-07 06:06:02.988"
情報,2019/11/07 15:05:52,Microsoft-Windows-Sysmon,1,Process Create (rule: ProcessCreate),"Process Create:
UtcTime: 2019-11-07 06:05:52.392
ProcessGuid: {02EA0504-4D40-5A01-0000-0010E3820B00}
ProcessId: 796
Image: C:\Program Files (x86)\Internet Explorer\iexplore.exe
CommandLine: ""C:\Program Files (x86)\Internet Explorer\IEXPLORE.EXE"" SCODEF:2736 CREDAT:267654 /prefetch:2
CurrentDirectory: C:\Users\chiyoda.tokyo.EXAMPLE\Desktop\
User: EXAMPLE\chiyoda.tokyo
LogonGuid: {02EA0504-41EA-5A01-0000-002074B30100}
LogonId: 0x1b374
TerminalSessionId: 1
IntegrityLevel: Low
Hashes: SHA1=7CB7EF5B277663E56167E1E7705D7C8BFC4BD432
ParentProcessGuid: {02EA0504-485D-5A01-0000-0010DB380900}
ParentProcessId: 2736
ParentImage: C:\Program Files\Internet Explorer\iexplore.exe
ParentCommandLine: ""C:\Program Files\Internet Explorer\iexplore.exe"" -Embedding"
情報,2019/11/07 15:05:35,Microsoft-Windows-Sysmon,5,Process terminated (rule: ProcessTerminate),"Process terminated:
UtcTime: 2019-11-07 06:05:35.294
ProcessGuid: {02EA0504-4C9F-5A01-0000-0010D55B0B00}
ProcessId: 1076
Image: C:\Program Files (x86)\Internet Explorer\iexplore.exe"
情報,2019/11/07 15:04:34,Microsoft-Windows-Sysmon,2,File creation time changed (rule: FileCreateTime),"File creation time changed:
UtcTime: 2019-11-07 06:04:34.454
ProcessGuid: {02EA0504-485D-5A01-0000-0010DB380900}
ProcessId: 2736
Image: C:\Program Files\Internet Explorer\iexplore.exe
TargetFilename: C:\Users\chiyoda.tokyo.EXAMPLE\AppData\Roaming\Microsoft\Windows\Recent\CustomDestinations\R7HQQ2Z8ZLHE68OMT4DX.temp
CreationUtcTime: 2019-11-07 05:26:24.114
PreviousCreationUtcTime: 2019-11-07 06:04:34.454"
情報,2019/11/07 15:03:11,Microsoft-Windows-Sysmon,1,Process Create (rule: ProcessCreate),"Process Create:
UtcTime: 2019-11-07 06:03:11.898
ProcessGuid: {02EA0504-4C9F-5A01-0000-0010D55B0B00}
ProcessId: 1076
Image: C:\Program Files (x86)\Internet Explorer\iexplore.exe
CommandLine: ""C:\Program Files (x86)\Internet Explorer\IEXPLORE.EXE"" SCODEF:2736 CREDAT:3610034 /prefetch:2
CurrentDirectory: C:\Users\chiyoda.tokyo.EXAMPLE\Desktop\
User: EXAMPLE\chiyoda.tokyo
LogonGuid: {02EA0504-41EA-5A01-0000-002074B30100}
LogonId: 0x1b374
TerminalSessionId: 1
IntegrityLevel: Low
Hashes: SHA1=7CB7EF5B277663E56167E1E7705D7C8BFC4BD432
ParentProcessGuid: {02EA0504-485D-5A01-0000-0010DB380900}
ParentProcessId: 2736
ParentImage: C:\Program Files\Internet Explorer\iexplore.exe
ParentCommandLine: ""C:\Program Files\Internet Explorer\iexplore.exe"" -Embedding"
情報,2019/11/07 15:02:39,Microsoft-Windows-Sysmon,5,Process terminated (rule: ProcessTerminate),"Process terminated:
UtcTime: 2019-11-07 06:02:39.528
ProcessGuid: {02EA0504-4BE4-5A01-0000-0010FEF50A00}
ProcessId: 2420
Image: C:\Program Files (x86)\Internet Explorer\iexplore.exe"
情報,2019/11/07 15:01:37,Microsoft-Windows-Sysmon,2,File creation time changed (rule: FileCreateTime),"File creation time changed:
UtcTime: 2019-11-07 06:01:37.954
ProcessGuid: {02EA0504-485D-5A01-0000-0010DB380900}
ProcessId: 2736
Image: C:\Program Files\Internet Explorer\iexplore.exe
TargetFilename: C:\Users\chiyoda.tokyo.EXAMPLE\AppData\Roaming\Microsoft\Windows\Recent\CustomDestinations\S1GDBSVE6JIFOJ499CC5.temp
CreationUtcTime: 2019-11-07 05:26:24.114
PreviousCreationUtcTime: 2019-11-07 06:01:37.954"
情報,2019/11/07 15:01:05,Microsoft-Windows-Sysmon,5,Process terminated (rule: ProcessTerminate),"Process terminated:
UtcTime: 2019-11-07 06:01:05.756
ProcessGuid: {02EA0504-4C17-5A01-0000-0010AD3A0B00}
ProcessId: 2524
Image: C:\Windows\System32\Macromed\Flash\FlashUtil64_22_0_0_210_ActiveX.exe"
情報,2019/11/07 15:00:55,Microsoft-Windows-Sysmon,1,Process Create (rule: ProcessCreate),"Process Create:
UtcTime: 2019-11-07 06:00:55.257
ProcessGuid: {02EA0504-4C17-5A01-0000-0010AD3A0B00}
ProcessId: 2524
Image: C:\Windows\System32\Macromed\Flash\FlashUtil64_22_0_0_210_ActiveX.exe
CommandLine: C:\Windows\system32\Macromed\Flash\FlashUtil64_22_0_0_210_ActiveX.exe -Embedding
CurrentDirectory: C:\Windows\system32\
User: EXAMPLE\chiyoda.tokyo
LogonGuid: {02EA0504-41EA-5A01-0000-002074B30100}
LogonId: 0x1b374
TerminalSessionId: 1
IntegrityLevel: Medium
Hashes: SHA1=4333BFE126CAEAFDB0A80530F0C05A06C51EB2B8
ParentProcessGuid: {02EA0504-41A7-5A01-0000-001060A00000}
ParentProcessId: 636
ParentImage: C:\Windows\System32\svchost.exe
ParentCommandLine: C:\Windows\system32\svchost.exe -k DcomLaunch"
情報,2019/11/07 15:00:49,Microsoft-Windows-Sysmon,2,File creation time changed (rule: FileCreateTime),"File creation time changed:
UtcTime: 2019-11-07 06:00:49.906
ProcessGuid: {02EA0504-485D-5A01-0000-0010DB380900}
ProcessId: 2736
Image: C:\Program Files\Internet Explorer\iexplore.exe
TargetFilename: C:\Users\chiyoda.tokyo.EXAMPLE\AppData\Roaming\Microsoft\Windows\Recent\CustomDestinations\MTTDI6H7T9NFV0QJDKJ2.temp
CreationUtcTime: 2019-11-07 05:26:24.114
PreviousCreationUtcTime: 2019-11-07 06:00:49.906"
情報,2019/11/07 15:00:15,Microsoft-Windows-Sysmon,2,File creation time changed (rule: FileCreateTime),"File creation time changed:
UtcTime: 2019-11-07 06:00:15.039
ProcessGuid: {02EA0504-485D-5A01-0000-0010DB380900}
ProcessId: 2736
Image: C:\Program Files\Internet Explorer\iexplore.exe
TargetFilename: C:\Users\chiyoda.tokyo.EXAMPLE\AppData\Roaming\Microsoft\Windows\Recent\CustomDestinations\1TE8XTUF87UPXBS7HDIS.temp
CreationUtcTime: 2019-11-07 05:26:24.114
PreviousCreationUtcTime: 2019-11-07 06:00:15.039"
情報,2019/11/07 15:00:04,Microsoft-Windows-Sysmon,1,Process Create (rule: ProcessCreate),"Process Create:
UtcTime: 2019-11-07 06:00:04.182
ProcessGuid: {02EA0504-4BE4-5A01-0000-0010FEF50A00}
ProcessId: 2420
Image: C:\Program Files (x86)\Internet Explorer\iexplore.exe
CommandLine: ""C:\Program Files (x86)\Internet Explorer\IEXPLORE.EXE"" SCODEF:2736 CREDAT:3610010 /prefetch:2
CurrentDirectory: C:\Users\chiyoda.tokyo.EXAMPLE\Desktop\
User: EXAMPLE\chiyoda.tokyo
LogonGuid: {02EA0504-41EA-5A01-0000-002074B30100}
LogonId: 0x1b374
TerminalSessionId: 1
IntegrityLevel: Low
Hashes: SHA1=7CB7EF5B277663E56167E1E7705D7C8BFC4BD432
ParentProcessGuid: {02EA0504-485D-5A01-0000-0010DB380900}
ParentProcessId: 2736
ParentImage: C:\Program Files\Internet Explorer\iexplore.exe
ParentCommandLine: ""C:\Program Files\Internet Explorer\iexplore.exe"" -Embedding"