情報,2019/11/07 15:49:04,Microsoft-Windows-Sysmon,1,Process Create (rule: ProcessCreate),"Process Create:
UtcTime: 2019-11-07 06:49:04.127
ProcessGuid: {02EA0504-5760-5A01-0000-001083601000}
ProcessId: 1140
Image: C:\Program Files (x86)\Internet Explorer\iexplore.exe
CommandLine: ""C:\Program Files (x86)\Internet Explorer\IEXPLORE.EXE"" SCODEF:2736 CREDAT:1381884 /prefetch:2
CurrentDirectory: C:\Users\chiyoda.tokyo.EXAMPLE\Desktop\
User: EXAMPLE\chiyoda.tokyo
LogonGuid: {02EA0504-41EA-5A01-0000-002074B30100}
LogonId: 0x1b374
TerminalSessionId: 1
IntegrityLevel: Low
Hashes: SHA1=7CB7EF5B277663E56167E1E7705D7C8BFC4BD432
ParentProcessGuid: {02EA0504-485D-5A01-0000-0010DB380900}
ParentProcessId: 2736
ParentImage: C:\Program Files\Internet Explorer\iexplore.exe
ParentCommandLine: ""C:\Program Files\Internet Explorer\iexplore.exe"" -Embedding"
情報,2019/11/07 15:48:13,Microsoft-Windows-Sysmon,5,Process terminated (rule: ProcessTerminate),"Process terminated:
UtcTime: 2019-11-07 06:48:13.067
ProcessGuid: {02EA0504-5690-5A01-0000-0010D10C1000}
ProcessId: 2564
Image: C:\Program Files (x86)\Internet Explorer\iexplore.exe"
情報,2019/11/07 15:47:12,Microsoft-Windows-Sysmon,5,Process terminated (rule: ProcessTerminate),"Process terminated:
UtcTime: 2019-11-07 06:47:12.226
ProcessGuid: {02EA0504-56E6-5A01-0000-0010F5531000}
ProcessId: 1864
Image: C:\Windows\System32\Macromed\Flash\FlashUtil64_22_0_0_210_ActiveX.exe"
情報,2019/11/07 15:47:02,Microsoft-Windows-Sysmon,1,Process Create (rule: ProcessCreate),"Process Create:
UtcTime: 2019-11-07 06:47:02.101
ProcessGuid: {02EA0504-56E6-5A01-0000-0010F5531000}
ProcessId: 1864
Image: C:\Windows\System32\Macromed\Flash\FlashUtil64_22_0_0_210_ActiveX.exe
CommandLine: C:\Windows\system32\Macromed\Flash\FlashUtil64_22_0_0_210_ActiveX.exe -Embedding
CurrentDirectory: C:\Windows\system32\
User: EXAMPLE\chiyoda.tokyo
LogonGuid: {02EA0504-41EA-5A01-0000-002074B30100}
LogonId: 0x1b374
TerminalSessionId: 1
IntegrityLevel: Medium
Hashes: SHA1=4333BFE126CAEAFDB0A80530F0C05A06C51EB2B8
ParentProcessGuid: {02EA0504-41A7-5A01-0000-001060A00000}
ParentProcessId: 636
ParentImage: C:\Windows\System32\svchost.exe
ParentCommandLine: C:\Windows\system32\svchost.exe -k DcomLaunch"
情報,2019/11/07 15:46:48,Microsoft-Windows-Sysmon,2,File creation time changed (rule: FileCreateTime),"File creation time changed:
UtcTime: 2019-11-07 06:46:48.825
ProcessGuid: {02EA0504-485D-5A01-0000-0010DB380900}
ProcessId: 2736
Image: C:\Program Files\Internet Explorer\iexplore.exe
TargetFilename: C:\Users\chiyoda.tokyo.EXAMPLE\AppData\Roaming\Microsoft\Windows\Recent\CustomDestinations\GYP27TG3QRHHCVZ4HQ5A.temp
CreationUtcTime: 2019-11-07 05:26:24.114
PreviousCreationUtcTime: 2019-11-07 06:46:48.825"
情報,2019/11/07 15:46:10,Microsoft-Windows-Sysmon,5,Process terminated (rule: ProcessTerminate),"Process terminated:
UtcTime: 2019-11-07 06:46:10.162
ProcessGuid: {02EA0504-550D-5A01-0000-00109A2E0F00}
ProcessId: 856
Image: C:\Windows\System32\wbem\WmiPrvSE.exe"
情報,2019/11/07 15:46:08,Microsoft-Windows-Sysmon,5,Process terminated (rule: ProcessTerminate),"Process terminated:
UtcTime: 2019-11-07 06:46:08.961
ProcessGuid: {02EA0504-55FB-5A01-0000-001016D70F00}
ProcessId: 2080
Image: C:\Windows\System32\VSSVC.exe"
情報,2019/11/07 15:45:47,Microsoft-Windows-Sysmon,2,File creation time changed (rule: FileCreateTime),"File creation time changed:
UtcTime: 2019-11-07 06:45:47.494
ProcessGuid: {02EA0504-485D-5A01-0000-0010DB380900}
ProcessId: 2736
Image: C:\Program Files\Internet Explorer\iexplore.exe
TargetFilename: C:\Users\chiyoda.tokyo.EXAMPLE\AppData\Roaming\Microsoft\Windows\Recent\CustomDestinations\ED8S1I7QN15C58S7PUY4.temp
CreationUtcTime: 2019-11-07 05:26:24.114
PreviousCreationUtcTime: 2019-11-07 06:45:47.494"
情報,2019/11/07 15:45:36,Microsoft-Windows-Sysmon,1,Process Create (rule: ProcessCreate),"Process Create:
UtcTime: 2019-11-07 06:45:36.757
ProcessGuid: {02EA0504-5690-5A01-0000-0010D10C1000}
ProcessId: 2564
Image: C:\Program Files (x86)\Internet Explorer\iexplore.exe
CommandLine: ""C:\Program Files (x86)\Internet Explorer\IEXPLORE.EXE"" SCODEF:2736 CREDAT:529729 /prefetch:2
CurrentDirectory: C:\Users\chiyoda.tokyo.EXAMPLE\Desktop\
User: EXAMPLE\chiyoda.tokyo
LogonGuid: {02EA0504-41EA-5A01-0000-002074B30100}
LogonId: 0x1b374
TerminalSessionId: 1
IntegrityLevel: Low
Hashes: SHA1=7CB7EF5B277663E56167E1E7705D7C8BFC4BD432
ParentProcessGuid: {02EA0504-485D-5A01-0000-0010DB380900}
ParentProcessId: 2736
ParentImage: C:\Program Files\Internet Explorer\iexplore.exe
ParentCommandLine: ""C:\Program Files\Internet Explorer\iexplore.exe"" -Embedding"
情報,2019/11/07 15:45:00,Microsoft-Windows-Sysmon,5,Process terminated (rule: ProcessTerminate),"Process terminated:
UtcTime: 2019-11-07 06:45:00.610
ProcessGuid: {02EA0504-5625-5A01-0000-001008E40F00}
ProcessId: 2164
Image: C:\Program Files (x86)\Internet Explorer\iexplore.exe"
情報,2019/11/07 15:43:59,Microsoft-Windows-Sysmon,2,File creation time changed (rule: FileCreateTime),"File creation time changed:
UtcTime: 2019-11-07 06:43:59.798
ProcessGuid: {02EA0504-485D-5A01-0000-0010DB380900}
ProcessId: 2736
Image: C:\Program Files\Internet Explorer\iexplore.exe
TargetFilename: C:\Users\chiyoda.tokyo.EXAMPLE\AppData\Roaming\Microsoft\Windows\Recent\CustomDestinations\2PVAYL4MVF152OSUC22Q.temp
CreationUtcTime: 2019-11-07 05:26:24.114
PreviousCreationUtcTime: 2019-11-07 06:43:59.798"
情報,2019/11/07 15:43:49,Microsoft-Windows-Sysmon,1,Process Create (rule: ProcessCreate),"Process Create:
UtcTime: 2019-11-07 06:43:49.377
ProcessGuid: {02EA0504-5625-5A01-0000-001008E40F00}
ProcessId: 2164
Image: C:\Program Files (x86)\Internet Explorer\iexplore.exe
CommandLine: ""C:\Program Files (x86)\Internet Explorer\IEXPLORE.EXE"" SCODEF:2736 CREDAT:2626866 /prefetch:2
CurrentDirectory: C:\Users\chiyoda.tokyo.EXAMPLE\Desktop\
User: EXAMPLE\chiyoda.tokyo
LogonGuid: {02EA0504-41EA-5A01-0000-002074B30100}
LogonId: 0x1b374
TerminalSessionId: 1
IntegrityLevel: Low
Hashes: SHA1=7CB7EF5B277663E56167E1E7705D7C8BFC4BD432
ParentProcessGuid: {02EA0504-485D-5A01-0000-0010DB380900}
ParentProcessId: 2736
ParentImage: C:\Program Files\Internet Explorer\iexplore.exe
ParentCommandLine: ""C:\Program Files\Internet Explorer\iexplore.exe"" -Embedding"
情報,2019/11/07 15:43:08,Microsoft-Windows-Sysmon,5,Process terminated (rule: ProcessTerminate),"Process terminated:
UtcTime: 2019-11-07 06:43:08.939
ProcessGuid: {02EA0504-55FB-5A01-0000-0010C8D10F00}
ProcessId: 1868
Image: C:\Windows\System32\rundll32.exe"
情報,2019/11/07 15:43:07,Microsoft-Windows-Sysmon,1,Process Create (rule: ProcessCreate),"Process Create:
UtcTime: 2019-11-07 06:43:07.957
ProcessGuid: {02EA0504-55FB-5A01-0000-0010ABDF0F00}
ProcessId: 1532
Image: C:\Windows\System32\svchost.exe
CommandLine: C:\Windows\System32\svchost.exe -k swprv
CurrentDirectory: C:\Windows\system32\
User: NT AUTHORITY\SYSTEM
LogonGuid: {02EA0504-41A6-5A01-0000-0020E7030000}
LogonId: 0x3e7
TerminalSessionId: 0
IntegrityLevel: System
Hashes: SHA1=619652B42AFE5FB0E3719D7AEDA7A5494AB193E8
ParentProcessGuid: {02EA0504-41A6-5A01-0000-001033890000}
ParentProcessId: 504
ParentImage: C:\Windows\System32\services.exe
ParentCommandLine: C:\Windows\system32\services.exe"
情報,2019/11/07 15:43:07,Microsoft-Windows-Sysmon,1,Process Create (rule: ProcessCreate),"Process Create:
UtcTime: 2019-11-07 06:43:07.785
ProcessGuid: {02EA0504-55FB-5A01-0000-001016D70F00}
ProcessId: 2080
Image: C:\Windows\System32\VSSVC.exe
CommandLine: C:\Windows\system32\vssvc.exe
CurrentDirectory: C:\Windows\system32\
User: NT AUTHORITY\SYSTEM
LogonGuid: {02EA0504-41A6-5A01-0000-0020E7030000}
LogonId: 0x3e7
TerminalSessionId: 0
IntegrityLevel: System
Hashes: SHA1=1D6F5A5DE7154B75144C6A033C36FD86FF2BBE9B
ParentProcessGuid: {02EA0504-41A6-5A01-0000-001033890000}
ParentProcessId: 504
ParentImage: C:\Windows\System32\services.exe
ParentCommandLine: C:\Windows\system32\services.exe"
情報,2019/11/07 15:43:07,Microsoft-Windows-Sysmon,5,Process terminated (rule: ProcessTerminate),"Process terminated:
UtcTime: 2019-11-07 06:43:07.754
ProcessGuid: {02EA0504-55FB-5A01-0000-00100DD20F00}
ProcessId: 1184
Image: C:\Windows\System32\rundll32.exe"
情報,2019/11/07 15:43:07,Microsoft-Windows-Sysmon,5,Process terminated (rule: ProcessTerminate),"Process terminated:
UtcTime: 2019-11-07 06:43:07.691
ProcessGuid: {02EA0504-55FB-5A01-0000-0010A2D30F00}
ProcessId: 2228
Image: C:\Windows\System32\conhost.exe"
情報,2019/11/07 15:43:07,Microsoft-Windows-Sysmon,5,Process terminated (rule: ProcessTerminate),"Process terminated:
UtcTime: 2019-11-07 06:43:07.691
ProcessGuid: {02EA0504-55FB-5A01-0000-001035D30F00}
ProcessId: 2424
Image: C:\Windows\System32\lpremove.exe"
情報,2019/11/07 15:43:07,Microsoft-Windows-Sysmon,1,Process Create (rule: ProcessCreate),"Process Create:
UtcTime: 2019-11-07 06:43:07.676
ProcessGuid: {02EA0504-55FB-5A01-0000-0010A2D30F00}
ProcessId: 2228
Image: C:\Windows\System32\conhost.exe
CommandLine: \??\C:\Windows\system32\conhost.exe ""-445695292-5487564501008203471-2120276063363144171-1421549309-1498841559-1534172298""
CurrentDirectory: C:\Windows\system32\
User: NT AUTHORITY\SYSTEM
LogonGuid: {02EA0504-41A6-5A01-0000-0020E7030000}
LogonId: 0x3e7
TerminalSessionId: 0
IntegrityLevel: System
Hashes: SHA1=D836FCE5EE3175E5178DADD40E1FEC98A83FBCE9
ParentProcessGuid: {02EA0504-41A1-5A01-0000-00105F7E0000}
ParentProcessId: 360
ParentImage: C:\Windows\System32\csrss.exe
ParentCommandLine: %SystemRoot%\system32\csrss.exe ObjectDirectory=\Windows SharedSection=1024,20480,768 Windows=On SubSystemType=Windows ServerDll=basesrv,1 ServerDll=winsrv:UserServerDllInitialization,3 ServerDll=winsrv:ConServerDllInitialization,2 ServerDll=sxssrv,4 ProfileControl=Off MaxRequestThreads=16"
情報,2019/11/07 15:43:07,Microsoft-Windows-Sysmon,1,Process Create (rule: ProcessCreate),"Process Create:
UtcTime: 2019-11-07 06:43:07.676
ProcessGuid: {02EA0504-55FB-5A01-0000-001035D30F00}
ProcessId: 2424
Image: C:\Windows\System32\lpremove.exe
CommandLine: C:\Windows\system32\lpremove.exe 
CurrentDirectory: C:\Windows\system32\
User: NT AUTHORITY\SYSTEM
LogonGuid: {02EA0504-41A6-5A01-0000-0020E7030000}
LogonId: 0x3e7
TerminalSessionId: 0
IntegrityLevel: System
Hashes: SHA1=6BBA8EB7F665954DCCE33E0C0E4810B130E621F6
ParentProcessGuid: {02EA0504-41A6-5A01-0000-001033890000}
ParentProcessId: 504
ParentImage: C:\Windows\System32\services.exe
ParentCommandLine: C:\Windows\system32\services.exe"
情報,2019/11/07 15:43:07,Microsoft-Windows-Sysmon,1,Process Create (rule: ProcessCreate),"Process Create:
UtcTime: 2019-11-07 06:43:07.660
ProcessGuid: {02EA0504-55FB-5A01-0000-00100DD20F00}
ProcessId: 1184
Image: C:\Windows\System32\rundll32.exe
CommandLine: C:\Windows\system32\rundll32.exe /d acproxy.dll,PerformAutochkOperations
CurrentDirectory: C:\Windows\system32\
User: NT AUTHORITY\LOCAL SERVICE
LogonGuid: {02EA0504-41A8-5A01-0000-0020E5030000}
LogonId: 0x3e5
TerminalSessionId: 0
IntegrityLevel: System
Hashes: SHA1=963B55ACC8C566876364716D5AAFA353995812A8
ParentProcessGuid: {02EA0504-41A6-5A01-0000-001033890000}
ParentProcessId: 504
ParentImage: C:\Windows\System32\services.exe
ParentCommandLine: C:\Windows\system32\services.exe"
情報,2019/11/07 15:43:07,Microsoft-Windows-Sysmon,1,Process Create (rule: ProcessCreate),"Process Create:
UtcTime: 2019-11-07 06:43:07.645
ProcessGuid: {02EA0504-55FB-5A01-0000-0010C8D10F00}
ProcessId: 1868
Image: C:\Windows\System32\rundll32.exe
CommandLine: C:\Windows\system32\rundll32.exe /d srrstr.dll,ExecuteScheduledSPPCreation
CurrentDirectory: C:\Windows\system32\
User: NT AUTHORITY\SYSTEM
LogonGuid: {02EA0504-41A6-5A01-0000-0020E7030000}
LogonId: 0x3e7
TerminalSessionId: 0
IntegrityLevel: System
Hashes: SHA1=963B55ACC8C566876364716D5AAFA353995812A8
ParentProcessGuid: {02EA0504-41A6-5A01-0000-001033890000}
ParentProcessId: 504
ParentImage: C:\Windows\System32\services.exe
ParentCommandLine: C:\Windows\system32\services.exe"
情報,2019/11/07 15:43:01,Microsoft-Windows-Sysmon,5,Process terminated (rule: ProcessTerminate),"Process terminated:
UtcTime: 2019-11-07 06:43:01.248
ProcessGuid: {02EA0504-5563-5A01-0000-0010CB850F00}
ProcessId: 2420
Image: C:\Program Files (x86)\Internet Explorer\iexplore.exe"
情報,2019/11/07 15:41:39,Microsoft-Windows-Sysmon,2,File creation time changed (rule: FileCreateTime),"File creation time changed:
UtcTime: 2019-11-07 06:41:39.049
ProcessGuid: {02EA0504-485D-5A01-0000-0010DB380900}
ProcessId: 2736
Image: C:\Program Files\Internet Explorer\iexplore.exe
TargetFilename: C:\Users\chiyoda.tokyo.EXAMPLE\AppData\Roaming\Microsoft\Windows\Recent\CustomDestinations\OQMJ80K8CA4SE8VCKAHJ.temp
CreationUtcTime: 2019-11-07 05:26:24.114
PreviousCreationUtcTime: 2019-11-07 06:41:39.049"
情報,2019/11/07 15:41:00,Microsoft-Windows-Sysmon,5,Process terminated (rule: ProcessTerminate),"Process terminated:
UtcTime: 2019-11-07 06:41:00.271
ProcessGuid: {02EA0504-557C-5A01-0000-00102AB40F00}
ProcessId: 2064
Image: C:\Windows\System32\conhost.exe"
情報,2019/11/07 15:41:00,Microsoft-Windows-Sysmon,5,Process terminated (rule: ProcessTerminate),"Process terminated:
UtcTime: 2019-11-07 06:41:00.271
ProcessGuid: {02EA0504-557C-5A01-0000-001066B50F00}
ProcessId: 1640
Image: C:\Windows\SysWOW64\Macromed\Flash\FlashPlayerUpdateService.exe"
情報,2019/11/07 15:41:00,Microsoft-Windows-Sysmon,5,Process terminated (rule: ProcessTerminate),"Process terminated:
UtcTime: 2019-11-07 06:41:00.271
ProcessGuid: {02EA0504-557C-5A01-0000-0010BFB30F00}
ProcessId: 480
Image: C:\Windows\SysWOW64\Macromed\Flash\FlashPlayerUpdateService.exe"
情報,2019/11/07 15:41:00,Microsoft-Windows-Sysmon,1,Process Create (rule: ProcessCreate),"Process Create:
UtcTime: 2019-11-07 06:41:00.255
ProcessGuid: {02EA0504-557C-5A01-0000-001066B50F00}
ProcessId: 1640
Image: C:\Windows\SysWOW64\Macromed\Flash\FlashPlayerUpdateService.exe
CommandLine: C:\Windows\SysWOW64\Macromed\Flash\FlashPlayerUpdateService.exe
CurrentDirectory: C:\Windows\system32\
User: NT AUTHORITY\SYSTEM
LogonGuid: {02EA0504-41A6-5A01-0000-0020E7030000}
LogonId: 0x3e7
TerminalSessionId: 0
IntegrityLevel: System
Hashes: SHA1=822CC10DB71285390D9C1606CB297249E6737271
ParentProcessGuid: {02EA0504-41A6-5A01-0000-001033890000}
ParentProcessId: 504
ParentImage: C:\Windows\System32\services.exe
ParentCommandLine: C:\Windows\system32\services.exe"
情報,2019/11/07 15:41:00,Microsoft-Windows-Sysmon,1,Process Create (rule: ProcessCreate),"Process Create:
UtcTime: 2019-11-07 06:41:00.240
ProcessGuid: {02EA0504-557C-5A01-0000-00102AB40F00}
ProcessId: 2064
Image: C:\Windows\System32\conhost.exe
CommandLine: \??\C:\Windows\system32\conhost.exe ""17976842931854574804-462649273-1908267908-1294234907269451887-731983261-1308508643""
CurrentDirectory: C:\Windows\system32\
User: NT AUTHORITY\SYSTEM
LogonGuid: {02EA0504-41A6-5A01-0000-0020E7030000}
LogonId: 0x3e7
TerminalSessionId: 0
IntegrityLevel: System
Hashes: SHA1=D836FCE5EE3175E5178DADD40E1FEC98A83FBCE9
ParentProcessGuid: {02EA0504-41A1-5A01-0000-00105F7E0000}
ParentProcessId: 360
ParentImage: C:\Windows\System32\csrss.exe
ParentCommandLine: %SystemRoot%\system32\csrss.exe ObjectDirectory=\Windows SharedSection=1024,20480,768 Windows=On SubSystemType=Windows ServerDll=basesrv,1 ServerDll=winsrv:UserServerDllInitialization,3 ServerDll=winsrv:ConServerDllInitialization,2 ServerDll=sxssrv,4 ProfileControl=Off MaxRequestThreads=16"
情報,2019/11/07 15:41:00,Microsoft-Windows-Sysmon,1,Process Create (rule: ProcessCreate),"Process Create:
UtcTime: 2019-11-07 06:41:00.006
ProcessGuid: {02EA0504-557C-5A01-0000-0010BFB30F00}
ProcessId: 480
Image: C:\Windows\SysWOW64\Macromed\Flash\FlashPlayerUpdateService.exe
CommandLine: C:\Windows\SysWOW64\Macromed\Flash\FlashPlayerUpdateService.exe 
CurrentDirectory: C:\Windows\system32\
User: NT AUTHORITY\SYSTEM
LogonGuid: {02EA0504-41A6-5A01-0000-0020E7030000}
LogonId: 0x3e7
TerminalSessionId: 0
IntegrityLevel: System
Hashes: SHA1=822CC10DB71285390D9C1606CB297249E6737271
ParentProcessGuid: {02EA0504-41EC-5A01-0000-0010C4BF0100}
ParentProcessId: 1928
ParentImage: C:\Windows\System32\taskeng.exe
ParentCommandLine: taskeng.exe {54713E6C-87C6-4368-99B5-3DB599A32F37} S-1-5-18:NT AUTHORITY\System:Service:"
情報,2019/11/07 15:40:48,Microsoft-Windows-Sysmon,2,File creation time changed (rule: FileCreateTime),"File creation time changed:
UtcTime: 2019-11-07 06:40:48.696
ProcessGuid: {02EA0504-485D-5A01-0000-0010DB380900}
ProcessId: 2736
Image: C:\Program Files\Internet Explorer\iexplore.exe
TargetFilename: C:\Users\chiyoda.tokyo.EXAMPLE\AppData\Roaming\Microsoft\Windows\Recent\CustomDestinations\7W880HC7VE26KZLL0SWZ.temp
CreationUtcTime: 2019-11-07 05:26:24.114
PreviousCreationUtcTime: 2019-11-07 06:40:48.680"
情報,2019/11/07 15:40:35,Microsoft-Windows-Sysmon,1,Process Create (rule: ProcessCreate),"Process Create:
UtcTime: 2019-11-07 06:40:35.795
ProcessGuid: {02EA0504-5563-5A01-0000-0010CB850F00}
ProcessId: 2420
Image: C:\Program Files (x86)\Internet Explorer\iexplore.exe
CommandLine: ""C:\Program Files (x86)\Internet Explorer\IEXPLORE.EXE"" SCODEF:2736 CREDAT:1447392 /prefetch:2
CurrentDirectory: C:\Users\chiyoda.tokyo.EXAMPLE\Desktop\
User: EXAMPLE\chiyoda.tokyo
LogonGuid: {02EA0504-41EA-5A01-0000-002074B30100}
LogonId: 0x1b374
TerminalSessionId: 1
IntegrityLevel: Low
Hashes: SHA1=7CB7EF5B277663E56167E1E7705D7C8BFC4BD432
ParentProcessGuid: {02EA0504-485D-5A01-0000-0010DB380900}
ParentProcessId: 2736
ParentImage: C:\Program Files\Internet Explorer\iexplore.exe
ParentCommandLine: ""C:\Program Files\Internet Explorer\iexplore.exe"" -Embedding"
情報,2019/11/07 15:40:07,Microsoft-Windows-Sysmon,5,Process terminated (rule: ProcessTerminate),"Process terminated:
UtcTime: 2019-11-07 06:40:07.715
ProcessGuid: {02EA0504-5500-5A01-0000-001081FC0E00}
ProcessId: 2164
Image: C:\Program Files (x86)\Internet Explorer\iexplore.exe"
情報,2019/11/07 15:39:12,Microsoft-Windows-Sysmon,5,Process terminated (rule: ProcessTerminate),"Process terminated:
UtcTime: 2019-11-07 06:39:12.069
ProcessGuid: {02EA0504-54D1-5A01-0000-0010C2E60E00}
ProcessId: 1836
Image: C:\Windows\System32\conhost.exe"
情報,2019/11/07 15:39:12,Microsoft-Windows-Sysmon,5,Process terminated (rule: ProcessTerminate),"Process terminated:
UtcTime: 2019-11-07 06:39:12.069
ProcessGuid: {02EA0504-54D0-5A01-0000-001089E60E00}
ProcessId: 3020
Image: C:\Windows\System32\powercfg.exe"
情報,2019/11/07 15:39:09,Microsoft-Windows-Sysmon,1,Process Create (rule: ProcessCreate),"Process Create:
UtcTime: 2019-11-07 06:39:09.995
ProcessGuid: {02EA0504-550D-5A01-0000-00109A2E0F00}
ProcessId: 856
Image: C:\Windows\System32\wbem\WmiPrvSE.exe
CommandLine: C:\Windows\system32\wbem\wmiprvse.exe -Embedding
CurrentDirectory: C:\Windows\system32\
User: NT AUTHORITY\SYSTEM
LogonGuid: {02EA0504-41A6-5A01-0000-0020E7030000}
LogonId: 0x3e7
TerminalSessionId: 0
IntegrityLevel: System
Hashes: SHA1=9F5A4796B58D8B104A1C0F5A63DAF0032B947966
ParentProcessGuid: {02EA0504-41A7-5A01-0000-001060A00000}
ParentProcessId: 636
ParentImage: C:\Windows\System32\svchost.exe
ParentCommandLine: C:\Windows\system32\svchost.exe -k DcomLaunch"
情報,2019/11/07 15:39:06,Microsoft-Windows-Sysmon,2,File creation time changed (rule: FileCreateTime),"File creation time changed:
UtcTime: 2019-11-07 06:39:06.828
ProcessGuid: {02EA0504-485D-5A01-0000-0010DB380900}
ProcessId: 2736
Image: C:\Program Files\Internet Explorer\iexplore.exe
TargetFilename: C:\Users\chiyoda.tokyo.EXAMPLE\AppData\Roaming\Microsoft\Windows\Recent\CustomDestinations\PBILHUPM8HP01TX6ALG4.temp
CreationUtcTime: 2019-11-07 05:26:24.114
PreviousCreationUtcTime: 2019-11-07 06:39:06.828"
情報,2019/11/07 15:38:56,Microsoft-Windows-Sysmon,1,Process Create (rule: ProcessCreate),"Process Create:
UtcTime: 2019-11-07 06:38:56.062
ProcessGuid: {02EA0504-5500-5A01-0000-001081FC0E00}
ProcessId: 2164
Image: C:\Program Files (x86)\Internet Explorer\iexplore.exe
CommandLine: ""C:\Program Files (x86)\Internet Explorer\IEXPLORE.EXE"" SCODEF:2736 CREDAT:1447381 /prefetch:2
CurrentDirectory: C:\Users\chiyoda.tokyo.EXAMPLE\Desktop\
User: EXAMPLE\chiyoda.tokyo
LogonGuid: {02EA0504-41EA-5A01-0000-002074B30100}
LogonId: 0x1b374
TerminalSessionId: 1
IntegrityLevel: Low
Hashes: SHA1=7CB7EF5B277663E56167E1E7705D7C8BFC4BD432
ParentProcessGuid: {02EA0504-485D-5A01-0000-0010DB380900}
ParentProcessId: 2736
ParentImage: C:\Program Files\Internet Explorer\iexplore.exe
ParentCommandLine: ""C:\Program Files\Internet Explorer\iexplore.exe"" -Embedding"
情報,2019/11/07 15:38:50,Microsoft-Windows-Sysmon,5,Process terminated (rule: ProcessTerminate),"Process terminated:
UtcTime: 2019-11-07 06:38:50.914
ProcessGuid: {02EA0504-54B3-5A01-0000-00103BC40E00}
ProcessId: 2072
Image: C:\Program Files (x86)\Internet Explorer\iexplore.exe"
情報,2019/11/07 15:38:09,Microsoft-Windows-Sysmon,1,Process Create (rule: ProcessCreate),"Process Create:
UtcTime: 2019-11-07 06:38:09.075
ProcessGuid: {02EA0504-54D1-5A01-0000-0010C2E60E00}
ProcessId: 1836
Image: C:\Windows\System32\conhost.exe
CommandLine: \??\C:\Windows\system32\conhost.exe ""1803161557-1686837671707729591-1575129889-151879234-91380575011558043161309359""
CurrentDirectory: C:\Windows\system32\
User: NT AUTHORITY\SYSTEM
LogonGuid: {02EA0504-41A6-5A01-0000-0020E7030000}
LogonId: 0x3e7
TerminalSessionId: 0
IntegrityLevel: System
Hashes: SHA1=D836FCE5EE3175E5178DADD40E1FEC98A83FBCE9
ParentProcessGuid: {02EA0504-41A1-5A01-0000-00105F7E0000}
ParentProcessId: 360
ParentImage: C:\Windows\System32\csrss.exe
ParentCommandLine: %SystemRoot%\system32\csrss.exe ObjectDirectory=\Windows SharedSection=1024,20480,768 Windows=On SubSystemType=Windows ServerDll=basesrv,1 ServerDll=winsrv:UserServerDllInitialization,3 ServerDll=winsrv:ConServerDllInitialization,2 ServerDll=sxssrv,4 ProfileControl=Off MaxRequestThreads=16"
情報,2019/11/07 15:38:09,Microsoft-Windows-Sysmon,1,Process Create (rule: ProcessCreate),"Process Create:
UtcTime: 2019-11-07 06:38:08.997
ProcessGuid: {02EA0504-54D0-5A01-0000-001089E60E00}
ProcessId: 3020
Image: C:\Windows\System32\powercfg.exe
CommandLine: C:\Windows\System32\powercfg.exe -energy -auto
CurrentDirectory: C:\Windows\system32\
User: NT AUTHORITY\SYSTEM
LogonGuid: {02EA0504-41A6-5A01-0000-0020E7030000}
LogonId: 0x3e7
TerminalSessionId: 0
IntegrityLevel: System
Hashes: SHA1=A2FDCC215C1AB0CB2BE8A1D9DB5362A6D1B756E9
ParentProcessGuid: {02EA0504-41A6-5A01-0000-001033890000}
ParentProcessId: 504
ParentImage: C:\Windows\System32\services.exe
ParentCommandLine: C:\Windows\system32\services.exe"
情報,2019/11/07 15:37:50,Microsoft-Windows-Sysmon,2,File creation time changed (rule: FileCreateTime),"File creation time changed:
UtcTime: 2019-11-07 06:37:50.106
ProcessGuid: {02EA0504-485D-5A01-0000-0010DB380900}
ProcessId: 2736
Image: C:\Program Files\Internet Explorer\iexplore.exe
TargetFilename: C:\Users\chiyoda.tokyo.EXAMPLE\AppData\Roaming\Microsoft\Windows\Recent\CustomDestinations\KZVES9MKHMYA34TC965B.temp
CreationUtcTime: 2019-11-07 05:26:24.114
PreviousCreationUtcTime: 2019-11-07 06:37:50.106"
情報,2019/11/07 15:37:39,Microsoft-Windows-Sysmon,1,Process Create (rule: ProcessCreate),"Process Create:
UtcTime: 2019-11-07 06:37:39.404
ProcessGuid: {02EA0504-54B3-5A01-0000-00103BC40E00}
ProcessId: 2072
Image: C:\Program Files (x86)\Internet Explorer\iexplore.exe
CommandLine: ""C:\Program Files (x86)\Internet Explorer\IEXPLORE.EXE"" SCODEF:2736 CREDAT:1119604 /prefetch:2
CurrentDirectory: C:\Users\chiyoda.tokyo.EXAMPLE\Desktop\
User: EXAMPLE\chiyoda.tokyo
LogonGuid: {02EA0504-41EA-5A01-0000-002074B30100}
LogonId: 0x1b374
TerminalSessionId: 1
IntegrityLevel: Low
Hashes: SHA1=7CB7EF5B277663E56167E1E7705D7C8BFC4BD432
ParentProcessGuid: {02EA0504-485D-5A01-0000-0010DB380900}
ParentProcessId: 2736
ParentImage: C:\Program Files\Internet Explorer\iexplore.exe
ParentCommandLine: ""C:\Program Files\Internet Explorer\iexplore.exe"" -Embedding"
情報,2019/11/07 15:36:52,Microsoft-Windows-Sysmon,5,Process terminated (rule: ProcessTerminate),"Process terminated:
UtcTime: 2019-11-07 06:36:52.428
ProcessGuid: {02EA0504-543D-5A01-0000-0010259D0E00}
ProcessId: 1568
Image: C:\Program Files (x86)\Internet Explorer\iexplore.exe"
情報,2019/11/07 15:35:52,Microsoft-Windows-Sysmon,2,File creation time changed (rule: FileCreateTime),"File creation time changed:
UtcTime: 2019-11-07 06:35:52.439
ProcessGuid: {02EA0504-485D-5A01-0000-0010DB380900}
ProcessId: 2736
Image: C:\Program Files\Internet Explorer\iexplore.exe
TargetFilename: C:\Users\chiyoda.tokyo.EXAMPLE\AppData\Roaming\Microsoft\Windows\Recent\CustomDestinations\D4GUVXP2CXMDP837B8LY.temp
CreationUtcTime: 2019-11-07 05:26:24.114
PreviousCreationUtcTime: 2019-11-07 06:35:52.439"
情報,2019/11/07 15:35:41,Microsoft-Windows-Sysmon,1,Process Create (rule: ProcessCreate),"Process Create:
UtcTime: 2019-11-07 06:35:41.821
ProcessGuid: {02EA0504-543D-5A01-0000-0010259D0E00}
ProcessId: 1568
Image: C:\Program Files (x86)\Internet Explorer\iexplore.exe
CommandLine: ""C:\Program Files (x86)\Internet Explorer\IEXPLORE.EXE"" SCODEF:2736 CREDAT:2168316 /prefetch:2
CurrentDirectory: C:\Users\chiyoda.tokyo.EXAMPLE\Desktop\
User: EXAMPLE\chiyoda.tokyo
LogonGuid: {02EA0504-41EA-5A01-0000-002074B30100}
LogonId: 0x1b374
TerminalSessionId: 1
IntegrityLevel: Low
Hashes: SHA1=7CB7EF5B277663E56167E1E7705D7C8BFC4BD432
ParentProcessGuid: {02EA0504-485D-5A01-0000-0010DB380900}
ParentProcessId: 2736
ParentImage: C:\Program Files\Internet Explorer\iexplore.exe
ParentCommandLine: ""C:\Program Files\Internet Explorer\iexplore.exe"" -Embedding"
情報,2019/11/07 15:34:48,Microsoft-Windows-Sysmon,5,Process terminated (rule: ProcessTerminate),"Process terminated:
UtcTime: 2019-11-07 06:34:48.672
ProcessGuid: {02EA0504-53C1-5A01-0000-00100B780E00}
ProcessId: 2644
Image: C:\Program Files (x86)\Internet Explorer\iexplore.exe"
情報,2019/11/07 15:33:47,Microsoft-Windows-Sysmon,2,File creation time changed (rule: FileCreateTime),"File creation time changed:
UtcTime: 2019-11-07 06:33:47.863
ProcessGuid: {02EA0504-485D-5A01-0000-0010DB380900}
ProcessId: 2736
Image: C:\Program Files\Internet Explorer\iexplore.exe
TargetFilename: C:\Users\chiyoda.tokyo.EXAMPLE\AppData\Roaming\Microsoft\Windows\Recent\CustomDestinations\QLSO5QLAFGO0G6ZQ80XT.temp
CreationUtcTime: 2019-11-07 05:26:24.114
PreviousCreationUtcTime: 2019-11-07 06:33:47.863"
情報,2019/11/07 15:33:37,Microsoft-Windows-Sysmon,1,Process Create (rule: ProcessCreate),"Process Create:
UtcTime: 2019-11-07 06:33:37.364
ProcessGuid: {02EA0504-53C1-5A01-0000-00100B780E00}
ProcessId: 2644
Image: C:\Program Files (x86)\Internet Explorer\iexplore.exe
CommandLine: ""C:\Program Files (x86)\Internet Explorer\IEXPLORE.EXE"" SCODEF:2736 CREDAT:2561524 /prefetch:2
CurrentDirectory: C:\Users\chiyoda.tokyo.EXAMPLE\Desktop\
User: EXAMPLE\chiyoda.tokyo
LogonGuid: {02EA0504-41EA-5A01-0000-002074B30100}
LogonId: 0x1b374
TerminalSessionId: 1
IntegrityLevel: Low
Hashes: SHA1=7CB7EF5B277663E56167E1E7705D7C8BFC4BD432
ParentProcessGuid: {02EA0504-485D-5A01-0000-0010DB380900}
ParentProcessId: 2736
ParentImage: C:\Program Files\Internet Explorer\iexplore.exe
ParentCommandLine: ""C:\Program Files\Internet Explorer\iexplore.exe"" -Embedding"
情報,2019/11/07 15:33:18,Microsoft-Windows-Sysmon,5,Process terminated (rule: ProcessTerminate),"Process terminated:
UtcTime: 2019-11-07 06:33:18.207
ProcessGuid: {02EA0504-5350-5A01-0000-001078090E00}
ProcessId: 2952
Image: C:\Program Files (x86)\Internet Explorer\iexplore.exe"
情報,2019/11/07 15:32:04,Microsoft-Windows-Sysmon,2,File creation time changed (rule: FileCreateTime),"File creation time changed:
UtcTime: 2019-11-07 06:32:04.057
ProcessGuid: {02EA0504-485D-5A01-0000-0010DB380900}
ProcessId: 2736
Image: C:\Program Files\Internet Explorer\iexplore.exe
TargetFilename: C:\Users\chiyoda.tokyo.EXAMPLE\AppData\Roaming\Microsoft\Windows\Recent\CustomDestinations\XYXK5HSZHU23JCX6XKPI.temp
CreationUtcTime: 2019-11-07 05:26:24.114
PreviousCreationUtcTime: 2019-11-07 06:32:04.057"
情報,2019/11/07 15:31:44,Microsoft-Windows-Sysmon,1,Process Create (rule: ProcessCreate),"Process Create:
UtcTime: 2019-11-07 06:31:44.479
ProcessGuid: {02EA0504-5350-5A01-0000-001078090E00}
ProcessId: 2952
Image: C:\Program Files (x86)\Internet Explorer\iexplore.exe
CommandLine: ""C:\Program Files (x86)\Internet Explorer\IEXPLORE.EXE"" SCODEF:2736 CREDAT:1185024 /prefetch:2
CurrentDirectory: C:\Users\chiyoda.tokyo.EXAMPLE\Desktop\
User: EXAMPLE\chiyoda.tokyo
LogonGuid: {02EA0504-41EA-5A01-0000-002074B30100}
LogonId: 0x1b374
TerminalSessionId: 1
IntegrityLevel: Low
Hashes: SHA1=7CB7EF5B277663E56167E1E7705D7C8BFC4BD432
ParentProcessGuid: {02EA0504-485D-5A01-0000-0010DB380900}
ParentProcessId: 2736
ParentImage: C:\Program Files\Internet Explorer\iexplore.exe
ParentCommandLine: ""C:\Program Files\Internet Explorer\iexplore.exe"" -Embedding"
情報,2019/11/07 15:31:31,Microsoft-Windows-Sysmon,5,Process terminated (rule: ProcessTerminate),"Process terminated:
UtcTime: 2019-11-07 06:31:31.360
ProcessGuid: {02EA0504-52FB-5A01-0000-001072C70D00}
ProcessId: 3040
Image: C:\Program Files (x86)\Internet Explorer\iexplore.exe"
情報,2019/11/07 15:30:59,Microsoft-Windows-Sysmon,5,Process terminated (rule: ProcessTerminate),"Process terminated:
UtcTime: 2019-11-07 06:30:59.707
ProcessGuid: {02EA0504-52F0-5A01-0000-0010FCC40D00}
ProcessId: 1964
Image: C:\Program Files (x86)\Google\Update\GoogleUpdate.exe"
情報,2019/11/07 15:30:59,Microsoft-Windows-Sysmon,5,Process terminated (rule: ProcessTerminate),"Process terminated:
UtcTime: 2019-11-07 06:30:59.707
ProcessGuid: {02EA0504-5302-5A01-0000-0010A9E80D00}
ProcessId: 2776
Image: C:\Program Files (x86)\Google\Update\GoogleUpdate.exe"
情報,2019/11/07 15:30:30,Microsoft-Windows-Sysmon,2,File creation time changed (rule: FileCreateTime),"File creation time changed:
UtcTime: 2019-11-07 06:30:30.520
ProcessGuid: {02EA0504-485D-5A01-0000-0010DB380900}
ProcessId: 2736
Image: C:\Program Files\Internet Explorer\iexplore.exe
TargetFilename: C:\Users\chiyoda.tokyo.EXAMPLE\AppData\Roaming\Microsoft\Windows\Recent\CustomDestinations\R769IA8800RL53RUJTHC.temp
CreationUtcTime: 2019-11-07 05:26:24.114
PreviousCreationUtcTime: 2019-11-07 06:30:30.520"
情報,2019/11/07 15:30:26,Microsoft-Windows-Sysmon,1,Process Create (rule: ProcessCreate),"Process Create:
UtcTime: 2019-11-07 06:30:26.214
ProcessGuid: {02EA0504-5302-5A01-0000-0010A9E80D00}
ProcessId: 2776
Image: C:\Program Files (x86)\Google\Update\GoogleUpdate.exe
CommandLine: ""C:\Program Files (x86)\Google\Update\GoogleUpdate.exe"" /svc
CurrentDirectory: C:\Windows\system32\
User: NT AUTHORITY\SYSTEM
LogonGuid: {02EA0504-41A6-5A01-0000-0020E7030000}
LogonId: 0x3e7
TerminalSessionId: 0
IntegrityLevel: System
Hashes: SHA1=ADB860FF9C00B308BF4ABBCB77E2C5233FEB61C5
ParentProcessGuid: {02EA0504-41A6-5A01-0000-001033890000}
ParentProcessId: 504
ParentImage: C:\Windows\System32\services.exe
ParentCommandLine: C:\Windows\system32\services.exe"
情報,2019/11/07 15:30:19,Microsoft-Windows-Sysmon,1,Process Create (rule: ProcessCreate),"Process Create:
UtcTime: 2019-11-07 06:30:19.038
ProcessGuid: {02EA0504-52FB-5A01-0000-001072C70D00}
ProcessId: 3040
Image: C:\Program Files (x86)\Internet Explorer\iexplore.exe
CommandLine: ""C:\Program Files (x86)\Internet Explorer\IEXPLORE.EXE"" SCODEF:2736 CREDAT:3413480 /prefetch:2
CurrentDirectory: C:\Users\chiyoda.tokyo.EXAMPLE\Desktop\
User: EXAMPLE\chiyoda.tokyo
LogonGuid: {02EA0504-41EA-5A01-0000-002074B30100}
LogonId: 0x1b374
TerminalSessionId: 1
IntegrityLevel: Low
Hashes: SHA1=7CB7EF5B277663E56167E1E7705D7C8BFC4BD432
ParentProcessGuid: {02EA0504-485D-5A01-0000-0010DB380900}
ParentProcessId: 2736
ParentImage: C:\Program Files\Internet Explorer\iexplore.exe
ParentCommandLine: ""C:\Program Files\Internet Explorer\iexplore.exe"" -Embedding"
情報,2019/11/07 15:30:08,Microsoft-Windows-Sysmon,1,Process Create (rule: ProcessCreate),"Process Create:
UtcTime: 2019-11-07 06:30:08.383
ProcessGuid: {02EA0504-52F0-5A01-0000-0010FCC40D00}
ProcessId: 1964
Image: C:\Program Files (x86)\Google\Update\GoogleUpdate.exe
CommandLine: ""C:\Program Files (x86)\Google\Update\GoogleUpdate.exe"" /ua /installsource core
CurrentDirectory: C:\Program Files (x86)\Google\Update\1.3.31.5\
User: NT AUTHORITY\SYSTEM
LogonGuid: {02EA0504-41A6-5A01-0000-0020E7030000}
LogonId: 0x3e7
TerminalSessionId: 0
IntegrityLevel: System
Hashes: SHA1=ADB860FF9C00B308BF4ABBCB77E2C5233FEB61C5
ParentProcessGuid: {02EA0504-41ED-5A01-0000-001049E10100}
ParentProcessId: 1152
ParentImage: C:\Program Files (x86)\Google\Update\GoogleUpdate.exe
ParentCommandLine: ""C:\Program Files (x86)\Google\Update\GoogleUpdate.exe"" /c"
情報,2019/11/07 15:29:29,Microsoft-Windows-Sysmon,5,Process terminated (rule: ProcessTerminate),"Process terminated:
UtcTime: 2019-11-07 06:29:29.992
ProcessGuid: {02EA0504-51F9-5A01-0000-0010E3750D00}
ProcessId: 2704
Image: C:\Program Files (x86)\Internet Explorer\iexplore.exe"
情報,2019/11/07 15:28:29,Microsoft-Windows-Sysmon,2,File creation time changed (rule: FileCreateTime),"File creation time changed:
UtcTime: 2019-11-07 06:28:29.073
ProcessGuid: {02EA0504-485D-5A01-0000-0010DB380900}
ProcessId: 2736
Image: C:\Program Files\Internet Explorer\iexplore.exe
TargetFilename: C:\Users\chiyoda.tokyo.EXAMPLE\AppData\Roaming\Microsoft\Windows\Recent\CustomDestinations\1XVNN3DNW14I1WUEO3TT.temp
CreationUtcTime: 2019-11-07 05:26:24.114
PreviousCreationUtcTime: 2019-11-07 06:28:29.073"
情報,2019/11/07 15:27:24,Microsoft-Windows-Sysmon,2,File creation time changed (rule: FileCreateTime),"File creation time changed:
UtcTime: 2019-11-07 06:27:24.754
ProcessGuid: {02EA0504-485D-5A01-0000-0010DB380900}
ProcessId: 2736
Image: C:\Program Files\Internet Explorer\iexplore.exe
TargetFilename: C:\Users\chiyoda.tokyo.EXAMPLE\AppData\Roaming\Microsoft\Windows\Recent\CustomDestinations\FJQVELNYP9BAXRNYTXNX.temp
CreationUtcTime: 2019-11-07 05:26:24.114
PreviousCreationUtcTime: 2019-11-07 06:27:24.754"
情報,2019/11/07 15:26:29,Microsoft-Windows-Sysmon,1,Process Create (rule: ProcessCreate),"Process Create:
UtcTime: 2019-11-07 06:26:29.606
ProcessGuid: {02EA0504-5215-5A01-0000-0010EAA10D00}
ProcessId: 1852
Image: C:\Windows\System32\taskhost.exe
CommandLine: ""taskhost.exe""
CurrentDirectory: C:\Windows\system32\
User: EXAMPLE\chiyoda.tokyo
LogonGuid: {02EA0504-41EA-5A01-0000-002074B30100}
LogonId: 0x1b374
TerminalSessionId: 1
IntegrityLevel: Medium
Hashes: SHA1=1AB1E31FE9F3347F68B1EEE8FF02F525FC46CCC9
ParentProcessGuid: {02EA0504-41A6-5A01-0000-001033890000}
ParentProcessId: 504
ParentImage: C:\Windows\System32\services.exe
ParentCommandLine: C:\Windows\system32\services.exe"
情報,2019/11/07 15:26:12,Microsoft-Windows-Sysmon,2,File creation time changed (rule: FileCreateTime),"File creation time changed:
UtcTime: 2019-11-07 06:26:12.025
ProcessGuid: {02EA0504-485D-5A01-0000-0010DB380900}
ProcessId: 2736
Image: C:\Program Files\Internet Explorer\iexplore.exe
TargetFilename: C:\Users\chiyoda.tokyo.EXAMPLE\AppData\Roaming\Microsoft\Windows\Recent\CustomDestinations\966CIDQ7UYQRIZXTFVWH.temp
CreationUtcTime: 2019-11-07 05:26:24.114
PreviousCreationUtcTime: 2019-11-07 06:26:12.025"
情報,2019/11/07 15:26:01,Microsoft-Windows-Sysmon,1,Process Create (rule: ProcessCreate),"Process Create:
UtcTime: 2019-11-07 06:26:01.532
ProcessGuid: {02EA0504-51F9-5A01-0000-0010E3750D00}
ProcessId: 2704
Image: C:\Program Files (x86)\Internet Explorer\iexplore.exe
CommandLine: ""C:\Program Files (x86)\Internet Explorer\IEXPLORE.EXE"" SCODEF:2736 CREDAT:2758061 /prefetch:2
CurrentDirectory: C:\Users\chiyoda.tokyo.EXAMPLE\Desktop\
User: EXAMPLE\chiyoda.tokyo
LogonGuid: {02EA0504-41EA-5A01-0000-002074B30100}
LogonId: 0x1b374
TerminalSessionId: 1
IntegrityLevel: Low
Hashes: SHA1=7CB7EF5B277663E56167E1E7705D7C8BFC4BD432
ParentProcessGuid: {02EA0504-485D-5A01-0000-0010DB380900}
ParentProcessId: 2736
ParentImage: C:\Program Files\Internet Explorer\iexplore.exe
ParentCommandLine: ""C:\Program Files\Internet Explorer\iexplore.exe"" -Embedding"
情報,2019/11/07 15:25:49,Microsoft-Windows-Sysmon,5,Process terminated (rule: ProcessTerminate),"Process terminated:
UtcTime: 2019-11-07 06:25:49.380
ProcessGuid: {02EA0504-5173-5A01-0000-0010B5320D00}
ProcessId: 2568
Image: C:\Program Files (x86)\Internet Explorer\iexplore.exe"
情報,2019/11/07 15:24:48,Microsoft-Windows-Sysmon,5,Process terminated (rule: ProcessTerminate),"Process terminated:
UtcTime: 2019-11-07 06:24:48.618
ProcessGuid: {02EA0504-51A6-5A01-0000-00107C670D00}
ProcessId: 1184
Image: C:\Windows\System32\Macromed\Flash\FlashUtil64_22_0_0_210_ActiveX.exe"
情報,2019/11/07 15:24:48,Microsoft-Windows-Sysmon,2,File creation time changed (rule: FileCreateTime),"File creation time changed:
UtcTime: 2019-11-07 06:24:48.571
ProcessGuid: {02EA0504-485D-5A01-0000-0010DB380900}
ProcessId: 2736
Image: C:\Program Files\Internet Explorer\iexplore.exe
TargetFilename: C:\Users\chiyoda.tokyo.EXAMPLE\AppData\Roaming\Microsoft\Windows\Recent\CustomDestinations\FEWPHHDK8OABHYEPMQRK.temp
CreationUtcTime: 2019-11-07 05:26:24.114
PreviousCreationUtcTime: 2019-11-07 06:24:48.571"
情報,2019/11/07 15:24:38,Microsoft-Windows-Sysmon,1,Process Create (rule: ProcessCreate),"Process Create:
UtcTime: 2019-11-07 06:24:38.524
ProcessGuid: {02EA0504-51A6-5A01-0000-00107C670D00}
ProcessId: 1184
Image: C:\Windows\System32\Macromed\Flash\FlashUtil64_22_0_0_210_ActiveX.exe
CommandLine: C:\Windows\system32\Macromed\Flash\FlashUtil64_22_0_0_210_ActiveX.exe -Embedding
CurrentDirectory: C:\Windows\system32\
User: EXAMPLE\chiyoda.tokyo
LogonGuid: {02EA0504-41EA-5A01-0000-002074B30100}
LogonId: 0x1b374
TerminalSessionId: 1
IntegrityLevel: Medium
Hashes: SHA1=4333BFE126CAEAFDB0A80530F0C05A06C51EB2B8
ParentProcessGuid: {02EA0504-41A7-5A01-0000-001060A00000}
ParentProcessId: 636
ParentImage: C:\Windows\System32\svchost.exe
ParentCommandLine: C:\Windows\system32\svchost.exe -k DcomLaunch"
情報,2019/11/07 15:23:58,Microsoft-Windows-Sysmon,2,File creation time changed (rule: FileCreateTime),"File creation time changed:
UtcTime: 2019-11-07 06:23:58.089
ProcessGuid: {02EA0504-485D-5A01-0000-0010DB380900}
ProcessId: 2736
Image: C:\Program Files\Internet Explorer\iexplore.exe
TargetFilename: C:\Users\chiyoda.tokyo.EXAMPLE\AppData\Roaming\Microsoft\Windows\Recent\CustomDestinations\H8C2YM2OGWI5P3UOF2SA.temp
CreationUtcTime: 2019-11-07 05:26:24.114
PreviousCreationUtcTime: 2019-11-07 06:23:58.089"
情報,2019/11/07 15:23:47,Microsoft-Windows-Sysmon,1,Process Create (rule: ProcessCreate),"Process Create:
UtcTime: 2019-11-07 06:23:47.351
ProcessGuid: {02EA0504-5173-5A01-0000-0010B5320D00}
ProcessId: 2568
Image: C:\Program Files (x86)\Internet Explorer\iexplore.exe
CommandLine: ""C:\Program Files (x86)\Internet Explorer\IEXPLORE.EXE"" SCODEF:2736 CREDAT:464314 /prefetch:2
CurrentDirectory: C:\Users\chiyoda.tokyo.EXAMPLE\Desktop\
User: EXAMPLE\chiyoda.tokyo
LogonGuid: {02EA0504-41EA-5A01-0000-002074B30100}
LogonId: 0x1b374
TerminalSessionId: 1
IntegrityLevel: Low
Hashes: SHA1=7CB7EF5B277663E56167E1E7705D7C8BFC4BD432
ParentProcessGuid: {02EA0504-485D-5A01-0000-0010DB380900}
ParentProcessId: 2736
ParentImage: C:\Program Files\Internet Explorer\iexplore.exe
ParentCommandLine: ""C:\Program Files\Internet Explorer\iexplore.exe"" -Embedding"
情報,2019/11/07 15:23:08,Microsoft-Windows-Sysmon,5,Process terminated (rule: ProcessTerminate),"Process terminated:
UtcTime: 2019-11-07 06:23:08.195
ProcessGuid: {02EA0504-50F9-5A01-0000-0010C30C0D00}
ProcessId: 1000
Image: C:\Program Files (x86)\Internet Explorer\iexplore.exe"
情報,2019/11/07 15:22:07,Microsoft-Windows-Sysmon,2,File creation time changed (rule: FileCreateTime),"File creation time changed:
UtcTime: 2019-11-07 06:22:07.386
ProcessGuid: {02EA0504-485D-5A01-0000-0010DB380900}
ProcessId: 2736
Image: C:\Program Files\Internet Explorer\iexplore.exe
TargetFilename: C:\Users\chiyoda.tokyo.EXAMPLE\AppData\Roaming\Microsoft\Windows\Recent\CustomDestinations\VO1T5WXYO7K4L7CV1P5U.temp
CreationUtcTime: 2019-11-07 05:26:24.114
PreviousCreationUtcTime: 2019-11-07 06:22:07.386"
情報,2019/11/07 15:21:45,Microsoft-Windows-Sysmon,1,Process Create (rule: ProcessCreate),"Process Create:
UtcTime: 2019-11-07 06:21:45.999
ProcessGuid: {02EA0504-50F9-5A01-0000-0010C30C0D00}
ProcessId: 1000
Image: C:\Program Files (x86)\Internet Explorer\iexplore.exe
CommandLine: ""C:\Program Files (x86)\Internet Explorer\IEXPLORE.EXE"" SCODEF:2736 CREDAT:1119523 /prefetch:2
CurrentDirectory: C:\Users\chiyoda.tokyo.EXAMPLE\Desktop\
User: EXAMPLE\chiyoda.tokyo
LogonGuid: {02EA0504-41EA-5A01-0000-002074B30100}
LogonId: 0x1b374
TerminalSessionId: 1
IntegrityLevel: Low
Hashes: SHA1=7CB7EF5B277663E56167E1E7705D7C8BFC4BD432
ParentProcessGuid: {02EA0504-485D-5A01-0000-0010DB380900}
ParentProcessId: 2736
ParentImage: C:\Program Files\Internet Explorer\iexplore.exe
ParentCommandLine: ""C:\Program Files\Internet Explorer\iexplore.exe"" -Embedding"
情報,2019/11/07 15:20:47,Microsoft-Windows-Sysmon,5,Process terminated (rule: ProcessTerminate),"Process terminated:
UtcTime: 2019-11-07 06:20:47.842
ProcessGuid: {02EA0504-5077-5A01-0000-00104FE10C00}
ProcessId: 2240
Image: C:\Program Files (x86)\Internet Explorer\iexplore.exe"
情報,2019/11/07 15:19:47,Microsoft-Windows-Sysmon,2,File creation time changed (rule: FileCreateTime),"File creation time changed:
UtcTime: 2019-11-07 06:19:47.033
ProcessGuid: {02EA0504-485D-5A01-0000-0010DB380900}
ProcessId: 2736
Image: C:\Program Files\Internet Explorer\iexplore.exe
TargetFilename: C:\Users\chiyoda.tokyo.EXAMPLE\AppData\Roaming\Microsoft\Windows\Recent\CustomDestinations\DCPK75PPQ20LPR9VKTKB.temp
CreationUtcTime: 2019-11-07 05:26:24.114
PreviousCreationUtcTime: 2019-11-07 06:19:47.033"
情報,2019/11/07 15:19:35,Microsoft-Windows-Sysmon,1,Process Create (rule: ProcessCreate),"Process Create:
UtcTime: 2019-11-07 06:19:35.112
ProcessGuid: {02EA0504-5077-5A01-0000-00104FE10C00}
ProcessId: 2240
Image: C:\Program Files (x86)\Internet Explorer\iexplore.exe
CommandLine: ""C:\Program Files (x86)\Internet Explorer\IEXPLORE.EXE"" SCODEF:2736 CREDAT:3544484 /prefetch:2
CurrentDirectory: C:\Users\chiyoda.tokyo.EXAMPLE\Desktop\
User: EXAMPLE\chiyoda.tokyo
LogonGuid: {02EA0504-41EA-5A01-0000-002074B30100}
LogonId: 0x1b374
TerminalSessionId: 1
IntegrityLevel: Low
Hashes: SHA1=7CB7EF5B277663E56167E1E7705D7C8BFC4BD432
ParentProcessGuid: {02EA0504-485D-5A01-0000-0010DB380900}
ParentProcessId: 2736
ParentImage: C:\Program Files\Internet Explorer\iexplore.exe
ParentCommandLine: ""C:\Program Files\Internet Explorer\iexplore.exe"" -Embedding"
情報,2019/11/07 15:18:59,Microsoft-Windows-Sysmon,5,Process terminated (rule: ProcessTerminate),"Process terminated:
UtcTime: 2019-11-07 06:18:59.966
ProcessGuid: {02EA0504-4FCC-5A01-0000-00107E9F0C00}
ProcessId: 1660
Image: C:\Program Files (x86)\Internet Explorer\iexplore.exe"
情報,2019/11/07 15:17:59,Microsoft-Windows-Sysmon,2,File creation time changed (rule: FileCreateTime),"File creation time changed:
UtcTime: 2019-11-07 06:17:59.172
ProcessGuid: {02EA0504-485D-5A01-0000-0010DB380900}
ProcessId: 2736
Image: C:\Program Files\Internet Explorer\iexplore.exe
TargetFilename: C:\Users\chiyoda.tokyo.EXAMPLE\AppData\Roaming\Microsoft\Windows\Recent\CustomDestinations\31XJQKW320LGE9VVZCKH.temp
CreationUtcTime: 2019-11-07 05:26:24.114
PreviousCreationUtcTime: 2019-11-07 06:17:59.172"
情報,2019/11/07 15:17:04,Microsoft-Windows-Sysmon,2,File creation time changed (rule: FileCreateTime),"File creation time changed:
UtcTime: 2019-11-07 06:17:04.305
ProcessGuid: {02EA0504-485D-5A01-0000-0010DB380900}
ProcessId: 2736
Image: C:\Program Files\Internet Explorer\iexplore.exe
TargetFilename: C:\Users\chiyoda.tokyo.EXAMPLE\AppData\Roaming\Microsoft\Windows\Recent\CustomDestinations\J7K2UMIUJ7EC3E2N7FXK.temp
CreationUtcTime: 2019-11-07 05:26:24.114
PreviousCreationUtcTime: 2019-11-07 06:17:04.290"
情報,2019/11/07 15:16:44,Microsoft-Windows-Sysmon,1,Process Create (rule: ProcessCreate),"Process Create:
UtcTime: 2019-11-07 06:16:44.930
ProcessGuid: {02EA0504-4FCC-5A01-0000-00107E9F0C00}
ProcessId: 1660
Image: C:\Program Files (x86)\Internet Explorer\iexplore.exe
CommandLine: ""C:\Program Files (x86)\Internet Explorer\IEXPLORE.EXE"" SCODEF:2736 CREDAT:3151279 /prefetch:2
CurrentDirectory: C:\Users\chiyoda.tokyo.EXAMPLE\Desktop\
User: EXAMPLE\chiyoda.tokyo
LogonGuid: {02EA0504-41EA-5A01-0000-002074B30100}
LogonId: 0x1b374
TerminalSessionId: 1
IntegrityLevel: Low
Hashes: SHA1=7CB7EF5B277663E56167E1E7705D7C8BFC4BD432
ParentProcessGuid: {02EA0504-485D-5A01-0000-0010DB380900}
ParentProcessId: 2736
ParentImage: C:\Program Files\Internet Explorer\iexplore.exe
ParentCommandLine: ""C:\Program Files\Internet Explorer\iexplore.exe"" -Embedding"
情報,2019/11/07 15:16:02,Microsoft-Windows-Sysmon,5,Process terminated (rule: ProcessTerminate),"Process terminated:
UtcTime: 2019-11-07 06:16:02.810
ProcessGuid: {02EA0504-4F35-5A01-0000-00102F5D0C00}
ProcessId: 1520
Image: C:\Program Files (x86)\Internet Explorer\iexplore.exe"
情報,2019/11/07 15:15:18,Microsoft-Windows-Sysmon,5,Process terminated (rule: ProcessTerminate),"Process terminated:
UtcTime: 2019-11-07 06:15:18.038
ProcessGuid: {02EA0504-4EFD-5A01-0000-0010F2560C00}
ProcessId: 2724
Image: C:\Windows\System32\taskhost.exe"
情報,2019/11/07 15:15:01,Microsoft-Windows-Sysmon,2,File creation time changed (rule: FileCreateTime),"File creation time changed:
UtcTime: 2019-11-07 06:15:01.970
ProcessGuid: {02EA0504-485D-5A01-0000-0010DB380900}
ProcessId: 2736
Image: C:\Program Files\Internet Explorer\iexplore.exe
TargetFilename: C:\Users\chiyoda.tokyo.EXAMPLE\AppData\Roaming\Microsoft\Windows\Recent\CustomDestinations\QJHP3PWJ851YFXJR1PCW.temp
CreationUtcTime: 2019-11-07 05:26:24.114
PreviousCreationUtcTime: 2019-11-07 06:15:01.970"
情報,2019/11/07 15:14:26,Microsoft-Windows-Sysmon,5,Process terminated (rule: ProcessTerminate),"Process terminated:
UtcTime: 2019-11-07 06:14:26.308
ProcessGuid: {02EA0504-4F35-5A01-0000-0010F67C0C00}
ProcessId: 588
Image: C:\Windows\System32\Macromed\Flash\FlashUtil64_22_0_0_210_ActiveX.exe"
情報,2019/11/07 15:14:25,Microsoft-Windows-Sysmon,2,File creation time changed (rule: FileCreateTime),"File creation time changed:
UtcTime: 2019-11-07 06:14:25.700
ProcessGuid: {02EA0504-485D-5A01-0000-0010DB380900}
ProcessId: 2736
Image: C:\Program Files\Internet Explorer\iexplore.exe
TargetFilename: C:\Users\chiyoda.tokyo.EXAMPLE\AppData\Roaming\Microsoft\Windows\Recent\CustomDestinations\XSLP8CED2E3NSZBO2271.temp
CreationUtcTime: 2019-11-07 05:26:24.114
PreviousCreationUtcTime: 2019-11-07 06:14:25.700"
情報,2019/11/07 15:14:13,Microsoft-Windows-Sysmon,1,Process Create (rule: ProcessCreate),"Process Create:
UtcTime: 2019-11-07 06:14:13.753
ProcessGuid: {02EA0504-4F35-5A01-0000-0010F67C0C00}
ProcessId: 588
Image: C:\Windows\System32\Macromed\Flash\FlashUtil64_22_0_0_210_ActiveX.exe
CommandLine: C:\Windows\system32\Macromed\Flash\FlashUtil64_22_0_0_210_ActiveX.exe -Embedding
CurrentDirectory: C:\Windows\system32\
User: EXAMPLE\chiyoda.tokyo
LogonGuid: {02EA0504-41EA-5A01-0000-002074B30100}
LogonId: 0x1b374
TerminalSessionId: 1
IntegrityLevel: Medium
Hashes: SHA1=4333BFE126CAEAFDB0A80530F0C05A06C51EB2B8
ParentProcessGuid: {02EA0504-41A7-5A01-0000-001060A00000}
ParentProcessId: 636
ParentImage: C:\Windows\System32\svchost.exe
ParentCommandLine: C:\Windows\system32\svchost.exe -k DcomLaunch"
情報,2019/11/07 15:14:13,Microsoft-Windows-Sysmon,1,Process Create (rule: ProcessCreate),"Process Create:
UtcTime: 2019-11-07 06:14:13.192
ProcessGuid: {02EA0504-4F35-5A01-0000-00102F5D0C00}
ProcessId: 1520
Image: C:\Program Files (x86)\Internet Explorer\iexplore.exe
CommandLine: ""C:\Program Files (x86)\Internet Explorer\IEXPLORE.EXE"" SCODEF:2736 CREDAT:1643986 /prefetch:2
CurrentDirectory: C:\Users\chiyoda.tokyo.EXAMPLE\Desktop\
User: EXAMPLE\chiyoda.tokyo
LogonGuid: {02EA0504-41EA-5A01-0000-002074B30100}
LogonId: 0x1b374
TerminalSessionId: 1
IntegrityLevel: Low
Hashes: SHA1=7CB7EF5B277663E56167E1E7705D7C8BFC4BD432
ParentProcessGuid: {02EA0504-485D-5A01-0000-0010DB380900}
ParentProcessId: 2736
ParentImage: C:\Program Files\Internet Explorer\iexplore.exe
ParentCommandLine: ""C:\Program Files\Internet Explorer\iexplore.exe"" -Embedding"
情報,2019/11/07 15:13:17,Microsoft-Windows-Sysmon,1,Process Create (rule: ProcessCreate),"Process Create:
UtcTime: 2019-11-07 06:13:17.235
ProcessGuid: {02EA0504-4EFD-5A01-0000-0010F2560C00}
ProcessId: 2724
Image: C:\Windows\System32\taskhost.exe
CommandLine: taskhost.exe $(Arg0)
CurrentDirectory: C:\Windows\system32\
User: NT AUTHORITY\LOCAL SERVICE
LogonGuid: {02EA0504-41A8-5A01-0000-0020E5030000}
LogonId: 0x3e5
TerminalSessionId: 0
IntegrityLevel: System
Hashes: SHA1=1AB1E31FE9F3347F68B1EEE8FF02F525FC46CCC9
ParentProcessGuid: {02EA0504-41A6-5A01-0000-001033890000}
ParentProcessId: 504
ParentImage: C:\Windows\System32\services.exe
ParentCommandLine: C:\Windows\system32\services.exe"
情報,2019/11/07 15:11:57,Microsoft-Windows-Sysmon,2,File creation time changed (rule: FileCreateTime),"File creation time changed:
UtcTime: 2019-11-07 06:11:57.067
ProcessGuid: {02EA0504-485D-5A01-0000-0010DB380900}
ProcessId: 2736
Image: C:\Program Files\Internet Explorer\iexplore.exe
TargetFilename: C:\Users\chiyoda.tokyo.EXAMPLE\AppData\Roaming\Microsoft\Windows\Recent\CustomDestinations\XB9SBWTV2F2OJGM5EGC7.temp
CreationUtcTime: 2019-11-07 05:26:24.114
PreviousCreationUtcTime: 2019-11-07 06:11:57.067"
情報,2019/11/07 15:11:57,Microsoft-Windows-Sysmon,5,Process terminated (rule: ProcessTerminate),"Process terminated:
UtcTime: 2019-11-07 06:11:57.020
ProcessGuid: {02EA0504-4EA2-5A01-0000-0010EA370C00}
ProcessId: 2732
Image: C:\Windows\System32\Macromed\Flash\FlashUtil64_22_0_0_210_ActiveX.exe"
