レベル,日付と時刻,ソース,イベント ID,タスクのカテゴリ
情報,2019/11/07 17:58:48,Microsoft-Windows-Sysmon,5,Process terminated (rule: ProcessTerminate),"Process terminated:
UtcTime: 2019-11-07 08:58:48.965
ProcessGuid: {02EA0504-7597-5A01-0000-0010F1A71D00}
ProcessId: 2984
Image: C:\Program Files (x86)\Google\Update\GoogleUpdate.exe"
情報,2019/11/07 17:58:48,Microsoft-Windows-Sysmon,5,Process terminated (rule: ProcessTerminate),"Process terminated:
UtcTime: 2019-11-07 08:58:48.326
ProcessGuid: {02EA0504-75C8-5A01-0000-001054B21D00}
ProcessId: 2576
Image: C:\Program Files (x86)\Google\Update\GoogleUpdate.exe"
情報,2019/11/07 17:58:48,Microsoft-Windows-Sysmon,1,Process Create (rule: ProcessCreate),"Process Create:
UtcTime: 2019-11-07 08:58:48.326
ProcessGuid: {02EA0504-75C8-5A01-0000-001054B21D00}
ProcessId: 2576
Image: C:\Program Files (x86)\Google\Update\GoogleUpdate.exe
CommandLine: ""C:\Program Files (x86)\Google\Update\GoogleUpdate.exe"" /svc
CurrentDirectory: C:\Windows\system32\
User: NT AUTHORITY\SYSTEM
LogonGuid: {02EA0504-41A6-5A01-0000-0020E7030000}
LogonId: 0x3e7
TerminalSessionId: 0
IntegrityLevel: System
Hashes: SHA1=ADB860FF9C00B308BF4ABBCB77E2C5233FEB61C5
ParentProcessGuid: {02EA0504-41A6-5A01-0000-001033890000}
ParentProcessId: 504
ParentImage: C:\Windows\System32\services.exe
ParentCommandLine: C:\Windows\system32\services.exe"
情報,2019/11/07 17:57:59,Microsoft-Windows-Sysmon,1,Process Create (rule: ProcessCreate),"Process Create:
UtcTime: 2019-11-07 08:57:59.980
ProcessGuid: {02EA0504-7597-5A01-0000-0010F1A71D00}
ProcessId: 2984
Image: C:\Program Files (x86)\Google\Update\GoogleUpdate.exe
CommandLine: ""C:\Program Files (x86)\Google\Update\GoogleUpdate.exe"" /ua /installsource scheduler
CurrentDirectory: C:\Windows\system32\
User: NT AUTHORITY\SYSTEM
LogonGuid: {02EA0504-41A6-5A01-0000-0020E7030000}
LogonId: 0x3e7
TerminalSessionId: 0
IntegrityLevel: System
Hashes: SHA1=ADB860FF9C00B308BF4ABBCB77E2C5233FEB61C5
ParentProcessGuid: {02EA0504-41EC-5A01-0000-0010C4BF0100}
ParentProcessId: 1928
ParentImage: C:\Windows\System32\taskeng.exe
ParentCommandLine: taskeng.exe {54713E6C-87C6-4368-99B5-3DB599A32F37} S-1-5-18:NT AUTHORITY\System:Service:"
情報,2019/11/07 17:57:49,Microsoft-Windows-Sysmon,2,File creation time changed (rule: FileCreateTime),"File creation time changed:
UtcTime: 2019-11-07 08:57:49.844
ProcessGuid: {02EA0504-485D-5A01-0000-0010DB380900}
ProcessId: 2736
Image: C:\Program Files\Internet Explorer\iexplore.exe
TargetFilename: C:\Users\chiyoda.tokyo.EXAMPLE\AppData\Roaming\Microsoft\Windows\Recent\CustomDestinations\7DFP2Z1Y2XEWFFSVPUZQ.temp
CreationUtcTime: 2019-11-07 05:26:24.114
PreviousCreationUtcTime: 2019-11-07 08:57:49.844"
情報,2019/11/07 17:56:55,Microsoft-Windows-Sysmon,2,File creation time changed (rule: FileCreateTime),"File creation time changed:
UtcTime: 2019-11-07 08:56:55.229
ProcessGuid: {02EA0504-485D-5A01-0000-0010DB380900}
ProcessId: 2736
Image: C:\Program Files\Internet Explorer\iexplore.exe
TargetFilename: C:\Users\chiyoda.tokyo.EXAMPLE\AppData\Roaming\Microsoft\Windows\Recent\CustomDestinations\CD1XXETHNH3CC82SLNVB.temp
CreationUtcTime: 2019-11-07 05:26:24.114
PreviousCreationUtcTime: 2019-11-07 08:56:55.229"
情報,2019/11/07 17:47:47,Microsoft-Windows-Sysmon,5,Process terminated (rule: ProcessTerminate),"Process terminated:
UtcTime: 2019-11-07 08:47:47.738
ProcessGuid: {02EA0504-732E-5A01-0000-001016481B00}
ProcessId: 2192
Image: C:\Windows\System32\dllhost.exe"
情報,2019/11/07 17:47:47,Microsoft-Windows-Sysmon,5,Process terminated (rule: ProcessTerminate),"Process terminated:
UtcTime: 2019-11-07 08:47:47.395
ProcessGuid: {02EA0504-732E-5A01-0000-0010C6441B00}
ProcessId: 856
Image: C:\Windows\System32\dllhost.exe"
情報,2019/11/07 17:47:42,Microsoft-Windows-Sysmon,1,Process Create (rule: ProcessCreate),"Process Create:
UtcTime: 2019-11-07 08:47:42.730
ProcessGuid: {02EA0504-732E-5A01-0000-00100A4A1B00}
ProcessId: 1068
Image: C:\Windows\System32\mmc.exe
CommandLine: ""C:\Windows\system32\mmc.exe"" ""C:\Windows\system32\eventvwr.msc"" /s
CurrentDirectory: C:\Windows\system32\
User: EXAMPLE\sysg.admin
LogonGuid: {02EA0504-732E-5A01-0000-002087431B00}
LogonId: 0x1b4387
TerminalSessionId: 1
IntegrityLevel: High
Hashes: SHA1=F5DC12D658402900A2B01AF2F018D113619B96B8
ParentProcessGuid: {02EA0504-41EC-5A01-0000-001019C60100}
ParentProcessId: 1988
ParentImage: C:\Windows\explorer.exe
ParentCommandLine: C:\Windows\Explorer.EXE"
情報,2019/11/07 17:47:42,Microsoft-Windows-Sysmon,1,Process Create (rule: ProcessCreate),"Process Create:
UtcTime: 2019-11-07 08:47:42.699
ProcessGuid: {02EA0504-732E-5A01-0000-001016481B00}
ProcessId: 2192
Image: C:\Windows\System32\dllhost.exe
CommandLine: C:\Windows\system32\DllHost.exe /Processid:{E10F6C3A-F1AE-4ADC-AA9D-2FE65525666E}
CurrentDirectory: C:\Windows\system32\
User: NT AUTHORITY\SYSTEM
LogonGuid: {02EA0504-41A6-5A01-0000-0020E7030000}
LogonId: 0x3e7
TerminalSessionId: 0
IntegrityLevel: System
Hashes: SHA1=E977B87698C3E595D55827665E22FBF788DD3F9F
ParentProcessGuid: {02EA0504-41A7-5A01-0000-001060A00000}
ParentProcessId: 636
ParentImage: C:\Windows\System32\svchost.exe
ParentCommandLine: C:\Windows\system32\svchost.exe -k DcomLaunch"
情報,2019/11/07 17:47:42,Microsoft-Windows-Sysmon,5,Process terminated (rule: ProcessTerminate),"Process terminated:
UtcTime: 2019-11-07 08:47:42.684
ProcessGuid: {02EA0504-730A-5A01-0000-001018271B00}
ProcessId: 2536
Image: C:\Windows\System32\consent.exe"
情報,2019/11/07 17:47:42,Microsoft-Windows-Sysmon,1,Process Create (rule: ProcessCreate),"Process Create:
UtcTime: 2019-11-07 08:47:42.325
ProcessGuid: {02EA0504-732E-5A01-0000-0010C6441B00}
ProcessId: 856
Image: C:\Windows\System32\dllhost.exe
CommandLine: C:\Windows\system32\DllHost.exe /Processid:{E10F6C3A-F1AE-4ADC-AA9D-2FE65525666E}
CurrentDirectory: C:\Windows\system32\
User: NT AUTHORITY\SYSTEM
LogonGuid: {02EA0504-41A6-5A01-0000-0020E7030000}
LogonId: 0x3e7
TerminalSessionId: 1
IntegrityLevel: System
Hashes: SHA1=E977B87698C3E595D55827665E22FBF788DD3F9F
ParentProcessGuid: {02EA0504-41A7-5A01-0000-001060A00000}
ParentProcessId: 636
ParentImage: C:\Windows\System32\svchost.exe
ParentCommandLine: C:\Windows\system32\svchost.exe -k DcomLaunch"
情報,2019/11/07 17:47:20,Microsoft-Windows-Sysmon,2,File creation time changed (rule: FileCreateTime),"File creation time changed:
UtcTime: 2019-11-07 08:47:20.459
ProcessGuid: {02EA0504-485D-5A01-0000-0010DB380900}
ProcessId: 2736
Image: C:\Program Files\Internet Explorer\iexplore.exe
TargetFilename: C:\Users\chiyoda.tokyo.EXAMPLE\AppData\Roaming\Microsoft\Windows\Recent\CustomDestinations\B4MM82K11R1KMNVNSRZB.temp
CreationUtcTime: 2019-11-07 05:26:24.114
PreviousCreationUtcTime: 2019-11-07 08:47:20.459"
情報,2019/11/07 17:47:07,Microsoft-Windows-Sysmon,5,Process terminated (rule: ProcessTerminate),"Process terminated:
UtcTime: 2019-11-07 08:47:07.178
ProcessGuid: {02EA0504-7306-5A01-0000-00103DFF1A00}
ProcessId: 2088
Image: C:\Windows\System32\dllhost.exe"
情報,2019/11/07 17:47:06,Microsoft-Windows-Sysmon,1,Process Create (rule: ProcessCreate),"Process Create:
UtcTime: 2019-11-07 08:47:06.382
ProcessGuid: {02EA0504-730A-5A01-0000-001018271B00}
ProcessId: 2536
Image: C:\Windows\System32\consent.exe
CommandLine: consent.exe 968 418 0000000003315FE0
CurrentDirectory: C:\Windows\system32\
User: NT AUTHORITY\SYSTEM
LogonGuid: {02EA0504-41A6-5A01-0000-0020E7030000}
LogonId: 0x3e7
TerminalSessionId: 1
IntegrityLevel: System
Hashes: SHA1=6E4E720DFC424A12383F0B8194E4477E3BC346DC
ParentProcessGuid: {02EA0504-41A8-5A01-0000-0010A9F90000}
ParentProcessId: 968
ParentImage: C:\Windows\System32\svchost.exe
ParentCommandLine: C:\Windows\system32\svchost.exe -k netsvcs"
情報,2019/11/07 17:47:02,Microsoft-Windows-Sysmon,1,Process Create (rule: ProcessCreate),"Process Create:
UtcTime: 2019-11-07 08:47:02.140
ProcessGuid: {02EA0504-7306-5A01-0000-00103DFF1A00}
ProcessId: 2088
Image: C:\Windows\System32\dllhost.exe
CommandLine: C:\Windows\system32\DllHost.exe /Processid:{AB8902B4-09CA-4BB6-B78D-A8F59079A8D5}
CurrentDirectory: C:\Windows\system32\
User: EXAMPLE\chiyoda.tokyo
LogonGuid: {02EA0504-41EA-5A01-0000-002074B30100}
LogonId: 0x1b374
TerminalSessionId: 1
IntegrityLevel: Medium
Hashes: SHA1=E977B87698C3E595D55827665E22FBF788DD3F9F
ParentProcessGuid: {02EA0504-41A7-5A01-0000-001060A00000}
ParentProcessId: 636
ParentImage: C:\Windows\System32\svchost.exe
ParentCommandLine: C:\Windows\system32\svchost.exe -k DcomLaunch"
情報,2019/11/07 17:47:00,Microsoft-Windows-Sysmon,5,Process terminated (rule: ProcessTerminate),"Process terminated:
UtcTime: 2019-11-07 08:47:00.175
ProcessGuid: {02EA0504-72FF-5A01-0000-0010E0D81A00}
ProcessId: 2924
Image: C:\Windows\SysWOW64\dllhost.exe"
情報,2019/11/07 17:46:55,Microsoft-Windows-Sysmon,1,Process Create (rule: ProcessCreate),"Process Create:
UtcTime: 2019-11-07 08:46:55.091
ProcessGuid: {02EA0504-72FF-5A01-0000-0010E0D81A00}
ProcessId: 2924
Image: C:\Windows\SysWOW64\dllhost.exe
CommandLine: C:\Windows\SysWOW64\DllHost.exe /Processid:{06622D85-6856-4460-8DE1-A81921B41C4B}
CurrentDirectory: C:\Windows\system32\
User: EXAMPLE\chiyoda.tokyo
LogonGuid: {02EA0504-41EA-5A01-0000-002074B30100}
LogonId: 0x1b374
TerminalSessionId: 1
IntegrityLevel: Medium
Hashes: SHA1=ACE762C51DB1908C858C898D7E0F9B36F788D2D9
ParentProcessGuid: {02EA0504-41A7-5A01-0000-001060A00000}
ParentProcessId: 636
ParentImage: C:\Windows\System32\svchost.exe
ParentCommandLine: C:\Windows\system32\svchost.exe -k DcomLaunch"
情報,2019/11/07 17:46:18,Microsoft-Windows-Sysmon,2,File creation time changed (rule: FileCreateTime),"File creation time changed:
UtcTime: 2019-11-07 08:46:18.879
ProcessGuid: {02EA0504-485D-5A01-0000-0010DB380900}
ProcessId: 2736
Image: C:\Program Files\Internet Explorer\iexplore.exe
TargetFilename: C:\Users\chiyoda.tokyo.EXAMPLE\AppData\Roaming\Microsoft\Windows\Recent\CustomDestinations\M3RDCDL07E5VE30BAYKO.temp
CreationUtcTime: 2019-11-07 05:26:24.114
PreviousCreationUtcTime: 2019-11-07 08:46:18.879"
情報,2019/11/07 17:44:32,Microsoft-Windows-Sysmon,2,File creation time changed (rule: FileCreateTime),"File creation time changed:
UtcTime: 2019-11-07 08:44:32.551
ProcessGuid: {02EA0504-485D-5A01-0000-0010DB380900}
ProcessId: 2736
Image: C:\Program Files\Internet Explorer\iexplore.exe
TargetFilename: C:\Users\chiyoda.tokyo.EXAMPLE\AppData\Roaming\Microsoft\Windows\Recent\CustomDestinations\SUTVWTDQAJYKYJSZ9T2T.temp
CreationUtcTime: 2019-11-07 05:26:24.114
PreviousCreationUtcTime: 2019-11-07 08:44:32.551"
情報,2019/11/07 17:43:33,Microsoft-Windows-Sysmon,5,Process terminated (rule: ProcessTerminate),"Process terminated:
UtcTime: 2019-11-07 08:43:33.555
ProcessGuid: {02EA0504-722C-5A01-0000-0010B1711A00}
ProcessId: 1540
Image: C:\Windows\System32\Macromed\Flash\FlashUtil64_22_0_0_210_ActiveX.exe"
情報,2019/11/07 17:43:33,Microsoft-Windows-Sysmon,2,File creation time changed (rule: FileCreateTime),"File creation time changed:
UtcTime: 2019-11-07 08:43:33.352
ProcessGuid: {02EA0504-485D-5A01-0000-0010DB380900}
ProcessId: 2736
Image: C:\Program Files\Internet Explorer\iexplore.exe
TargetFilename: C:\Users\chiyoda.tokyo.EXAMPLE\AppData\Roaming\Microsoft\Windows\Recent\CustomDestinations\TKZJC7E8YY2A0TFOZXL0.temp
CreationUtcTime: 2019-11-07 05:26:24.114
PreviousCreationUtcTime: 2019-11-07 08:43:33.352"
情報,2019/11/07 17:43:24,Microsoft-Windows-Sysmon,1,Process Create (rule: ProcessCreate),"Process Create:
UtcTime: 2019-11-07 08:43:24.104
ProcessGuid: {02EA0504-722C-5A01-0000-0010B1711A00}
ProcessId: 1540
Image: C:\Windows\System32\Macromed\Flash\FlashUtil64_22_0_0_210_ActiveX.exe
CommandLine: C:\Windows\system32\Macromed\Flash\FlashUtil64_22_0_0_210_ActiveX.exe -Embedding
CurrentDirectory: C:\Windows\system32\
User: EXAMPLE\chiyoda.tokyo
LogonGuid: {02EA0504-41EA-5A01-0000-002074B30100}
LogonId: 0x1b374
TerminalSessionId: 1
IntegrityLevel: Medium
Hashes: SHA1=4333BFE126CAEAFDB0A80530F0C05A06C51EB2B8
ParentProcessGuid: {02EA0504-41A7-5A01-0000-001060A00000}
ParentProcessId: 636
ParentImage: C:\Windows\System32\svchost.exe
ParentCommandLine: C:\Windows\system32\svchost.exe -k DcomLaunch"
情報,2019/11/07 17:41:47,Microsoft-Windows-Sysmon,2,File creation time changed (rule: FileCreateTime),"File creation time changed:
UtcTime: 2019-11-07 08:41:47.289
ProcessGuid: {02EA0504-485D-5A01-0000-0010DB380900}
ProcessId: 2736
Image: C:\Program Files\Internet Explorer\iexplore.exe
TargetFilename: C:\Users\chiyoda.tokyo.EXAMPLE\AppData\Roaming\Microsoft\Windows\Recent\CustomDestinations\YO19WEXJA2BCI7E9J9DL.temp
CreationUtcTime: 2019-11-07 05:26:24.114
PreviousCreationUtcTime: 2019-11-07 08:41:47.289"
情報,2019/11/07 17:41:00,Microsoft-Windows-Sysmon,5,Process terminated (rule: ProcessTerminate),"Process terminated:
UtcTime: 2019-11-07 08:41:00.337
ProcessGuid: {02EA0504-719C-5A01-0000-00109D511A00}
ProcessId: 3008
Image: C:\Windows\System32\conhost.exe"
情報,2019/11/07 17:41:00,Microsoft-Windows-Sysmon,5,Process terminated (rule: ProcessTerminate),"Process terminated:
UtcTime: 2019-11-07 08:41:00.321
ProcessGuid: {02EA0504-719C-5A01-0000-0010E1521A00}
ProcessId: 2228
Image: C:\Windows\SysWOW64\Macromed\Flash\FlashPlayerUpdateService.exe"
情報,2019/11/07 17:41:00,Microsoft-Windows-Sysmon,5,Process terminated (rule: ProcessTerminate),"Process terminated:
UtcTime: 2019-11-07 08:41:00.321
ProcessGuid: {02EA0504-719C-5A01-0000-001021511A00}
ProcessId: 1540
Image: C:\Windows\SysWOW64\Macromed\Flash\FlashPlayerUpdateService.exe"
情報,2019/11/07 17:41:00,Microsoft-Windows-Sysmon,1,Process Create (rule: ProcessCreate),"Process Create:
UtcTime: 2019-11-07 08:41:00.306
ProcessGuid: {02EA0504-719C-5A01-0000-0010E1521A00}
ProcessId: 2228
Image: C:\Windows\SysWOW64\Macromed\Flash\FlashPlayerUpdateService.exe
CommandLine: C:\Windows\SysWOW64\Macromed\Flash\FlashPlayerUpdateService.exe
CurrentDirectory: C:\Windows\system32\
User: NT AUTHORITY\SYSTEM
LogonGuid: {02EA0504-41A6-5A01-0000-0020E7030000}
LogonId: 0x3e7
TerminalSessionId: 0
IntegrityLevel: System
Hashes: SHA1=822CC10DB71285390D9C1606CB297249E6737271
ParentProcessGuid: {02EA0504-41A6-5A01-0000-001033890000}
ParentProcessId: 504
ParentImage: C:\Windows\System32\services.exe
ParentCommandLine: C:\Windows\system32\services.exe"
情報,2019/11/07 17:41:00,Microsoft-Windows-Sysmon,1,Process Create (rule: ProcessCreate),"Process Create:
UtcTime: 2019-11-07 08:41:00.181
ProcessGuid: {02EA0504-719C-5A01-0000-00109D511A00}
ProcessId: 3008
Image: C:\Windows\System32\conhost.exe
CommandLine: \??\C:\Windows\system32\conhost.exe ""1092058676146016124015714765922299204721027756544677636670-897398951-682585672""
CurrentDirectory: C:\Windows\system32\
User: NT AUTHORITY\SYSTEM
LogonGuid: {02EA0504-41A6-5A01-0000-0020E7030000}
LogonId: 0x3e7
TerminalSessionId: 0
IntegrityLevel: System
Hashes: SHA1=D836FCE5EE3175E5178DADD40E1FEC98A83FBCE9
ParentProcessGuid: {02EA0504-41A1-5A01-0000-00105F7E0000}
ParentProcessId: 360
ParentImage: C:\Windows\System32\csrss.exe
ParentCommandLine: %SystemRoot%\system32\csrss.exe ObjectDirectory=\Windows SharedSection=1024,20480,768 Windows=On SubSystemType=Windows ServerDll=basesrv,1 ServerDll=winsrv:UserServerDllInitialization,3 ServerDll=winsrv:ConServerDllInitialization,2 ServerDll=sxssrv,4 ProfileControl=Off MaxRequestThreads=16"
情報,2019/11/07 17:41:00,Microsoft-Windows-Sysmon,1,Process Create (rule: ProcessCreate),"Process Create:
UtcTime: 2019-11-07 08:41:00.072
ProcessGuid: {02EA0504-719C-5A01-0000-001021511A00}
ProcessId: 1540
Image: C:\Windows\SysWOW64\Macromed\Flash\FlashPlayerUpdateService.exe
CommandLine: C:\Windows\SysWOW64\Macromed\Flash\FlashPlayerUpdateService.exe 
CurrentDirectory: C:\Windows\system32\
User: NT AUTHORITY\SYSTEM
LogonGuid: {02EA0504-41A6-5A01-0000-0020E7030000}
LogonId: 0x3e7
TerminalSessionId: 0
IntegrityLevel: System
Hashes: SHA1=822CC10DB71285390D9C1606CB297249E6737271
ParentProcessGuid: {02EA0504-41EC-5A01-0000-0010C4BF0100}
ParentProcessId: 1928
ParentImage: C:\Windows\System32\taskeng.exe
ParentCommandLine: taskeng.exe {54713E6C-87C6-4368-99B5-3DB599A32F37} S-1-5-18:NT AUTHORITY\System:Service:"
情報,2019/11/07 17:40:55,Microsoft-Windows-Sysmon,2,File creation time changed (rule: FileCreateTime),"File creation time changed:
UtcTime: 2019-11-07 08:40:55.580
ProcessGuid: {02EA0504-485D-5A01-0000-0010DB380900}
ProcessId: 2736
Image: C:\Program Files\Internet Explorer\iexplore.exe
TargetFilename: C:\Users\chiyoda.tokyo.EXAMPLE\AppData\Roaming\Microsoft\Windows\Recent\CustomDestinations\UO00HXC1NYOOG8IYW2OQ.temp
CreationUtcTime: 2019-11-07 05:26:24.114
PreviousCreationUtcTime: 2019-11-07 08:40:55.580"
情報,2019/11/07 17:40:14,Microsoft-Windows-Sysmon,2,File creation time changed (rule: FileCreateTime),"File creation time changed:
UtcTime: 2019-11-07 08:40:14.097
ProcessGuid: {02EA0504-485D-5A01-0000-0010DB380900}
ProcessId: 2736
Image: C:\Program Files\Internet Explorer\iexplore.exe
TargetFilename: C:\Users\chiyoda.tokyo.EXAMPLE\AppData\Roaming\Microsoft\Windows\Recent\CustomDestinations\F1915IC657731W2K2DBP.temp
CreationUtcTime: 2019-11-07 05:26:24.114
PreviousCreationUtcTime: 2019-11-07 08:40:14.097"
情報,2019/11/07 17:38:05,Microsoft-Windows-Sysmon,2,File creation time changed (rule: FileCreateTime),"File creation time changed:
UtcTime: 2019-11-07 08:38:05.344
ProcessGuid: {02EA0504-485D-5A01-0000-0010DB380900}
ProcessId: 2736
Image: C:\Program Files\Internet Explorer\iexplore.exe
TargetFilename: C:\Users\chiyoda.tokyo.EXAMPLE\AppData\Roaming\Microsoft\Windows\Recent\CustomDestinations\46DPG4QK0ZODSTBKED48.temp
CreationUtcTime: 2019-11-07 05:26:24.114
PreviousCreationUtcTime: 2019-11-07 08:38:05.344"
情報,2019/11/07 17:36:16,Microsoft-Windows-Sysmon,2,File creation time changed (rule: FileCreateTime),"File creation time changed:
UtcTime: 2019-11-07 08:36:16.568
ProcessGuid: {02EA0504-485D-5A01-0000-0010DB380900}
ProcessId: 2736
Image: C:\Program Files\Internet Explorer\iexplore.exe
TargetFilename: C:\Users\chiyoda.tokyo.EXAMPLE\AppData\Roaming\Microsoft\Windows\Recent\CustomDestinations\VS3CZF0L1LPCX11USH4M.temp
CreationUtcTime: 2019-11-07 05:26:24.114
PreviousCreationUtcTime: 2019-11-07 08:36:16.552"
情報,2019/11/07 17:35:46,Microsoft-Windows-Sysmon,2,File creation time changed (rule: FileCreateTime),"File creation time changed:
UtcTime: 2019-11-07 08:35:46.011
ProcessGuid: {02EA0504-485D-5A01-0000-0010DB380900}
ProcessId: 2736
Image: C:\Program Files\Internet Explorer\iexplore.exe
TargetFilename: C:\Users\chiyoda.tokyo.EXAMPLE\AppData\Roaming\Microsoft\Windows\Recent\CustomDestinations\VM27V6XNVSOQLX3C4KE8.temp
CreationUtcTime: 2019-11-07 05:26:24.114
PreviousCreationUtcTime: 2019-11-07 08:35:46.011"
情報,2019/11/07 17:35:11,Microsoft-Windows-Sysmon,2,File creation time changed (rule: FileCreateTime),"File creation time changed:
UtcTime: 2019-11-07 08:35:11.421
ProcessGuid: {02EA0504-485D-5A01-0000-0010DB380900}
ProcessId: 2736
Image: C:\Program Files\Internet Explorer\iexplore.exe
TargetFilename: C:\Users\chiyoda.tokyo.EXAMPLE\AppData\Roaming\Microsoft\Windows\Recent\CustomDestinations\MGMEDQA3Z3RN1FPVS6MV.temp
CreationUtcTime: 2019-11-07 05:26:24.114
PreviousCreationUtcTime: 2019-11-07 08:35:11.421"
情報,2019/11/07 17:33:45,Microsoft-Windows-Sysmon,2,File creation time changed (rule: FileCreateTime),"File creation time changed:
UtcTime: 2019-11-07 08:33:45.650
ProcessGuid: {02EA0504-485D-5A01-0000-0010DB380900}
ProcessId: 2736
Image: C:\Program Files\Internet Explorer\iexplore.exe
TargetFilename: C:\Users\chiyoda.tokyo.EXAMPLE\AppData\Roaming\Microsoft\Windows\Recent\CustomDestinations\J16Z1104W7RJ7DK69K6T.temp
CreationUtcTime: 2019-11-07 05:26:24.114
PreviousCreationUtcTime: 2019-11-07 08:33:45.650"
情報,2019/11/07 17:32:35,Microsoft-Windows-Sysmon,2,File creation time changed (rule: FileCreateTime),"File creation time changed:
UtcTime: 2019-11-07 08:32:35.411
ProcessGuid: {02EA0504-485D-5A01-0000-0010DB380900}
ProcessId: 2736
Image: C:\Program Files\Internet Explorer\iexplore.exe
TargetFilename: C:\Users\chiyoda.tokyo.EXAMPLE\AppData\Roaming\Microsoft\Windows\Recent\CustomDestinations\6OCEA6YZ0GC8BQTOC44I.temp
CreationUtcTime: 2019-11-07 05:26:24.114
PreviousCreationUtcTime: 2019-11-07 08:32:35.411"
情報,2019/11/07 17:31:39,Microsoft-Windows-Sysmon,5,Process terminated (rule: ProcessTerminate),"Process terminated:
UtcTime: 2019-11-07 08:31:39.847
ProcessGuid: {02EA0504-6F10-5A01-0000-0010DFAC1900}
ProcessId: 2812
Image: C:\Program Files (x86)\Google\Update\GoogleUpdate.exe"
情報,2019/11/07 17:31:39,Microsoft-Windows-Sysmon,5,Process terminated (rule: ProcessTerminate),"Process terminated:
UtcTime: 2019-11-07 08:31:39.847
ProcessGuid: {02EA0504-6F48-5A01-0000-00104FBF1900}
ProcessId: 2448
Image: C:\Program Files (x86)\Google\Update\GoogleUpdate.exe"
情報,2019/11/07 17:31:04,Microsoft-Windows-Sysmon,1,Process Create (rule: ProcessCreate),"Process Create:
UtcTime: 2019-11-07 08:31:04.946
ProcessGuid: {02EA0504-6F48-5A01-0000-00104FBF1900}
ProcessId: 2448
Image: C:\Program Files (x86)\Google\Update\GoogleUpdate.exe
CommandLine: ""C:\Program Files (x86)\Google\Update\GoogleUpdate.exe"" /svc
CurrentDirectory: C:\Windows\system32\
User: NT AUTHORITY\SYSTEM
LogonGuid: {02EA0504-41A6-5A01-0000-0020E7030000}
LogonId: 0x3e7
TerminalSessionId: 0
IntegrityLevel: System
Hashes: SHA1=ADB860FF9C00B308BF4ABBCB77E2C5233FEB61C5
ParentProcessGuid: {02EA0504-41A6-5A01-0000-001033890000}
ParentProcessId: 504
ParentImage: C:\Windows\System32\services.exe
ParentCommandLine: C:\Windows\system32\services.exe"
情報,2019/11/07 17:30:38,Microsoft-Windows-Sysmon,2,File creation time changed (rule: FileCreateTime),"File creation time changed:
UtcTime: 2019-11-07 08:30:38.170
ProcessGuid: {02EA0504-485D-5A01-0000-0010DB380900}
ProcessId: 2736
Image: C:\Program Files\Internet Explorer\iexplore.exe
TargetFilename: C:\Users\chiyoda.tokyo.EXAMPLE\AppData\Roaming\Microsoft\Windows\Recent\CustomDestinations\TQ51CTA5SWTR3F554U6P.temp
CreationUtcTime: 2019-11-07 05:26:24.114
PreviousCreationUtcTime: 2019-11-07 08:30:38.170"
情報,2019/11/07 17:30:08,Microsoft-Windows-Sysmon,1,Process Create (rule: ProcessCreate),"Process Create:
UtcTime: 2019-11-07 08:30:08.759
ProcessGuid: {02EA0504-6F10-5A01-0000-0010DFAC1900}
ProcessId: 2812
Image: C:\Program Files (x86)\Google\Update\GoogleUpdate.exe
CommandLine: ""C:\Program Files (x86)\Google\Update\GoogleUpdate.exe"" /ua /installsource core
CurrentDirectory: C:\Program Files (x86)\Google\Update\1.3.31.5\
User: NT AUTHORITY\SYSTEM
LogonGuid: {02EA0504-41A6-5A01-0000-0020E7030000}
LogonId: 0x3e7
TerminalSessionId: 0
IntegrityLevel: System
Hashes: SHA1=ADB860FF9C00B308BF4ABBCB77E2C5233FEB61C5
ParentProcessGuid: {02EA0504-41ED-5A01-0000-001049E10100}
ParentProcessId: 1152
ParentImage: C:\Program Files (x86)\Google\Update\GoogleUpdate.exe
ParentCommandLine: ""C:\Program Files (x86)\Google\Update\GoogleUpdate.exe"" /c"
情報,2019/11/07 17:28:58,Microsoft-Windows-Sysmon,2,File creation time changed (rule: FileCreateTime),"File creation time changed:
UtcTime: 2019-11-07 08:28:58.475
ProcessGuid: {02EA0504-485D-5A01-0000-0010DB380900}
ProcessId: 2736
Image: C:\Program Files\Internet Explorer\iexplore.exe
TargetFilename: C:\Users\chiyoda.tokyo.EXAMPLE\AppData\Roaming\Microsoft\Windows\Recent\CustomDestinations\8WAGOSEUB2B7QTM0QJ52.temp
CreationUtcTime: 2019-11-07 05:26:24.114
PreviousCreationUtcTime: 2019-11-07 08:28:58.475"
情報,2019/11/07 17:25:24,Microsoft-Windows-Sysmon,5,Process terminated (rule: ProcessTerminate),"Process terminated:
UtcTime: 2019-11-07 08:25:24.450
ProcessGuid: {02EA0504-6DE9-5A01-0000-001074871900}
ProcessId: 2536
Image: C:\Windows\System32\Macromed\Flash\FlashUtil64_22_0_0_210_ActiveX.exe"
情報,2019/11/07 17:25:24,Microsoft-Windows-Sysmon,2,File creation time changed (rule: FileCreateTime),"File creation time changed:
UtcTime: 2019-11-07 08:25:24.341
ProcessGuid: {02EA0504-485D-5A01-0000-0010DB380900}
ProcessId: 2736
Image: C:\Program Files\Internet Explorer\iexplore.exe
TargetFilename: C:\Users\chiyoda.tokyo.EXAMPLE\AppData\Roaming\Microsoft\Windows\Recent\CustomDestinations\K6PQ0NZHHRACU4EOL9DV.temp
CreationUtcTime: 2019-11-07 05:26:24.114
PreviousCreationUtcTime: 2019-11-07 08:25:24.341"
情報,2019/11/07 17:25:13,Microsoft-Windows-Sysmon,1,Process Create (rule: ProcessCreate),"Process Create:
UtcTime: 2019-11-07 08:25:13.950
ProcessGuid: {02EA0504-6DE9-5A01-0000-001074871900}
ProcessId: 2536
Image: C:\Windows\System32\Macromed\Flash\FlashUtil64_22_0_0_210_ActiveX.exe
CommandLine: C:\Windows\system32\Macromed\Flash\FlashUtil64_22_0_0_210_ActiveX.exe -Embedding
CurrentDirectory: C:\Windows\system32\
User: EXAMPLE\chiyoda.tokyo
LogonGuid: {02EA0504-41EA-5A01-0000-002074B30100}
LogonId: 0x1b374
TerminalSessionId: 1
IntegrityLevel: Medium
Hashes: SHA1=4333BFE126CAEAFDB0A80530F0C05A06C51EB2B8
ParentProcessGuid: {02EA0504-41A7-5A01-0000-001060A00000}
ParentProcessId: 636
ParentImage: C:\Windows\System32\svchost.exe
ParentCommandLine: C:\Windows\system32\svchost.exe -k DcomLaunch"
情報,2019/11/07 17:23:20,Microsoft-Windows-Sysmon,2,File creation time changed (rule: FileCreateTime),"File creation time changed:
UtcTime: 2019-11-07 08:23:20.461
ProcessGuid: {02EA0504-485D-5A01-0000-0010DB380900}
ProcessId: 2736
Image: C:\Program Files\Internet Explorer\iexplore.exe
TargetFilename: C:\Users\chiyoda.tokyo.EXAMPLE\AppData\Roaming\Microsoft\Windows\Recent\CustomDestinations\X56DFFOG18UWMKRYLJ4Y.temp
CreationUtcTime: 2019-11-07 05:26:24.114
PreviousCreationUtcTime: 2019-11-07 08:23:20.461"
情報,2019/11/07 17:21:28,Microsoft-Windows-Sysmon,2,File creation time changed (rule: FileCreateTime),"File creation time changed:
UtcTime: 2019-11-07 08:21:28.500
ProcessGuid: {02EA0504-485D-5A01-0000-0010DB380900}
ProcessId: 2736
Image: C:\Program Files\Internet Explorer\iexplore.exe
TargetFilename: C:\Users\chiyoda.tokyo.EXAMPLE\AppData\Roaming\Microsoft\Windows\Recent\CustomDestinations\KQ9GOP1YP5OHBUMC6TY7.temp
CreationUtcTime: 2019-11-07 05:26:24.114
PreviousCreationUtcTime: 2019-11-07 08:21:28.485"
情報,2019/11/07 17:20:18,Microsoft-Windows-Sysmon,2,File creation time changed (rule: FileCreateTime),"File creation time changed:
UtcTime: 2019-11-07 08:20:18.492
ProcessGuid: {02EA0504-485D-5A01-0000-0010DB380900}
ProcessId: 2736
Image: C:\Program Files\Internet Explorer\iexplore.exe
TargetFilename: C:\Users\chiyoda.tokyo.EXAMPLE\AppData\Roaming\Microsoft\Windows\Recent\CustomDestinations\9ICMVFZ1WRYU0CSENVRH.temp
CreationUtcTime: 2019-11-07 05:26:24.114
PreviousCreationUtcTime: 2019-11-07 08:20:18.492"
情報,2019/11/07 17:20:18,Microsoft-Windows-Sysmon,5,Process terminated (rule: ProcessTerminate),"Process terminated:
UtcTime: 2019-11-07 08:20:18.430
ProcessGuid: {02EA0504-6CB8-5A01-0000-00100D351900}
ProcessId: 2136
Image: C:\Windows\System32\Macromed\Flash\FlashUtil64_22_0_0_210_ActiveX.exe"
情報,2019/11/07 17:20:08,Microsoft-Windows-Sysmon,1,Process Create (rule: ProcessCreate),"Process Create:
UtcTime: 2019-11-07 08:20:08.245
ProcessGuid: {02EA0504-6CB8-5A01-0000-00100D351900}
ProcessId: 2136
Image: C:\Windows\System32\Macromed\Flash\FlashUtil64_22_0_0_210_ActiveX.exe
CommandLine: C:\Windows\system32\Macromed\Flash\FlashUtil64_22_0_0_210_ActiveX.exe -Embedding
CurrentDirectory: C:\Windows\system32\
User: EXAMPLE\chiyoda.tokyo
LogonGuid: {02EA0504-41EA-5A01-0000-002074B30100}
LogonId: 0x1b374
TerminalSessionId: 1
IntegrityLevel: Medium
Hashes: SHA1=4333BFE126CAEAFDB0A80530F0C05A06C51EB2B8
ParentProcessGuid: {02EA0504-41A7-5A01-0000-001060A00000}
ParentProcessId: 636
ParentImage: C:\Windows\System32\svchost.exe
ParentCommandLine: C:\Windows\system32\svchost.exe -k DcomLaunch"
情報,2019/11/07 17:18:44,Microsoft-Windows-Sysmon,2,File creation time changed (rule: FileCreateTime),"File creation time changed:
UtcTime: 2019-11-07 08:18:44.015
ProcessGuid: {02EA0504-485D-5A01-0000-0010DB380900}
ProcessId: 2736
Image: C:\Program Files\Internet Explorer\iexplore.exe
TargetFilename: C:\Users\chiyoda.tokyo.EXAMPLE\AppData\Roaming\Microsoft\Windows\Recent\CustomDestinations\GOV90T7WSS2ISE76AFC6.temp
CreationUtcTime: 2019-11-07 05:26:24.114
PreviousCreationUtcTime: 2019-11-07 08:18:44.015"
情報,2019/11/07 17:16:45,Microsoft-Windows-Sysmon,2,File creation time changed (rule: FileCreateTime),"File creation time changed:
UtcTime: 2019-11-07 08:16:45.360
ProcessGuid: {02EA0504-485D-5A01-0000-0010DB380900}
ProcessId: 2736
Image: C:\Program Files\Internet Explorer\iexplore.exe
TargetFilename: C:\Users\chiyoda.tokyo.EXAMPLE\AppData\Roaming\Microsoft\Windows\Recent\CustomDestinations\YOXP0T4VC01IFPXZS1UY.temp
CreationUtcTime: 2019-11-07 05:26:24.114
PreviousCreationUtcTime: 2019-11-07 08:16:45.360"
情報,2019/11/07 17:14:52,Microsoft-Windows-Sysmon,2,File creation time changed (rule: FileCreateTime),"File creation time changed:
UtcTime: 2019-11-07 08:14:52.407
ProcessGuid: {02EA0504-485D-5A01-0000-0010DB380900}
ProcessId: 2736
Image: C:\Program Files\Internet Explorer\iexplore.exe
TargetFilename: C:\Users\chiyoda.tokyo.EXAMPLE\AppData\Roaming\Microsoft\Windows\Recent\CustomDestinations\Y1WG12031IYIVOMVVABR.temp
CreationUtcTime: 2019-11-07 05:26:24.114
PreviousCreationUtcTime: 2019-11-07 08:14:52.407"
情報,2019/11/07 17:12:47,Microsoft-Windows-Sysmon,2,File creation time changed (rule: FileCreateTime),"File creation time changed:
UtcTime: 2019-11-07 08:12:47.831
ProcessGuid: {02EA0504-485D-5A01-0000-0010DB380900}
ProcessId: 2736
Image: C:\Program Files\Internet Explorer\iexplore.exe
TargetFilename: C:\Users\chiyoda.tokyo.EXAMPLE\AppData\Roaming\Microsoft\Windows\Recent\CustomDestinations\LXZPV4T2KN4AR6QA5UZA.temp
CreationUtcTime: 2019-11-07 05:26:24.114
PreviousCreationUtcTime: 2019-11-07 08:12:47.831"
情報,2019/11/07 17:12:35,Microsoft-Windows-Sysmon,1,Process Create (rule: ProcessCreate),"Process Create:
UtcTime: 2019-11-07 08:12:35.242
ProcessGuid: {02EA0504-6AF3-5A01-0000-00107AC41800}
ProcessId: 1660
Image: C:\Program Files (x86)\Internet Explorer\iexplore.exe
CommandLine: ""C:\Program Files (x86)\Internet Explorer\IEXPLORE.EXE"" SCODEF:2736 CREDAT:3216735 /prefetch:2
CurrentDirectory: C:\Users\chiyoda.tokyo.EXAMPLE\Desktop\
User: EXAMPLE\chiyoda.tokyo
LogonGuid: {02EA0504-41EA-5A01-0000-002074B30100}
LogonId: 0x1b374
TerminalSessionId: 1
IntegrityLevel: Low
Hashes: SHA1=7CB7EF5B277663E56167E1E7705D7C8BFC4BD432
ParentProcessGuid: {02EA0504-485D-5A01-0000-0010DB380900}
ParentProcessId: 2736
ParentImage: C:\Program Files\Internet Explorer\iexplore.exe
ParentCommandLine: ""C:\Program Files\Internet Explorer\iexplore.exe"" -Embedding"
情報,2019/11/07 17:12:28,Microsoft-Windows-Sysmon,5,Process terminated (rule: ProcessTerminate),"Process terminated:
UtcTime: 2019-11-07 08:12:28.418
ProcessGuid: {02EA0504-6A8F-5A01-0000-00103FA21800}
ProcessId: 2628
Image: C:\Program Files (x86)\Internet Explorer\iexplore.exe"
情報,2019/11/07 17:11:27,Microsoft-Windows-Sysmon,2,File creation time changed (rule: FileCreateTime),"File creation time changed:
UtcTime: 2019-11-07 08:11:27.619
ProcessGuid: {02EA0504-485D-5A01-0000-0010DB380900}
ProcessId: 2736
Image: C:\Program Files\Internet Explorer\iexplore.exe
TargetFilename: C:\Users\chiyoda.tokyo.EXAMPLE\AppData\Roaming\Microsoft\Windows\Recent\CustomDestinations\4VWKQ9NLXWIGBHTQRWJG.temp
CreationUtcTime: 2019-11-07 05:26:24.114
PreviousCreationUtcTime: 2019-11-07 08:11:27.619"
情報,2019/11/07 17:10:55,Microsoft-Windows-Sysmon,1,Process Create (rule: ProcessCreate),"Process Create:
UtcTime: 2019-11-07 08:10:55.939
ProcessGuid: {02EA0504-6A8F-5A01-0000-00103FA21800}
ProcessId: 2628
Image: C:\Program Files (x86)\Internet Explorer\iexplore.exe
CommandLine: ""C:\Program Files (x86)\Internet Explorer\IEXPLORE.EXE"" SCODEF:2736 CREDAT:1316316 /prefetch:2
CurrentDirectory: C:\Users\chiyoda.tokyo.EXAMPLE\Desktop\
User: EXAMPLE\chiyoda.tokyo
LogonGuid: {02EA0504-41EA-5A01-0000-002074B30100}
LogonId: 0x1b374
TerminalSessionId: 1
IntegrityLevel: Low
Hashes: SHA1=7CB7EF5B277663E56167E1E7705D7C8BFC4BD432
ParentProcessGuid: {02EA0504-485D-5A01-0000-0010DB380900}
ParentProcessId: 2736
ParentImage: C:\Program Files\Internet Explorer\iexplore.exe
ParentCommandLine: ""C:\Program Files\Internet Explorer\iexplore.exe"" -Embedding"
情報,2019/11/07 17:10:54,Microsoft-Windows-Sysmon,5,Process terminated (rule: ProcessTerminate),"Process terminated:
UtcTime: 2019-11-07 08:10:54.150
ProcessGuid: {02EA0504-6A0E-5A01-0000-00100A8B1800}
ProcessId: 2104
Image: C:\Windows\System32\taskhost.exe"
情報,2019/11/07 17:10:39,Microsoft-Windows-Sysmon,5,Process terminated (rule: ProcessTerminate),"Process terminated:
UtcTime: 2019-11-07 08:10:39.578
ProcessGuid: {02EA0504-69FC-5A01-0000-0010BD6A1800}
ProcessId: 1692
Image: C:\Program Files (x86)\Internet Explorer\iexplore.exe"
情報,2019/11/07 17:09:34,Microsoft-Windows-Sysmon,2,File creation time changed (rule: FileCreateTime),"File creation time changed:
UtcTime: 2019-11-07 08:09:34.554
ProcessGuid: {02EA0504-485D-5A01-0000-0010DB380900}
ProcessId: 2736
Image: C:\Program Files\Internet Explorer\iexplore.exe
TargetFilename: C:\Users\chiyoda.tokyo.EXAMPLE\AppData\Roaming\Microsoft\Windows\Recent\CustomDestinations\N09MOLTBCKCA11XN3JNO.temp
CreationUtcTime: 2019-11-07 05:26:24.114
PreviousCreationUtcTime: 2019-11-07 08:09:34.554"
情報,2019/11/07 17:08:46,Microsoft-Windows-Sysmon,1,Process Create (rule: ProcessCreate),"Process Create:
UtcTime: 2019-11-07 08:08:46.296
ProcessGuid: {02EA0504-6A0E-5A01-0000-00100A8B1800}
ProcessId: 2104
Image: C:\Windows\System32\taskhost.exe
CommandLine: taskhost.exe $(Arg0)
CurrentDirectory: C:\Windows\system32\
User: NT AUTHORITY\LOCAL SERVICE
LogonGuid: {02EA0504-41A8-5A01-0000-0020E5030000}
LogonId: 0x3e5
TerminalSessionId: 0
IntegrityLevel: System
Hashes: SHA1=1AB1E31FE9F3347F68B1EEE8FF02F525FC46CCC9
ParentProcessGuid: {02EA0504-41A6-5A01-0000-001033890000}
ParentProcessId: 504
ParentImage: C:\Windows\System32\services.exe
ParentCommandLine: C:\Windows\system32\services.exe"
情報,2019/11/07 17:08:44,Microsoft-Windows-Sysmon,2,File creation time changed (rule: FileCreateTime),"File creation time changed:
UtcTime: 2019-11-07 08:08:44.149
ProcessGuid: {02EA0504-485D-5A01-0000-0010DB380900}
ProcessId: 2736
Image: C:\Program Files\Internet Explorer\iexplore.exe
TargetFilename: C:\Users\chiyoda.tokyo.EXAMPLE\AppData\Roaming\Microsoft\Windows\Recent\CustomDestinations\CNSAM4PUZZUSRPOO1AEU.temp
CreationUtcTime: 2019-11-07 05:26:24.114
PreviousCreationUtcTime: 2019-11-07 08:08:44.149"
情報,2019/11/07 17:08:28,Microsoft-Windows-Sysmon,1,Process Create (rule: ProcessCreate),"Process Create:
UtcTime: 2019-11-07 08:08:28.240
ProcessGuid: {02EA0504-69FC-5A01-0000-0010BD6A1800}
ProcessId: 1692
Image: C:\Program Files (x86)\Internet Explorer\iexplore.exe
CommandLine: ""C:\Program Files (x86)\Internet Explorer\IEXPLORE.EXE"" SCODEF:2736 CREDAT:988504 /prefetch:2
CurrentDirectory: C:\Users\chiyoda.tokyo.EXAMPLE\Desktop\
User: EXAMPLE\chiyoda.tokyo
LogonGuid: {02EA0504-41EA-5A01-0000-002074B30100}
LogonId: 0x1b374
TerminalSessionId: 1
IntegrityLevel: Low
Hashes: SHA1=7CB7EF5B277663E56167E1E7705D7C8BFC4BD432
ParentProcessGuid: {02EA0504-485D-5A01-0000-0010DB380900}
ParentProcessId: 2736
ParentImage: C:\Program Files\Internet Explorer\iexplore.exe
ParentCommandLine: ""C:\Program Files\Internet Explorer\iexplore.exe"" -Embedding"
情報,2019/11/07 17:07:46,Microsoft-Windows-Sysmon,5,Process terminated (rule: ProcessTerminate),"Process terminated:
UtcTime: 2019-11-07 08:07:46.793
ProcessGuid: {02EA0504-6945-5A01-0000-00100B3A1800}
ProcessId: 1644
Image: C:\Program Files (x86)\Internet Explorer\iexplore.exe"
情報,2019/11/07 17:06:44,Microsoft-Windows-Sysmon,2,File creation time changed (rule: FileCreateTime),"File creation time changed:
UtcTime: 2019-11-07 08:06:44.308
ProcessGuid: {02EA0504-485D-5A01-0000-0010DB380900}
ProcessId: 2736
Image: C:\Program Files\Internet Explorer\iexplore.exe
TargetFilename: C:\Users\chiyoda.tokyo.EXAMPLE\AppData\Roaming\Microsoft\Windows\Recent\CustomDestinations\U4U02QMUJJCR1SU7SEA5.temp
CreationUtcTime: 2019-11-07 05:26:24.114
PreviousCreationUtcTime: 2019-11-07 08:06:44.308"
情報,2019/11/07 17:05:46,Microsoft-Windows-Sysmon,2,File creation time changed (rule: FileCreateTime),"File creation time changed:
UtcTime: 2019-11-07 08:05:46.650
ProcessGuid: {02EA0504-485D-5A01-0000-0010DB380900}
ProcessId: 2736
Image: C:\Program Files\Internet Explorer\iexplore.exe
TargetFilename: C:\Users\chiyoda.tokyo.EXAMPLE\AppData\Roaming\Microsoft\Windows\Recent\CustomDestinations\O4CHFEQVQJ5R3IIC6CCG.temp
CreationUtcTime: 2019-11-07 05:26:24.114
PreviousCreationUtcTime: 2019-11-07 08:05:46.650"
情報,2019/11/07 17:05:25,Microsoft-Windows-Sysmon,1,Process Create (rule: ProcessCreate),"Process Create:
UtcTime: 2019-11-07 08:05:25.349
ProcessGuid: {02EA0504-6945-5A01-0000-00100B3A1800}
ProcessId: 1644
Image: C:\Program Files (x86)\Internet Explorer\iexplore.exe
CommandLine: ""C:\Program Files (x86)\Internet Explorer\IEXPLORE.EXE"" SCODEF:2736 CREDAT:529915 /prefetch:2
CurrentDirectory: C:\Users\chiyoda.tokyo.EXAMPLE\Desktop\
User: EXAMPLE\chiyoda.tokyo
LogonGuid: {02EA0504-41EA-5A01-0000-002074B30100}
LogonId: 0x1b374
TerminalSessionId: 1
IntegrityLevel: Low
Hashes: SHA1=7CB7EF5B277663E56167E1E7705D7C8BFC4BD432
ParentProcessGuid: {02EA0504-485D-5A01-0000-0010DB380900}
ParentProcessId: 2736
ParentImage: C:\Program Files\Internet Explorer\iexplore.exe
ParentCommandLine: ""C:\Program Files\Internet Explorer\iexplore.exe"" -Embedding"
情報,2019/11/07 17:04:46,Microsoft-Windows-Sysmon,5,Process terminated (rule: ProcessTerminate),"Process terminated:
UtcTime: 2019-11-07 08:04:46.380
ProcessGuid: {02EA0504-68CB-5A01-0000-00103A1D1800}
ProcessId: 2032
Image: C:\Program Files (x86)\Internet Explorer\iexplore.exe"
情報,2019/11/07 17:03:43,Microsoft-Windows-Sysmon,2,File creation time changed (rule: FileCreateTime),"File creation time changed:
UtcTime: 2019-11-07 08:03:43.169
ProcessGuid: {02EA0504-485D-5A01-0000-0010DB380900}
ProcessId: 2736
Image: C:\Program Files\Internet Explorer\iexplore.exe
TargetFilename: C:\Users\chiyoda.tokyo.EXAMPLE\AppData\Roaming\Microsoft\Windows\Recent\CustomDestinations\NA8OMC8L03F8IRNME1XD.temp
CreationUtcTime: 2019-11-07 05:26:24.114
PreviousCreationUtcTime: 2019-11-07 08:03:43.169"
情報,2019/11/07 17:03:23,Microsoft-Windows-Sysmon,1,Process Create (rule: ProcessCreate),"Process Create:
UtcTime: 2019-11-07 08:03:23.372
ProcessGuid: {02EA0504-68CB-5A01-0000-00103A1D1800}
ProcessId: 2032
Image: C:\Program Files (x86)\Internet Explorer\iexplore.exe
CommandLine: ""C:\Program Files (x86)\Internet Explorer\IEXPLORE.EXE"" SCODEF:2736 CREDAT:1775054 /prefetch:2
CurrentDirectory: C:\Users\chiyoda.tokyo.EXAMPLE\Desktop\
User: EXAMPLE\chiyoda.tokyo
LogonGuid: {02EA0504-41EA-5A01-0000-002074B30100}
LogonId: 0x1b374
TerminalSessionId: 1
IntegrityLevel: Low
Hashes: SHA1=7CB7EF5B277663E56167E1E7705D7C8BFC4BD432
ParentProcessGuid: {02EA0504-485D-5A01-0000-0010DB380900}
ParentProcessId: 2736
ParentImage: C:\Program Files\Internet Explorer\iexplore.exe
ParentCommandLine: ""C:\Program Files\Internet Explorer\iexplore.exe"" -Embedding"
情報,2019/11/07 17:02:38,Microsoft-Windows-Sysmon,5,Process terminated (rule: ProcessTerminate),"Process terminated:
UtcTime: 2019-11-07 08:02:38.226
ProcessGuid: {02EA0504-67C1-5A01-0000-001070C41700}
ProcessId: 2392
Image: C:\Program Files (x86)\Internet Explorer\iexplore.exe"
情報,2019/11/07 17:01:37,Microsoft-Windows-Sysmon,5,Process terminated (rule: ProcessTerminate),"Process terminated:
UtcTime: 2019-11-07 08:01:37.480
ProcessGuid: {02EA0504-6857-5A01-0000-00107B0D1800}
ProcessId: 2516
Image: C:\Windows\System32\Macromed\Flash\FlashUtil64_22_0_0_210_ActiveX.exe"
情報,2019/11/07 17:01:37,Microsoft-Windows-Sysmon,2,File creation time changed (rule: FileCreateTime),"File creation time changed:
UtcTime: 2019-11-07 08:01:37.417
ProcessGuid: {02EA0504-485D-5A01-0000-0010DB380900}
ProcessId: 2736
Image: C:\Program Files\Internet Explorer\iexplore.exe
TargetFilename: C:\Users\chiyoda.tokyo.EXAMPLE\AppData\Roaming\Microsoft\Windows\Recent\CustomDestinations\3YW1KRHYXYX4OLZG5ADF.temp
CreationUtcTime: 2019-11-07 05:26:24.114
PreviousCreationUtcTime: 2019-11-07 08:01:37.417"
情報,2019/11/07 17:01:27,Microsoft-Windows-Sysmon,1,Process Create (rule: ProcessCreate),"Process Create:
UtcTime: 2019-11-07 08:01:27.371
ProcessGuid: {02EA0504-6857-5A01-0000-00107B0D1800}
ProcessId: 2516
Image: C:\Windows\System32\Macromed\Flash\FlashUtil64_22_0_0_210_ActiveX.exe
CommandLine: C:\Windows\system32\Macromed\Flash\FlashUtil64_22_0_0_210_ActiveX.exe -Embedding
CurrentDirectory: C:\Windows\system32\
User: EXAMPLE\chiyoda.tokyo
LogonGuid: {02EA0504-41EA-5A01-0000-002074B30100}
LogonId: 0x1b374
TerminalSessionId: 1
IntegrityLevel: Medium
Hashes: SHA1=4333BFE126CAEAFDB0A80530F0C05A06C51EB2B8
ParentProcessGuid: {02EA0504-41A7-5A01-0000-001060A00000}
ParentProcessId: 636
ParentImage: C:\Windows\System32\svchost.exe
ParentCommandLine: C:\Windows\system32\svchost.exe -k DcomLaunch"
情報,2019/11/07 17:00:36,Microsoft-Windows-Sysmon,2,File creation time changed (rule: FileCreateTime),"File creation time changed:
UtcTime: 2019-11-07 08:00:36.780
ProcessGuid: {02EA0504-485D-5A01-0000-0010DB380900}
ProcessId: 2736
Image: C:\Program Files\Internet Explorer\iexplore.exe
TargetFilename: C:\Users\chiyoda.tokyo.EXAMPLE\AppData\Roaming\Microsoft\Windows\Recent\CustomDestinations\3PD2KDLELFUNNN8FOWMH.temp
CreationUtcTime: 2019-11-07 05:26:24.114
PreviousCreationUtcTime: 2019-11-07 08:00:36.780"
情報,2019/11/07 16:59:07,Microsoft-Windows-Sysmon,2,File creation time changed (rule: FileCreateTime),"File creation time changed:
UtcTime: 2019-11-07 07:59:07.657
ProcessGuid: {02EA0504-485D-5A01-0000-0010DB380900}
ProcessId: 2736
Image: C:\Program Files\Internet Explorer\iexplore.exe
TargetFilename: C:\Users\chiyoda.tokyo.EXAMPLE\AppData\Roaming\Microsoft\Windows\Recent\CustomDestinations\D9XMBX8GO3BT6OV24DX3.temp
CreationUtcTime: 2019-11-07 05:26:24.114
PreviousCreationUtcTime: 2019-11-07 07:59:07.657"
情報,2019/11/07 16:59:03,Microsoft-Windows-Sysmon,5,Process terminated (rule: ProcessTerminate),"Process terminated:
UtcTime: 2019-11-07 07:59:03.086
ProcessGuid: {02EA0504-6788-5A01-0000-001014A51700}
ProcessId: 2320
Image: C:\Program Files (x86)\Google\Update\GoogleUpdate.exe"
情報,2019/11/07 16:59:03,Microsoft-Windows-Sysmon,5,Process terminated (rule: ProcessTerminate),"Process terminated:
UtcTime: 2019-11-07 07:59:03.086
ProcessGuid: {02EA0504-67A2-5A01-0000-001037A81700}
ProcessId: 2540
Image: C:\Program Files (x86)\Google\Update\GoogleUpdate.exe"
情報,2019/11/07 16:58:57,Microsoft-Windows-Sysmon,1,Process Create (rule: ProcessCreate),"Process Create:
UtcTime: 2019-11-07 07:58:57.236
ProcessGuid: {02EA0504-67C1-5A01-0000-001070C41700}
ProcessId: 2392
Image: C:\Program Files (x86)\Internet Explorer\iexplore.exe
CommandLine: ""C:\Program Files (x86)\Internet Explorer\IEXPLORE.EXE"" SCODEF:2736 CREDAT:922951 /prefetch:2
CurrentDirectory: C:\Users\chiyoda.tokyo.EXAMPLE\Desktop\
User: EXAMPLE\chiyoda.tokyo
LogonGuid: {02EA0504-41EA-5A01-0000-002074B30100}
LogonId: 0x1b374
TerminalSessionId: 1
IntegrityLevel: Low
Hashes: SHA1=7CB7EF5B277663E56167E1E7705D7C8BFC4BD432
ParentProcessGuid: {02EA0504-485D-5A01-0000-0010DB380900}
ParentProcessId: 2736
ParentImage: C:\Program Files\Internet Explorer\iexplore.exe
ParentCommandLine: ""C:\Program Files\Internet Explorer\iexplore.exe"" -Embedding"
情報,2019/11/07 16:58:36,Microsoft-Windows-Sysmon,5,Process terminated (rule: ProcessTerminate),"Process terminated:
UtcTime: 2019-11-07 07:58:36.254
ProcessGuid: {02EA0504-6764-5A01-0000-001058841700}
ProcessId: 2180
Image: C:\Program Files (x86)\Internet Explorer\iexplore.exe"
情報,2019/11/07 16:58:26,Microsoft-Windows-Sysmon,1,Process Create (rule: ProcessCreate),"Process Create:
UtcTime: 2019-11-07 07:58:26.286
ProcessGuid: {02EA0504-67A2-5A01-0000-001037A81700}
ProcessId: 2540
Image: C:\Program Files (x86)\Google\Update\GoogleUpdate.exe
CommandLine: ""C:\Program Files (x86)\Google\Update\GoogleUpdate.exe"" /svc
CurrentDirectory: C:\Windows\system32\
User: NT AUTHORITY\SYSTEM
LogonGuid: {02EA0504-41A6-5A01-0000-0020E7030000}
LogonId: 0x3e7
TerminalSessionId: 0
IntegrityLevel: System
Hashes: SHA1=ADB860FF9C00B308BF4ABBCB77E2C5233FEB61C5
ParentProcessGuid: {02EA0504-41A6-5A01-0000-001033890000}
ParentProcessId: 504
ParentImage: C:\Windows\System32\services.exe
ParentCommandLine: C:\Windows\system32\services.exe"
情報,2019/11/07 16:58:00,Microsoft-Windows-Sysmon,1,Process Create (rule: ProcessCreate),"Process Create:
UtcTime: 2019-11-07 07:58:00.016
ProcessGuid: {02EA0504-6788-5A01-0000-001014A51700}
ProcessId: 2320
Image: C:\Program Files (x86)\Google\Update\GoogleUpdate.exe
CommandLine: ""C:\Program Files (x86)\Google\Update\GoogleUpdate.exe"" /ua /installsource scheduler
CurrentDirectory: C:\Windows\system32\
User: NT AUTHORITY\SYSTEM
LogonGuid: {02EA0504-41A6-5A01-0000-0020E7030000}
LogonId: 0x3e7
TerminalSessionId: 0
IntegrityLevel: System
Hashes: SHA1=ADB860FF9C00B308BF4ABBCB77E2C5233FEB61C5
ParentProcessGuid: {02EA0504-41EC-5A01-0000-0010C4BF0100}
ParentProcessId: 1928
ParentImage: C:\Windows\System32\taskeng.exe
ParentCommandLine: taskeng.exe {54713E6C-87C6-4368-99B5-3DB599A32F37} S-1-5-18:NT AUTHORITY\System:Service:"
情報,2019/11/07 16:57:35,Microsoft-Windows-Sysmon,2,File creation time changed (rule: FileCreateTime),"File creation time changed:
UtcTime: 2019-11-07 07:57:35.305
ProcessGuid: {02EA0504-485D-5A01-0000-0010DB380900}
ProcessId: 2736
Image: C:\Program Files\Internet Explorer\iexplore.exe
TargetFilename: C:\Users\chiyoda.tokyo.EXAMPLE\AppData\Roaming\Microsoft\Windows\Recent\CustomDestinations\3V5EOKITUZKBS45I54Z0.temp
CreationUtcTime: 2019-11-07 05:26:24.114
PreviousCreationUtcTime: 2019-11-07 07:57:35.305"
情報,2019/11/07 16:57:24,Microsoft-Windows-Sysmon,1,Process Create (rule: ProcessCreate),"Process Create:
UtcTime: 2019-11-07 07:57:24.214
ProcessGuid: {02EA0504-6764-5A01-0000-001058841700}
ProcessId: 2180
Image: C:\Program Files (x86)\Internet Explorer\iexplore.exe
CommandLine: ""C:\Program Files (x86)\Internet Explorer\IEXPLORE.EXE"" SCODEF:2736 CREDAT:2168266 /prefetch:2
CurrentDirectory: C:\Users\chiyoda.tokyo.EXAMPLE\Desktop\
User: EXAMPLE\chiyoda.tokyo
LogonGuid: {02EA0504-41EA-5A01-0000-002074B30100}
LogonId: 0x1b374
TerminalSessionId: 1
IntegrityLevel: Low
Hashes: SHA1=7CB7EF5B277663E56167E1E7705D7C8BFC4BD432
ParentProcessGuid: {02EA0504-485D-5A01-0000-0010DB380900}
ParentProcessId: 2736
ParentImage: C:\Program Files\Internet Explorer\iexplore.exe
ParentCommandLine: ""C:\Program Files\Internet Explorer\iexplore.exe"" -Embedding"
情報,2019/11/07 16:57:21,Microsoft-Windows-Sysmon,5,Process terminated (rule: ProcessTerminate),"Process terminated:
UtcTime: 2019-11-07 07:57:21.344
ProcessGuid: {02EA0504-6758-5A01-0000-00107C641700}
ProcessId: 1868
Image: C:\Windows\System32\dllhost.exe"
情報,2019/11/07 16:57:12,Microsoft-Windows-Sysmon,1,Process Create (rule: ProcessCreate),"Process Create:
UtcTime: 2019-11-07 07:57:12.389
ProcessGuid: {02EA0504-6758-5A01-0000-00107C641700}
ProcessId: 1868
Image: C:\Windows\System32\dllhost.exe
CommandLine: C:\Windows\system32\DllHost.exe /Processid:{AB8902B4-09CA-4BB6-B78D-A8F59079A8D5}
CurrentDirectory: C:\Windows\system32\
User: EXAMPLE\chiyoda.tokyo
LogonGuid: {02EA0504-41EA-5A01-0000-002074B30100}
LogonId: 0x1b374
TerminalSessionId: 1
IntegrityLevel: Medium
Hashes: SHA1=E977B87698C3E595D55827665E22FBF788DD3F9F
ParentProcessGuid: {02EA0504-41A7-5A01-0000-001060A00000}
ParentProcessId: 636
ParentImage: C:\Windows\System32\svchost.exe
ParentCommandLine: C:\Windows\system32\svchost.exe -k DcomLaunch"
情報,2019/11/07 16:56:44,Microsoft-Windows-Sysmon,5,Process terminated (rule: ProcessTerminate),"Process terminated:
UtcTime: 2019-11-07 07:56:44.091
ProcessGuid: {02EA0504-669B-5A01-0000-0010330D1700}
ProcessId: 1596
Image: C:\Program Files (x86)\Internet Explorer\iexplore.exe"
情報,2019/11/07 16:55:43,Microsoft-Windows-Sysmon,2,File creation time changed (rule: FileCreateTime),"File creation time changed:
UtcTime: 2019-11-07 07:55:43.235
ProcessGuid: {02EA0504-485D-5A01-0000-0010DB380900}
ProcessId: 2736
Image: C:\Program Files\Internet Explorer\iexplore.exe
TargetFilename: C:\Users\chiyoda.tokyo.EXAMPLE\AppData\Roaming\Microsoft\Windows\Recent\CustomDestinations\9BTQ9KQK3TAC03OJRRH5.temp
CreationUtcTime: 2019-11-07 05:26:24.114
PreviousCreationUtcTime: 2019-11-07 07:55:43.235"
情報,2019/11/07 16:54:14,Microsoft-Windows-Sysmon,2,File creation time changed (rule: FileCreateTime),"File creation time changed:
UtcTime: 2019-11-07 07:54:14.097
ProcessGuid: {02EA0504-485D-5A01-0000-0010DB380900}
ProcessId: 2736
Image: C:\Program Files\Internet Explorer\iexplore.exe
TargetFilename: C:\Users\chiyoda.tokyo.EXAMPLE\AppData\Roaming\Microsoft\Windows\Recent\CustomDestinations\T7181FMMAM9LE0HJY7EN.temp
CreationUtcTime: 2019-11-07 05:26:24.114
PreviousCreationUtcTime: 2019-11-07 07:54:14.097"
情報,2019/11/07 16:54:03,Microsoft-Windows-Sysmon,1,Process Create (rule: ProcessCreate),"Process Create:
UtcTime: 2019-11-07 07:54:03.349
ProcessGuid: {02EA0504-669B-5A01-0000-0010330D1700}
ProcessId: 1596
Image: C:\Program Files (x86)\Internet Explorer\iexplore.exe
CommandLine: ""C:\Program Files (x86)\Internet Explorer\IEXPLORE.EXE"" SCODEF:2736 CREDAT:3347889 /prefetch:2
CurrentDirectory: C:\Users\chiyoda.tokyo.EXAMPLE\Desktop\
User: EXAMPLE\chiyoda.tokyo
LogonGuid: {02EA0504-41EA-5A01-0000-002074B30100}
LogonId: 0x1b374
TerminalSessionId: 1
IntegrityLevel: Low
Hashes: SHA1=7CB7EF5B277663E56167E1E7705D7C8BFC4BD432
ParentProcessGuid: {02EA0504-485D-5A01-0000-0010DB380900}
ParentProcessId: 2736
ParentImage: C:\Program Files\Internet Explorer\iexplore.exe
ParentCommandLine: ""C:\Program Files\Internet Explorer\iexplore.exe"" -Embedding"
情報,2019/11/07 16:53:37,Microsoft-Windows-Sysmon,5,Process terminated (rule: ProcessTerminate),"Process terminated:
UtcTime: 2019-11-07 07:53:37.203
ProcessGuid: {02EA0504-6639-5A01-0000-001082E71600}
ProcessId: 2672
Image: C:\Program Files (x86)\Internet Explorer\iexplore.exe"
