情報,2019/11/07 15:05:38,Microsoft-Windows-Sysmon,5,Process terminated (rule: ProcessTerminate),"Process terminated:
UtcTime: 2019-11-07 06:05:38.454
ProcessGuid: {CC41BF7E-4D25-5A01-0000-001056C20800}
ProcessId: 5056
Image: C:\Program Files (x86)\Internet Explorer\iexplore.exe"
情報,2019/11/07 15:05:37,Microsoft-Windows-Sysmon,5,Process terminated (rule: ProcessTerminate),"Process terminated:
UtcTime: 2019-11-07 06:05:37.407
ProcessGuid: {CC41BF7E-4CF3-5A01-0000-0010D77D0300}
ProcessId: 2544
Image: C:\Program Files (x86)\Google\Update\GoogleUpdate.exe"
情報,2019/11/07 15:05:37,Microsoft-Windows-Sysmon,5,Process terminated (rule: ProcessTerminate),"Process terminated:
UtcTime: 2019-11-07 06:05:37.375
ProcessGuid: {CC41BF7E-4D26-5A01-0000-0010FFE60800}
ProcessId: 5108
Image: C:\Program Files (x86)\Google\Update\GoogleUpdate.exe"
情報,2019/11/07 15:05:37,Microsoft-Windows-Sysmon,5,Process terminated (rule: ProcessTerminate),"Process terminated:
UtcTime: 2019-11-07 06:05:37.094
ProcessGuid: {CC41BF7E-4D09-5A01-0000-0010FFC20400}
ProcessId: 3420
Image: C:\Windows\System32\wermgr.exe"
情報,2019/11/07 15:05:36,Microsoft-Windows-Sysmon,9,RawAccessRead detected (rule: RawAccessRead),"RawAccessRead detected:
UtcTime: 2019-11-07 06:05:36.485
ProcessGuid: {CC41BF7E-4CD1-5A01-0000-0010EF070100}
ProcessId: 96
Image: C:\Windows\System32\svchost.exe
Device: \Device\HarddiskVolume2"
情報,2019/11/07 15:05:36,Microsoft-Windows-Sysmon,9,RawAccessRead detected (rule: RawAccessRead),"RawAccessRead detected:
UtcTime: 2019-11-07 06:05:36.485
ProcessGuid: {CC41BF7E-4CD1-5A01-0000-0010EF070100}
ProcessId: 96
Image: C:\Windows\System32\svchost.exe
Device: \Device\HarddiskVolume2"
情報,2019/11/07 15:05:34,Microsoft-Windows-Sysmon,9,RawAccessRead detected (rule: RawAccessRead),"RawAccessRead detected:
UtcTime: 2019-11-07 06:05:34.250
ProcessGuid: {CC41BF7E-4CD1-5A01-0000-0010EF070100}
ProcessId: 96
Image: C:\Windows\System32\svchost.exe
Device: \Device\HarddiskVolume2"
情報,2019/11/07 15:05:33,Microsoft-Windows-Sysmon,5,Process terminated (rule: ProcessTerminate),"Process terminated:
UtcTime: 2019-11-07 06:05:33.797
ProcessGuid: {CC41BF7E-4CF6-5A01-0000-00109B920300}
ProcessId: 2772
Image: C:\Windows\System32\sppsvc.exe"
情報,2019/11/07 15:05:33,Microsoft-Windows-Sysmon,5,Process terminated (rule: ProcessTerminate),"Process terminated:
UtcTime: 2019-11-07 06:05:33.797
ProcessGuid: {CC41BF7E-4CFF-5A01-0000-0010120A0400}
ProcessId: 3536
Image: C:\Windows\System32\SppExtComObj.Exe"
情報,2019/11/07 15:05:32,Microsoft-Windows-Sysmon,5,Process terminated (rule: ProcessTerminate),"Process terminated:
UtcTime: 2019-11-07 06:05:32.610
ProcessGuid: {CC41BF7E-4D07-5A01-0000-0010C66C0400}
ProcessId: 2576
Image: C:\Windows\System32\backgroundTaskHost.exe"
情報,2019/11/07 15:05:30,Microsoft-Windows-Sysmon,5,Process terminated (rule: ProcessTerminate),"Process terminated:
UtcTime: 2019-11-07 06:05:30.063
ProcessGuid: {CC41BF7E-4D28-5A01-0000-0010D7FD0800}
ProcessId: 4324
Image: C:\Windows\System32\conhost.exe"
情報,2019/11/07 15:05:30,Microsoft-Windows-Sysmon,5,Process terminated (rule: ProcessTerminate),"Process terminated:
UtcTime: 2019-11-07 06:05:30.063
ProcessGuid: {CC41BF7E-4D28-5A01-0000-00104AF90800}
ProcessId: 4292
Image: C:\Windows\System32\dsregcmd.exe"
情報,2019/11/07 15:05:28,Microsoft-Windows-Sysmon,1,Process Create (rule: ProcessCreate),"Process Create:
UtcTime: 2019-11-07 06:05:28.826
ProcessGuid: {CC41BF7E-4D28-5A01-0000-0010D7FD0800}
ProcessId: 4324
Image: C:\Windows\System32\conhost.exe
CommandLine: \??\C:\Windows\system32\conhost.exe 0xffffffff -ForceV1
CurrentDirectory: C:\Windows
User: NT AUTHORITY\SYSTEM
LogonGuid: {CC41BF7E-4CCC-5A01-0000-0020E7030000}
LogonId: 0x3E7
TerminalSessionId: 0
IntegrityLevel: System
Hashes: SHA1=00667A0F0C0D5E9DA697E9FF54ECDDD449259354
ParentProcessGuid: {CC41BF7E-4D28-5A01-0000-00104AF90800}
ParentProcessId: 4292
ParentImage: C:\Windows\System32\dsregcmd.exe
ParentCommandLine: C:\Windows\System32\dsregcmd.exe"
情報,2019/11/07 15:05:28,Microsoft-Windows-Sysmon,1,Process Create (rule: ProcessCreate),"Process Create:
UtcTime: 2019-11-07 06:05:28.719
ProcessGuid: {CC41BF7E-4D28-5A01-0000-00104AF90800}
ProcessId: 4292
Image: C:\Windows\System32\dsregcmd.exe
CommandLine: C:\Windows\System32\dsregcmd.exe
CurrentDirectory: C:\Windows\system32\
User: NT AUTHORITY\SYSTEM
LogonGuid: {CC41BF7E-4CCC-5A01-0000-0020E7030000}
LogonId: 0x3E7
TerminalSessionId: 0
IntegrityLevel: System
Hashes: SHA1=0F40F9E0A236555D6F748B3D1F2A357F16D9B85E
ParentProcessGuid: {CC41BF7E-4CD0-5A01-0000-00101AF00000}
ParentProcessId: 900
ParentImage: C:\Windows\System32\svchost.exe
ParentCommandLine: C:\Windows\system32\svchost.exe -k netsvcs"
情報,2019/11/07 15:05:26,Microsoft-Windows-Sysmon,9,RawAccessRead detected (rule: RawAccessRead),"RawAccessRead detected:
UtcTime: 2019-11-07 06:05:26.985
ProcessGuid: {CC41BF7E-4CB9-5A01-0000-0010EB030000}
ProcessId: 4
Image: System
Device: \Device\HarddiskVolume2"
情報,2019/11/07 15:05:26,Microsoft-Windows-Sysmon,9,RawAccessRead detected (rule: RawAccessRead),"RawAccessRead detected:
UtcTime: 2019-11-07 06:05:26.985
ProcessGuid: {CC41BF7E-4CB9-5A01-0000-0010EB030000}
ProcessId: 4
Image: System
Device: \Device\HarddiskVolume1"
情報,2019/11/07 15:05:26,Microsoft-Windows-Sysmon,1,Process Create (rule: ProcessCreate),"Process Create:
UtcTime: 2019-11-07 06:05:26.972
ProcessGuid: {CC41BF7E-4D26-5A01-0000-0010FFE60800}
ProcessId: 5108
Image: C:\Program Files (x86)\Google\Update\GoogleUpdate.exe
CommandLine: ""C:\Program Files (x86)\Google\Update\GoogleUpdate.exe"" /svc
CurrentDirectory: C:\Windows\system32\
User: NT AUTHORITY\SYSTEM
LogonGuid: {CC41BF7E-4CCC-5A01-0000-0020E7030000}
LogonId: 0x3E7
TerminalSessionId: 0
IntegrityLevel: System
Hashes: SHA1=2BBB25793FB06E79462911A3F51C4E71EA86034E
ParentProcessGuid: {CC41BF7E-4CCC-5A01-0000-001065750000}
ParentProcessId: 552
ParentImage: C:\Windows\System32\services.exe
ParentCommandLine: C:\Windows\system32\services.exe"
情報,2019/11/07 15:05:25,Microsoft-Windows-Sysmon,9,RawAccessRead detected (rule: RawAccessRead),"RawAccessRead detected:
UtcTime: 2019-11-07 06:05:25.360
ProcessGuid: {CC41BF7E-4CB9-5A01-0000-0010EB030000}
ProcessId: 4
Image: System
Device: \Device\HarddiskVolume2"
情報,2019/11/07 15:05:25,Microsoft-Windows-Sysmon,9,RawAccessRead detected (rule: RawAccessRead),"RawAccessRead detected:
UtcTime: 2019-11-07 06:05:25.360
ProcessGuid: {CC41BF7E-4CB9-5A01-0000-0010EB030000}
ProcessId: 4
Image: System
Device: \Device\HarddiskVolume1"
情報,2019/11/07 15:05:25,Microsoft-Windows-Sysmon,1,Process Create (rule: ProcessCreate),"Process Create:
UtcTime: 2019-11-07 06:05:25.350
ProcessGuid: {CC41BF7E-4D25-5A01-0000-001056C20800}
ProcessId: 5056
Image: C:\Program Files (x86)\Internet Explorer\iexplore.exe
CommandLine: ""C:\Program Files (x86)\Internet Explorer\IEXPLORE.EXE"" SCODEF:4992 CREDAT:140545 /prefetch:2
CurrentDirectory: C:\Users\maebashi.gunma\Desktop\
User: EXAMPLE\maebashi.gunma
LogonGuid: {CC41BF7E-4CE6-5A01-0000-002031FB0200}
LogonId: 0x2FB31
TerminalSessionId: 1
IntegrityLevel: Low
Hashes: SHA1=B2533AE4CDAA5F2B0B38A76B8EB65F12C7B225EC
ParentProcessGuid: {CC41BF7E-4D25-5A01-0000-0010FFB40800}
ParentProcessId: 4992
ParentImage: C:\Program Files\Internet Explorer\iexplore.exe
ParentCommandLine: ""C:\Program Files\Internet Explorer\iexplore.exe"" -Embedding"
情報,2019/11/07 15:05:25,Microsoft-Windows-Sysmon,9,RawAccessRead detected (rule: RawAccessRead),"RawAccessRead detected:
UtcTime: 2019-11-07 06:05:25.032
ProcessGuid: {CC41BF7E-4CB9-5A01-0000-0010EB030000}
ProcessId: 4
Image: System
Device: \Device\HarddiskVolume2"
情報,2019/11/07 15:05:25,Microsoft-Windows-Sysmon,9,RawAccessRead detected (rule: RawAccessRead),"RawAccessRead detected:
UtcTime: 2019-11-07 06:05:25.032
ProcessGuid: {CC41BF7E-4CB9-5A01-0000-0010EB030000}
ProcessId: 4
Image: System
Device: \Device\HarddiskVolume1"
情報,2019/11/07 15:05:25,Microsoft-Windows-Sysmon,1,Process Create (rule: ProcessCreate),"Process Create:
UtcTime: 2019-11-07 06:05:25.031
ProcessGuid: {CC41BF7E-4D25-5A01-0000-0010FFB40800}
ProcessId: 4992
Image: C:\Program Files\Internet Explorer\iexplore.exe
CommandLine: ""C:\Program Files\Internet Explorer\iexplore.exe"" -Embedding
CurrentDirectory: C:\Windows\system32\
User: EXAMPLE\maebashi.gunma
LogonGuid: {CC41BF7E-4CE6-5A01-0000-002031FB0200}
LogonId: 0x2FB31
TerminalSessionId: 1
IntegrityLevel: Medium
Hashes: SHA1=F0FEB5350BD497A9E9BF77ED072315E64ABFFA33
ParentProcessGuid: {CC41BF7E-4CCD-5A01-0000-0010D0890000}
ParentProcessId: 664
ParentImage: C:\Windows\System32\svchost.exe
ParentCommandLine: C:\Windows\system32\svchost.exe -k DcomLaunch"
情報,2019/11/07 15:05:24,Microsoft-Windows-Sysmon,1,Process Create (rule: ProcessCreate),"Process Create:
UtcTime: 2019-11-07 06:05:24.594
ProcessGuid: {CC41BF7E-4D24-5A01-0000-001059970800}
ProcessId: 4936
Image: C:\Windows\System32\conhost.exe
CommandLine: \??\C:\Windows\system32\conhost.exe 0xffffffff -ForceV1
CurrentDirectory: C:\Windows
User: EXAMPLE\maebashi.gunma
LogonGuid: {CC41BF7E-4CE6-5A01-0000-002031FB0200}
LogonId: 0x2FB31
TerminalSessionId: 1
IntegrityLevel: Medium
Hashes: SHA1=00667A0F0C0D5E9DA697E9FF54ECDDD449259354
ParentProcessGuid: {CC41BF7E-4D24-5A01-0000-001002960800}
ParentProcessId: 4924
ParentImage: C:\Users\maebashi.gunma\Desktop\auto_web_acc\dummy_web_access.exe
ParentCommandLine: ""C:\Users\maebashi.gunma\Desktop\auto_web_acc\dummy_web_access.exe"" "
情報,2019/11/07 15:05:24,Microsoft-Windows-Sysmon,9,RawAccessRead detected (rule: RawAccessRead),"RawAccessRead detected:
UtcTime: 2019-11-07 06:05:24.563
ProcessGuid: {CC41BF7E-4CB9-5A01-0000-0010EB030000}
ProcessId: 4
Image: System
Device: \Device\HarddiskVolume2"
情報,2019/11/07 15:05:24,Microsoft-Windows-Sysmon,9,RawAccessRead detected (rule: RawAccessRead),"RawAccessRead detected:
UtcTime: 2019-11-07 06:05:24.563
ProcessGuid: {CC41BF7E-4CB9-5A01-0000-0010EB030000}
ProcessId: 4
Image: System
Device: \Device\HarddiskVolume1"
情報,2019/11/07 15:05:24,Microsoft-Windows-Sysmon,1,Process Create (rule: ProcessCreate),"Process Create:
UtcTime: 2019-11-07 06:05:24.540
ProcessGuid: {CC41BF7E-4D24-5A01-0000-001002960800}
ProcessId: 4924
Image: C:\Users\maebashi.gunma\Desktop\auto_web_acc\dummy_web_access.exe
CommandLine: ""C:\Users\maebashi.gunma\Desktop\auto_web_acc\dummy_web_access.exe"" 
CurrentDirectory: C:\Users\maebashi.gunma\Desktop\auto_web_acc\
User: EXAMPLE\maebashi.gunma
LogonGuid: {CC41BF7E-4CE6-5A01-0000-002031FB0200}
LogonId: 0x2FB31
TerminalSessionId: 1
IntegrityLevel: Medium
Hashes: SHA1=E0017913EA6E829EEAB164FB273851DB511A260B
ParentProcessGuid: {CC41BF7E-4CF3-5A01-0000-0010EB5D0300}
ParentProcessId: 2144
ParentImage: C:\Windows\explorer.exe
ParentCommandLine: C:\Windows\Explorer.EXE"
情報,2019/11/07 15:05:23,Microsoft-Windows-Sysmon,9,RawAccessRead detected (rule: RawAccessRead),"RawAccessRead detected:
UtcTime: 2019-11-07 06:05:23.047
ProcessGuid: {CC41BF7E-4CD1-5A01-0000-0010EF070100}
ProcessId: 96
Image: C:\Windows\System32\svchost.exe
Device: \Device\HarddiskVolume2"
情報,2019/11/07 15:05:21,Microsoft-Windows-Sysmon,1,Process Create (rule: ProcessCreate),"Process Create:
UtcTime: 2019-11-07 06:05:21.915
ProcessGuid: {CC41BF7E-4D21-5A01-0000-00104B120800}
ProcessId: 4656
Image: C:\Windows\System32\IME\SHARED\ImeBroker.exe
CommandLine: C:\Windows\System32\IME\SHARED\imebroker.exe -Embedding
CurrentDirectory: C:\Windows\system32\
User: EXAMPLE\maebashi.gunma
LogonGuid: {CC41BF7E-4CE6-5A01-0000-002031FB0200}
LogonId: 0x2FB31
TerminalSessionId: 1
IntegrityLevel: Medium
Hashes: SHA1=F1BB3F88828B96E9C1B5D27101A3D5F527741131
ParentProcessGuid: {CC41BF7E-4CCD-5A01-0000-0010D0890000}
ParentProcessId: 664
ParentImage: C:\Windows\System32\svchost.exe
ParentCommandLine: C:\Windows\system32\svchost.exe -k DcomLaunch"
情報,2019/11/07 15:05:18,Microsoft-Windows-Sysmon,9,RawAccessRead detected (rule: RawAccessRead),"RawAccessRead detected:
UtcTime: 2019-11-07 06:05:18.844
ProcessGuid: {CC41BF7E-4CD7-5A01-0000-001056910100}
ProcessId: 1968
Image: C:\Program Files\Windows Defender\MsMpEng.exe
Device: \Device\HarddiskVolume2"
情報,2019/11/07 15:05:18,Microsoft-Windows-Sysmon,9,RawAccessRead detected (rule: RawAccessRead),"RawAccessRead detected:
UtcTime: 2019-11-07 06:05:18.813
ProcessGuid: {CC41BF7E-4CD7-5A01-0000-001056910100}
ProcessId: 1968
Image: C:\Program Files\Windows Defender\MsMpEng.exe
Device: \Device\HarddiskVolume2"
情報,2019/11/07 15:05:18,Microsoft-Windows-Sysmon,5,Process terminated (rule: ProcessTerminate),"Process terminated:
UtcTime: 2019-11-07 06:05:18.688
ProcessGuid: {CC41BF7E-4D1E-5A01-0000-00107C500700}
ProcessId: 4312
Image: C:\Program Files\Windows Defender\MpCmdRun.exe"
情報,2019/11/07 15:05:18,Microsoft-Windows-Sysmon,1,Process Create (rule: ProcessCreate),"Process Create:
UtcTime: 2019-11-07 06:05:18.649
ProcessGuid: {CC41BF7E-4D1E-5A01-0000-00107C500700}
ProcessId: 4312
Image: C:\Program Files\Windows Defender\MpCmdRun.exe
CommandLine: ""C:\Program Files\Windows Defender\\MpCmdRun.exe"" GetDeviceTicket -AccessKey 6C6399BD-B7AB-DEEE-7DE3-8CB201DD0957 
CurrentDirectory: C:\Windows\system32\
User: NT AUTHORITY\NETWORK SERVICE
LogonGuid: {CC41BF7E-4CCE-5A01-0000-0020E4030000}
LogonId: 0x3E4
TerminalSessionId: 0
IntegrityLevel: System
Hashes: SHA1=4793ECD652D0186B5085997E60B5F0D9E7B58C38
ParentProcessGuid: {CC41BF7E-4CD7-5A01-0000-001056910100}
ParentProcessId: 1968
ParentImage: C:\Program Files\Windows Defender\MsMpEng.exe
ParentCommandLine: ""C:\Program Files\Windows Defender\MsMpEng.exe"""
情報,2019/11/07 15:05:18,Microsoft-Windows-Sysmon,9,RawAccessRead detected (rule: RawAccessRead),"RawAccessRead detected:
UtcTime: 2019-11-07 06:05:18.001
ProcessGuid: {CC41BF7E-4CD1-5A01-0000-0010EF070100}
ProcessId: 96
Image: C:\Windows\System32\svchost.exe
Device: \Device\HarddiskVolume2"
情報,2019/11/07 15:05:16,Microsoft-Windows-Sysmon,5,Process terminated (rule: ProcessTerminate),"Process terminated:
UtcTime: 2019-11-07 06:05:16.032
ProcessGuid: {CC41BF7E-4D19-5A01-0000-001023B10600}
ProcessId: 4856
Image: C:\Windows\System32\conhost.exe"
情報,2019/11/07 15:05:16,Microsoft-Windows-Sysmon,5,Process terminated (rule: ProcessTerminate),"Process terminated:
UtcTime: 2019-11-07 06:05:16.032
ProcessGuid: {CC41BF7E-4D19-5A01-0000-001047B00600}
ProcessId: 4844
Image: C:\Windows\SysWOW64\cmd.exe"
情報,2019/11/07 15:05:16,Microsoft-Windows-Sysmon,5,Process terminated (rule: ProcessTerminate),"Process terminated:
UtcTime: 2019-11-07 06:05:16.016
ProcessGuid: {CC41BF7E-4D1B-5A01-0000-0010830E0700}
ProcessId: 5104
Image: C:\Windows\SysWOW64\reg.exe"
情報,2019/11/07 15:05:16,Microsoft-Windows-Sysmon,9,RawAccessRead detected (rule: RawAccessRead),"RawAccessRead detected:
UtcTime: 2019-11-07 06:05:15.985
ProcessGuid: {CC41BF7E-4CB9-5A01-0000-0010EB030000}
ProcessId: 4
Image: System
Device: \Device\HarddiskVolume2"
情報,2019/11/07 15:05:16,Microsoft-Windows-Sysmon,9,RawAccessRead detected (rule: RawAccessRead),"RawAccessRead detected:
UtcTime: 2019-11-07 06:05:15.985
ProcessGuid: {CC41BF7E-4CB9-5A01-0000-0010EB030000}
ProcessId: 4
Image: System
Device: \Device\HarddiskVolume1"
情報,2019/11/07 15:05:15,Microsoft-Windows-Sysmon,1,Process Create (rule: ProcessCreate),"Process Create:
UtcTime: 2019-11-07 06:05:15.995
ProcessGuid: {CC41BF7E-4D1B-5A01-0000-0010830E0700}
ProcessId: 5104
Image: C:\Windows\SysWOW64\reg.exe
CommandLine: reg  add hkcu\software\microsoft\windows\currentversion\run /v netshare /f /d C:\Users\MAEBAS~1.GUN\AppData\Local\Temp\vmcon.exe /t REG_EXPAND_SZ
CurrentDirectory: C:\Windows\system32\
User: EXAMPLE\maebashi.gunma
LogonGuid: {CC41BF7E-4CE6-5A01-0000-002031FB0200}
LogonId: 0x2FB31
TerminalSessionId: 1
IntegrityLevel: Medium
Hashes: SHA1=58EA87FF0A63C55E6609152C5B731755016D9872
ParentProcessGuid: {CC41BF7E-4D19-5A01-0000-001047B00600}
ParentProcessId: 4844
ParentImage: C:\Windows\SysWOW64\cmd.exe
ParentCommandLine: c:\windows\system32\cmd.exe"
情報,2019/11/07 15:05:15,Microsoft-Windows-Sysmon,5,Process terminated (rule: ProcessTerminate),"Process terminated:
UtcTime: 2019-11-07 06:05:15.813
ProcessGuid: {CC41BF7E-4CDF-5A01-0000-00107D340200}
ProcessId: 2172
Image: C:\Program Files (x86)\Google\Update\GoogleUpdate.exe"
情報,2019/11/07 15:05:13,Microsoft-Windows-Sysmon,1,Process Create (rule: ProcessCreate),"Process Create:
UtcTime: 2019-11-07 06:05:13.956
ProcessGuid: {CC41BF7E-4D19-5A01-0000-001023B10600}
ProcessId: 4856
Image: C:\Windows\System32\conhost.exe
CommandLine: \??\C:\Windows\system32\conhost.exe 0xffffffff -ForceV1
CurrentDirectory: C:\Windows
User: EXAMPLE\maebashi.gunma
LogonGuid: {CC41BF7E-4CE6-5A01-0000-002031FB0200}
LogonId: 0x2FB31
TerminalSessionId: 1
IntegrityLevel: Medium
Hashes: SHA1=00667A0F0C0D5E9DA697E9FF54ECDDD449259354
ParentProcessGuid: {CC41BF7E-4D19-5A01-0000-001047B00600}
ParentProcessId: 4844
ParentImage: C:\Windows\SysWOW64\cmd.exe
ParentCommandLine: c:\windows\system32\cmd.exe"
情報,2019/11/07 15:05:13,Microsoft-Windows-Sysmon,9,RawAccessRead detected (rule: RawAccessRead),"RawAccessRead detected:
UtcTime: 2019-11-07 06:05:13.938
ProcessGuid: {CC41BF7E-4CB9-5A01-0000-0010EB030000}
ProcessId: 4
Image: System
Device: \Device\HarddiskVolume2"
情報,2019/11/07 15:05:13,Microsoft-Windows-Sysmon,9,RawAccessRead detected (rule: RawAccessRead),"RawAccessRead detected:
UtcTime: 2019-11-07 06:05:13.938
ProcessGuid: {CC41BF7E-4CB9-5A01-0000-0010EB030000}
ProcessId: 4
Image: System
Device: \Device\HarddiskVolume1"
情報,2019/11/07 15:05:13,Microsoft-Windows-Sysmon,1,Process Create (rule: ProcessCreate),"Process Create:
UtcTime: 2019-11-07 06:05:13.940
ProcessGuid: {CC41BF7E-4D19-5A01-0000-001047B00600}
ProcessId: 4844
Image: C:\Windows\SysWOW64\cmd.exe
CommandLine: c:\windows\system32\cmd.exe
CurrentDirectory: C:\Windows\system32\
User: EXAMPLE\maebashi.gunma
LogonGuid: {CC41BF7E-4CE6-5A01-0000-002031FB0200}
LogonId: 0x2FB31
TerminalSessionId: 1
IntegrityLevel: Medium
Hashes: SHA1=A4D7B99EB716919BB47448E135D489A1100BA70C
ParentProcessGuid: {CC41BF7E-4D16-5A01-0000-0010EE010600}
ParentProcessId: 4260
ParentImage: C:\Users\maebashi.gunma\AppData\Local\Temp\vmcon.exe
ParentCommandLine: ""C:\Users\maebashi.gunma\AppData\Local\Temp\vmcon.exe"" "
情報,2019/11/07 15:05:13,Microsoft-Windows-Sysmon,1,Process Create (rule: ProcessCreate),"Process Create:
UtcTime: 2019-11-07 06:05:13.646
ProcessGuid: {CC41BF7E-4D19-5A01-0000-001077960600}
ProcessId: 4768
Image: C:\Windows\System32\SearchProtocolHost.exe
CommandLine: ""C:\Windows\system32\SearchProtocolHost.exe"" Global\UsGthrFltPipeMssGthrPipe2_ Global\UsGthrCtrlFltPipeMssGthrPipe2 1 -2147483646 ""Software\Microsoft\Windows Search"" ""Mozilla/4.0 (compatible; MSIE 6.0; Windows NT; MS Search 4.0 Robot)"" ""C:\ProgramData\Microsoft\Search\Data\Temp\usgthrsvc"" ""DownLevelDaemon"" 
CurrentDirectory: C:\Windows\system32\
User: NT AUTHORITY\SYSTEM
LogonGuid: {CC41BF7E-4CCC-5A01-0000-0020E7030000}
LogonId: 0x3E7
TerminalSessionId: 0
IntegrityLevel: System
Hashes: SHA1=DE8ADB411330C39BC9E67C1D8E753206E91E31DF
ParentProcessGuid: {CC41BF7E-4CF6-5A01-0000-0010ABA70300}
ParentProcessId: 2736
ParentImage: C:\Windows\System32\SearchIndexer.exe
ParentCommandLine: C:\Windows\system32\SearchIndexer.exe /Embedding"
情報,2019/11/07 15:05:12,Microsoft-Windows-Sysmon,5,Process terminated (rule: ProcessTerminate),"Process terminated:
UtcTime: 2019-11-07 06:05:12.266
ProcessGuid: {CC41BF7E-4D18-5A01-0000-00104D570600}
ProcessId: 4572
Image: C:\Program Files\Windows Defender\MpCmdRun.exe"
情報,2019/11/07 15:05:12,Microsoft-Windows-Sysmon,1,Process Create (rule: ProcessCreate),"Process Create:
UtcTime: 2019-11-07 06:05:12.231
ProcessGuid: {CC41BF7E-4D18-5A01-0000-00104D570600}
ProcessId: 4572
Image: C:\Program Files\Windows Defender\MpCmdRun.exe
CommandLine: ""C:\Program Files\Windows Defender\\MpCmdRun.exe"" GetDeviceTicket -AccessKey 294D5972-3C24-68B3-F26E-8FFE4062A043 
CurrentDirectory: C:\Windows\system32\
User: NT AUTHORITY\NETWORK SERVICE
LogonGuid: {CC41BF7E-4CCE-5A01-0000-0020E4030000}
LogonId: 0x3E4
TerminalSessionId: 0
IntegrityLevel: System
Hashes: SHA1=4793ECD652D0186B5085997E60B5F0D9E7B58C38
ParentProcessGuid: {CC41BF7E-4CD7-5A01-0000-001056910100}
ParentProcessId: 1968
ParentImage: C:\Program Files\Windows Defender\MsMpEng.exe
ParentCommandLine: ""C:\Program Files\Windows Defender\MsMpEng.exe"""
情報,2019/11/07 15:05:12,Microsoft-Windows-Sysmon,5,Process terminated (rule: ProcessTerminate),"Process terminated:
UtcTime: 2019-11-07 06:05:12.001
ProcessGuid: {CC41BF7E-4D08-5A01-0000-00102A960400}
ProcessId: 2424
Image: C:\Windows\System32\IME\SHARED\ImeBroker.exe"
情報,2019/11/07 15:05:11,Microsoft-Windows-Sysmon,5,Process terminated (rule: ProcessTerminate),"Process terminated:
UtcTime: 2019-11-07 06:05:11.579
ProcessGuid: {CC41BF7E-4D17-5A01-0000-00109F2B0600}
ProcessId: 4440
Image: C:\Program Files\Windows Defender\MpCmdRun.exe"
情報,2019/11/07 15:05:11,Microsoft-Windows-Sysmon,1,Process Create (rule: ProcessCreate),"Process Create:
UtcTime: 2019-11-07 06:05:11.543
ProcessGuid: {CC41BF7E-4D17-5A01-0000-00109F2B0600}
ProcessId: 4440
Image: C:\Program Files\Windows Defender\MpCmdRun.exe
CommandLine: ""C:\Program Files\Windows Defender\\MpCmdRun.exe"" GetDeviceTicket -AccessKey 6F764261-3A05-91A2-CC65-31AD62C888C0 
CurrentDirectory: C:\Windows\system32\
User: NT AUTHORITY\NETWORK SERVICE
LogonGuid: {CC41BF7E-4CCE-5A01-0000-0020E4030000}
LogonId: 0x3E4
TerminalSessionId: 0
IntegrityLevel: System
Hashes: SHA1=4793ECD652D0186B5085997E60B5F0D9E7B58C38
ParentProcessGuid: {CC41BF7E-4CD7-5A01-0000-001056910100}
ParentProcessId: 1968
ParentImage: C:\Program Files\Windows Defender\MsMpEng.exe
ParentCommandLine: ""C:\Program Files\Windows Defender\MsMpEng.exe"""
情報,2019/11/07 15:05:11,Microsoft-Windows-Sysmon,5,Process terminated (rule: ProcessTerminate),"Process terminated:
UtcTime: 2019-11-07 06:05:11.126
ProcessGuid: {CC41BF7E-4D17-5A01-0000-00105D150600}
ProcessId: 4320
Image: C:\Windows\System32\conhost.exe"
情報,2019/11/07 15:05:11,Microsoft-Windows-Sysmon,5,Process terminated (rule: ProcessTerminate),"Process terminated:
UtcTime: 2019-11-07 06:05:11.126
ProcessGuid: {CC41BF7E-4D17-5A01-0000-001017150600}
ProcessId: 4308
Image: C:\Program Files\Windows Defender\MpCmdRun.exe"
情報,2019/11/07 15:05:11,Microsoft-Windows-Sysmon,1,Process Create (rule: ProcessCreate),"Process Create:
UtcTime: 2019-11-07 06:05:11.106
ProcessGuid: {CC41BF7E-4D17-5A01-0000-001040180600}
ProcessId: 4356
Image: C:\Program Files\Windows Defender\MpCmdRun.exe
CommandLine: ""C:\Program Files\Windows Defender\\MpCmdRun.exe"" SpyNetServiceDss -RestrictPrivileges -AccessKey 0722D511-8433-7594-287C-B36344D0B47D -Reinvoke
CurrentDirectory: C:\Windows\system32\
User: NT AUTHORITY\NETWORK SERVICE
LogonGuid: {CC41BF7E-4CCE-5A01-0000-0020E4030000}
LogonId: 0x3E4
TerminalSessionId: 0
IntegrityLevel: System
Hashes: SHA1=4793ECD652D0186B5085997E60B5F0D9E7B58C38
ParentProcessGuid: {CC41BF7E-4D17-5A01-0000-001017150600}
ParentProcessId: 4308
ParentImage: C:\Program Files\Windows Defender\MpCmdRun.exe
ParentCommandLine: ""C:\Program Files\Windows Defender\\MpCmdRun.exe"" SpyNetServiceDss -RestrictPrivileges -AccessKey 0722D511-8433-7594-287C-B36344D0B47D"
情報,2019/11/07 15:05:11,Microsoft-Windows-Sysmon,9,RawAccessRead detected (rule: RawAccessRead),"RawAccessRead detected:
UtcTime: 2019-11-07 06:05:11.063
ProcessGuid: {CC41BF7E-4CB9-5A01-0000-0010EB030000}
ProcessId: 4
Image: System
Device: \Device\HarddiskVolume2"
情報,2019/11/07 15:05:11,Microsoft-Windows-Sysmon,9,RawAccessRead detected (rule: RawAccessRead),"RawAccessRead detected:
UtcTime: 2019-11-07 06:05:11.063
ProcessGuid: {CC41BF7E-4CB9-5A01-0000-0010EB030000}
ProcessId: 4
Image: System
Device: \Device\HarddiskVolume1"
情報,2019/11/07 15:05:11,Microsoft-Windows-Sysmon,1,Process Create (rule: ProcessCreate),"Process Create:
UtcTime: 2019-11-07 06:05:11.070
ProcessGuid: {CC41BF7E-4D17-5A01-0000-00105D150600}
ProcessId: 4320
Image: C:\Windows\System32\conhost.exe
CommandLine: \??\C:\Windows\system32\conhost.exe 0xffffffff -ForceV1
CurrentDirectory: C:\Windows
User: NT AUTHORITY\SYSTEM
LogonGuid: {CC41BF7E-4CCC-5A01-0000-0020E7030000}
LogonId: 0x3E7
TerminalSessionId: 0
IntegrityLevel: System
Hashes: SHA1=00667A0F0C0D5E9DA697E9FF54ECDDD449259354
ParentProcessGuid: {CC41BF7E-4D17-5A01-0000-001017150600}
ParentProcessId: 4308
ParentImage: C:\Program Files\Windows Defender\MpCmdRun.exe
ParentCommandLine: ""C:\Program Files\Windows Defender\\MpCmdRun.exe"" SpyNetServiceDss -RestrictPrivileges -AccessKey 0722D511-8433-7594-287C-B36344D0B47D"
情報,2019/11/07 15:05:11,Microsoft-Windows-Sysmon,1,Process Create (rule: ProcessCreate),"Process Create:
UtcTime: 2019-11-07 06:05:11.067
ProcessGuid: {CC41BF7E-4D17-5A01-0000-001017150600}
ProcessId: 4308
Image: C:\Program Files\Windows Defender\MpCmdRun.exe
CommandLine: ""C:\Program Files\Windows Defender\\MpCmdRun.exe"" SpyNetServiceDss -RestrictPrivileges -AccessKey 0722D511-8433-7594-287C-B36344D0B47D
CurrentDirectory: C:\Windows\system32\
User: NT AUTHORITY\SYSTEM
LogonGuid: {CC41BF7E-4CCC-5A01-0000-0020E7030000}
LogonId: 0x3E7
TerminalSessionId: 0
IntegrityLevel: System
Hashes: SHA1=4793ECD652D0186B5085997E60B5F0D9E7B58C38
ParentProcessGuid: {CC41BF7E-4CD7-5A01-0000-001056910100}
ParentProcessId: 1968
ParentImage: C:\Program Files\Windows Defender\MsMpEng.exe
ParentCommandLine: ""C:\Program Files\Windows Defender\MsMpEng.exe"""
情報,2019/11/07 15:05:11,Microsoft-Windows-Sysmon,5,Process terminated (rule: ProcessTerminate),"Process terminated:
UtcTime: 2019-11-07 06:05:11.032
ProcessGuid: {CC41BF7E-4D16-5A01-0000-00100DFA0500}
ProcessId: 4224
Image: C:\Program Files\Windows Defender\MpCmdRun.exe"
情報,2019/11/07 15:05:10,Microsoft-Windows-Sysmon,1,Process Create (rule: ProcessCreate),"Process Create:
UtcTime: 2019-11-07 06:05:10.866
ProcessGuid: {CC41BF7E-4D16-5A01-0000-0010EE010600}
ProcessId: 4260
Image: C:\Users\maebashi.gunma\AppData\Local\Temp\vmcon.exe
CommandLine: ""C:\Users\maebashi.gunma\AppData\Local\Temp\vmcon.exe"" 
CurrentDirectory: C:\Windows\system32\
User: EXAMPLE\maebashi.gunma
LogonGuid: {CC41BF7E-4CE6-5A01-0000-002031FB0200}
LogonId: 0x2FB31
TerminalSessionId: 1
IntegrityLevel: Medium
Hashes: SHA1=E8B071E0DCD7BDB6B3C066D01C51BEA6E371B927
ParentProcessGuid: {CC41BF7E-4CF3-5A01-0000-0010EB5D0300}
ParentProcessId: 2144
ParentImage: C:\Windows\explorer.exe
ParentCommandLine: C:\Windows\Explorer.EXE"
情報,2019/11/07 15:05:10,Microsoft-Windows-Sysmon,9,RawAccessRead detected (rule: RawAccessRead),"RawAccessRead detected:
UtcTime: 2019-11-07 06:05:10.547
ProcessGuid: {CC41BF7E-4CB9-5A01-0000-0010EB030000}
ProcessId: 4
Image: System
Device: \Device\HarddiskVolume2"
情報,2019/11/07 15:05:10,Microsoft-Windows-Sysmon,9,RawAccessRead detected (rule: RawAccessRead),"RawAccessRead detected:
UtcTime: 2019-11-07 06:05:10.547
ProcessGuid: {CC41BF7E-4CB9-5A01-0000-0010EB030000}
ProcessId: 4
Image: System
Device: \Device\HarddiskVolume1"
情報,2019/11/07 15:05:10,Microsoft-Windows-Sysmon,1,Process Create (rule: ProcessCreate),"Process Create:
UtcTime: 2019-11-07 06:05:10.534
ProcessGuid: {CC41BF7E-4D16-5A01-0000-00100DFA0500}
ProcessId: 4224
Image: C:\Program Files\Windows Defender\MpCmdRun.exe
CommandLine: ""C:\Program Files\Windows Defender\\MpCmdRun.exe"" GetDeviceTicket -AccessKey 89541FD4-1784-C18A-EAB9-D032DE8EAA7D 
CurrentDirectory: C:\Windows\system32\
User: NT AUTHORITY\NETWORK SERVICE
LogonGuid: {CC41BF7E-4CCE-5A01-0000-0020E4030000}
LogonId: 0x3E4
TerminalSessionId: 0
IntegrityLevel: System
Hashes: SHA1=4793ECD652D0186B5085997E60B5F0D9E7B58C38
ParentProcessGuid: {CC41BF7E-4CD7-5A01-0000-001056910100}
ParentProcessId: 1968
ParentImage: C:\Program Files\Windows Defender\MsMpEng.exe
ParentCommandLine: ""C:\Program Files\Windows Defender\MsMpEng.exe"""
情報,2019/11/07 15:05:10,Microsoft-Windows-Sysmon,5,Process terminated (rule: ProcessTerminate),"Process terminated:
UtcTime: 2019-11-07 06:05:10.439
ProcessGuid: {CC41BF7E-4D0B-5A01-0000-0010ACDF0400}
ProcessId: 3004
Image: C:\Windows\System32\mobsync.exe"
情報,2019/11/07 15:05:10,Microsoft-Windows-Sysmon,9,RawAccessRead detected (rule: RawAccessRead),"RawAccessRead detected:
UtcTime: 2019-11-07 06:05:10.329
ProcessGuid: {CC41BF7E-4CB9-5A01-0000-0010EB030000}
ProcessId: 4
Image: System
Device: \Device\HarddiskVolume2"
情報,2019/11/07 15:05:10,Microsoft-Windows-Sysmon,9,RawAccessRead detected (rule: RawAccessRead),"RawAccessRead detected:
UtcTime: 2019-11-07 06:05:10.329
ProcessGuid: {CC41BF7E-4CB9-5A01-0000-0010EB030000}
ProcessId: 4
Image: System
Device: \Device\HarddiskVolume1"
情報,2019/11/07 15:05:10,Microsoft-Windows-Sysmon,1,Process Create (rule: ProcessCreate),"Process Create:
UtcTime: 2019-11-07 06:05:10.237
ProcessGuid: {CC41BF7E-4D16-5A01-0000-001086E90500}
ProcessId: 4192
Image: C:\Users\maebashi.gunma\AppData\Local\Microsoft\OneDrive\OneDrive.exe
CommandLine: ""C:\Users\maebashi.gunma\AppData\Local\Microsoft\OneDrive\OneDrive.exe"" /background
CurrentDirectory: C:\Windows\system32\
User: EXAMPLE\maebashi.gunma
LogonGuid: {CC41BF7E-4CE6-5A01-0000-002031FB0200}
LogonId: 0x2FB31
TerminalSessionId: 1
IntegrityLevel: Medium
Hashes: SHA1=56E0B4584BA7118CC9AA83B8701D5A7ABE8EF6C5
ParentProcessGuid: {CC41BF7E-4CF3-5A01-0000-0010EB5D0300}
ParentProcessId: 2144
ParentImage: C:\Windows\explorer.exe
ParentCommandLine: C:\Windows\Explorer.EXE"
情報,2019/11/07 15:05:10,Microsoft-Windows-Sysmon,9,RawAccessRead detected (rule: RawAccessRead),"RawAccessRead detected:
UtcTime: 2019-11-07 06:05:09.829
ProcessGuid: {CC41BF7E-4CB9-5A01-0000-0010EB030000}
ProcessId: 4
Image: System
Device: \Device\HarddiskVolume2"
情報,2019/11/07 15:05:10,Microsoft-Windows-Sysmon,9,RawAccessRead detected (rule: RawAccessRead),"RawAccessRead detected:
UtcTime: 2019-11-07 06:05:09.829
ProcessGuid: {CC41BF7E-4CB9-5A01-0000-0010EB030000}
ProcessId: 4
Image: System
Device: \Device\HarddiskVolume1"
情報,2019/11/07 15:05:09,Microsoft-Windows-Sysmon,1,Process Create (rule: ProcessCreate),"Process Create:
UtcTime: 2019-11-07 06:05:09.121
ProcessGuid: {CC41BF7E-4D15-5A01-0000-00104EE30500}
ProcessId: 4176
Image: C:\Program Files\Windows Defender\MSASCuiL.exe
CommandLine: ""C:\Program Files\Windows Defender\MSASCuiL.exe"" 
CurrentDirectory: C:\Windows\system32\
User: EXAMPLE\maebashi.gunma
LogonGuid: {CC41BF7E-4CE6-5A01-0000-002031FB0200}
LogonId: 0x2FB31
TerminalSessionId: 1
IntegrityLevel: Medium
Hashes: SHA1=408C848F72430C743F2F2B721ADCE934F6490A68
ParentProcessGuid: {CC41BF7E-4CF3-5A01-0000-0010EB5D0300}
ParentProcessId: 2144
ParentImage: C:\Windows\explorer.exe
ParentCommandLine: C:\Windows\Explorer.EXE"
情報,2019/11/07 15:05:09,Microsoft-Windows-Sysmon,5,Process terminated (rule: ProcessTerminate),"Process terminated:
UtcTime: 2019-11-07 06:05:09.063
ProcessGuid: {CC41BF7E-4D14-5A01-0000-0010EAD10500}
ProcessId: 4136
Image: C:\Windows\System32\rundll32.exe"
情報,2019/11/07 15:05:08,Microsoft-Windows-Sysmon,9,RawAccessRead detected (rule: RawAccessRead),"RawAccessRead detected:
UtcTime: 2019-11-07 06:05:08.844
ProcessGuid: {CC41BF7E-4CB9-5A01-0000-0010EB030000}
ProcessId: 4
Image: System
Device: \Device\HarddiskVolume2"
情報,2019/11/07 15:05:08,Microsoft-Windows-Sysmon,9,RawAccessRead detected (rule: RawAccessRead),"RawAccessRead detected:
UtcTime: 2019-11-07 06:05:08.844
ProcessGuid: {CC41BF7E-4CB9-5A01-0000-0010EB030000}
ProcessId: 4
Image: System
Device: \Device\HarddiskVolume1"
情報,2019/11/07 15:05:08,Microsoft-Windows-Sysmon,1,Process Create (rule: ProcessCreate),"Process Create:
UtcTime: 2019-11-07 06:05:08.837
ProcessGuid: {CC41BF7E-4D14-5A01-0000-0010EAD10500}
ProcessId: 4136
Image: C:\Windows\System32\rundll32.exe
CommandLine: C:\Windows\System32\rundll32.exe C:\Windows\System32\shell32.dll,SHCreateLocalServerRunDll {9aa46009-3ce0-458a-a354-715610a075e6} -Embedding
CurrentDirectory: C:\Windows\system32\
User: EXAMPLE\maebashi.gunma
LogonGuid: {CC41BF7E-4CE6-5A01-0000-002031FB0200}
LogonId: 0x2FB31
TerminalSessionId: 1
IntegrityLevel: Medium
Hashes: SHA1=68A9E1E2D8B787BFCD59FAF70DB89DB8D4D21E47
ParentProcessGuid: {CC41BF7E-4CCD-5A01-0000-0010D0890000}
ParentProcessId: 664
ParentImage: C:\Windows\System32\svchost.exe
ParentCommandLine: C:\Windows\system32\svchost.exe -k DcomLaunch"
情報,2019/11/07 15:05:05,Microsoft-Windows-Sysmon,5,Process terminated (rule: ProcessTerminate),"Process terminated:
UtcTime: 2019-11-07 06:05:05.019
ProcessGuid: {CC41BF7E-4D10-5A01-0000-0010867E0500}
ProcessId: 916
Image: C:\Windows\System32\wermgr.exe"
情報,2019/11/07 15:05:04,Microsoft-Windows-Sysmon,1,Process Create (rule: ProcessCreate),"Process Create:
UtcTime: 2019-11-07 06:05:04.738
ProcessGuid: {CC41BF7E-4D10-5A01-0000-0010867E0500}
ProcessId: 916
Image: C:\Windows\System32\wermgr.exe
CommandLine: ""C:\Windows\system32\wermgr.exe"" ""-outproc"" ""0"" ""900"" ""7848"" ""7832"" ""7852"" ""0"" ""0"" ""0"" ""0"" ""0"" ""0"" ""0"" ""0"" 
CurrentDirectory: C:\Windows\system32\
User: NT AUTHORITY\SYSTEM
LogonGuid: {CC41BF7E-4CCC-5A01-0000-0020E7030000}
LogonId: 0x3E7
TerminalSessionId: 0
IntegrityLevel: System
Hashes: SHA1=0C0329767FD84B8D5A00C91925DA6BE954AE6610
ParentProcessGuid: {CC41BF7E-4CD0-5A01-0000-00101AF00000}
ParentProcessId: 900
ParentImage: C:\Windows\System32\svchost.exe
ParentCommandLine: C:\Windows\system32\svchost.exe -k netsvcs"
情報,2019/11/07 15:05:03,Microsoft-Windows-Sysmon,9,RawAccessRead detected (rule: RawAccessRead),"RawAccessRead detected:
UtcTime: 2019-11-07 06:05:03.818
ProcessGuid: {CC41BF7E-4CB9-5A01-0000-0010EB030000}
ProcessId: 4
Image: System
Device: \Device\HarddiskVolume2"
情報,2019/11/07 15:05:03,Microsoft-Windows-Sysmon,9,RawAccessRead detected (rule: RawAccessRead),"RawAccessRead detected:
UtcTime: 2019-11-07 06:05:03.818
ProcessGuid: {CC41BF7E-4CB9-5A01-0000-0010EB030000}
ProcessId: 4
Image: System
Device: \Device\HarddiskVolume1"
情報,2019/11/07 15:05:03,Microsoft-Windows-Sysmon,1,Process Create (rule: ProcessCreate),"Process Create:
UtcTime: 2019-11-07 06:05:03.816
ProcessGuid: {CC41BF7E-4D0F-5A01-0000-00103A6B0500}
ProcessId: 2088
Image: C:\Windows\System32\svchost.exe
CommandLine: C:\Windows\system32\svchost.exe -k LocalServiceAndNoImpersonation
CurrentDirectory: C:\Windows\system32\
User: NT AUTHORITY\LOCAL SERVICE
LogonGuid: {CC41BF7E-4CD0-5A01-0000-0020E5030000}
LogonId: 0x3E5
TerminalSessionId: 0
IntegrityLevel: System
Hashes: SHA1=0DAC68816AE7C09EFC24D11C27C3274DFD147DEE
ParentProcessGuid: {CC41BF7E-4CCC-5A01-0000-001065750000}
ParentProcessId: 552
ParentImage: C:\Windows\System32\services.exe
ParentCommandLine: C:\Windows\system32\services.exe"
情報,2019/11/07 15:05:03,Microsoft-Windows-Sysmon,5,Process terminated (rule: ProcessTerminate),"Process terminated:
UtcTime: 2019-11-07 06:05:03.718
ProcessGuid: {CC41BF7E-4D03-5A01-0000-00102E2A0400}
ProcessId: 3744
Image: C:\Windows\System32\slui.exe"
情報,2019/11/07 15:05:03,Microsoft-Windows-Sysmon,5,Process terminated (rule: ProcessTerminate),"Process terminated:
UtcTime: 2019-11-07 06:05:03.672
ProcessGuid: {CC41BF7E-4D0C-5A01-0000-0010D11D0500}
ProcessId: 532
Image: C:\Windows\System32\slui.exe"
情報,2019/11/07 15:05:03,Microsoft-Windows-Sysmon,5,Process terminated (rule: ProcessTerminate),"Process terminated:
UtcTime: 2019-11-07 06:05:03.576
ProcessGuid: {CC41BF7E-4D0C-5A01-0000-0010B21F0500}
ProcessId: 916
Image: C:\Windows\System32\slui.exe"
情報,2019/11/07 15:05:03,Microsoft-Windows-Sysmon,9,RawAccessRead detected (rule: RawAccessRead),"RawAccessRead detected:
UtcTime: 2019-11-07 06:05:03.052
ProcessGuid: {CC41BF7E-4CD1-5A01-0000-0010EF070100}
ProcessId: 96
Image: C:\Windows\System32\svchost.exe
Device: \Device\HarddiskVolume2"
情報,2019/11/07 15:05:02,Microsoft-Windows-Sysmon,9,RawAccessRead detected (rule: RawAccessRead),"RawAccessRead detected:
UtcTime: 2019-11-07 06:05:02.801
ProcessGuid: {CC41BF7E-4CD1-5A01-0000-0010EF070100}
ProcessId: 96
Image: C:\Windows\System32\svchost.exe
Device: \Device\HarddiskVolume2"
情報,2019/11/07 15:05:02,Microsoft-Windows-Sysmon,9,RawAccessRead detected (rule: RawAccessRead),"RawAccessRead detected:
UtcTime: 2019-11-07 06:05:02.801
ProcessGuid: {CC41BF7E-4CD1-5A01-0000-0010EF070100}
ProcessId: 96
Image: C:\Windows\System32\svchost.exe
Device: \Device\HarddiskVolume2"
情報,2019/11/07 15:05:02,Microsoft-Windows-Sysmon,9,RawAccessRead detected (rule: RawAccessRead),"RawAccessRead detected:
UtcTime: 2019-11-07 06:05:02.730
ProcessGuid: {CC41BF7E-4CD1-5A01-0000-0010EF070100}
ProcessId: 96
Image: C:\Windows\System32\svchost.exe
Device: \Device\HarddiskVolume2"
情報,2019/11/07 15:05:02,Microsoft-Windows-Sysmon,9,RawAccessRead detected (rule: RawAccessRead),"RawAccessRead detected:
UtcTime: 2019-11-07 06:05:02.730
ProcessGuid: {CC41BF7E-4CD1-5A01-0000-0010EF070100}
ProcessId: 96
Image: C:\Windows\System32\svchost.exe
Device: \Device\HarddiskVolume2"
情報,2019/11/07 15:05:02,Microsoft-Windows-Sysmon,5,Process terminated (rule: ProcessTerminate),"Process terminated:
UtcTime: 2019-11-07 06:05:02.545
ProcessGuid: {CC41BF7E-4CF2-5A01-0000-00106E5A0300}
ProcessId: 1564
Image: C:\Windows\System32\userinit.exe"
情報,2019/11/07 15:05:00,Microsoft-Windows-Sysmon,2,File creation time changed (rule: FileCreateTime),"File creation time changed:
UtcTime: 2019-11-07 06:05:00.529
ProcessGuid: {CC41BF7E-4D09-5A01-0000-00104DC40400}
ProcessId: 3288
Image: C:\Windows\system32\backgroundTaskHost.exe
TargetFilename: C:\Users\maebashi.gunma\AppData\Local\Packages\Microsoft.Windows.Cortana_cw5n1h2txyewy\LocalState\DeviceSearchCache\AppCache131545082995642007.txt.~tmp
CreationUtcTime: 2019-11-07 06:05:00.525
PreviousCreationUtcTime: 2019-11-07 06:05:00.528"
情報,2019/11/07 15:05:00,Microsoft-Windows-Sysmon,1,Process Create (rule: ProcessCreate),"Process Create:
UtcTime: 2019-11-07 06:05:00.389
ProcessGuid: {CC41BF7E-4D0C-5A01-0000-0010B21F0500}
ProcessId: 916
Image: C:\Windows\System32\slui.exe
CommandLine: C:\Windows\System32\slui.exe -Embedding
CurrentDirectory: C:\Windows\system32\
User: EXAMPLE\maebashi.gunma
LogonGuid: {CC41BF7E-4CE6-5A01-0000-002031FB0200}
LogonId: 0x2FB31
TerminalSessionId: 1
IntegrityLevel: Medium
Hashes: SHA1=6A0A58329F23DB9AFFC8373475690A58D096D1E0
ParentProcessGuid: {CC41BF7E-4CCD-5A01-0000-0010D0890000}
ParentProcessId: 664
ParentImage: C:\Windows\System32\svchost.exe
ParentCommandLine: C:\Windows\system32\svchost.exe -k DcomLaunch"
情報,2019/11/07 15:05:00,Microsoft-Windows-Sysmon,1,Process Create (rule: ProcessCreate),"Process Create:
UtcTime: 2019-11-07 06:05:00.362
ProcessGuid: {CC41BF7E-4D0C-5A01-0000-0010D11D0500}
ProcessId: 532
Image: C:\Windows\System32\slui.exe
CommandLine: ""C:\Windows\System32\SLUI.exe"" RuleId=eeba1977-569e-4571-b639-7623d8bfecc0;Action=AutoActivate;AppId=55c92734-d682-4d71-983e-d6ec3f16059f;SkuId=73111121-5638-40f6-bc11-f1d7b0d64300;NotificationInterval=1440;Trigger=UserLogon;SessionId=1
CurrentDirectory: C:\Windows\system32\
User: NT AUTHORITY\NETWORK SERVICE
LogonGuid: {CC41BF7E-4CCE-5A01-0000-0020E4030000}
LogonId: 0x3E4
TerminalSessionId: 0
IntegrityLevel: System
Hashes: SHA1=6A0A58329F23DB9AFFC8373475690A58D096D1E0
ParentProcessGuid: {CC41BF7E-4CFF-5A01-0000-0010120A0400}
ParentProcessId: 3536
ParentImage: C:\Windows\System32\SppExtComObj.Exe
ParentCommandLine: C:\Windows\system32\SppExtComObj.exe -Embedding"
情報,2019/11/07 15:04:59,Microsoft-Windows-Sysmon,9,RawAccessRead detected (rule: RawAccessRead),"ソース ""Microsoft-Windows-Sysmon"" からのイベント ID 9 の説明が見つかりません。このイベントを発生させるコンポーネントがローカル コンピューターにインストールされていないか、インストールが壊れています。ローカル コンピューターにコンポーネントをインストールするか、コンポーネントを修復してください。

イベントが別のコンピューターから発生している場合、イベントと共に表示情報を保存する必要があります。

イベントには次の情報が含まれています: 

2019-11-07 06:04:59.349
EV_RenderedValue_1.00
4
System
\Device\HarddiskVolume2

ハンドルが無効です。
"
情報,2019/11/07 15:04:59,Microsoft-Windows-Sysmon,9,RawAccessRead detected (rule: RawAccessRead),"RawAccessRead detected:
UtcTime: 2019-11-07 06:04:59.349
ProcessGuid: {CC41BF7E-4CB9-5A01-0000-0010EB030000}
ProcessId: 4
Image: System
Device: \Device\HarddiskVolume1"
情報,2019/11/07 15:04:59,Microsoft-Windows-Sysmon,1,Process Create (rule: ProcessCreate),"Process Create:
UtcTime: 2019-11-07 06:04:59.292
ProcessGuid: {CC41BF7E-4D0B-5A01-0000-0010ACDF0400}
ProcessId: 3004
Image: C:\Windows\System32\mobsync.exe
CommandLine: C:\Windows\System32\mobsync.exe -Embedding
CurrentDirectory: C:\Windows\system32\
User: EXAMPLE\maebashi.gunma
LogonGuid: {CC41BF7E-4CE6-5A01-0000-002031FB0200}
LogonId: 0x2FB31
TerminalSessionId: 1
IntegrityLevel: Medium
Hashes: SHA1=A50C03CAE987919BCEE5ADC9C63FDDF9ED8102F5
ParentProcessGuid: {CC41BF7E-4CCD-5A01-0000-0010D0890000}
ParentProcessId: 664
ParentImage: C:\Windows\System32\svchost.exe
ParentCommandLine: C:\Windows\system32\svchost.exe -k DcomLaunch"
情報,2019/11/07 15:04:59,Microsoft-Windows-Sysmon,5,Process terminated (rule: ProcessTerminate),"Process terminated:
UtcTime: 2019-11-07 06:04:59.162
ProcessGuid: {CC41BF7E-4CCE-5A01-0000-00109EDD0000}
ProcessId: 812
Image: C:\Windows\System32\LogonUI.exe"
情報,2019/11/07 15:04:58,Microsoft-Windows-Sysmon,9,RawAccessRead detected (rule: RawAccessRead),"RawAccessRead detected:
UtcTime: 2019-11-07 06:04:58.849
ProcessGuid: {CC41BF7E-4CB9-5A01-0000-0010EB030000}
ProcessId: 4
Image: System
Device: \Device\HarddiskVolume2"
情報,2019/11/07 15:04:58,Microsoft-Windows-Sysmon,9,RawAccessRead detected (rule: RawAccessRead),"RawAccessRead detected:
UtcTime: 2019-11-07 06:04:58.849
ProcessGuid: {CC41BF7E-4CB9-5A01-0000-0010EB030000}
ProcessId: 4
Image: System
Device: \Device\HarddiskVolume1"
情報,2019/11/07 15:04:57,Microsoft-Windows-Sysmon,1,Process Create (rule: ProcessCreate),"Process Create:
UtcTime: 2019-11-07 06:04:57.838
ProcessGuid: {CC41BF7E-4D09-5A01-0000-00104DC40400}
ProcessId: 3288
Image: C:\Windows\System32\backgroundTaskHost.exe
CommandLine: ""C:\Windows\system32\backgroundTaskHost.exe"" -ServerName:CortanaUI.AppXy7vb4pc2dr3kc93kfc509b1d0arkfb2x.mca
CurrentDirectory: C:\Windows\SystemApps\Microsoft.Windows.Cortana_cw5n1h2txyewy\
User: EXAMPLE\maebashi.gunma
LogonGuid: {CC41BF7E-4CE6-5A01-0000-002031FB0200}
LogonId: 0x2FB31
TerminalSessionId: 1
IntegrityLevel: AppContainer
Hashes: SHA1=8B4E7D875398E67D5277D9C8C9BFA027F9705EDC
ParentProcessGuid: {CC41BF7E-4CCD-5A01-0000-0010D0890000}
ParentProcessId: 664
ParentImage: C:\Windows\System32\svchost.exe
ParentCommandLine: C:\Windows\system32\svchost.exe -k DcomLaunch"
情報,2019/11/07 15:04:57,Microsoft-Windows-Sysmon,5,Process terminated (rule: ProcessTerminate),"Process terminated:
UtcTime: 2019-11-07 06:04:57.818
ProcessGuid: {CC41BF7E-4D08-5A01-0000-0010C6A60400}
ProcessId: 3300
Image: C:\Windows\System32\wermgr.exe"
情報,2019/11/07 15:04:57,Microsoft-Windows-Sysmon,1,Process Create (rule: ProcessCreate),"Process Create:
UtcTime: 2019-11-07 06:04:57.803
ProcessGuid: {CC41BF7E-4D09-5A01-0000-0010FFC20400}
ProcessId: 3420
Image: C:\Windows\System32\wermgr.exe
CommandLine: C:\Windows\system32\wermgr.exe -upload
CurrentDirectory: C:\Windows\system32\
User: NT AUTHORITY\SYSTEM
LogonGuid: {CC41BF7E-4CCC-5A01-0000-0020E7030000}
LogonId: 0x3E7
TerminalSessionId: 0
IntegrityLevel: System
Hashes: SHA1=0C0329767FD84B8D5A00C91925DA6BE954AE6610
ParentProcessGuid: {CC41BF7E-4CD0-5A01-0000-00101AF00000}
ParentProcessId: 900
ParentImage: C:\Windows\System32\svchost.exe
ParentCommandLine: C:\Windows\system32\svchost.exe -k netsvcs"
情報,2019/11/07 15:04:57,Microsoft-Windows-Sysmon,9,RawAccessRead detected (rule: RawAccessRead),"RawAccessRead detected:
UtcTime: 2019-11-07 06:04:57.646
ProcessGuid: {CC41BF7E-4CB9-5A01-0000-0010EB030000}
ProcessId: 4
Image: System
Device: \Device\HarddiskVolume2"
情報,2019/11/07 15:04:57,Microsoft-Windows-Sysmon,9,RawAccessRead detected (rule: RawAccessRead),"RawAccessRead detected:
UtcTime: 2019-11-07 06:04:57.646
ProcessGuid: {CC41BF7E-4CB9-5A01-0000-0010EB030000}
ProcessId: 4
Image: System
Device: \Device\HarddiskVolume1"
情報,2019/11/07 15:04:57,Microsoft-Windows-Sysmon,1,Process Create (rule: ProcessCreate),"Process Create:
UtcTime: 2019-11-07 06:04:57.425
ProcessGuid: {CC41BF7E-4D09-5A01-0000-00106DAA0400}
ProcessId: 2380
Image: C:\Windows\System32\SearchFilterHost.exe
CommandLine: ""C:\Windows\system32\SearchFilterHost.exe"" 0 628 632 640 8192 636 
CurrentDirectory: C:\Windows\system32\
User: NT AUTHORITY\SYSTEM
LogonGuid: {CC41BF7E-4CCC-5A01-0000-0020E7030000}
LogonId: 0x3E7
TerminalSessionId: 0
IntegrityLevel: Medium
Hashes: SHA1=EB23AC4D23CB9BD84A7D76B091B95785EBE92540
ParentProcessGuid: {CC41BF7E-4CF6-5A01-0000-0010ABA70300}
ParentProcessId: 2736
ParentImage: C:\Windows\System32\SearchIndexer.exe
ParentCommandLine: C:\Windows\system32\SearchIndexer.exe /Embedding"
情報,2019/11/07 15:04:57,Microsoft-Windows-Sysmon,5,Process terminated (rule: ProcessTerminate),"Process terminated:
UtcTime: 2019-11-07 06:04:57.349
ProcessGuid: {CC41BF7E-4D04-5A01-0000-0010DD320400}
ProcessId: 3780
Image: C:\Windows\System32\taskhostw.exe"
情報,2019/11/07 15:04:57,Microsoft-Windows-Sysmon,9,RawAccessRead detected (rule: RawAccessRead),"RawAccessRead detected:
UtcTime: 2019-11-07 06:04:57.287
ProcessGuid: {CC41BF7E-4CB9-5A01-0000-0010EB030000}
ProcessId: 4
Image: System
Device: \Device\HarddiskVolume2"
情報,2019/11/07 15:04:57,Microsoft-Windows-Sysmon,9,RawAccessRead detected (rule: RawAccessRead),"RawAccessRead detected:
UtcTime: 2019-11-07 06:04:57.287
ProcessGuid: {CC41BF7E-4CB9-5A01-0000-0010EB030000}
ProcessId: 4
Image: System
Device: \Device\HarddiskVolume1"
情報,2019/11/07 15:04:56,Microsoft-Windows-Sysmon,1,Process Create (rule: ProcessCreate),"Process Create:
UtcTime: 2019-11-07 06:04:56.673
ProcessGuid: {CC41BF7E-4D08-5A01-0000-0010C6A60400}
ProcessId: 3300
Image: C:\Windows\System32\wermgr.exe
CommandLine: ""C:\Windows\system32\wermgr.exe"" ""-outproc"" ""0"" ""900"" ""7416"" ""7420"" ""7428"" ""0"" ""0"" ""0"" ""0"" ""0"" ""0"" ""0"" ""0"" 
CurrentDirectory: C:\Windows\system32\
User: NT AUTHORITY\SYSTEM
LogonGuid: {CC41BF7E-4CCC-5A01-0000-0020E7030000}
LogonId: 0x3E7
TerminalSessionId: 0
IntegrityLevel: System
Hashes: SHA1=0C0329767FD84B8D5A00C91925DA6BE954AE6610
ParentProcessGuid: {CC41BF7E-4CD0-5A01-0000-00101AF00000}
ParentProcessId: 900
ParentImage: C:\Windows\System32\svchost.exe
ParentCommandLine: C:\Windows\system32\svchost.exe -k netsvcs"
情報,2019/11/07 15:04:56,Microsoft-Windows-Sysmon,9,RawAccessRead detected (rule: RawAccessRead),"RawAccessRead detected:
UtcTime: 2019-11-07 06:04:56.115
ProcessGuid: {CC41BF7E-4CB9-5A01-0000-0010EB030000}
ProcessId: 4
Image: System
Device: \Device\HarddiskVolume2"
情報,2019/11/07 15:04:56,Microsoft-Windows-Sysmon,9,RawAccessRead detected (rule: RawAccessRead),"RawAccessRead detected:
UtcTime: 2019-11-07 06:04:56.115
ProcessGuid: {CC41BF7E-4CB9-5A01-0000-0010EB030000}
ProcessId: 4
Image: System
Device: \Device\HarddiskVolume1"
情報,2019/11/07 15:04:56,Microsoft-Windows-Sysmon,1,Process Create (rule: ProcessCreate),"Process Create:
UtcTime: 2019-11-07 06:04:56.106
ProcessGuid: {CC41BF7E-4D08-5A01-0000-00102A960400}
ProcessId: 2424
Image: C:\Windows\System32\IME\SHARED\ImeBroker.exe
CommandLine: C:\Windows\System32\IME\SHARED\imebroker.exe -Embedding
CurrentDirectory: C:\Windows\system32\
User: EXAMPLE\maebashi.gunma
LogonGuid: {CC41BF7E-4CE6-5A01-0000-002031FB0200}
LogonId: 0x2FB31
TerminalSessionId: 1
IntegrityLevel: Medium
Hashes: SHA1=F1BB3F88828B96E9C1B5D27101A3D5F527741131
ParentProcessGuid: {CC41BF7E-4CCD-5A01-0000-0010D0890000}
ParentProcessId: 664
ParentImage: C:\Windows\System32\svchost.exe
ParentCommandLine: C:\Windows\system32\svchost.exe -k DcomLaunch"
情報,2019/11/07 15:04:55,Microsoft-Windows-Sysmon,1,Process Create (rule: ProcessCreate),"Process Create:
UtcTime: 2019-11-07 06:04:55.359
ProcessGuid: {CC41BF7E-4D07-5A01-0000-0010C66C0400}
ProcessId: 2576
Image: C:\Windows\System32\backgroundTaskHost.exe
CommandLine: ""C:\Windows\system32\backgroundTaskHost.exe"" -ServerName:App.AppXmtcan0h2tfbfy7k9kn8hbxb6dmzz1zh0.mca
CurrentDirectory: C:\Windows\SystemApps\Microsoft.Windows.ContentDeliveryManager_cw5n1h2txyewy\
User: EXAMPLE\maebashi.gunma
LogonGuid: {CC41BF7E-4CE6-5A01-0000-002031FB0200}
LogonId: 0x2FB31
TerminalSessionId: 1
IntegrityLevel: AppContainer
Hashes: SHA1=8B4E7D875398E67D5277D9C8C9BFA027F9705EDC
ParentProcessGuid: {CC41BF7E-4CCD-5A01-0000-0010D0890000}
ParentProcessId: 664
ParentImage: C:\Windows\System32\svchost.exe
ParentCommandLine: C:\Windows\system32\svchost.exe -k DcomLaunch"
情報,2019/11/07 15:04:53,Microsoft-Windows-Sysmon,9,RawAccessRead detected (rule: RawAccessRead),"RawAccessRead detected:
UtcTime: 2019-11-07 06:04:53.958
ProcessGuid: {CC41BF7E-4CB9-5A01-0000-0010EB030000}
ProcessId: 4
Image: System
Device: \Device\HarddiskVolume2"
情報,2019/11/07 15:04:53,Microsoft-Windows-Sysmon,9,RawAccessRead detected (rule: RawAccessRead),"RawAccessRead detected:
UtcTime: 2019-11-07 06:04:53.958
ProcessGuid: {CC41BF7E-4CB9-5A01-0000-0010EB030000}
ProcessId: 4
Image: System
Device: \Device\HarddiskVolume1"
情報,2019/11/07 15:04:53,Microsoft-Windows-Sysmon,1,Process Create (rule: ProcessCreate),"Process Create:
UtcTime: 2019-11-07 06:04:53.877
ProcessGuid: {CC41BF7E-4D05-5A01-0000-0010FC390400}
ProcessId: 3816
Image: C:\Windows\System32\SearchProtocolHost.exe
CommandLine: ""C:\Windows\system32\SearchProtocolHost.exe"" Global\UsGthrFltPipeMssGthrPipe_S-1-5-21-1524084746-3249201829-3114449661-11271_ Global\UsGthrCtrlFltPipeMssGthrPipe_S-1-5-21-1524084746-3249201829-3114449661-11271 1 -2147483646 ""Software\Microsoft\Windows Search"" ""Mozilla/4.0 (compatible; MSIE 6.0; Windows NT; MS Search 4.0 Robot)"" ""C:\ProgramData\Microsoft\Search\Data\Temp\usgthrsvc"" ""DownLevelDaemon""  ""1""
CurrentDirectory: C:\Windows\system32\
User: EXAMPLE\maebashi.gunma
LogonGuid: {CC41BF7E-4CE6-5A01-0000-002031FB0200}
LogonId: 0x2FB31
TerminalSessionId: 1
IntegrityLevel: Medium
Hashes: SHA1=DE8ADB411330C39BC9E67C1D8E753206E91E31DF
ParentProcessGuid: {CC41BF7E-4CF6-5A01-0000-0010ABA70300}
ParentProcessId: 2736
ParentImage: C:\Windows\System32\SearchIndexer.exe
ParentCommandLine: C:\Windows\system32\SearchIndexer.exe /Embedding"
