情報,2019/11/07 15:14:05,Microsoft-Windows-Sysmon,1,Process Create (rule: ProcessCreate),"Process Create:
UtcTime: 2019-11-07 06:14:05.620
ProcessGuid: {CC41BF7E-4F2D-5A01-0000-001012961600}
ProcessId: 4288
Image: C:\Windows\System32\taskhostw.exe
CommandLine: taskhostw.exe
CurrentDirectory: C:\Windows\system32\
User: EXAMPLE\maebashi.gunma
LogonGuid: {CC41BF7E-4CE6-5A01-0000-002031FB0200}
LogonId: 0x2FB31
TerminalSessionId: 1
IntegrityLevel: Medium
Hashes: SHA1=9CC394E9F9AEF58F7BDB90B8B19559AB6605CB64
ParentProcessGuid: {CC41BF7E-4CD0-5A01-0000-00101AF00000}
ParentProcessId: 900
ParentImage: C:\Windows\System32\svchost.exe
ParentCommandLine: C:\Windows\system32\svchost.exe -k netsvcs"
情報,2019/11/07 15:14:02,Microsoft-Windows-Sysmon,5,Process terminated (rule: ProcessTerminate),"Process terminated:
UtcTime: 2019-11-07 06:14:02.267
ProcessGuid: {CC41BF7E-4F1F-5A01-0000-00105A481600}
ProcessId: 5624
Image: C:\Program Files\Internet Explorer\iexplore.exe"
情報,2019/11/07 15:14:02,Microsoft-Windows-Sysmon,5,Process terminated (rule: ProcessTerminate),"Process terminated:
UtcTime: 2019-11-07 06:14:02.251
ProcessGuid: {CC41BF7E-4F1F-5A01-0000-001049531600}
ProcessId: 5548
Image: C:\Program Files (x86)\Internet Explorer\iexplore.exe"
情報,2019/11/07 15:13:51,Microsoft-Windows-Sysmon,1,Process Create (rule: ProcessCreate),"Process Create:
UtcTime: 2019-11-07 06:13:51.398
ProcessGuid: {CC41BF7E-4F1F-5A01-0000-001049531600}
ProcessId: 5548
Image: C:\Program Files (x86)\Internet Explorer\iexplore.exe
CommandLine: ""C:\Program Files (x86)\Internet Explorer\IEXPLORE.EXE"" SCODEF:5624 CREDAT:140545 /prefetch:2
CurrentDirectory: C:\Users\maebashi.gunma\Desktop\
User: EXAMPLE\maebashi.gunma
LogonGuid: {CC41BF7E-4CE6-5A01-0000-002031FB0200}
LogonId: 0x2FB31
TerminalSessionId: 1
IntegrityLevel: Low
Hashes: SHA1=B2533AE4CDAA5F2B0B38A76B8EB65F12C7B225EC
ParentProcessGuid: {CC41BF7E-4F1F-5A01-0000-00105A481600}
ParentProcessId: 5624
ParentImage: C:\Program Files\Internet Explorer\iexplore.exe
ParentCommandLine: ""C:\Program Files\Internet Explorer\iexplore.exe"" -Embedding"
情報,2019/11/07 15:13:51,Microsoft-Windows-Sysmon,1,Process Create (rule: ProcessCreate),"Process Create:
UtcTime: 2019-11-07 06:13:51.246
ProcessGuid: {CC41BF7E-4F1F-5A01-0000-00105A481600}
ProcessId: 5624
Image: C:\Program Files\Internet Explorer\iexplore.exe
CommandLine: ""C:\Program Files\Internet Explorer\iexplore.exe"" -Embedding
CurrentDirectory: C:\Windows\system32\
User: EXAMPLE\maebashi.gunma
LogonGuid: {CC41BF7E-4CE6-5A01-0000-002031FB0200}
LogonId: 0x2FB31
TerminalSessionId: 1
IntegrityLevel: Medium
Hashes: SHA1=F0FEB5350BD497A9E9BF77ED072315E64ABFFA33
ParentProcessGuid: {CC41BF7E-4CCD-5A01-0000-0010D0890000}
ParentProcessId: 664
ParentImage: C:\Windows\System32\svchost.exe
ParentCommandLine: C:\Windows\system32\svchost.exe -k DcomLaunch"
情報,2019/11/07 15:13:50,Microsoft-Windows-Sysmon,5,Process terminated (rule: ProcessTerminate),"Process terminated:
UtcTime: 2019-11-07 06:13:50.712
ProcessGuid: {CC41BF7E-4F1E-5A01-0000-0010EF401600}
ProcessId: 4996
Image: C:\Windows\System32\taskhostw.exe"
情報,2019/11/07 15:13:50,Microsoft-Windows-Sysmon,1,Process Create (rule: ProcessCreate),"Process Create:
UtcTime: 2019-11-07 06:13:50.649
ProcessGuid: {CC41BF7E-4F1E-5A01-0000-0010EF401600}
ProcessId: 4996
Image: C:\Windows\System32\taskhostw.exe
CommandLine: taskhostw.exe
CurrentDirectory: C:\Windows\system32\
User: EXAMPLE\maebashi.gunma
LogonGuid: {CC41BF7E-4CE6-5A01-0000-002031FB0200}
LogonId: 0x2FB31
TerminalSessionId: 1
IntegrityLevel: Medium
Hashes: SHA1=9CC394E9F9AEF58F7BDB90B8B19559AB6605CB64
ParentProcessGuid: {CC41BF7E-4CD0-5A01-0000-00101AF00000}
ParentProcessId: 900
ParentImage: C:\Windows\System32\svchost.exe
ParentCommandLine: C:\Windows\system32\svchost.exe -k netsvcs"
情報,2019/11/07 15:13:42,Microsoft-Windows-Sysmon,5,Process terminated (rule: ProcessTerminate),"Process terminated:
UtcTime: 2019-11-07 06:13:42.766
ProcessGuid: {CC41BF7E-4F16-5A01-0000-001058111600}
ProcessId: 6092
Image: C:\Windows\System32\backgroundTaskHost.exe"
情報,2019/11/07 15:13:42,Microsoft-Windows-Sysmon,1,Process Create (rule: ProcessCreate),"Process Create:
UtcTime: 2019-11-07 06:13:42.469
ProcessGuid: {CC41BF7E-4F16-5A01-0000-001058111600}
ProcessId: 6092
Image: C:\Windows\System32\backgroundTaskHost.exe
CommandLine: ""C:\Windows\system32\backgroundTaskHost.exe"" -ServerName:App.AppXmtcan0h2tfbfy7k9kn8hbxb6dmzz1zh0.mca
CurrentDirectory: C:\Windows\SystemApps\Microsoft.Windows.ContentDeliveryManager_cw5n1h2txyewy\
User: EXAMPLE\maebashi.gunma
LogonGuid: {CC41BF7E-4CE6-5A01-0000-002031FB0200}
LogonId: 0x2FB31
TerminalSessionId: 1
IntegrityLevel: AppContainer
Hashes: SHA1=8B4E7D875398E67D5277D9C8C9BFA027F9705EDC
ParentProcessGuid: {CC41BF7E-4CCD-5A01-0000-0010D0890000}
ParentProcessId: 664
ParentImage: C:\Windows\System32\svchost.exe
ParentCommandLine: C:\Windows\system32\svchost.exe -k DcomLaunch"
情報,2019/11/07 15:13:30,Microsoft-Windows-Sysmon,5,Process terminated (rule: ProcessTerminate),"Process terminated:
UtcTime: 2019-11-07 06:13:30.324
ProcessGuid: {CC41BF7E-4EFF-5A01-0000-0010EED71500}
ProcessId: 1444
Image: C:\Program Files\Internet Explorer\iexplore.exe"
情報,2019/11/07 15:13:30,Microsoft-Windows-Sysmon,5,Process terminated (rule: ProcessTerminate),"Process terminated:
UtcTime: 2019-11-07 06:13:30.278
ProcessGuid: {CC41BF7E-4EFF-5A01-0000-001053E21500}
ProcessId: 5440
Image: C:\Program Files (x86)\Internet Explorer\iexplore.exe"
情報,2019/11/07 15:13:19,Microsoft-Windows-Sysmon,1,Process Create (rule: ProcessCreate),"Process Create:
UtcTime: 2019-11-07 06:13:19.439
ProcessGuid: {CC41BF7E-4EFF-5A01-0000-001053E21500}
ProcessId: 5440
Image: C:\Program Files (x86)\Internet Explorer\iexplore.exe
CommandLine: ""C:\Program Files (x86)\Internet Explorer\IEXPLORE.EXE"" SCODEF:1444 CREDAT:140545 /prefetch:2
CurrentDirectory: C:\Users\maebashi.gunma\Desktop\
User: EXAMPLE\maebashi.gunma
LogonGuid: {CC41BF7E-4CE6-5A01-0000-002031FB0200}
LogonId: 0x2FB31
TerminalSessionId: 1
IntegrityLevel: Low
Hashes: SHA1=B2533AE4CDAA5F2B0B38A76B8EB65F12C7B225EC
ParentProcessGuid: {CC41BF7E-4EFF-5A01-0000-0010EED71500}
ParentProcessId: 1444
ParentImage: C:\Program Files\Internet Explorer\iexplore.exe
ParentCommandLine: ""C:\Program Files\Internet Explorer\iexplore.exe"" -Embedding"
情報,2019/11/07 15:13:19,Microsoft-Windows-Sysmon,1,Process Create (rule: ProcessCreate),"Process Create:
UtcTime: 2019-11-07 06:13:19.308
ProcessGuid: {CC41BF7E-4EFF-5A01-0000-0010EED71500}
ProcessId: 1444
Image: C:\Program Files\Internet Explorer\iexplore.exe
CommandLine: ""C:\Program Files\Internet Explorer\iexplore.exe"" -Embedding
CurrentDirectory: C:\Windows\system32\
User: EXAMPLE\maebashi.gunma
LogonGuid: {CC41BF7E-4CE6-5A01-0000-002031FB0200}
LogonId: 0x2FB31
TerminalSessionId: 1
IntegrityLevel: Medium
Hashes: SHA1=F0FEB5350BD497A9E9BF77ED072315E64ABFFA33
ParentProcessGuid: {CC41BF7E-4CCD-5A01-0000-0010D0890000}
ParentProcessId: 664
ParentImage: C:\Windows\System32\svchost.exe
ParentCommandLine: C:\Windows\system32\svchost.exe -k DcomLaunch"
情報,2019/11/07 15:13:18,Microsoft-Windows-Sysmon,5,Process terminated (rule: ProcessTerminate),"Process terminated:
UtcTime: 2019-11-07 06:13:18.211
ProcessGuid: {CC41BF7E-4ED6-5A01-0000-001008BF1500}
ProcessId: 5952
Image: C:\Program Files (x86)\Google\Update\GoogleUpdate.exe"
情報,2019/11/07 15:13:18,Microsoft-Windows-Sysmon,5,Process terminated (rule: ProcessTerminate),"Process terminated:
UtcTime: 2019-11-07 06:13:18.195
ProcessGuid: {CC41BF7E-4EF2-5A01-0000-001062C31500}
ProcessId: 6072
Image: C:\Program Files (x86)\Google\Update\GoogleUpdate.exe"
情報,2019/11/07 15:13:06,Microsoft-Windows-Sysmon,1,Process Create (rule: ProcessCreate),"Process Create:
UtcTime: 2019-11-07 06:13:06.992
ProcessGuid: {CC41BF7E-4EF2-5A01-0000-001062C31500}
ProcessId: 6072
Image: C:\Program Files (x86)\Google\Update\GoogleUpdate.exe
CommandLine: ""C:\Program Files (x86)\Google\Update\GoogleUpdate.exe"" /svc
CurrentDirectory: C:\Windows\system32\
User: NT AUTHORITY\SYSTEM
LogonGuid: {CC41BF7E-4CCC-5A01-0000-0020E7030000}
LogonId: 0x3E7
TerminalSessionId: 0
IntegrityLevel: System
Hashes: SHA1=2BBB25793FB06E79462911A3F51C4E71EA86034E
ParentProcessGuid: {CC41BF7E-4CCC-5A01-0000-001065750000}
ParentProcessId: 552
ParentImage: C:\Windows\System32\services.exe
ParentCommandLine: C:\Windows\system32\services.exe"
情報,2019/11/07 15:12:38,Microsoft-Windows-Sysmon,1,Process Create (rule: ProcessCreate),"Process Create:
UtcTime: 2019-11-07 06:12:38.219
ProcessGuid: {CC41BF7E-4ED6-5A01-0000-001008BF1500}
ProcessId: 5952
Image: C:\Program Files (x86)\Google\Update\GoogleUpdate.exe
CommandLine: ""C:\Program Files (x86)\Google\Update\GoogleUpdate.exe"" /ua /installsource core
CurrentDirectory: C:\Program Files (x86)\Google\Update\1.3.26.9\
User: NT AUTHORITY\SYSTEM
LogonGuid: {CC41BF7E-4CCC-5A01-0000-0020E7030000}
LogonId: 0x3E7
TerminalSessionId: 0
IntegrityLevel: System
Hashes: SHA1=2BBB25793FB06E79462911A3F51C4E71EA86034E
ParentProcessGuid: {CC41BF7E-4CDD-5A01-0000-0010ABF90100}
ParentProcessId: 2096
ParentImage: C:\Program Files (x86)\Google\Update\GoogleUpdate.exe
ParentCommandLine: ""C:\Program Files (x86)\Google\Update\GoogleUpdate.exe"" /c"
情報,2019/11/07 15:12:27,Microsoft-Windows-Sysmon,5,Process terminated (rule: ProcessTerminate),"Process terminated:
UtcTime: 2019-11-07 06:12:27.398
ProcessGuid: {CC41BF7E-4EC0-5A01-0000-00109E8B1500}
ProcessId: 1788
Image: C:\Program Files\Internet Explorer\iexplore.exe"
情報,2019/11/07 15:12:27,Microsoft-Windows-Sysmon,5,Process terminated (rule: ProcessTerminate),"Process terminated:
UtcTime: 2019-11-07 06:12:27.336
ProcessGuid: {CC41BF7E-4EC0-5A01-0000-00101A961500}
ProcessId: 6128
Image: C:\Program Files (x86)\Internet Explorer\iexplore.exe"
情報,2019/11/07 15:12:16,Microsoft-Windows-Sysmon,1,Process Create (rule: ProcessCreate),"Process Create:
UtcTime: 2019-11-07 06:12:16.333
ProcessGuid: {CC41BF7E-4EC0-5A01-0000-00101A961500}
ProcessId: 6128
Image: C:\Program Files (x86)\Internet Explorer\iexplore.exe
CommandLine: ""C:\Program Files (x86)\Internet Explorer\IEXPLORE.EXE"" SCODEF:1788 CREDAT:140545 /prefetch:2
CurrentDirectory: C:\Users\maebashi.gunma\Desktop\
User: EXAMPLE\maebashi.gunma
LogonGuid: {CC41BF7E-4CE6-5A01-0000-002031FB0200}
LogonId: 0x2FB31
TerminalSessionId: 1
IntegrityLevel: Low
Hashes: SHA1=B2533AE4CDAA5F2B0B38A76B8EB65F12C7B225EC
ParentProcessGuid: {CC41BF7E-4EC0-5A01-0000-00109E8B1500}
ParentProcessId: 1788
ParentImage: C:\Program Files\Internet Explorer\iexplore.exe
ParentCommandLine: ""C:\Program Files\Internet Explorer\iexplore.exe"" -Embedding"
情報,2019/11/07 15:12:16,Microsoft-Windows-Sysmon,1,Process Create (rule: ProcessCreate),"Process Create:
UtcTime: 2019-11-07 06:12:16.163
ProcessGuid: {CC41BF7E-4EC0-5A01-0000-00109E8B1500}
ProcessId: 1788
Image: C:\Program Files\Internet Explorer\iexplore.exe
CommandLine: ""C:\Program Files\Internet Explorer\iexplore.exe"" -Embedding
CurrentDirectory: C:\Windows\system32\
User: EXAMPLE\maebashi.gunma
LogonGuid: {CC41BF7E-4CE6-5A01-0000-002031FB0200}
LogonId: 0x2FB31
TerminalSessionId: 1
IntegrityLevel: Medium
Hashes: SHA1=F0FEB5350BD497A9E9BF77ED072315E64ABFFA33
ParentProcessGuid: {CC41BF7E-4CCD-5A01-0000-0010D0890000}
ParentProcessId: 664
ParentImage: C:\Windows\System32\svchost.exe
ParentCommandLine: C:\Windows\system32\svchost.exe -k DcomLaunch"
情報,2019/11/07 15:12:06,Microsoft-Windows-Sysmon,5,Process terminated (rule: ProcessTerminate),"Process terminated:
UtcTime: 2019-11-07 06:12:06.230
ProcessGuid: {CC41BF7E-4E64-5A01-0000-001022C31400}
ProcessId: 2192
Image: C:\Windows\System32\backgroundTaskHost.exe"
情報,2019/11/07 15:12:05,Microsoft-Windows-Sysmon,5,Process terminated (rule: ProcessTerminate),"Process terminated:
UtcTime: 2019-11-07 06:12:05.793
ProcessGuid: {CC41BF7E-4EB5-5A01-0000-0010CB7D1500}
ProcessId: 4260
Image: C:\Windows\System32\taskhostw.exe"
情報,2019/11/07 15:12:05,Microsoft-Windows-Sysmon,1,Process Create (rule: ProcessCreate),"Process Create:
UtcTime: 2019-11-07 06:12:05.741
ProcessGuid: {CC41BF7E-4EB5-5A01-0000-0010CB7D1500}
ProcessId: 4260
Image: C:\Windows\System32\taskhostw.exe
CommandLine: taskhostw.exe
CurrentDirectory: C:\Windows\system32\
User: EXAMPLE\maebashi.gunma
LogonGuid: {CC41BF7E-4CE6-5A01-0000-002031FB0200}
LogonId: 0x2FB31
TerminalSessionId: 1
IntegrityLevel: Medium
Hashes: SHA1=9CC394E9F9AEF58F7BDB90B8B19559AB6605CB64
ParentProcessGuid: {CC41BF7E-4CD0-5A01-0000-00101AF00000}
ParentProcessId: 900
ParentImage: C:\Windows\System32\svchost.exe
ParentCommandLine: C:\Windows\system32\svchost.exe -k netsvcs"
情報,2019/11/07 15:11:50,Microsoft-Windows-Sysmon,5,Process terminated (rule: ProcessTerminate),"Process terminated:
UtcTime: 2019-11-07 06:11:50.823
ProcessGuid: {CC41BF7E-4EA6-5A01-0000-0010306A1500}
ProcessId: 5928
Image: C:\Windows\System32\taskhostw.exe"
情報,2019/11/07 15:11:50,Microsoft-Windows-Sysmon,1,Process Create (rule: ProcessCreate),"Process Create:
UtcTime: 2019-11-07 06:11:50.758
ProcessGuid: {CC41BF7E-4EA6-5A01-0000-0010306A1500}
ProcessId: 5928
Image: C:\Windows\System32\taskhostw.exe
CommandLine: taskhostw.exe
CurrentDirectory: C:\Windows\system32\
User: EXAMPLE\maebashi.gunma
LogonGuid: {CC41BF7E-4CE6-5A01-0000-002031FB0200}
LogonId: 0x2FB31
TerminalSessionId: 1
IntegrityLevel: Medium
Hashes: SHA1=9CC394E9F9AEF58F7BDB90B8B19559AB6605CB64
ParentProcessGuid: {CC41BF7E-4CD0-5A01-0000-00101AF00000}
ParentProcessId: 900
ParentImage: C:\Windows\System32\svchost.exe
ParentCommandLine: C:\Windows\system32\svchost.exe -k netsvcs"
情報,2019/11/07 15:10:55,Microsoft-Windows-Sysmon,5,Process terminated (rule: ProcessTerminate),"Process terminated:
UtcTime: 2019-11-07 06:10:55.296
ProcessGuid: {CC41BF7E-4E5D-5A01-0000-001075571400}
ProcessId: 4552
Image: C:\Program Files\Internet Explorer\iexplore.exe"
情報,2019/11/07 15:10:55,Microsoft-Windows-Sysmon,5,Process terminated (rule: ProcessTerminate),"Process terminated:
UtcTime: 2019-11-07 06:10:55.265
ProcessGuid: {CC41BF7E-4E5D-5A01-0000-001081671400}
ProcessId: 4812
Image: C:\Program Files (x86)\Internet Explorer\iexplore.exe"
情報,2019/11/07 15:10:55,Microsoft-Windows-Sysmon,5,Process terminated (rule: ProcessTerminate),"Process terminated:
UtcTime: 2019-11-07 06:10:55.234
ProcessGuid: {CC41BF7E-4E66-5A01-0000-0010AB051500}
ProcessId: 2860
Image: C:\Windows\System32\Macromed\Flash\FlashUtil_ActiveX.exe"
情報,2019/11/07 15:10:53,Microsoft-Windows-Sysmon,5,Process terminated (rule: ProcessTerminate),"Process terminated:
UtcTime: 2019-11-07 06:10:53.579
ProcessGuid: {CC41BF7E-4E6C-5A01-0000-001058531500}
ProcessId: 5256
Image: C:\Windows\System32\klist.exe"
情報,2019/11/07 15:10:53,Microsoft-Windows-Sysmon,9,RawAccessRead detected (rule: RawAccessRead),"RawAccessRead detected:
UtcTime: 2019-11-07 06:10:53.021
ProcessGuid: {CC41BF7E-4CB9-5A01-0000-0010EB030000}
ProcessId: 4
Image: System
Device: \Device\HarddiskVolume2"
情報,2019/11/07 15:10:53,Microsoft-Windows-Sysmon,9,RawAccessRead detected (rule: RawAccessRead),"RawAccessRead detected:
UtcTime: 2019-11-07 06:10:53.021
ProcessGuid: {CC41BF7E-4CB9-5A01-0000-0010EB030000}
ProcessId: 4
Image: System
Device: \Device\HarddiskVolume1"
情報,2019/11/07 15:10:53,Microsoft-Windows-Sysmon,1,Process Create (rule: ProcessCreate),"Process Create:
UtcTime: 2019-11-07 06:10:52.773
ProcessGuid: {CC41BF7E-4E6C-5A01-0000-001058531500}
ProcessId: 5256
Image: C:\Windows\System32\klist.exe
CommandLine: klist  purge
CurrentDirectory: C:\Users\maebashi.gunma\
User: EXAMPLE\maebashi.gunma
LogonGuid: {CC41BF7E-4CE6-5A01-0000-002031FB0200}
LogonId: 0x2FB31
TerminalSessionId: 1
IntegrityLevel: Medium
Hashes: SHA1=0212B9B929CD5224B181081EEFAEAC5BE04038C4
ParentProcessGuid: {CC41BF7E-4E61-5A01-0000-0010F1A41400}
ParentProcessId: 1492
ParentImage: C:\Windows\System32\cmd.exe
ParentCommandLine: ""C:\Windows\system32\cmd.exe"" "
情報,2019/11/07 15:10:48,Microsoft-Windows-Sysmon,5,Process terminated (rule: ProcessTerminate),"Process terminated:
UtcTime: 2019-11-07 06:10:48.022
ProcessGuid: {CC41BF7E-4E5C-5A01-0000-0010964D1400}
ProcessId: 4324
Image: C:\Windows\System32\backgroundTaskHost.exe"
情報,2019/11/07 15:10:47,Microsoft-Windows-Sysmon,5,Process terminated (rule: ProcessTerminate),"Process terminated:
UtcTime: 2019-11-07 06:10:47.912
ProcessGuid: {CC41BF7E-4E60-5A01-0000-001018951400}
ProcessId: 1952
Image: C:\Windows\System32\BackgroundTransferHost.exe"
情報,2019/11/07 15:10:46,Microsoft-Windows-Sysmon,9,RawAccessRead detected (rule: RawAccessRead),"RawAccessRead detected:
UtcTime: 2019-11-07 06:10:46.086
ProcessGuid: {CC41BF7E-4CB9-5A01-0000-0010EB030000}
ProcessId: 4
Image: System
Device: \Device\HarddiskVolume2"
情報,2019/11/07 15:10:46,Microsoft-Windows-Sysmon,9,RawAccessRead detected (rule: RawAccessRead),"RawAccessRead detected:
UtcTime: 2019-11-07 06:10:46.086
ProcessGuid: {CC41BF7E-4CB9-5A01-0000-0010EB030000}
ProcessId: 4
Image: System
Device: \Device\HarddiskVolume1"
情報,2019/11/07 15:10:46,Microsoft-Windows-Sysmon,1,Process Create (rule: ProcessCreate),"Process Create:
UtcTime: 2019-11-07 06:10:46.076
ProcessGuid: {CC41BF7E-4E66-5A01-0000-0010AB051500}
ProcessId: 2860
Image: C:\Windows\System32\Macromed\Flash\FlashUtil_ActiveX.exe
CommandLine: ""C:\Windows\System32\Macromed\Flash\FlashUtil_ActiveX.exe"" -Embedding
CurrentDirectory: C:\Windows\system32\
User: EXAMPLE\maebashi.gunma
LogonGuid: {CC41BF7E-4CE6-5A01-0000-002031FB0200}
LogonId: 0x2FB31
TerminalSessionId: 1
IntegrityLevel: Medium
Hashes: SHA1=7885A583868EA312E7F141E15B2BC45BF0086DB1
ParentProcessGuid: {CC41BF7E-4CCD-5A01-0000-0010D0890000}
ParentProcessId: 664
ParentImage: C:\Windows\System32\svchost.exe
ParentCommandLine: C:\Windows\system32\svchost.exe -k DcomLaunch"
情報,2019/11/07 15:10:44,Microsoft-Windows-Sysmon,9,RawAccessRead detected (rule: RawAccessRead),"RawAccessRead detected:
UtcTime: 2019-11-07 06:10:44.166
ProcessGuid: {CC41BF7E-4CB9-5A01-0000-0010EB030000}
ProcessId: 4
Image: System
Device: \Device\HarddiskVolume2"
情報,2019/11/07 15:10:44,Microsoft-Windows-Sysmon,9,RawAccessRead detected (rule: RawAccessRead),"RawAccessRead detected:
UtcTime: 2019-11-07 06:10:44.150
ProcessGuid: {CC41BF7E-4CB9-5A01-0000-0010EB030000}
ProcessId: 4
Image: System
Device: \Device\HarddiskVolume1"
情報,2019/11/07 15:10:44,Microsoft-Windows-Sysmon,1,Process Create (rule: ProcessCreate),"Process Create:
UtcTime: 2019-11-07 06:10:44.127
ProcessGuid: {CC41BF7E-4E64-5A01-0000-001022C31400}
ProcessId: 2192
Image: C:\Windows\System32\backgroundTaskHost.exe
CommandLine: ""C:\Windows\system32\backgroundTaskHost.exe"" -ServerName:CortanaUI.AppXy7vb4pc2dr3kc93kfc509b1d0arkfb2x.mca
CurrentDirectory: C:\Windows\SystemApps\Microsoft.Windows.Cortana_cw5n1h2txyewy\
User: EXAMPLE\maebashi.gunma
LogonGuid: {CC41BF7E-4CE6-5A01-0000-002031FB0200}
LogonId: 0x2FB31
TerminalSessionId: 1
IntegrityLevel: AppContainer
Hashes: SHA1=8B4E7D875398E67D5277D9C8C9BFA027F9705EDC
ParentProcessGuid: {CC41BF7E-4CCD-5A01-0000-0010D0890000}
ParentProcessId: 664
ParentImage: C:\Windows\System32\svchost.exe
ParentCommandLine: C:\Windows\system32\svchost.exe -k DcomLaunch"
情報,2019/11/07 15:10:43,Microsoft-Windows-Sysmon,1,Process Create (rule: ProcessCreate),"Process Create:
UtcTime: 2019-11-07 06:10:43.058
ProcessGuid: {CC41BF7E-4E63-5A01-0000-00106CB31400}
ProcessId: 468
Image: C:\Windows\System32\conhost.exe
CommandLine: \??\C:\Windows\system32\conhost.exe 0xffffffff -ForceV1
CurrentDirectory: C:\Windows
User: EXAMPLE\maebashi.gunma
LogonGuid: {CC41BF7E-4CE6-5A01-0000-002031FB0200}
LogonId: 0x2FB31
TerminalSessionId: 1
IntegrityLevel: Medium
Hashes: SHA1=00667A0F0C0D5E9DA697E9FF54ECDDD449259354
ParentProcessGuid: {CC41BF7E-4E61-5A01-0000-0010F1A41400}
ParentProcessId: 1492
ParentImage: C:\Windows\System32\cmd.exe
ParentCommandLine: ""C:\Windows\system32\cmd.exe"" "
情報,2019/11/07 15:10:41,Microsoft-Windows-Sysmon,9,RawAccessRead detected (rule: RawAccessRead),"RawAccessRead detected:
UtcTime: 2019-11-07 06:10:41.618
ProcessGuid: {CC41BF7E-4CB9-5A01-0000-0010EB030000}
ProcessId: 4
Image: System
Device: \Device\HarddiskVolume2"
情報,2019/11/07 15:10:41,Microsoft-Windows-Sysmon,9,RawAccessRead detected (rule: RawAccessRead),"RawAccessRead detected:
UtcTime: 2019-11-07 06:10:41.618
ProcessGuid: {CC41BF7E-4CB9-5A01-0000-0010EB030000}
ProcessId: 4
Image: System
Device: \Device\HarddiskVolume1"
情報,2019/11/07 15:10:41,Microsoft-Windows-Sysmon,1,Process Create (rule: ProcessCreate),"Process Create:
UtcTime: 2019-11-07 06:10:41.583
ProcessGuid: {CC41BF7E-4E61-5A01-0000-0010F1A41400}
ProcessId: 1492
Image: C:\Windows\System32\cmd.exe
CommandLine: ""C:\Windows\system32\cmd.exe"" 
CurrentDirectory: C:\Users\maebashi.gunma\
User: EXAMPLE\maebashi.gunma
LogonGuid: {CC41BF7E-4CE6-5A01-0000-002031FB0200}
LogonId: 0x2FB31
TerminalSessionId: 1
IntegrityLevel: Medium
Hashes: SHA1=99AE9C73E9BEE6F9C76D6F4093A9882DF06832CF
ParentProcessGuid: {CC41BF7E-4CF3-5A01-0000-0010EB5D0300}
ParentProcessId: 2144
ParentImage: C:\Windows\explorer.exe
ParentCommandLine: C:\Windows\Explorer.EXE"
情報,2019/11/07 15:10:41,Microsoft-Windows-Sysmon,5,Process terminated (rule: ProcessTerminate),"Process terminated:
UtcTime: 2019-11-07 06:10:41.540
ProcessGuid: {CC41BF7E-4E5C-5A01-0000-0010174A1400}
ProcessId: 3968
Image: C:\Windows\System32\dllhost.exe"
情報,2019/11/07 15:10:41,Microsoft-Windows-Sysmon,9,RawAccessRead detected (rule: RawAccessRead),"RawAccessRead detected:
UtcTime: 2019-11-07 06:10:41.415
ProcessGuid: {CC41BF7E-4CB9-5A01-0000-0010EB030000}
ProcessId: 4
Image: System
Device: \Device\HarddiskVolume2"
情報,2019/11/07 15:10:41,Microsoft-Windows-Sysmon,9,RawAccessRead detected (rule: RawAccessRead),"RawAccessRead detected:
UtcTime: 2019-11-07 06:10:41.415
ProcessGuid: {CC41BF7E-4CB9-5A01-0000-0010EB030000}
ProcessId: 4
Image: System
Device: \Device\HarddiskVolume1"
情報,2019/11/07 15:10:41,Microsoft-Windows-Sysmon,1,Process Create (rule: ProcessCreate),"Process Create:
UtcTime: 2019-11-07 06:10:40.981
ProcessGuid: {CC41BF7E-4E60-5A01-0000-001018951400}
ProcessId: 1952
Image: C:\Windows\System32\BackgroundTransferHost.exe
CommandLine: ""BackgroundTransferHost.exe"" -ServerName:BackgroundTransferHost.1
CurrentDirectory: C:\Windows\SystemApps\Microsoft.Windows.Cortana_cw5n1h2txyewy\
User: EXAMPLE\maebashi.gunma
LogonGuid: {CC41BF7E-4CE6-5A01-0000-002031FB0200}
LogonId: 0x2FB31
TerminalSessionId: 1
IntegrityLevel: AppContainer
Hashes: SHA1=4E38115E5D040AEB4B91A6CA466A425D4A5DD188
ParentProcessGuid: {CC41BF7E-4CCD-5A01-0000-0010D0890000}
ParentProcessId: 664
ParentImage: C:\Windows\System32\svchost.exe
ParentCommandLine: C:\Windows\system32\svchost.exe -k DcomLaunch"
情報,2019/11/07 15:10:39,Microsoft-Windows-Sysmon,1,Process Create (rule: ProcessCreate),"Process Create:
UtcTime: 2019-11-07 06:10:39.712
ProcessGuid: {CC41BF7E-4E5F-5A01-0000-0010898C1400}
ProcessId: 3636
Image: C:\Windows\System32\IME\SHARED\ImeBroker.exe
CommandLine: C:\Windows\System32\IME\SHARED\imebroker.exe -Embedding
CurrentDirectory: C:\Windows\system32\
User: EXAMPLE\maebashi.gunma
LogonGuid: {CC41BF7E-4CE6-5A01-0000-002031FB0200}
LogonId: 0x2FB31
TerminalSessionId: 1
IntegrityLevel: Medium
Hashes: SHA1=F1BB3F88828B96E9C1B5D27101A3D5F527741131
ParentProcessGuid: {CC41BF7E-4CCD-5A01-0000-0010D0890000}
ParentProcessId: 664
ParentImage: C:\Windows\System32\svchost.exe
ParentCommandLine: C:\Windows\system32\svchost.exe -k DcomLaunch"
情報,2019/11/07 15:10:37,Microsoft-Windows-Sysmon,1,Process Create (rule: ProcessCreate),"Process Create:
UtcTime: 2019-11-07 06:10:37.814
ProcessGuid: {CC41BF7E-4E5D-5A01-0000-001081671400}
ProcessId: 4812
Image: C:\Program Files (x86)\Internet Explorer\iexplore.exe
CommandLine: ""C:\Program Files (x86)\Internet Explorer\IEXPLORE.EXE"" SCODEF:4552 CREDAT:140545 /prefetch:2
CurrentDirectory: C:\Users\maebashi.gunma\Desktop\
User: EXAMPLE\maebashi.gunma
LogonGuid: {CC41BF7E-4CE6-5A01-0000-002031FB0200}
LogonId: 0x2FB31
TerminalSessionId: 1
IntegrityLevel: Low
Hashes: SHA1=B2533AE4CDAA5F2B0B38A76B8EB65F12C7B225EC
ParentProcessGuid: {CC41BF7E-4E5D-5A01-0000-001075571400}
ParentProcessId: 4552
ParentImage: C:\Program Files\Internet Explorer\iexplore.exe
ParentCommandLine: ""C:\Program Files\Internet Explorer\iexplore.exe"" -Embedding"
情報,2019/11/07 15:10:37,Microsoft-Windows-Sysmon,1,Process Create (rule: ProcessCreate),"Process Create:
UtcTime: 2019-11-07 06:10:37.187
ProcessGuid: {CC41BF7E-4E5D-5A01-0000-001075571400}
ProcessId: 4552
Image: C:\Program Files\Internet Explorer\iexplore.exe
CommandLine: ""C:\Program Files\Internet Explorer\iexplore.exe"" -Embedding
CurrentDirectory: C:\Windows\system32\
User: EXAMPLE\maebashi.gunma
LogonGuid: {CC41BF7E-4CE6-5A01-0000-002031FB0200}
LogonId: 0x2FB31
TerminalSessionId: 1
IntegrityLevel: Medium
Hashes: SHA1=F0FEB5350BD497A9E9BF77ED072315E64ABFFA33
ParentProcessGuid: {CC41BF7E-4CCD-5A01-0000-0010D0890000}
ParentProcessId: 664
ParentImage: C:\Windows\System32\svchost.exe
ParentCommandLine: C:\Windows\system32\svchost.exe -k DcomLaunch"
情報,2019/11/07 15:10:36,Microsoft-Windows-Sysmon,9,RawAccessRead detected (rule: RawAccessRead),"RawAccessRead detected:
UtcTime: 2019-11-07 06:10:36.374
ProcessGuid: {CC41BF7E-4CB9-5A01-0000-0010EB030000}
ProcessId: 4
Image: System
Device: \Device\HarddiskVolume2"
情報,2019/11/07 15:10:36,Microsoft-Windows-Sysmon,9,RawAccessRead detected (rule: RawAccessRead),"RawAccessRead detected:
UtcTime: 2019-11-07 06:10:36.374
ProcessGuid: {CC41BF7E-4CB9-5A01-0000-0010EB030000}
ProcessId: 4
Image: System
Device: \Device\HarddiskVolume1"
情報,2019/11/07 15:10:36,Microsoft-Windows-Sysmon,1,Process Create (rule: ProcessCreate),"Process Create:
UtcTime: 2019-11-07 06:10:36.379
ProcessGuid: {CC41BF7E-4E5C-5A01-0000-0010FA4E1400}
ProcessId: 2420
Image: C:\Windows\System32\dllhost.exe
CommandLine: C:\Windows\system32\DllHost.exe /Processid:{49F6E667-6658-4BD1-9DE9-6AF87F9FAF85}
CurrentDirectory: C:\Windows\system32\
User: EXAMPLE\maebashi.gunma
LogonGuid: {CC41BF7E-4CE6-5A01-0000-002031FB0200}
LogonId: 0x2FB31
TerminalSessionId: 1
IntegrityLevel: Medium
Hashes: SHA1=0E33FA9CE0074155F361DB9CB36183431C8FC266
ParentProcessGuid: {CC41BF7E-4CCD-5A01-0000-0010D0890000}
ParentProcessId: 664
ParentImage: C:\Windows\System32\svchost.exe
ParentCommandLine: C:\Windows\system32\svchost.exe -k DcomLaunch"
情報,2019/11/07 15:10:36,Microsoft-Windows-Sysmon,1,Process Create (rule: ProcessCreate),"Process Create:
UtcTime: 2019-11-07 06:10:36.368
ProcessGuid: {CC41BF7E-4E5C-5A01-0000-0010964D1400}
ProcessId: 4324
Image: C:\Windows\System32\backgroundTaskHost.exe
CommandLine: ""C:\Windows\system32\backgroundTaskHost.exe"" -ServerName:App.AppXmtcan0h2tfbfy7k9kn8hbxb6dmzz1zh0.mca
CurrentDirectory: C:\Windows\SystemApps\Microsoft.Windows.ContentDeliveryManager_cw5n1h2txyewy\
User: EXAMPLE\maebashi.gunma
LogonGuid: {CC41BF7E-4CE6-5A01-0000-002031FB0200}
LogonId: 0x2FB31
TerminalSessionId: 1
IntegrityLevel: AppContainer
Hashes: SHA1=8B4E7D875398E67D5277D9C8C9BFA027F9705EDC
ParentProcessGuid: {CC41BF7E-4CCD-5A01-0000-0010D0890000}
ParentProcessId: 664
ParentImage: C:\Windows\System32\svchost.exe
ParentCommandLine: C:\Windows\system32\svchost.exe -k DcomLaunch"
情報,2019/11/07 15:10:36,Microsoft-Windows-Sysmon,9,RawAccessRead detected (rule: RawAccessRead),"RawAccessRead detected:
UtcTime: 2019-11-07 06:10:36.311
ProcessGuid: {CC41BF7E-4CB9-5A01-0000-0010EB030000}
ProcessId: 4
Image: System
Device: \Device\HarddiskVolume2"
情報,2019/11/07 15:10:36,Microsoft-Windows-Sysmon,9,RawAccessRead detected (rule: RawAccessRead),"RawAccessRead detected:
UtcTime: 2019-11-07 06:10:36.311
ProcessGuid: {CC41BF7E-4CB9-5A01-0000-0010EB030000}
ProcessId: 4
Image: System
Device: \Device\HarddiskVolume1"
情報,2019/11/07 15:10:36,Microsoft-Windows-Sysmon,1,Process Create (rule: ProcessCreate),"Process Create:
UtcTime: 2019-11-07 06:10:36.304
ProcessGuid: {CC41BF7E-4E5C-5A01-0000-0010174A1400}
ProcessId: 3968
Image: C:\Windows\System32\dllhost.exe
CommandLine: C:\Windows\system32\DllHost.exe /Processid:{DC4537C3-CA73-4AC7-9E1D-B2CE27C3A7A6}
CurrentDirectory: C:\Windows\system32\
User: EXAMPLE\maebashi.gunma
LogonGuid: {CC41BF7E-4CE6-5A01-0000-002031FB0200}
LogonId: 0x2FB31
TerminalSessionId: 1
IntegrityLevel: Medium
Hashes: SHA1=0E33FA9CE0074155F361DB9CB36183431C8FC266
ParentProcessGuid: {CC41BF7E-4CCD-5A01-0000-0010D0890000}
ParentProcessId: 664
ParentImage: C:\Windows\System32\svchost.exe
ParentCommandLine: C:\Windows\system32\svchost.exe -k DcomLaunch"
情報,2019/11/07 15:10:15,Microsoft-Windows-Sysmon,9,RawAccessRead detected (rule: RawAccessRead),"RawAccessRead detected:
UtcTime: 2019-11-07 06:10:15.612
ProcessGuid: {CC41BF7E-4CD1-5A01-0000-0010EF070100}
ProcessId: 96
Image: C:\Windows\System32\svchost.exe
Device: \Device\HarddiskVolume2"
情報,2019/11/07 15:10:14,Microsoft-Windows-Sysmon,5,Process terminated (rule: ProcessTerminate),"Process terminated:
UtcTime: 2019-11-07 06:10:14.144
ProcessGuid: {CC41BF7E-4E32-5A01-0000-001003F71300}
ProcessId: 4644
Image: C:\Program Files\Internet Explorer\iexplore.exe"
情報,2019/11/07 15:10:14,Microsoft-Windows-Sysmon,5,Process terminated (rule: ProcessTerminate),"Process terminated:
UtcTime: 2019-11-07 06:10:14.129
ProcessGuid: {CC41BF7E-4E32-5A01-0000-0010DB011400}
ProcessId: 2516
Image: C:\Program Files (x86)\Internet Explorer\iexplore.exe"
情報,2019/11/07 15:10:10,Microsoft-Windows-Sysmon,9,RawAccessRead detected (rule: RawAccessRead),"RawAccessRead detected:
UtcTime: 2019-11-07 06:10:10.070
ProcessGuid: {CC41BF7E-4CD1-5A01-0000-0010EF070100}
ProcessId: 96
Image: C:\Windows\System32\svchost.exe
Device: \Device\HarddiskVolume2"
情報,2019/11/07 15:10:04,Microsoft-Windows-Sysmon,9,RawAccessRead detected (rule: RawAccessRead),"RawAccessRead detected:
UtcTime: 2019-11-07 06:10:04.404
ProcessGuid: {CC41BF7E-4CD1-5A01-0000-0010EF070100}
ProcessId: 96
Image: C:\Windows\System32\svchost.exe
Device: \Device\HarddiskVolume2"
情報,2019/11/07 15:10:02,Microsoft-Windows-Sysmon,9,RawAccessRead detected (rule: RawAccessRead),"RawAccessRead detected:
UtcTime: 2019-11-07 06:10:02.983
ProcessGuid: {CC41BF7E-4CD1-5A01-0000-0010EF070100}
ProcessId: 96
Image: C:\Windows\System32\svchost.exe
Device: \Device\HarddiskVolume2"
情報,2019/11/07 15:09:54,Microsoft-Windows-Sysmon,9,RawAccessRead detected (rule: RawAccessRead),"RawAccessRead detected:
UtcTime: 2019-11-07 06:09:54.834
ProcessGuid: {CC41BF7E-4CD1-5A01-0000-0010EF070100}
ProcessId: 96
Image: C:\Windows\System32\svchost.exe
Device: \Device\HarddiskVolume2"
情報,2019/11/07 15:09:54,Microsoft-Windows-Sysmon,1,Process Create (rule: ProcessCreate),"Process Create:
UtcTime: 2019-11-07 06:09:54.548
ProcessGuid: {CC41BF7E-4E32-5A01-0000-0010DB011400}
ProcessId: 2516
Image: C:\Program Files (x86)\Internet Explorer\iexplore.exe
CommandLine: ""C:\Program Files (x86)\Internet Explorer\IEXPLORE.EXE"" SCODEF:4644 CREDAT:140545 /prefetch:2
CurrentDirectory: C:\Users\maebashi.gunma\Desktop\
User: EXAMPLE\maebashi.gunma
LogonGuid: {CC41BF7E-4CE6-5A01-0000-002031FB0200}
LogonId: 0x2FB31
TerminalSessionId: 1
IntegrityLevel: Low
Hashes: SHA1=B2533AE4CDAA5F2B0B38A76B8EB65F12C7B225EC
ParentProcessGuid: {CC41BF7E-4E32-5A01-0000-001003F71300}
ParentProcessId: 4644
ParentImage: C:\Program Files\Internet Explorer\iexplore.exe
ParentCommandLine: ""C:\Program Files\Internet Explorer\iexplore.exe"" -Embedding"
情報,2019/11/07 15:09:54,Microsoft-Windows-Sysmon,1,Process Create (rule: ProcessCreate),"Process Create:
UtcTime: 2019-11-07 06:09:54.385
ProcessGuid: {CC41BF7E-4E32-5A01-0000-001003F71300}
ProcessId: 4644
Image: C:\Program Files\Internet Explorer\iexplore.exe
CommandLine: ""C:\Program Files\Internet Explorer\iexplore.exe"" -Embedding
CurrentDirectory: C:\Windows\system32\
User: EXAMPLE\maebashi.gunma
LogonGuid: {CC41BF7E-4CE6-5A01-0000-002031FB0200}
LogonId: 0x2FB31
TerminalSessionId: 1
IntegrityLevel: Medium
Hashes: SHA1=F0FEB5350BD497A9E9BF77ED072315E64ABFFA33
ParentProcessGuid: {CC41BF7E-4CCD-5A01-0000-0010D0890000}
ParentProcessId: 664
ParentImage: C:\Windows\System32\svchost.exe
ParentCommandLine: C:\Windows\system32\svchost.exe -k DcomLaunch"
情報,2019/11/07 15:09:50,Microsoft-Windows-Sysmon,5,Process terminated (rule: ProcessTerminate),"Process terminated:
UtcTime: 2019-11-07 06:09:50.963
ProcessGuid: {CC41BF7E-4E2E-5A01-0000-001069EC1300}
ProcessId: 6116
Image: C:\Windows\System32\taskhostw.exe"
情報,2019/11/07 15:09:50,Microsoft-Windows-Sysmon,1,Process Create (rule: ProcessCreate),"Process Create:
UtcTime: 2019-11-07 06:09:50.870
ProcessGuid: {CC41BF7E-4E2E-5A01-0000-001069EC1300}
ProcessId: 6116
Image: C:\Windows\System32\taskhostw.exe
CommandLine: taskhostw.exe
CurrentDirectory: C:\Windows\system32\
User: EXAMPLE\maebashi.gunma
LogonGuid: {CC41BF7E-4CE6-5A01-0000-002031FB0200}
LogonId: 0x2FB31
TerminalSessionId: 1
IntegrityLevel: Medium
Hashes: SHA1=9CC394E9F9AEF58F7BDB90B8B19559AB6605CB64
ParentProcessGuid: {CC41BF7E-4CD0-5A01-0000-00101AF00000}
ParentProcessId: 900
ParentImage: C:\Windows\System32\svchost.exe
ParentCommandLine: C:\Windows\system32\svchost.exe -k netsvcs"
情報,2019/11/07 15:09:50,Microsoft-Windows-Sysmon,9,RawAccessRead detected (rule: RawAccessRead),"RawAccessRead detected:
UtcTime: 2019-11-07 06:09:50.104
ProcessGuid: {CC41BF7E-4CD1-5A01-0000-0010EF070100}
ProcessId: 96
Image: C:\Windows\System32\svchost.exe
Device: \Device\HarddiskVolume2"
情報,2019/11/07 15:09:35,Microsoft-Windows-Sysmon,5,Process terminated (rule: ProcessTerminate),"Process terminated:
UtcTime: 2019-11-07 06:09:35.945
ProcessGuid: {CC41BF7E-4E1F-5A01-0000-00107CD81300}
ProcessId: 1352
Image: C:\Windows\System32\taskhostw.exe"
情報,2019/11/07 15:09:35,Microsoft-Windows-Sysmon,1,Process Create (rule: ProcessCreate),"Process Create:
UtcTime: 2019-11-07 06:09:35.887
ProcessGuid: {CC41BF7E-4E1F-5A01-0000-00107CD81300}
ProcessId: 1352
Image: C:\Windows\System32\taskhostw.exe
CommandLine: taskhostw.exe
CurrentDirectory: C:\Windows\system32\
User: EXAMPLE\maebashi.gunma
LogonGuid: {CC41BF7E-4CE6-5A01-0000-002031FB0200}
LogonId: 0x2FB31
TerminalSessionId: 1
IntegrityLevel: Medium
Hashes: SHA1=9CC394E9F9AEF58F7BDB90B8B19559AB6605CB64
ParentProcessGuid: {CC41BF7E-4CD0-5A01-0000-00101AF00000}
ParentProcessId: 900
ParentImage: C:\Windows\System32\svchost.exe
ParentCommandLine: C:\Windows\system32\svchost.exe -k netsvcs"
情報,2019/11/07 15:09:35,Microsoft-Windows-Sysmon,5,Process terminated (rule: ProcessTerminate),"Process terminated:
UtcTime: 2019-11-07 06:09:35.430
ProcessGuid: {CC41BF7E-4E14-5A01-0000-0010749F1300}
ProcessId: 6052
Image: C:\Program Files\Internet Explorer\iexplore.exe"
情報,2019/11/07 15:09:35,Microsoft-Windows-Sysmon,5,Process terminated (rule: ProcessTerminate),"Process terminated:
UtcTime: 2019-11-07 06:09:35.399
ProcessGuid: {CC41BF7E-4E14-5A01-0000-00102BAA1300}
ProcessId: 5360
Image: C:\Program Files (x86)\Internet Explorer\iexplore.exe"
情報,2019/11/07 15:09:34,Microsoft-Windows-Sysmon,5,Process terminated (rule: ProcessTerminate),"Process terminated:
UtcTime: 2019-11-07 06:09:34.010
ProcessGuid: {CC41BF7E-4E18-5A01-0000-0010A1CB1300}
ProcessId: 6056
Image: C:\Windows\System32\InstallAgent.exe"
情報,2019/11/07 15:09:29,Microsoft-Windows-Sysmon,5,Process terminated (rule: ProcessTerminate),"Process terminated:
UtcTime: 2019-11-07 06:09:29.014
ProcessGuid: {CC41BF7E-4E18-5A01-0000-001007C91300}
ProcessId: 5820
Image: C:\Windows\System32\taskhostw.exe"
情報,2019/11/07 15:09:28,Microsoft-Windows-Sysmon,1,Process Create (rule: ProcessCreate),"Process Create:
UtcTime: 2019-11-07 06:09:28.974
ProcessGuid: {CC41BF7E-4E18-5A01-0000-0010A1CB1300}
ProcessId: 6056
Image: C:\Windows\System32\InstallAgent.exe
CommandLine: C:\Windows\System32\InstallAgent.exe -Embedding
CurrentDirectory: C:\Windows\system32\
User: EXAMPLE\maebashi.gunma
LogonGuid: {CC41BF7E-4CE6-5A01-0000-002031FB0200}
LogonId: 0x2FB31
TerminalSessionId: 1
IntegrityLevel: Medium
Hashes: SHA1=05A083370F7A7E7DF99AD0764DEA0E7B53E324E3
ParentProcessGuid: {CC41BF7E-4CCD-5A01-0000-0010D0890000}
ParentProcessId: 664
ParentImage: C:\Windows\System32\svchost.exe
ParentCommandLine: C:\Windows\system32\svchost.exe -k DcomLaunch"
情報,2019/11/07 15:09:28,Microsoft-Windows-Sysmon,1,Process Create (rule: ProcessCreate),"Process Create:
UtcTime: 2019-11-07 06:09:28.766
ProcessGuid: {CC41BF7E-4E18-5A01-0000-001007C91300}
ProcessId: 5820
Image: C:\Windows\System32\taskhostw.exe
CommandLine: taskhostw.exe
CurrentDirectory: C:\Windows\system32\
User: EXAMPLE\maebashi.gunma
LogonGuid: {CC41BF7E-4CE6-5A01-0000-002031FB0200}
LogonId: 0x2FB31
TerminalSessionId: 1
IntegrityLevel: Medium
Hashes: SHA1=9CC394E9F9AEF58F7BDB90B8B19559AB6605CB64
ParentProcessGuid: {CC41BF7E-4CD0-5A01-0000-00101AF00000}
ParentProcessId: 900
ParentImage: C:\Windows\System32\svchost.exe
ParentCommandLine: C:\Windows\system32\svchost.exe -k netsvcs"
情報,2019/11/07 15:09:24,Microsoft-Windows-Sysmon,1,Process Create (rule: ProcessCreate),"Process Create:
UtcTime: 2019-11-07 06:09:24.551
ProcessGuid: {CC41BF7E-4E14-5A01-0000-00102BAA1300}
ProcessId: 5360
Image: C:\Program Files (x86)\Internet Explorer\iexplore.exe
CommandLine: ""C:\Program Files (x86)\Internet Explorer\IEXPLORE.EXE"" SCODEF:6052 CREDAT:140545 /prefetch:2
CurrentDirectory: C:\Users\maebashi.gunma\Desktop\
User: EXAMPLE\maebashi.gunma
LogonGuid: {CC41BF7E-4CE6-5A01-0000-002031FB0200}
LogonId: 0x2FB31
TerminalSessionId: 1
IntegrityLevel: Low
Hashes: SHA1=B2533AE4CDAA5F2B0B38A76B8EB65F12C7B225EC
ParentProcessGuid: {CC41BF7E-4E14-5A01-0000-0010749F1300}
ParentProcessId: 6052
ParentImage: C:\Program Files\Internet Explorer\iexplore.exe
ParentCommandLine: ""C:\Program Files\Internet Explorer\iexplore.exe"" -Embedding"
情報,2019/11/07 15:09:24,Microsoft-Windows-Sysmon,1,Process Create (rule: ProcessCreate),"Process Create:
UtcTime: 2019-11-07 06:09:24.392
ProcessGuid: {CC41BF7E-4E14-5A01-0000-0010749F1300}
ProcessId: 6052
Image: C:\Program Files\Internet Explorer\iexplore.exe
CommandLine: ""C:\Program Files\Internet Explorer\iexplore.exe"" -Embedding
CurrentDirectory: C:\Windows\system32\
User: EXAMPLE\maebashi.gunma
LogonGuid: {CC41BF7E-4CE6-5A01-0000-002031FB0200}
LogonId: 0x2FB31
TerminalSessionId: 1
IntegrityLevel: Medium
Hashes: SHA1=F0FEB5350BD497A9E9BF77ED072315E64ABFFA33
ParentProcessGuid: {CC41BF7E-4CCD-5A01-0000-0010D0890000}
ParentProcessId: 664
ParentImage: C:\Windows\System32\svchost.exe
ParentCommandLine: C:\Windows\system32\svchost.exe -k DcomLaunch"
情報,2019/11/07 15:09:10,Microsoft-Windows-Sysmon,5,Process terminated (rule: ProcessTerminate),"Process terminated:
UtcTime: 2019-11-07 06:09:10.404
ProcessGuid: {CC41BF7E-4DFA-5A01-0000-0010E8681300}
ProcessId: 5776
Image: C:\Program Files\Internet Explorer\iexplore.exe"
情報,2019/11/07 15:09:10,Microsoft-Windows-Sysmon,5,Process terminated (rule: ProcessTerminate),"Process terminated:
UtcTime: 2019-11-07 06:09:10.389
ProcessGuid: {CC41BF7E-4DFA-5A01-0000-0010EE731300}
ProcessId: 5364
Image: C:\Program Files (x86)\Internet Explorer\iexplore.exe"
情報,2019/11/07 15:09:05,Microsoft-Windows-Sysmon,5,Process terminated (rule: ProcessTerminate),"Process terminated:
UtcTime: 2019-11-07 06:09:05.498
ProcessGuid: {CC41BF7E-4D89-5A01-0000-00106EBC0F00}
ProcessId: 4796
Image: C:\Windows\System32\wbem\WmiPrvSE.exe"
情報,2019/11/07 15:08:58,Microsoft-Windows-Sysmon,1,Process Create (rule: ProcessCreate),"Process Create:
UtcTime: 2019-11-07 06:08:58.389
ProcessGuid: {CC41BF7E-4DFA-5A01-0000-0010EE731300}
ProcessId: 5364
Image: C:\Program Files (x86)\Internet Explorer\iexplore.exe
CommandLine: ""C:\Program Files (x86)\Internet Explorer\IEXPLORE.EXE"" SCODEF:5776 CREDAT:140545 /prefetch:2
CurrentDirectory: C:\Users\maebashi.gunma\Desktop\
User: EXAMPLE\maebashi.gunma
LogonGuid: {CC41BF7E-4CE6-5A01-0000-002031FB0200}
LogonId: 0x2FB31
TerminalSessionId: 1
IntegrityLevel: Low
Hashes: SHA1=B2533AE4CDAA5F2B0B38A76B8EB65F12C7B225EC
ParentProcessGuid: {CC41BF7E-4DFA-5A01-0000-0010E8681300}
ParentProcessId: 5776
ParentImage: C:\Program Files\Internet Explorer\iexplore.exe
ParentCommandLine: ""C:\Program Files\Internet Explorer\iexplore.exe"" -Embedding"
情報,2019/11/07 15:08:58,Microsoft-Windows-Sysmon,1,Process Create (rule: ProcessCreate),"Process Create:
UtcTime: 2019-11-07 06:08:58.229
ProcessGuid: {CC41BF7E-4DFA-5A01-0000-0010E8681300}
ProcessId: 5776
Image: C:\Program Files\Internet Explorer\iexplore.exe
CommandLine: ""C:\Program Files\Internet Explorer\iexplore.exe"" -Embedding
CurrentDirectory: C:\Windows\system32\
User: EXAMPLE\maebashi.gunma
LogonGuid: {CC41BF7E-4CE6-5A01-0000-002031FB0200}
LogonId: 0x2FB31
TerminalSessionId: 1
IntegrityLevel: Medium
Hashes: SHA1=F0FEB5350BD497A9E9BF77ED072315E64ABFFA33
ParentProcessGuid: {CC41BF7E-4CCD-5A01-0000-0010D0890000}
ParentProcessId: 664
ParentImage: C:\Windows\System32\svchost.exe
ParentCommandLine: C:\Windows\system32\svchost.exe -k DcomLaunch"
情報,2019/11/07 15:08:16,Microsoft-Windows-Sysmon,5,Process terminated (rule: ProcessTerminate),"Process terminated:
UtcTime: 2019-11-07 06:08:16.037
ProcessGuid: {CC41BF7E-4DC5-5A01-0000-0010244F1300}
ProcessId: 5928
Image: C:\Windows\System32\wbem\WMIADAP.exe"
情報,2019/11/07 15:08:05,Microsoft-Windows-Sysmon,9,RawAccessRead detected (rule: RawAccessRead),"RawAccessRead detected:
UtcTime: 2019-11-07 06:08:05.131
ProcessGuid: {CC41BF7E-4CB9-5A01-0000-0010EB030000}
ProcessId: 4
Image: System
Device: \Device\HarddiskVolume2"
情報,2019/11/07 15:08:05,Microsoft-Windows-Sysmon,9,RawAccessRead detected (rule: RawAccessRead),"RawAccessRead detected:
UtcTime: 2019-11-07 06:08:05.131
ProcessGuid: {CC41BF7E-4CB9-5A01-0000-0010EB030000}
ProcessId: 4
Image: System
Device: \Device\HarddiskVolume1"
情報,2019/11/07 15:08:05,Microsoft-Windows-Sysmon,1,Process Create (rule: ProcessCreate),"Process Create:
UtcTime: 2019-11-07 06:08:05.130
ProcessGuid: {CC41BF7E-4DC5-5A01-0000-0010244F1300}
ProcessId: 5928
Image: C:\Windows\System32\wbem\WMIADAP.exe
CommandLine: wmiadap.exe /F /T /R
CurrentDirectory: C:\Windows\system32\
User: NT AUTHORITY\SYSTEM
LogonGuid: {CC41BF7E-4CCC-5A01-0000-0020E7030000}
LogonId: 0x3E7
TerminalSessionId: 0
IntegrityLevel: System
Hashes: SHA1=7244C6839CBB7E6C88D789B135E3FEB73444F4AE
ParentProcessGuid: {CC41BF7E-4CD0-5A01-0000-00101AF00000}
ParentProcessId: 900
ParentImage: C:\Windows\System32\svchost.exe
ParentCommandLine: C:\Windows\system32\svchost.exe -k netsvcs"
情報,2019/11/07 15:07:54,Microsoft-Windows-Sysmon,5,Process terminated (rule: ProcessTerminate),"Process terminated:
UtcTime: 2019-11-07 06:07:54.975
ProcessGuid: {CC41BF7E-4D5A-5A01-0000-00109E420D00}
ProcessId: 4496
Image: C:\Windows\System32\backgroundTaskHost.exe"
情報,2019/11/07 15:07:54,Microsoft-Windows-Sysmon,5,Process terminated (rule: ProcessTerminate),"Process terminated:
UtcTime: 2019-11-07 06:07:54.959
ProcessGuid: {CC41BF7E-4D09-5A01-0000-00104DC40400}
ProcessId: 3288
Image: C:\Windows\System32\backgroundTaskHost.exe"
情報,2019/11/07 15:07:50,Microsoft-Windows-Sysmon,5,Process terminated (rule: ProcessTerminate),"Process terminated:
UtcTime: 2019-11-07 06:07:50.959
ProcessGuid: {CC41BF7E-4DB6-5A01-0000-0010C0371300}
ProcessId: 5492
Image: C:\Windows\System32\taskhostw.exe"
情報,2019/11/07 15:07:50,Microsoft-Windows-Sysmon,1,Process Create (rule: ProcessCreate),"Process Create:
UtcTime: 2019-11-07 06:07:50.878
ProcessGuid: {CC41BF7E-4DB6-5A01-0000-0010C0371300}
ProcessId: 5492
Image: C:\Windows\System32\taskhostw.exe
CommandLine: taskhostw.exe
CurrentDirectory: C:\Windows\system32\
User: EXAMPLE\maebashi.gunma
LogonGuid: {CC41BF7E-4CE6-5A01-0000-002031FB0200}
LogonId: 0x2FB31
TerminalSessionId: 1
IntegrityLevel: Medium
Hashes: SHA1=9CC394E9F9AEF58F7BDB90B8B19559AB6605CB64
ParentProcessGuid: {CC41BF7E-4CD0-5A01-0000-00101AF00000}
ParentProcessId: 900
ParentImage: C:\Windows\System32\svchost.exe
ParentCommandLine: C:\Windows\system32\svchost.exe -k netsvcs"
情報,2019/11/07 15:07:42,Microsoft-Windows-Sysmon,5,Process terminated (rule: ProcessTerminate),"Process terminated:
UtcTime: 2019-11-07 06:07:42.366
ProcessGuid: {CC41BF7E-4D21-5A01-0000-00104B120800}
ProcessId: 4656
Image: C:\Windows\System32\IME\SHARED\ImeBroker.exe"
情報,2019/11/07 15:07:41,Microsoft-Windows-Sysmon,5,Process terminated (rule: ProcessTerminate),"Process terminated:
UtcTime: 2019-11-07 06:07:41.803
ProcessGuid: {CC41BF7E-4D8A-5A01-0000-0010C5E60F00}
ProcessId: 4540
Image: C:\Windows\System32\sppsvc.exe"
情報,2019/11/07 15:07:40,Microsoft-Windows-Sysmon,5,Process terminated (rule: ProcessTerminate),"Process terminated:
UtcTime: 2019-11-07 06:07:40.662
ProcessGuid: {CC41BF7E-4D39-5A01-0000-001092470A00}
ProcessId: 4532
Image: C:\Windows\System32\Taskmgr.exe"
情報,2019/11/07 15:07:35,Microsoft-Windows-Sysmon,5,Process terminated (rule: ProcessTerminate),"Process terminated:
UtcTime: 2019-11-07 06:07:35.975
ProcessGuid: {CC41BF7E-4DA7-5A01-0000-001084EC1200}
ProcessId: 3708
Image: C:\Windows\System32\taskhostw.exe"
情報,2019/11/07 15:07:35,Microsoft-Windows-Sysmon,1,Process Create (rule: ProcessCreate),"Process Create:
UtcTime: 2019-11-07 06:07:35.874
ProcessGuid: {CC41BF7E-4DA7-5A01-0000-001084EC1200}
ProcessId: 3708
Image: C:\Windows\System32\taskhostw.exe
CommandLine: taskhostw.exe
CurrentDirectory: C:\Windows\system32\
User: EXAMPLE\maebashi.gunma
LogonGuid: {CC41BF7E-4CE6-5A01-0000-002031FB0200}
LogonId: 0x2FB31
TerminalSessionId: 1
IntegrityLevel: Medium
Hashes: SHA1=9CC394E9F9AEF58F7BDB90B8B19559AB6605CB64
ParentProcessGuid: {CC41BF7E-4CD0-5A01-0000-00101AF00000}
ParentProcessId: 900
ParentImage: C:\Windows\System32\svchost.exe
ParentCommandLine: C:\Windows\system32\svchost.exe -k netsvcs"
情報,2019/11/07 15:07:27,Microsoft-Windows-Sysmon,5,Process terminated (rule: ProcessTerminate),"Process terminated:
UtcTime: 2019-11-07 06:07:27.287
ProcessGuid: {CC41BF7E-4D93-5A01-0000-0010092C1100}
ProcessId: 5488
Image: C:\Program Files\Internet Explorer\iexplore.exe"
情報,2019/11/07 15:07:27,Microsoft-Windows-Sysmon,5,Process terminated (rule: ProcessTerminate),"Process terminated:
UtcTime: 2019-11-07 06:07:27.241
ProcessGuid: {CC41BF7E-4D93-5A01-0000-001046371100}
ProcessId: 5408
Image: C:\Program Files (x86)\Internet Explorer\iexplore.exe"
情報,2019/11/07 15:07:24,Microsoft-Windows-Sysmon,5,Process terminated (rule: ProcessTerminate),"Process terminated:
UtcTime: 2019-11-07 06:07:24.959
ProcessGuid: {CC41BF7E-4D5A-5A01-0000-001035400D00}
ProcessId: 4996
Image: C:\Windows\System32\backgroundTaskHost.exe"
情報,2019/11/07 15:07:24,Microsoft-Windows-Sysmon,5,Process terminated (rule: ProcessTerminate),"Process terminated:
UtcTime: 2019-11-07 06:07:24.303
ProcessGuid: {CC41BF7E-4D86-5A01-0000-0010D7420F00}
ProcessId: 5328
Image: C:\Windows\System32\wermgr.exe"
情報,2019/11/07 15:07:23,Microsoft-Windows-Sysmon,5,Process terminated (rule: ProcessTerminate),"Process terminated:
UtcTime: 2019-11-07 06:07:23.662
ProcessGuid: {CC41BF7E-4D86-5A01-0000-0010224E0F00}
ProcessId: 5476
Image: C:\Windows\System32\conhost.exe"
情報,2019/11/07 15:07:23,Microsoft-Windows-Sysmon,5,Process terminated (rule: ProcessTerminate),"Process terminated:
UtcTime: 2019-11-07 06:07:23.662
ProcessGuid: {CC41BF7E-4D86-5A01-0000-0010FC450F00}
ProcessId: 5380
Image: C:\Windows\System32\CompatTelRunner.exe"
情報,2019/11/07 15:07:23,Microsoft-Windows-Sysmon,5,Process terminated (rule: ProcessTerminate),"Process terminated:
UtcTime: 2019-11-07 06:07:23.662
ProcessGuid: {CC41BF7E-4D9B-5A01-0000-0010F88F1200}
ProcessId: 6108
Image: C:\Windows\System32\CompatTelRunner.exe"
情報,2019/11/07 15:07:23,Microsoft-Windows-Sysmon,1,Process Create (rule: ProcessCreate),"Process Create:
UtcTime: 2019-11-07 06:07:23.459
ProcessGuid: {CC41BF7E-4D9B-5A01-0000-0010F88F1200}
ProcessId: 6108
Image: C:\Windows\System32\CompatTelRunner.exe
CommandLine: C:\Windows\system32\CompatTelRunner.exe -m:appraiser.dll -f:UpdateAvStatus -cv:6Qaz/1Gcz0GcRc1m.3
CurrentDirectory: C:\Windows\system32\
User: NT AUTHORITY\SYSTEM
LogonGuid: {CC41BF7E-4CCC-5A01-0000-0020E7030000}
LogonId: 0x3E7
TerminalSessionId: 0
IntegrityLevel: System
Hashes: SHA1=ADD5DC226C1AAD3D34BE09AEF2CEF0D845A4C5CC
ParentProcessGuid: {CC41BF7E-4D86-5A01-0000-0010FC450F00}
ParentProcessId: 5380
ParentImage: C:\Windows\System32\CompatTelRunner.exe
ParentCommandLine: C:\Windows\system32\compattelrunner.exe"
情報,2019/11/07 15:07:23,Microsoft-Windows-Sysmon,5,Process terminated (rule: ProcessTerminate),"Process terminated:
UtcTime: 2019-11-07 06:07:23.444
ProcessGuid: {CC41BF7E-4D87-5A01-0000-00103D620F00}
ProcessId: 5760
Image: C:\Windows\System32\CompatTelRunner.exe"
情報,2019/11/07 15:07:23,Microsoft-Windows-Sysmon,5,Process terminated (rule: ProcessTerminate),"Process terminated:
UtcTime: 2019-11-07 06:07:23.319
ProcessGuid: {CC41BF7E-4CD4-5A01-0000-0010BF480100}
ProcessId: 1352
Image: C:\Windows\System32\svchost.exe"
情報,2019/11/07 15:07:15,Microsoft-Windows-Sysmon,1,Process Create (rule: ProcessCreate),"Process Create:
UtcTime: 2019-11-07 06:07:15.522
ProcessGuid: {CC41BF7E-4D93-5A01-0000-001046371100}
ProcessId: 5408
Image: C:\Program Files (x86)\Internet Explorer\iexplore.exe
CommandLine: ""C:\Program Files (x86)\Internet Explorer\IEXPLORE.EXE"" SCODEF:5488 CREDAT:140545 /prefetch:2
CurrentDirectory: C:\Users\maebashi.gunma\Desktop\
User: EXAMPLE\maebashi.gunma
LogonGuid: {CC41BF7E-4CE6-5A01-0000-002031FB0200}
LogonId: 0x2FB31
TerminalSessionId: 1
IntegrityLevel: Low
Hashes: SHA1=B2533AE4CDAA5F2B0B38A76B8EB65F12C7B225EC
ParentProcessGuid: {CC41BF7E-4D93-5A01-0000-0010092C1100}
ParentProcessId: 5488
ParentImage: C:\Program Files\Internet Explorer\iexplore.exe
ParentCommandLine: ""C:\Program Files\Internet Explorer\iexplore.exe"" -Embedding"
