情報,2019/11/07 17:26:51,Microsoft-Windows-Sysmon,5,Process terminated (rule: ProcessTerminate),"Process terminated:
UtcTime: 2019-11-07 08:26:51.782
ProcessGuid: {CC41BF7E-6E40-5A01-0000-0010E6074100}
ProcessId: 5248
Image: C:\Program Files\Internet Explorer\iexplore.exe"
情報,2019/11/07 17:26:51,Microsoft-Windows-Sysmon,5,Process terminated (rule: ProcessTerminate),"Process terminated:
UtcTime: 2019-11-07 08:26:51.766
ProcessGuid: {CC41BF7E-6E40-5A01-0000-00105D124100}
ProcessId: 5436
Image: C:\Program Files (x86)\Internet Explorer\iexplore.exe"
情報,2019/11/07 17:26:40,Microsoft-Windows-Sysmon,1,Process Create (rule: ProcessCreate),"Process Create:
UtcTime: 2019-11-07 08:26:40.631
ProcessGuid: {CC41BF7E-6E40-5A01-0000-00105D124100}
ProcessId: 5436
Image: C:\Program Files (x86)\Internet Explorer\iexplore.exe
CommandLine: ""C:\Program Files (x86)\Internet Explorer\IEXPLORE.EXE"" SCODEF:5248 CREDAT:140545 /prefetch:2
CurrentDirectory: C:\Users\maebashi.gunma\Desktop\
User: EXAMPLE\maebashi.gunma
LogonGuid: {CC41BF7E-4CE6-5A01-0000-002031FB0200}
LogonId: 0x2FB31
TerminalSessionId: 1
IntegrityLevel: Low
Hashes: SHA1=B2533AE4CDAA5F2B0B38A76B8EB65F12C7B225EC
ParentProcessGuid: {CC41BF7E-6E40-5A01-0000-0010E6074100}
ParentProcessId: 5248
ParentImage: C:\Program Files\Internet Explorer\iexplore.exe
ParentCommandLine: ""C:\Program Files\Internet Explorer\iexplore.exe"" -Embedding"
情報,2019/11/07 17:26:40,Microsoft-Windows-Sysmon,1,Process Create (rule: ProcessCreate),"Process Create:
UtcTime: 2019-11-07 08:26:40.489
ProcessGuid: {CC41BF7E-6E40-5A01-0000-0010E6074100}
ProcessId: 5248
Image: C:\Program Files\Internet Explorer\iexplore.exe
CommandLine: ""C:\Program Files\Internet Explorer\iexplore.exe"" -Embedding
CurrentDirectory: C:\Windows\system32\
User: EXAMPLE\maebashi.gunma
LogonGuid: {CC41BF7E-4CE6-5A01-0000-002031FB0200}
LogonId: 0x2FB31
TerminalSessionId: 1
IntegrityLevel: Medium
Hashes: SHA1=F0FEB5350BD497A9E9BF77ED072315E64ABFFA33
ParentProcessGuid: {CC41BF7E-4CCD-5A01-0000-0010D0890000}
ParentProcessId: 664
ParentImage: C:\Windows\System32\svchost.exe
ParentCommandLine: C:\Windows\system32\svchost.exe -k DcomLaunch"
情報,2019/11/07 17:25:51,Microsoft-Windows-Sysmon,5,Process terminated (rule: ProcessTerminate),"Process terminated:
UtcTime: 2019-11-07 08:25:51.173
ProcessGuid: {CC41BF7E-6C27-5A01-0000-001099433F00}
ProcessId: 3528
Image: C:\Windows\System32\svchost.exe"
情報,2019/11/07 17:25:17,Microsoft-Windows-Sysmon,5,Process terminated (rule: ProcessTerminate),"Process terminated:
UtcTime: 2019-11-07 08:25:17.782
ProcessGuid: {CC41BF7E-6DE2-5A01-0000-001047CB4000}
ProcessId: 1808
Image: C:\Program Files\Internet Explorer\iexplore.exe"
情報,2019/11/07 17:25:17,Microsoft-Windows-Sysmon,5,Process terminated (rule: ProcessTerminate),"Process terminated:
UtcTime: 2019-11-07 08:25:17.766
ProcessGuid: {CC41BF7E-6DE2-5A01-0000-001093D54000}
ProcessId: 5680
Image: C:\Program Files (x86)\Internet Explorer\iexplore.exe"
情報,2019/11/07 17:25:06,Microsoft-Windows-Sysmon,1,Process Create (rule: ProcessCreate),"Process Create:
UtcTime: 2019-11-07 08:25:06.756
ProcessGuid: {CC41BF7E-6DE2-5A01-0000-001093D54000}
ProcessId: 5680
Image: C:\Program Files (x86)\Internet Explorer\iexplore.exe
CommandLine: ""C:\Program Files (x86)\Internet Explorer\IEXPLORE.EXE"" SCODEF:1808 CREDAT:140545 /prefetch:2
CurrentDirectory: C:\Users\maebashi.gunma\Desktop\
User: EXAMPLE\maebashi.gunma
LogonGuid: {CC41BF7E-4CE6-5A01-0000-002031FB0200}
LogonId: 0x2FB31
TerminalSessionId: 1
IntegrityLevel: Low
Hashes: SHA1=B2533AE4CDAA5F2B0B38A76B8EB65F12C7B225EC
ParentProcessGuid: {CC41BF7E-6DE2-5A01-0000-001047CB4000}
ParentProcessId: 1808
ParentImage: C:\Program Files\Internet Explorer\iexplore.exe
ParentCommandLine: ""C:\Program Files\Internet Explorer\iexplore.exe"" -Embedding"
情報,2019/11/07 17:25:06,Microsoft-Windows-Sysmon,1,Process Create (rule: ProcessCreate),"Process Create:
UtcTime: 2019-11-07 08:25:06.621
ProcessGuid: {CC41BF7E-6DE2-5A01-0000-001047CB4000}
ProcessId: 1808
Image: C:\Program Files\Internet Explorer\iexplore.exe
CommandLine: ""C:\Program Files\Internet Explorer\iexplore.exe"" -Embedding
CurrentDirectory: C:\Windows\system32\
User: EXAMPLE\maebashi.gunma
LogonGuid: {CC41BF7E-4CE6-5A01-0000-002031FB0200}
LogonId: 0x2FB31
TerminalSessionId: 1
IntegrityLevel: Medium
Hashes: SHA1=F0FEB5350BD497A9E9BF77ED072315E64ABFFA33
ParentProcessGuid: {CC41BF7E-4CCD-5A01-0000-0010D0890000}
ParentProcessId: 664
ParentImage: C:\Windows\System32\svchost.exe
ParentCommandLine: C:\Windows\system32\svchost.exe -k DcomLaunch"
情報,2019/11/07 17:24:19,Microsoft-Windows-Sysmon,5,Process terminated (rule: ProcessTerminate),"Process terminated:
UtcTime: 2019-11-07 08:24:19.570
ProcessGuid: {CC41BF7E-6DA8-5A01-0000-0010B2974000}
ProcessId: 2664
Image: C:\Program Files\Internet Explorer\iexplore.exe"
情報,2019/11/07 17:24:19,Microsoft-Windows-Sysmon,5,Process terminated (rule: ProcessTerminate),"Process terminated:
UtcTime: 2019-11-07 08:24:19.539
ProcessGuid: {CC41BF7E-6DA8-5A01-0000-00103EA24000}
ProcessId: 2012
Image: C:\Program Files (x86)\Internet Explorer\iexplore.exe"
情報,2019/11/07 17:24:08,Microsoft-Windows-Sysmon,1,Process Create (rule: ProcessCreate),"Process Create:
UtcTime: 2019-11-07 08:24:08.710
ProcessGuid: {CC41BF7E-6DA8-5A01-0000-00103EA24000}
ProcessId: 2012
Image: C:\Program Files (x86)\Internet Explorer\iexplore.exe
CommandLine: ""C:\Program Files (x86)\Internet Explorer\IEXPLORE.EXE"" SCODEF:2664 CREDAT:140545 /prefetch:2
CurrentDirectory: C:\Users\maebashi.gunma\Desktop\
User: EXAMPLE\maebashi.gunma
LogonGuid: {CC41BF7E-4CE6-5A01-0000-002031FB0200}
LogonId: 0x2FB31
TerminalSessionId: 1
IntegrityLevel: Low
Hashes: SHA1=B2533AE4CDAA5F2B0B38A76B8EB65F12C7B225EC
ParentProcessGuid: {CC41BF7E-6DA8-5A01-0000-0010B2974000}
ParentProcessId: 2664
ParentImage: C:\Program Files\Internet Explorer\iexplore.exe
ParentCommandLine: ""C:\Program Files\Internet Explorer\iexplore.exe"" -Embedding"
情報,2019/11/07 17:24:08,Microsoft-Windows-Sysmon,1,Process Create (rule: ProcessCreate),"Process Create:
UtcTime: 2019-11-07 08:24:08.546
ProcessGuid: {CC41BF7E-6DA8-5A01-0000-0010B2974000}
ProcessId: 2664
Image: C:\Program Files\Internet Explorer\iexplore.exe
CommandLine: ""C:\Program Files\Internet Explorer\iexplore.exe"" -Embedding
CurrentDirectory: C:\Windows\system32\
User: EXAMPLE\maebashi.gunma
LogonGuid: {CC41BF7E-4CE6-5A01-0000-002031FB0200}
LogonId: 0x2FB31
TerminalSessionId: 1
IntegrityLevel: Medium
Hashes: SHA1=F0FEB5350BD497A9E9BF77ED072315E64ABFFA33
ParentProcessGuid: {CC41BF7E-4CCD-5A01-0000-0010D0890000}
ParentProcessId: 664
ParentImage: C:\Windows\System32\svchost.exe
ParentCommandLine: C:\Windows\system32\svchost.exe -k DcomLaunch"
情報,2019/11/07 17:22:59,Microsoft-Windows-Sysmon,5,Process terminated (rule: ProcessTerminate),"Process terminated:
UtcTime: 2019-11-07 08:22:59.586
ProcessGuid: {CC41BF7E-6D56-5A01-0000-00102F504000}
ProcessId: 4660
Image: C:\Program Files\Internet Explorer\iexplore.exe"
情報,2019/11/07 17:22:59,Microsoft-Windows-Sysmon,5,Process terminated (rule: ProcessTerminate),"Process terminated:
UtcTime: 2019-11-07 08:22:59.554
ProcessGuid: {CC41BF7E-6D56-5A01-0000-0010B05A4000}
ProcessId: 3564
Image: C:\Program Files (x86)\Internet Explorer\iexplore.exe"
情報,2019/11/07 17:22:46,Microsoft-Windows-Sysmon,1,Process Create (rule: ProcessCreate),"Process Create:
UtcTime: 2019-11-07 08:22:46.583
ProcessGuid: {CC41BF7E-6D56-5A01-0000-0010B05A4000}
ProcessId: 3564
Image: C:\Program Files (x86)\Internet Explorer\iexplore.exe
CommandLine: ""C:\Program Files (x86)\Internet Explorer\IEXPLORE.EXE"" SCODEF:4660 CREDAT:140545 /prefetch:2
CurrentDirectory: C:\Users\maebashi.gunma\Desktop\
User: EXAMPLE\maebashi.gunma
LogonGuid: {CC41BF7E-4CE6-5A01-0000-002031FB0200}
LogonId: 0x2FB31
TerminalSessionId: 1
IntegrityLevel: Low
Hashes: SHA1=B2533AE4CDAA5F2B0B38A76B8EB65F12C7B225EC
ParentProcessGuid: {CC41BF7E-6D56-5A01-0000-00102F504000}
ParentProcessId: 4660
ParentImage: C:\Program Files\Internet Explorer\iexplore.exe
ParentCommandLine: ""C:\Program Files\Internet Explorer\iexplore.exe"" -Embedding"
情報,2019/11/07 17:22:46,Microsoft-Windows-Sysmon,1,Process Create (rule: ProcessCreate),"Process Create:
UtcTime: 2019-11-07 08:22:46.409
ProcessGuid: {CC41BF7E-6D56-5A01-0000-00102F504000}
ProcessId: 4660
Image: C:\Program Files\Internet Explorer\iexplore.exe
CommandLine: ""C:\Program Files\Internet Explorer\iexplore.exe"" -Embedding
CurrentDirectory: C:\Windows\system32\
User: EXAMPLE\maebashi.gunma
LogonGuid: {CC41BF7E-4CE6-5A01-0000-002031FB0200}
LogonId: 0x2FB31
TerminalSessionId: 1
IntegrityLevel: Medium
Hashes: SHA1=F0FEB5350BD497A9E9BF77ED072315E64ABFFA33
ParentProcessGuid: {CC41BF7E-4CCD-5A01-0000-0010D0890000}
ParentProcessId: 664
ParentImage: C:\Windows\System32\svchost.exe
ParentCommandLine: C:\Windows\system32\svchost.exe -k DcomLaunch"
情報,2019/11/07 17:22:34,Microsoft-Windows-Sysmon,5,Process terminated (rule: ProcessTerminate),"Process terminated:
UtcTime: 2019-11-07 08:22:34.468
ProcessGuid: {CC41BF7E-6D3E-5A01-0000-001000F73F00}
ProcessId: 2888
Image: C:\Program Files\Internet Explorer\iexplore.exe"
情報,2019/11/07 17:22:34,Microsoft-Windows-Sysmon,5,Process terminated (rule: ProcessTerminate),"Process terminated:
UtcTime: 2019-11-07 08:22:34.452
ProcessGuid: {CC41BF7E-6D3E-5A01-0000-00106E014000}
ProcessId: 836
Image: C:\Program Files (x86)\Internet Explorer\iexplore.exe"
情報,2019/11/07 17:22:34,Microsoft-Windows-Sysmon,5,Process terminated (rule: ProcessTerminate),"Process terminated:
UtcTime: 2019-11-07 08:22:34.421
ProcessGuid: {CC41BF7E-6D3F-5A01-0000-0010D71F4000}
ProcessId: 3204
Image: C:\Windows\System32\Macromed\Flash\FlashUtil_ActiveX.exe"
情報,2019/11/07 17:22:23,Microsoft-Windows-Sysmon,1,Process Create (rule: ProcessCreate),"Process Create:
UtcTime: 2019-11-07 08:22:23.605
ProcessGuid: {CC41BF7E-6D3F-5A01-0000-0010D71F4000}
ProcessId: 3204
Image: C:\Windows\System32\Macromed\Flash\FlashUtil_ActiveX.exe
CommandLine: ""C:\Windows\System32\Macromed\Flash\FlashUtil_ActiveX.exe"" -Embedding
CurrentDirectory: C:\Windows\system32\
User: EXAMPLE\maebashi.gunma
LogonGuid: {CC41BF7E-4CE6-5A01-0000-002031FB0200}
LogonId: 0x2FB31
TerminalSessionId: 1
IntegrityLevel: Medium
Hashes: SHA1=7885A583868EA312E7F141E15B2BC45BF0086DB1
ParentProcessGuid: {CC41BF7E-4CCD-5A01-0000-0010D0890000}
ParentProcessId: 664
ParentImage: C:\Windows\System32\svchost.exe
ParentCommandLine: C:\Windows\system32\svchost.exe -k DcomLaunch"
情報,2019/11/07 17:22:22,Microsoft-Windows-Sysmon,1,Process Create (rule: ProcessCreate),"Process Create:
UtcTime: 2019-11-07 08:22:22.244
ProcessGuid: {CC41BF7E-6D3E-5A01-0000-00106E014000}
ProcessId: 836
Image: C:\Program Files (x86)\Internet Explorer\iexplore.exe
CommandLine: ""C:\Program Files (x86)\Internet Explorer\IEXPLORE.EXE"" SCODEF:2888 CREDAT:140545 /prefetch:2
CurrentDirectory: C:\Users\maebashi.gunma\Desktop\
User: EXAMPLE\maebashi.gunma
LogonGuid: {CC41BF7E-4CE6-5A01-0000-002031FB0200}
LogonId: 0x2FB31
TerminalSessionId: 1
IntegrityLevel: Low
Hashes: SHA1=B2533AE4CDAA5F2B0B38A76B8EB65F12C7B225EC
ParentProcessGuid: {CC41BF7E-6D3E-5A01-0000-001000F73F00}
ParentProcessId: 2888
ParentImage: C:\Program Files\Internet Explorer\iexplore.exe
ParentCommandLine: ""C:\Program Files\Internet Explorer\iexplore.exe"" -Embedding"
情報,2019/11/07 17:22:22,Microsoft-Windows-Sysmon,1,Process Create (rule: ProcessCreate),"Process Create:
UtcTime: 2019-11-07 08:22:22.105
ProcessGuid: {CC41BF7E-6D3E-5A01-0000-001000F73F00}
ProcessId: 2888
Image: C:\Program Files\Internet Explorer\iexplore.exe
CommandLine: ""C:\Program Files\Internet Explorer\iexplore.exe"" -Embedding
CurrentDirectory: C:\Windows\system32\
User: EXAMPLE\maebashi.gunma
LogonGuid: {CC41BF7E-4CE6-5A01-0000-002031FB0200}
LogonId: 0x2FB31
TerminalSessionId: 1
IntegrityLevel: Medium
Hashes: SHA1=F0FEB5350BD497A9E9BF77ED072315E64ABFFA33
ParentProcessGuid: {CC41BF7E-4CCD-5A01-0000-0010D0890000}
ParentProcessId: 664
ParentImage: C:\Windows\System32\svchost.exe
ParentCommandLine: C:\Windows\system32\svchost.exe -k DcomLaunch"
情報,2019/11/07 17:21:39,Microsoft-Windows-Sysmon,5,Process terminated (rule: ProcessTerminate),"Process terminated:
UtcTime: 2019-11-07 08:21:39.992
ProcessGuid: {CC41BF7E-6D07-5A01-0000-0010EBC03F00}
ProcessId: 3912
Image: C:\Program Files\Internet Explorer\iexplore.exe"
情報,2019/11/07 17:21:39,Microsoft-Windows-Sysmon,5,Process terminated (rule: ProcessTerminate),"Process terminated:
UtcTime: 2019-11-07 08:21:39.960
ProcessGuid: {CC41BF7E-6D07-5A01-0000-001076CB3F00}
ProcessId: 5848
Image: C:\Program Files (x86)\Internet Explorer\iexplore.exe"
情報,2019/11/07 17:21:27,Microsoft-Windows-Sysmon,1,Process Create (rule: ProcessCreate),"Process Create:
UtcTime: 2019-11-07 08:21:27.291
ProcessGuid: {CC41BF7E-6D07-5A01-0000-001076CB3F00}
ProcessId: 5848
Image: C:\Program Files (x86)\Internet Explorer\iexplore.exe
CommandLine: ""C:\Program Files (x86)\Internet Explorer\IEXPLORE.EXE"" SCODEF:3912 CREDAT:140545 /prefetch:2
CurrentDirectory: C:\Users\maebashi.gunma\Desktop\
User: EXAMPLE\maebashi.gunma
LogonGuid: {CC41BF7E-4CE6-5A01-0000-002031FB0200}
LogonId: 0x2FB31
TerminalSessionId: 1
IntegrityLevel: Low
Hashes: SHA1=B2533AE4CDAA5F2B0B38A76B8EB65F12C7B225EC
ParentProcessGuid: {CC41BF7E-6D07-5A01-0000-0010EBC03F00}
ParentProcessId: 3912
ParentImage: C:\Program Files\Internet Explorer\iexplore.exe
ParentCommandLine: ""C:\Program Files\Internet Explorer\iexplore.exe"" -Embedding"
情報,2019/11/07 17:21:27,Microsoft-Windows-Sysmon,1,Process Create (rule: ProcessCreate),"Process Create:
UtcTime: 2019-11-07 08:21:27.143
ProcessGuid: {CC41BF7E-6D07-5A01-0000-0010EBC03F00}
ProcessId: 3912
Image: C:\Program Files\Internet Explorer\iexplore.exe
CommandLine: ""C:\Program Files\Internet Explorer\iexplore.exe"" -Embedding
CurrentDirectory: C:\Windows\system32\
User: EXAMPLE\maebashi.gunma
LogonGuid: {CC41BF7E-4CE6-5A01-0000-002031FB0200}
LogonId: 0x2FB31
TerminalSessionId: 1
IntegrityLevel: Medium
Hashes: SHA1=F0FEB5350BD497A9E9BF77ED072315E64ABFFA33
ParentProcessGuid: {CC41BF7E-4CCD-5A01-0000-0010D0890000}
ParentProcessId: 664
ParentImage: C:\Windows\System32\svchost.exe
ParentCommandLine: C:\Windows\system32\svchost.exe -k DcomLaunch"
情報,2019/11/07 17:20:11,Microsoft-Windows-Sysmon,5,Process terminated (rule: ProcessTerminate),"Process terminated:
UtcTime: 2019-11-07 08:20:11.170
ProcessGuid: {CC41BF7E-6CAF-5A01-0000-00109F703F00}
ProcessId: 192
Image: C:\Program Files\Internet Explorer\iexplore.exe"
情報,2019/11/07 17:20:11,Microsoft-Windows-Sysmon,5,Process terminated (rule: ProcessTerminate),"Process terminated:
UtcTime: 2019-11-07 08:20:11.139
ProcessGuid: {CC41BF7E-6CAF-5A01-0000-00102A7B3F00}
ProcessId: 3908
Image: C:\Program Files (x86)\Internet Explorer\iexplore.exe"
情報,2019/11/07 17:19:59,Microsoft-Windows-Sysmon,1,Process Create (rule: ProcessCreate),"Process Create:
UtcTime: 2019-11-07 08:19:59.981
ProcessGuid: {CC41BF7E-6CAF-5A01-0000-00102A7B3F00}
ProcessId: 3908
Image: C:\Program Files (x86)\Internet Explorer\iexplore.exe
CommandLine: ""C:\Program Files (x86)\Internet Explorer\IEXPLORE.EXE"" SCODEF:192 CREDAT:140545 /prefetch:2
CurrentDirectory: C:\Users\maebashi.gunma\Desktop\
User: EXAMPLE\maebashi.gunma
LogonGuid: {CC41BF7E-4CE6-5A01-0000-002031FB0200}
LogonId: 0x2FB31
TerminalSessionId: 1
IntegrityLevel: Low
Hashes: SHA1=B2533AE4CDAA5F2B0B38A76B8EB65F12C7B225EC
ParentProcessGuid: {CC41BF7E-6CAF-5A01-0000-00109F703F00}
ParentProcessId: 192
ParentImage: C:\Program Files\Internet Explorer\iexplore.exe
ParentCommandLine: ""C:\Program Files\Internet Explorer\iexplore.exe"" -Embedding"
情報,2019/11/07 17:19:59,Microsoft-Windows-Sysmon,1,Process Create (rule: ProcessCreate),"Process Create:
UtcTime: 2019-11-07 08:19:59.785
ProcessGuid: {CC41BF7E-6CAF-5A01-0000-00109F703F00}
ProcessId: 192
Image: C:\Program Files\Internet Explorer\iexplore.exe
CommandLine: ""C:\Program Files\Internet Explorer\iexplore.exe"" -Embedding
CurrentDirectory: C:\Windows\system32\
User: EXAMPLE\maebashi.gunma
LogonGuid: {CC41BF7E-4CE6-5A01-0000-002031FB0200}
LogonId: 0x2FB31
TerminalSessionId: 1
IntegrityLevel: Medium
Hashes: SHA1=F0FEB5350BD497A9E9BF77ED072315E64ABFFA33
ParentProcessGuid: {CC41BF7E-4CCD-5A01-0000-0010D0890000}
ParentProcessId: 664
ParentImage: C:\Windows\System32\svchost.exe
ParentCommandLine: C:\Windows\system32\svchost.exe -k DcomLaunch"
情報,2019/11/07 17:18:09,Microsoft-Windows-Sysmon,5,Process terminated (rule: ProcessTerminate),"Process terminated:
UtcTime: 2019-11-07 08:18:09.748
ProcessGuid: {CC41BF7E-6C19-5A01-0000-001038173F00}
ProcessId: 1620
Image: C:\Program Files\Internet Explorer\iexplore.exe"
情報,2019/11/07 17:18:09,Microsoft-Windows-Sysmon,5,Process terminated (rule: ProcessTerminate),"Process terminated:
UtcTime: 2019-11-07 08:18:09.701
ProcessGuid: {CC41BF7E-6C19-5A01-0000-0010BF213F00}
ProcessId: 4544
Image: C:\Program Files (x86)\Internet Explorer\iexplore.exe"
情報,2019/11/07 17:17:43,Microsoft-Windows-Sysmon,1,Process Create (rule: ProcessCreate),"Process Create:
UtcTime: 2019-11-07 08:17:43.547
ProcessGuid: {CC41BF7E-6C27-5A01-0000-001099433F00}
ProcessId: 3528
Image: C:\Windows\System32\svchost.exe
CommandLine: C:\Windows\System32\svchost.exe -k wsappx
CurrentDirectory: C:\Windows\system32\
User: NT AUTHORITY\SYSTEM
LogonGuid: {CC41BF7E-4CCC-5A01-0000-0020E7030000}
LogonId: 0x3E7
TerminalSessionId: 0
IntegrityLevel: System
Hashes: SHA1=0DAC68816AE7C09EFC24D11C27C3274DFD147DEE
ParentProcessGuid: {CC41BF7E-4CCC-5A01-0000-001065750000}
ParentProcessId: 552
ParentImage: C:\Windows\System32\services.exe
ParentCommandLine: C:\Windows\system32\services.exe"
情報,2019/11/07 17:17:29,Microsoft-Windows-Sysmon,1,Process Create (rule: ProcessCreate),"Process Create:
UtcTime: 2019-11-07 08:17:29.312
ProcessGuid: {CC41BF7E-6C19-5A01-0000-0010BF213F00}
ProcessId: 4544
Image: C:\Program Files (x86)\Internet Explorer\iexplore.exe
CommandLine: ""C:\Program Files (x86)\Internet Explorer\IEXPLORE.EXE"" SCODEF:1620 CREDAT:140545 /prefetch:2
CurrentDirectory: C:\Users\maebashi.gunma\Desktop\
User: EXAMPLE\maebashi.gunma
LogonGuid: {CC41BF7E-4CE6-5A01-0000-002031FB0200}
LogonId: 0x2FB31
TerminalSessionId: 1
IntegrityLevel: Low
Hashes: SHA1=B2533AE4CDAA5F2B0B38A76B8EB65F12C7B225EC
ParentProcessGuid: {CC41BF7E-6C19-5A01-0000-001038173F00}
ParentProcessId: 1620
ParentImage: C:\Program Files\Internet Explorer\iexplore.exe
ParentCommandLine: ""C:\Program Files\Internet Explorer\iexplore.exe"" -Embedding"
情報,2019/11/07 17:17:29,Microsoft-Windows-Sysmon,1,Process Create (rule: ProcessCreate),"Process Create:
UtcTime: 2019-11-07 08:17:29.158
ProcessGuid: {CC41BF7E-6C19-5A01-0000-001038173F00}
ProcessId: 1620
Image: C:\Program Files\Internet Explorer\iexplore.exe
CommandLine: ""C:\Program Files\Internet Explorer\iexplore.exe"" -Embedding
CurrentDirectory: C:\Windows\system32\
User: EXAMPLE\maebashi.gunma
LogonGuid: {CC41BF7E-4CE6-5A01-0000-002031FB0200}
LogonId: 0x2FB31
TerminalSessionId: 1
IntegrityLevel: Medium
Hashes: SHA1=F0FEB5350BD497A9E9BF77ED072315E64ABFFA33
ParentProcessGuid: {CC41BF7E-4CCD-5A01-0000-0010D0890000}
ParentProcessId: 664
ParentImage: C:\Windows\System32\svchost.exe
ParentCommandLine: C:\Windows\system32\svchost.exe -k DcomLaunch"
情報,2019/11/07 17:16:13,Microsoft-Windows-Sysmon,5,Process terminated (rule: ProcessTerminate),"Process terminated:
UtcTime: 2019-11-07 08:16:13.184
ProcessGuid: {CC41BF7E-6BC1-5A01-0000-001051DD3E00}
ProcessId: 2552
Image: C:\Program Files\Internet Explorer\iexplore.exe"
情報,2019/11/07 17:16:13,Microsoft-Windows-Sysmon,5,Process terminated (rule: ProcessTerminate),"Process terminated:
UtcTime: 2019-11-07 08:16:13.153
ProcessGuid: {CC41BF7E-6BC1-5A01-0000-0010D0E73E00}
ProcessId: 3872
Image: C:\Program Files (x86)\Internet Explorer\iexplore.exe"
情報,2019/11/07 17:16:01,Microsoft-Windows-Sysmon,1,Process Create (rule: ProcessCreate),"Process Create:
UtcTime: 2019-11-07 08:16:01.545
ProcessGuid: {CC41BF7E-6BC1-5A01-0000-0010D0E73E00}
ProcessId: 3872
Image: C:\Program Files (x86)\Internet Explorer\iexplore.exe
CommandLine: ""C:\Program Files (x86)\Internet Explorer\IEXPLORE.EXE"" SCODEF:2552 CREDAT:140545 /prefetch:2
CurrentDirectory: C:\Users\maebashi.gunma\Desktop\
User: EXAMPLE\maebashi.gunma
LogonGuid: {CC41BF7E-4CE6-5A01-0000-002031FB0200}
LogonId: 0x2FB31
TerminalSessionId: 1
IntegrityLevel: Low
Hashes: SHA1=B2533AE4CDAA5F2B0B38A76B8EB65F12C7B225EC
ParentProcessGuid: {CC41BF7E-6BC1-5A01-0000-001051DD3E00}
ParentProcessId: 2552
ParentImage: C:\Program Files\Internet Explorer\iexplore.exe
ParentCommandLine: ""C:\Program Files\Internet Explorer\iexplore.exe"" -Embedding"
情報,2019/11/07 17:16:01,Microsoft-Windows-Sysmon,1,Process Create (rule: ProcessCreate),"Process Create:
UtcTime: 2019-11-07 08:16:01.397
ProcessGuid: {CC41BF7E-6BC1-5A01-0000-001051DD3E00}
ProcessId: 2552
Image: C:\Program Files\Internet Explorer\iexplore.exe
CommandLine: ""C:\Program Files\Internet Explorer\iexplore.exe"" -Embedding
CurrentDirectory: C:\Windows\system32\
User: EXAMPLE\maebashi.gunma
LogonGuid: {CC41BF7E-4CE6-5A01-0000-002031FB0200}
LogonId: 0x2FB31
TerminalSessionId: 1
IntegrityLevel: Medium
Hashes: SHA1=F0FEB5350BD497A9E9BF77ED072315E64ABFFA33
ParentProcessGuid: {CC41BF7E-4CCD-5A01-0000-0010D0890000}
ParentProcessId: 664
ParentImage: C:\Windows\System32\svchost.exe
ParentCommandLine: C:\Windows\system32\svchost.exe -k DcomLaunch"
情報,2019/11/07 17:15:19,Microsoft-Windows-Sysmon,5,Process terminated (rule: ProcessTerminate),"Process terminated:
UtcTime: 2019-11-07 08:15:19.549
ProcessGuid: {CC41BF7E-6B8B-5A01-0000-0010769D3E00}
ProcessId: 5756
Image: C:\Program Files\Internet Explorer\iexplore.exe"
情報,2019/11/07 17:15:19,Microsoft-Windows-Sysmon,5,Process terminated (rule: ProcessTerminate),"Process terminated:
UtcTime: 2019-11-07 08:15:19.502
ProcessGuid: {CC41BF7E-6B8C-5A01-0000-0010E1A73E00}
ProcessId: 5928
Image: C:\Program Files (x86)\Internet Explorer\iexplore.exe"
情報,2019/11/07 17:15:08,Microsoft-Windows-Sysmon,1,Process Create (rule: ProcessCreate),"Process Create:
UtcTime: 2019-11-07 08:15:08.007
ProcessGuid: {CC41BF7E-6B8C-5A01-0000-0010E1A73E00}
ProcessId: 5928
Image: C:\Program Files (x86)\Internet Explorer\iexplore.exe
CommandLine: ""C:\Program Files (x86)\Internet Explorer\IEXPLORE.EXE"" SCODEF:5756 CREDAT:140545 /prefetch:2
CurrentDirectory: C:\Users\maebashi.gunma\Desktop\
User: EXAMPLE\maebashi.gunma
LogonGuid: {CC41BF7E-4CE6-5A01-0000-002031FB0200}
LogonId: 0x2FB31
TerminalSessionId: 1
IntegrityLevel: Low
Hashes: SHA1=B2533AE4CDAA5F2B0B38A76B8EB65F12C7B225EC
ParentProcessGuid: {CC41BF7E-6B8B-5A01-0000-0010769D3E00}
ParentProcessId: 5756
ParentImage: C:\Program Files\Internet Explorer\iexplore.exe
ParentCommandLine: ""C:\Program Files\Internet Explorer\iexplore.exe"" -Embedding"
情報,2019/11/07 17:15:07,Microsoft-Windows-Sysmon,1,Process Create (rule: ProcessCreate),"Process Create:
UtcTime: 2019-11-07 08:15:07.870
ProcessGuid: {CC41BF7E-6B8B-5A01-0000-0010769D3E00}
ProcessId: 5756
Image: C:\Program Files\Internet Explorer\iexplore.exe
CommandLine: ""C:\Program Files\Internet Explorer\iexplore.exe"" -Embedding
CurrentDirectory: C:\Windows\system32\
User: EXAMPLE\maebashi.gunma
LogonGuid: {CC41BF7E-4CE6-5A01-0000-002031FB0200}
LogonId: 0x2FB31
TerminalSessionId: 1
IntegrityLevel: Medium
Hashes: SHA1=F0FEB5350BD497A9E9BF77ED072315E64ABFFA33
ParentProcessGuid: {CC41BF7E-4CCD-5A01-0000-0010D0890000}
ParentProcessId: 664
ParentImage: C:\Windows\System32\svchost.exe
ParentCommandLine: C:\Windows\system32\svchost.exe -k DcomLaunch"
情報,2019/11/07 17:14:09,Microsoft-Windows-Sysmon,5,Process terminated (rule: ProcessTerminate),"Process terminated:
UtcTime: 2019-11-07 08:14:09.209
ProcessGuid: {CC41BF7E-6B44-5A01-0000-0010985C3E00}
ProcessId: 4164
Image: C:\Program Files\Internet Explorer\iexplore.exe"
情報,2019/11/07 17:14:09,Microsoft-Windows-Sysmon,5,Process terminated (rule: ProcessTerminate),"Process terminated:
UtcTime: 2019-11-07 08:14:09.193
ProcessGuid: {CC41BF7E-6B44-5A01-0000-001013673E00}
ProcessId: 4112
Image: C:\Program Files (x86)\Internet Explorer\iexplore.exe"
情報,2019/11/07 17:13:56,Microsoft-Windows-Sysmon,1,Process Create (rule: ProcessCreate),"Process Create:
UtcTime: 2019-11-07 08:13:56.224
ProcessGuid: {CC41BF7E-6B44-5A01-0000-001013673E00}
ProcessId: 4112
Image: C:\Program Files (x86)\Internet Explorer\iexplore.exe
CommandLine: ""C:\Program Files (x86)\Internet Explorer\IEXPLORE.EXE"" SCODEF:4164 CREDAT:140545 /prefetch:2
CurrentDirectory: C:\Users\maebashi.gunma\Desktop\
User: EXAMPLE\maebashi.gunma
LogonGuid: {CC41BF7E-4CE6-5A01-0000-002031FB0200}
LogonId: 0x2FB31
TerminalSessionId: 1
IntegrityLevel: Low
Hashes: SHA1=B2533AE4CDAA5F2B0B38A76B8EB65F12C7B225EC
ParentProcessGuid: {CC41BF7E-6B44-5A01-0000-0010985C3E00}
ParentProcessId: 4164
ParentImage: C:\Program Files\Internet Explorer\iexplore.exe
ParentCommandLine: ""C:\Program Files\Internet Explorer\iexplore.exe"" -Embedding"
情報,2019/11/07 17:13:56,Microsoft-Windows-Sysmon,1,Process Create (rule: ProcessCreate),"Process Create:
UtcTime: 2019-11-07 08:13:56.048
ProcessGuid: {CC41BF7E-6B44-5A01-0000-0010985C3E00}
ProcessId: 4164
Image: C:\Program Files\Internet Explorer\iexplore.exe
CommandLine: ""C:\Program Files\Internet Explorer\iexplore.exe"" -Embedding
CurrentDirectory: C:\Windows\system32\
User: EXAMPLE\maebashi.gunma
LogonGuid: {CC41BF7E-4CE6-5A01-0000-002031FB0200}
LogonId: 0x2FB31
TerminalSessionId: 1
IntegrityLevel: Medium
Hashes: SHA1=F0FEB5350BD497A9E9BF77ED072315E64ABFFA33
ParentProcessGuid: {CC41BF7E-4CCD-5A01-0000-0010D0890000}
ParentProcessId: 664
ParentImage: C:\Windows\System32\svchost.exe
ParentCommandLine: C:\Windows\system32\svchost.exe -k DcomLaunch"
情報,2019/11/07 17:13:02,Microsoft-Windows-Sysmon,5,Process terminated (rule: ProcessTerminate),"Process terminated:
UtcTime: 2019-11-07 08:13:02.231
ProcessGuid: {CC41BF7E-6AF6-5A01-0000-001087423E00}
ProcessId: 2204
Image: C:\Program Files (x86)\Google\Update\GoogleUpdate.exe"
情報,2019/11/07 17:13:02,Microsoft-Windows-Sysmon,5,Process terminated (rule: ProcessTerminate),"Process terminated:
UtcTime: 2019-11-07 08:13:02.215
ProcessGuid: {CC41BF7E-6B01-5A01-0000-00107C463E00}
ProcessId: 4604
Image: C:\Program Files (x86)\Google\Update\GoogleUpdate.exe"
情報,2019/11/07 17:12:49,Microsoft-Windows-Sysmon,1,Process Create (rule: ProcessCreate),"ソース ""Microsoft-Windows-Sysmon"" からのイベント ID 1 の説明が見つかりません。このイベントを発生させるコンポーネントがローカル コンピューターにインストールされていないか、インストールが壊れています。ローカル コンピューターにコンポーネントをインストールするか、コンポーネントを修復してください。

イベントが別のコンピューターから発生している場合、イベントと共に表示情報を保存する必要があります。

イベントには次の情報が含まれています: 

2019-11-07 08:12:49.904
EV_RenderedValue_1.00
4604
C:\Program Files (x86)\Google\Update\GoogleUpdate.exe
""C:\Program Files (x86)\Google\Update\GoogleUpdate.exe"" /svc
C:\Windows\system32\
NT AUTHORITY\SYSTEM
EV_RenderedValue_7.00
999
0
System
SHA1=2BBB25793FB06E79462911A3F51C4E71EA86034E
EV_RenderedValue_12.00
552
C:\Windows\System32\services.exe
C:\Windows\system32\services.exe

ハンドルが無効です。
"
情報,2019/11/07 17:12:38,Microsoft-Windows-Sysmon,1,Process Create (rule: ProcessCreate),"Process Create:
UtcTime: 2019-11-07 08:12:38.341
ProcessGuid: {CC41BF7E-6AF6-5A01-0000-001087423E00}
ProcessId: 2204
Image: C:\Program Files (x86)\Google\Update\GoogleUpdate.exe
CommandLine: ""C:\Program Files (x86)\Google\Update\GoogleUpdate.exe"" /ua /installsource core
CurrentDirectory: C:\Program Files (x86)\Google\Update\1.3.26.9\
User: NT AUTHORITY\SYSTEM
LogonGuid: {CC41BF7E-4CCC-5A01-0000-0020E7030000}
LogonId: 0x3E7
TerminalSessionId: 0
IntegrityLevel: System
Hashes: SHA1=2BBB25793FB06E79462911A3F51C4E71EA86034E
ParentProcessGuid: {CC41BF7E-4CDD-5A01-0000-0010ABF90100}
ParentProcessId: 2096
ParentImage: C:\Program Files (x86)\Google\Update\GoogleUpdate.exe
ParentCommandLine: ""C:\Program Files (x86)\Google\Update\GoogleUpdate.exe"" /c"
情報,2019/11/07 17:12:31,Microsoft-Windows-Sysmon,5,Process terminated (rule: ProcessTerminate),"Process terminated:
UtcTime: 2019-11-07 08:12:31.090
ProcessGuid: {CC41BF7E-6AD3-5A01-0000-001004043E00}
ProcessId: 5912
Image: C:\Program Files\Internet Explorer\iexplore.exe"
情報,2019/11/07 17:12:31,Microsoft-Windows-Sysmon,5,Process terminated (rule: ProcessTerminate),"Process terminated:
UtcTime: 2019-11-07 08:12:31.059
ProcessGuid: {CC41BF7E-6AD4-5A01-0000-0010D40E3E00}
ProcessId: 2308
Image: C:\Program Files (x86)\Internet Explorer\iexplore.exe"
情報,2019/11/07 17:12:05,Microsoft-Windows-Sysmon,1,Process Create (rule: ProcessCreate),"Process Create:
UtcTime: 2019-11-07 08:12:04.739
ProcessGuid: {CC41BF7E-6AD4-5A01-0000-0010D40E3E00}
ProcessId: 2308
Image: C:\Program Files (x86)\Internet Explorer\iexplore.exe
CommandLine: ""C:\Program Files (x86)\Internet Explorer\IEXPLORE.EXE"" SCODEF:5912 CREDAT:140545 /prefetch:2
CurrentDirectory: C:\Users\maebashi.gunma\Desktop\
User: EXAMPLE\maebashi.gunma
LogonGuid: {CC41BF7E-4CE6-5A01-0000-002031FB0200}
LogonId: 0x2FB31
TerminalSessionId: 1
IntegrityLevel: Low
Hashes: SHA1=B2533AE4CDAA5F2B0B38A76B8EB65F12C7B225EC
ParentProcessGuid: {CC41BF7E-6AD3-5A01-0000-001004043E00}
ParentProcessId: 5912
ParentImage: C:\Program Files\Internet Explorer\iexplore.exe
ParentCommandLine: ""C:\Program Files\Internet Explorer\iexplore.exe"" -Embedding"
情報,2019/11/07 17:12:03,Microsoft-Windows-Sysmon,1,Process Create (rule: ProcessCreate),"Process Create:
UtcTime: 2019-11-07 08:12:03.994
ProcessGuid: {CC41BF7E-6AD3-5A01-0000-001004043E00}
ProcessId: 5912
Image: C:\Program Files\Internet Explorer\iexplore.exe
CommandLine: ""C:\Program Files\Internet Explorer\iexplore.exe"" -Embedding
CurrentDirectory: C:\Windows\system32\
User: EXAMPLE\maebashi.gunma
LogonGuid: {CC41BF7E-4CE6-5A01-0000-002031FB0200}
LogonId: 0x2FB31
TerminalSessionId: 1
IntegrityLevel: Medium
Hashes: SHA1=F0FEB5350BD497A9E9BF77ED072315E64ABFFA33
ParentProcessGuid: {CC41BF7E-4CCD-5A01-0000-0010D0890000}
ParentProcessId: 664
ParentImage: C:\Windows\System32\svchost.exe
ParentCommandLine: C:\Windows\system32\svchost.exe -k DcomLaunch"
情報,2019/11/07 17:10:45,Microsoft-Windows-Sysmon,5,Process terminated (rule: ProcessTerminate),"Process terminated:
UtcTime: 2019-11-07 08:10:45.661
ProcessGuid: {CC41BF7E-684C-5A01-0000-0010DDE93B00}
ProcessId: 4032
Image: C:\Windows\System32\svchost.exe"
情報,2019/11/07 17:10:13,Microsoft-Windows-Sysmon,5,Process terminated (rule: ProcessTerminate),"Process terminated:
UtcTime: 2019-11-07 08:10:13.879
ProcessGuid: {CC41BF7E-6A52-5A01-0000-001079CC3D00}
ProcessId: 2700
Image: C:\Program Files\Internet Explorer\iexplore.exe"
情報,2019/11/07 17:10:13,Microsoft-Windows-Sysmon,5,Process terminated (rule: ProcessTerminate),"Process terminated:
UtcTime: 2019-11-07 08:10:13.754
ProcessGuid: {CC41BF7E-6A54-5A01-0000-0010FCD63D00}
ProcessId: 1884
Image: C:\Program Files (x86)\Internet Explorer\iexplore.exe"
情報,2019/11/07 17:09:56,Microsoft-Windows-Sysmon,1,Process Create (rule: ProcessCreate),"Process Create:
UtcTime: 2019-11-07 08:09:56.098
ProcessGuid: {CC41BF7E-6A54-5A01-0000-0010FCD63D00}
ProcessId: 1884
Image: C:\Program Files (x86)\Internet Explorer\iexplore.exe
CommandLine: ""C:\Program Files (x86)\Internet Explorer\IEXPLORE.EXE"" SCODEF:2700 CREDAT:140545 /prefetch:2
CurrentDirectory: C:\Users\maebashi.gunma\Desktop\
User: EXAMPLE\maebashi.gunma
LogonGuid: {CC41BF7E-4CE6-5A01-0000-002031FB0200}
LogonId: 0x2FB31
TerminalSessionId: 1
IntegrityLevel: Low
Hashes: SHA1=B2533AE4CDAA5F2B0B38A76B8EB65F12C7B225EC
ParentProcessGuid: {CC41BF7E-6A52-5A01-0000-001079CC3D00}
ParentProcessId: 2700
ParentImage: C:\Program Files\Internet Explorer\iexplore.exe
ParentCommandLine: ""C:\Program Files\Internet Explorer\iexplore.exe"" -Embedding"
情報,2019/11/07 17:09:54,Microsoft-Windows-Sysmon,1,Process Create (rule: ProcessCreate),"Process Create:
UtcTime: 2019-11-07 08:09:54.429
ProcessGuid: {CC41BF7E-6A52-5A01-0000-001079CC3D00}
ProcessId: 2700
Image: C:\Program Files\Internet Explorer\iexplore.exe
CommandLine: ""C:\Program Files\Internet Explorer\iexplore.exe"" -Embedding
CurrentDirectory: C:\Windows\system32\
User: EXAMPLE\maebashi.gunma
LogonGuid: {CC41BF7E-4CE6-5A01-0000-002031FB0200}
LogonId: 0x2FB31
TerminalSessionId: 1
IntegrityLevel: Medium
Hashes: SHA1=F0FEB5350BD497A9E9BF77ED072315E64ABFFA33
ParentProcessGuid: {CC41BF7E-4CCD-5A01-0000-0010D0890000}
ParentProcessId: 664
ParentImage: C:\Windows\System32\svchost.exe
ParentCommandLine: C:\Windows\system32\svchost.exe -k DcomLaunch"
情報,2019/11/07 17:09:53,Microsoft-Windows-Sysmon,5,Process terminated (rule: ProcessTerminate),"Process terminated:
UtcTime: 2019-11-07 08:09:53.394
ProcessGuid: {CC41BF7E-6A24-5A01-0000-00100C8D3D00}
ProcessId: 5848
Image: C:\Program Files\Internet Explorer\iexplore.exe"
情報,2019/11/07 17:09:53,Microsoft-Windows-Sysmon,5,Process terminated (rule: ProcessTerminate),"Process terminated:
UtcTime: 2019-11-07 08:09:53.379
ProcessGuid: {CC41BF7E-6A25-5A01-0000-00105F973D00}
ProcessId: 5200
Image: C:\Program Files (x86)\Internet Explorer\iexplore.exe"
情報,2019/11/07 17:09:09,Microsoft-Windows-Sysmon,1,Process Create (rule: ProcessCreate),"Process Create:
UtcTime: 2019-11-07 08:09:09.044
ProcessGuid: {CC41BF7E-6A25-5A01-0000-00105F973D00}
ProcessId: 5200
Image: C:\Program Files (x86)\Internet Explorer\iexplore.exe
CommandLine: ""C:\Program Files (x86)\Internet Explorer\IEXPLORE.EXE"" SCODEF:5848 CREDAT:140545 /prefetch:2
CurrentDirectory: C:\Users\maebashi.gunma\Desktop\
User: EXAMPLE\maebashi.gunma
LogonGuid: {CC41BF7E-4CE6-5A01-0000-002031FB0200}
LogonId: 0x2FB31
TerminalSessionId: 1
IntegrityLevel: Low
Hashes: SHA1=B2533AE4CDAA5F2B0B38A76B8EB65F12C7B225EC
ParentProcessGuid: {CC41BF7E-6A24-5A01-0000-00100C8D3D00}
ParentProcessId: 5848
ParentImage: C:\Program Files\Internet Explorer\iexplore.exe
ParentCommandLine: ""C:\Program Files\Internet Explorer\iexplore.exe"" -Embedding"
情報,2019/11/07 17:09:08,Microsoft-Windows-Sysmon,1,Process Create (rule: ProcessCreate),"Process Create:
UtcTime: 2019-11-07 08:09:08.898
ProcessGuid: {CC41BF7E-6A24-5A01-0000-00100C8D3D00}
ProcessId: 5848
Image: C:\Program Files\Internet Explorer\iexplore.exe
CommandLine: ""C:\Program Files\Internet Explorer\iexplore.exe"" -Embedding
CurrentDirectory: C:\Windows\system32\
User: EXAMPLE\maebashi.gunma
LogonGuid: {CC41BF7E-4CE6-5A01-0000-002031FB0200}
LogonId: 0x2FB31
TerminalSessionId: 1
IntegrityLevel: Medium
Hashes: SHA1=F0FEB5350BD497A9E9BF77ED072315E64ABFFA33
ParentProcessGuid: {CC41BF7E-4CCD-5A01-0000-0010D0890000}
ParentProcessId: 664
ParentImage: C:\Windows\System32\svchost.exe
ParentCommandLine: C:\Windows\system32\svchost.exe -k DcomLaunch"
情報,2019/11/07 17:08:00,Microsoft-Windows-Sysmon,5,Process terminated (rule: ProcessTerminate),"Process terminated:
UtcTime: 2019-11-07 08:08:00.689
ProcessGuid: {CC41BF7E-69AD-5A01-0000-0010654B3D00}
ProcessId: 2776
Image: C:\Program Files\Internet Explorer\iexplore.exe"
情報,2019/11/07 17:07:45,Microsoft-Windows-Sysmon,5,Process terminated (rule: ProcessTerminate),"Process terminated:
UtcTime: 2019-11-07 08:07:45.845
ProcessGuid: {CC41BF7E-69AF-5A01-0000-0010DA553D00}
ProcessId: 1536
Image: C:\Program Files (x86)\Internet Explorer\iexplore.exe"
情報,2019/11/07 17:07:11,Microsoft-Windows-Sysmon,1,Process Create (rule: ProcessCreate),"Process Create:
UtcTime: 2019-11-07 08:07:11.017
ProcessGuid: {CC41BF7E-69AF-5A01-0000-0010DA553D00}
ProcessId: 1536
Image: C:\Program Files (x86)\Internet Explorer\iexplore.exe
CommandLine: ""C:\Program Files (x86)\Internet Explorer\IEXPLORE.EXE"" SCODEF:2776 CREDAT:140545 /prefetch:2
CurrentDirectory: C:\Users\maebashi.gunma\Desktop\
User: EXAMPLE\maebashi.gunma
LogonGuid: {CC41BF7E-4CE6-5A01-0000-002031FB0200}
LogonId: 0x2FB31
TerminalSessionId: 1
IntegrityLevel: Low
Hashes: SHA1=B2533AE4CDAA5F2B0B38A76B8EB65F12C7B225EC
ParentProcessGuid: {CC41BF7E-69AD-5A01-0000-0010654B3D00}
ParentProcessId: 2776
ParentImage: C:\Program Files\Internet Explorer\iexplore.exe
ParentCommandLine: ""C:\Program Files\Internet Explorer\iexplore.exe"" -Embedding"
情報,2019/11/07 17:07:10,Microsoft-Windows-Sysmon,1,Process Create (rule: ProcessCreate),"Process Create:
UtcTime: 2019-11-07 08:07:09.973
ProcessGuid: {CC41BF7E-69AD-5A01-0000-0010654B3D00}
ProcessId: 2776
Image: C:\Program Files\Internet Explorer\iexplore.exe
CommandLine: ""C:\Program Files\Internet Explorer\iexplore.exe"" -Embedding
CurrentDirectory: C:\Windows\system32\
User: EXAMPLE\maebashi.gunma
LogonGuid: {CC41BF7E-4CE6-5A01-0000-002031FB0200}
LogonId: 0x2FB31
TerminalSessionId: 1
IntegrityLevel: Medium
Hashes: SHA1=F0FEB5350BD497A9E9BF77ED072315E64ABFFA33
ParentProcessGuid: {CC41BF7E-4CCD-5A01-0000-0010D0890000}
ParentProcessId: 664
ParentImage: C:\Windows\System32\svchost.exe
ParentCommandLine: C:\Windows\system32\svchost.exe -k DcomLaunch"
情報,2019/11/07 17:06:51,Microsoft-Windows-Sysmon,5,Process terminated (rule: ProcessTerminate),"Process terminated:
UtcTime: 2019-11-07 08:06:51.031
ProcessGuid: {CC41BF7E-6981-5A01-0000-00100F143D00}
ProcessId: 1692
Image: C:\Program Files\Internet Explorer\iexplore.exe"
情報,2019/11/07 17:06:50,Microsoft-Windows-Sysmon,5,Process terminated (rule: ProcessTerminate),"Process terminated:
UtcTime: 2019-11-07 08:06:50.953
ProcessGuid: {CC41BF7E-6989-5A01-0000-0010C71E3D00}
ProcessId: 5580
Image: C:\Program Files (x86)\Internet Explorer\iexplore.exe"
情報,2019/11/07 17:06:33,Microsoft-Windows-Sysmon,1,Process Create (rule: ProcessCreate),"Process Create:
UtcTime: 2019-11-07 08:06:33.234
ProcessGuid: {CC41BF7E-6989-5A01-0000-0010C71E3D00}
ProcessId: 5580
Image: C:\Program Files (x86)\Internet Explorer\iexplore.exe
CommandLine: ""C:\Program Files (x86)\Internet Explorer\IEXPLORE.EXE"" SCODEF:1692 CREDAT:140545 /prefetch:2
CurrentDirectory: C:\Users\maebashi.gunma\Desktop\
User: EXAMPLE\maebashi.gunma
LogonGuid: {CC41BF7E-4CE6-5A01-0000-002031FB0200}
LogonId: 0x2FB31
TerminalSessionId: 1
IntegrityLevel: Low
Hashes: SHA1=B2533AE4CDAA5F2B0B38A76B8EB65F12C7B225EC
ParentProcessGuid: {CC41BF7E-6981-5A01-0000-00100F143D00}
ParentProcessId: 1692
ParentImage: C:\Program Files\Internet Explorer\iexplore.exe
ParentCommandLine: ""C:\Program Files\Internet Explorer\iexplore.exe"" -Embedding"
情報,2019/11/07 17:06:25,Microsoft-Windows-Sysmon,1,Process Create (rule: ProcessCreate),"Process Create:
UtcTime: 2019-11-07 08:06:25.644
ProcessGuid: {CC41BF7E-6981-5A01-0000-00100F143D00}
ProcessId: 1692
Image: C:\Program Files\Internet Explorer\iexplore.exe
CommandLine: ""C:\Program Files\Internet Explorer\iexplore.exe"" -Embedding
CurrentDirectory: C:\Windows\system32\
User: EXAMPLE\maebashi.gunma
LogonGuid: {CC41BF7E-4CE6-5A01-0000-002031FB0200}
LogonId: 0x2FB31
TerminalSessionId: 1
IntegrityLevel: Medium
Hashes: SHA1=F0FEB5350BD497A9E9BF77ED072315E64ABFFA33
ParentProcessGuid: {CC41BF7E-4CCD-5A01-0000-0010D0890000}
ParentProcessId: 664
ParentImage: C:\Windows\System32\svchost.exe
ParentCommandLine: C:\Windows\system32\svchost.exe -k DcomLaunch"
情報,2019/11/07 17:05:46,Microsoft-Windows-Sysmon,9,RawAccessRead detected (rule: RawAccessRead),"RawAccessRead detected:
UtcTime: 2019-11-07 08:05:46.420
ProcessGuid: {CC41BF7E-4CD1-5A01-0000-0010EF070100}
ProcessId: 96
Image: C:\Windows\System32\svchost.exe
Device: \Device\HarddiskVolume2"
情報,2019/11/07 17:05:45,Microsoft-Windows-Sysmon,9,RawAccessRead detected (rule: RawAccessRead),"RawAccessRead detected:
UtcTime: 2019-11-07 08:05:45.029
ProcessGuid: {CC41BF7E-4CD1-5A01-0000-0010EF070100}
ProcessId: 96
Image: C:\Windows\System32\svchost.exe
Device: \Device\HarddiskVolume2"
情報,2019/11/07 17:05:44,Microsoft-Windows-Sysmon,9,RawAccessRead detected (rule: RawAccessRead),"RawAccessRead detected:
UtcTime: 2019-11-07 08:05:44.389
ProcessGuid: {CC41BF7E-4CD1-5A01-0000-0010EF070100}
ProcessId: 96
Image: C:\Windows\System32\svchost.exe
Device: \Device\HarddiskVolume2"
情報,2019/11/07 17:05:32,Microsoft-Windows-Sysmon,5,Process terminated (rule: ProcessTerminate),"Process terminated:
UtcTime: 2019-11-07 08:05:32.607
ProcessGuid: {CC41BF7E-68FB-5A01-0000-001081A03C00}
ProcessId: 1672
Image: C:\Program Files\Internet Explorer\iexplore.exe"
情報,2019/11/07 17:05:32,Microsoft-Windows-Sysmon,2,File creation time changed (rule: FileCreateTime),"File creation time changed:
UtcTime: 2019-11-07 08:05:32.482
ProcessGuid: {CC41BF7E-68FB-5A01-0000-001081A03C00}
ProcessId: 1672
Image: C:\Program Files\Internet Explorer\iexplore.exe
TargetFilename: C:\Users\maebashi.gunma\AppData\Roaming\Microsoft\Windows\Recent\CustomDestinations\N94UKGH8B62NZ82WKFVA.temp
CreationUtcTime: 2019-09-20 02:25:16.046
PreviousCreationUtcTime: 2019-11-07 08:05:32.451"
情報,2019/11/07 17:05:32,Microsoft-Windows-Sysmon,5,Process terminated (rule: ProcessTerminate),"Process terminated:
UtcTime: 2019-11-07 08:05:32.466
ProcessGuid: {CC41BF7E-690E-5A01-0000-001057AC3C00}
ProcessId: 1232
Image: C:\Program Files (x86)\Internet Explorer\iexplore.exe"
情報,2019/11/07 17:04:49,Microsoft-Windows-Sysmon,5,Process terminated (rule: ProcessTerminate),"Process terminated:
UtcTime: 2019-11-07 08:04:49.700
ProcessGuid: {CC41BF7E-68D7-5A01-0000-0010E2983C00}
ProcessId: 2092
Image: C:\Windows\System32\SearchFilterHost.exe"
情報,2019/11/07 17:04:48,Microsoft-Windows-Sysmon,5,Process terminated (rule: ProcessTerminate),"Process terminated:
UtcTime: 2019-11-07 08:04:48.606
ProcessGuid: {CC41BF7E-68D7-5A01-0000-0010FC963C00}
ProcessId: 5972
Image: C:\Windows\System32\SearchProtocolHost.exe"
情報,2019/11/07 17:04:30,Microsoft-Windows-Sysmon,1,Process Create (rule: ProcessCreate),"Process Create:
UtcTime: 2019-11-07 08:04:30.481
ProcessGuid: {CC41BF7E-690E-5A01-0000-001057AC3C00}
ProcessId: 1232
Image: C:\Program Files (x86)\Internet Explorer\iexplore.exe
CommandLine: ""C:\Program Files (x86)\Internet Explorer\IEXPLORE.EXE"" SCODEF:1672 CREDAT:140545 /prefetch:2
CurrentDirectory: C:\Users\maebashi.gunma\Desktop\
User: EXAMPLE\maebashi.gunma
LogonGuid: {CC41BF7E-4CE6-5A01-0000-002031FB0200}
LogonId: 0x2FB31
TerminalSessionId: 1
IntegrityLevel: Low
Hashes: SHA1=B2533AE4CDAA5F2B0B38A76B8EB65F12C7B225EC
ParentProcessGuid: {CC41BF7E-68FB-5A01-0000-001081A03C00}
ParentProcessId: 1672
ParentImage: C:\Program Files\Internet Explorer\iexplore.exe
ParentCommandLine: ""C:\Program Files\Internet Explorer\iexplore.exe"" -Embedding"
情報,2019/11/07 17:04:12,Microsoft-Windows-Sysmon,1,Process Create (rule: ProcessCreate),"Process Create:
UtcTime: 2019-11-07 08:04:11.749
ProcessGuid: {CC41BF7E-68FB-5A01-0000-001081A03C00}
ProcessId: 1672
Image: C:\Program Files\Internet Explorer\iexplore.exe
CommandLine: ""C:\Program Files\Internet Explorer\iexplore.exe"" -Embedding
CurrentDirectory: C:\Windows\system32\
User: EXAMPLE\maebashi.gunma
LogonGuid: {CC41BF7E-4CE6-5A01-0000-002031FB0200}
LogonId: 0x2FB31
TerminalSessionId: 1
IntegrityLevel: Medium
Hashes: SHA1=F0FEB5350BD497A9E9BF77ED072315E64ABFFA33
ParentProcessGuid: {CC41BF7E-4CCD-5A01-0000-0010D0890000}
ParentProcessId: 664
ParentImage: C:\Windows\System32\svchost.exe
ParentCommandLine: C:\Windows\system32\svchost.exe -k DcomLaunch"
情報,2019/11/07 17:03:35,Microsoft-Windows-Sysmon,1,Process Create (rule: ProcessCreate),"Process Create:
UtcTime: 2019-11-07 08:03:35.858
ProcessGuid: {CC41BF7E-68D7-5A01-0000-0010E2983C00}
ProcessId: 2092
Image: C:\Windows\System32\SearchFilterHost.exe
CommandLine: ""C:\Windows\system32\SearchFilterHost.exe"" 0 628 632 640 8192 636 
CurrentDirectory: C:\Windows\system32\
User: NT AUTHORITY\SYSTEM
LogonGuid: {CC41BF7E-4CCC-5A01-0000-0020E7030000}
LogonId: 0x3E7
TerminalSessionId: 0
IntegrityLevel: Medium
Hashes: SHA1=EB23AC4D23CB9BD84A7D76B091B95785EBE92540
ParentProcessGuid: {CC41BF7E-4CF6-5A01-0000-0010ABA70300}
ParentProcessId: 2736
ParentImage: C:\Windows\System32\SearchIndexer.exe
ParentCommandLine: C:\Windows\system32\SearchIndexer.exe /Embedding"
情報,2019/11/07 17:03:35,Microsoft-Windows-Sysmon,1,Process Create (rule: ProcessCreate),"Process Create:
UtcTime: 2019-11-07 08:03:35.840
ProcessGuid: {CC41BF7E-68D7-5A01-0000-0010FC963C00}
ProcessId: 5972
Image: C:\Windows\System32\SearchProtocolHost.exe
CommandLine: ""C:\Windows\system32\SearchProtocolHost.exe"" Global\UsGthrFltPipeMssGthrPipe8_ Global\UsGthrCtrlFltPipeMssGthrPipe8 1 -2147483646 ""Software\Microsoft\Windows Search"" ""Mozilla/4.0 (compatible; MSIE 6.0; Windows NT; MS Search 4.0 Robot)"" ""C:\ProgramData\Microsoft\Search\Data\Temp\usgthrsvc"" ""DownLevelDaemon"" 
CurrentDirectory: C:\Windows\system32\
User: NT AUTHORITY\SYSTEM
LogonGuid: {CC41BF7E-4CCC-5A01-0000-0020E7030000}
LogonId: 0x3E7
TerminalSessionId: 0
IntegrityLevel: System
Hashes: SHA1=DE8ADB411330C39BC9E67C1D8E753206E91E31DF
ParentProcessGuid: {CC41BF7E-4CF6-5A01-0000-0010ABA70300}
ParentProcessId: 2736
ParentImage: C:\Windows\System32\SearchIndexer.exe
ParentCommandLine: C:\Windows\system32\SearchIndexer.exe /Embedding"
情報,2019/11/07 17:02:54,Microsoft-Windows-Sysmon,5,Process terminated (rule: ProcessTerminate),"Process terminated:
UtcTime: 2019-11-07 08:02:54.449
ProcessGuid: {CC41BF7E-68A2-5A01-0000-0010255E3C00}
ProcessId: 4584
Image: C:\Program Files\Internet Explorer\iexplore.exe"
情報,2019/11/07 17:02:54,Microsoft-Windows-Sysmon,5,Process terminated (rule: ProcessTerminate),"Process terminated:
UtcTime: 2019-11-07 08:02:54.418
ProcessGuid: {CC41BF7E-68A2-5A01-0000-00106C683C00}
ProcessId: 2536
Image: C:\Program Files (x86)\Internet Explorer\iexplore.exe"
情報,2019/11/07 17:02:42,Microsoft-Windows-Sysmon,1,Process Create (rule: ProcessCreate),"Process Create:
UtcTime: 2019-11-07 08:02:42.949
ProcessGuid: {CC41BF7E-68A2-5A01-0000-00106C683C00}
ProcessId: 2536
Image: C:\Program Files (x86)\Internet Explorer\iexplore.exe
CommandLine: ""C:\Program Files (x86)\Internet Explorer\IEXPLORE.EXE"" SCODEF:4584 CREDAT:140545 /prefetch:2
CurrentDirectory: C:\Users\maebashi.gunma\Desktop\
User: EXAMPLE\maebashi.gunma
LogonGuid: {CC41BF7E-4CE6-5A01-0000-002031FB0200}
LogonId: 0x2FB31
TerminalSessionId: 1
IntegrityLevel: Low
Hashes: SHA1=B2533AE4CDAA5F2B0B38A76B8EB65F12C7B225EC
ParentProcessGuid: {CC41BF7E-68A2-5A01-0000-0010255E3C00}
ParentProcessId: 4584
ParentImage: C:\Program Files\Internet Explorer\iexplore.exe
ParentCommandLine: ""C:\Program Files\Internet Explorer\iexplore.exe"" -Embedding"
情報,2019/11/07 17:02:42,Microsoft-Windows-Sysmon,1,Process Create (rule: ProcessCreate),"Process Create:
UtcTime: 2019-11-07 08:02:42.807
ProcessGuid: {CC41BF7E-68A2-5A01-0000-0010255E3C00}
ProcessId: 4584
Image: C:\Program Files\Internet Explorer\iexplore.exe
CommandLine: ""C:\Program Files\Internet Explorer\iexplore.exe"" -Embedding
CurrentDirectory: C:\Windows\system32\
User: EXAMPLE\maebashi.gunma
LogonGuid: {CC41BF7E-4CE6-5A01-0000-002031FB0200}
LogonId: 0x2FB31
TerminalSessionId: 1
IntegrityLevel: Medium
Hashes: SHA1=F0FEB5350BD497A9E9BF77ED072315E64ABFFA33
ParentProcessGuid: {CC41BF7E-4CCD-5A01-0000-0010D0890000}
ParentProcessId: 664
ParentImage: C:\Windows\System32\svchost.exe
ParentCommandLine: C:\Windows\system32\svchost.exe -k DcomLaunch"
情報,2019/11/07 17:01:49,Microsoft-Windows-Sysmon,1,Process Create (rule: ProcessCreate),"Process Create:
UtcTime: 2019-11-07 08:01:49.613
ProcessGuid: {CC41BF7E-686D-5A01-0000-00104C5A3C00}
ProcessId: 2188
Image: C:\Windows\System32\conhost.exe
CommandLine: \??\C:\Windows\system32\conhost.exe 0xffffffff -ForceV1
CurrentDirectory: C:\Windows
User: EXAMPLE\maebashi.gunma
LogonGuid: {CC41BF7E-4CE6-5A01-0000-002031FB0200}
LogonId: 0x2FB31
TerminalSessionId: 1
IntegrityLevel: Medium
Hashes: SHA1=00667A0F0C0D5E9DA697E9FF54ECDDD449259354
ParentProcessGuid: {CC41BF7E-686D-5A01-0000-0010DB593C00}
ParentProcessId: 5976
ParentImage: C:\Windows\SysWOW64\cmd.exe
ParentCommandLine: cmd /c ""del C:\Intel\Logs\*"""
情報,2019/11/07 17:01:49,Microsoft-Windows-Sysmon,1,Process Create (rule: ProcessCreate),"Process Create:
UtcTime: 2019-11-07 08:01:49.607
ProcessGuid: {CC41BF7E-686D-5A01-0000-0010DB593C00}
ProcessId: 5976
Image: C:\Windows\SysWOW64\cmd.exe
CommandLine: cmd /c ""del C:\Intel\Logs\*""
CurrentDirectory: C:\Users\maebashi.gunma\Desktop\
User: EXAMPLE\maebashi.gunma
LogonGuid: {CC41BF7E-4CE6-5A01-0000-002031FB0200}
LogonId: 0x2FB31
TerminalSessionId: 1
IntegrityLevel: Medium
Hashes: SHA1=A4D7B99EB716919BB47448E135D489A1100BA70C
ParentProcessGuid: {CC41BF7E-4FD9-5A01-0000-001002AE1B00}
ParentProcessId: 4964
ParentImage: C:\Users\MAEBAS~1.GUN\AppData\Local\Temp\dwm.exe
ParentCommandLine: C:\Users\MAEBAS~1.GUN\AppData\Local\Temp\dwm.exe  ""C:\Users\maebashi.gunma\Desktop"""
情報,2019/11/07 17:01:49,Microsoft-Windows-Sysmon,5,Process terminated (rule: ProcessTerminate),"Process terminated:
UtcTime: 2019-11-07 08:01:49.194
ProcessGuid: {CC41BF7E-685F-5A01-0000-001031FE3B00}
ProcessId: 2368
Image: C:\Program Files\Internet Explorer\iexplore.exe"
情報,2019/11/07 17:01:49,Microsoft-Windows-Sysmon,5,Process terminated (rule: ProcessTerminate),"Process terminated:
UtcTime: 2019-11-07 08:01:49.179
ProcessGuid: {CC41BF7E-6860-5A01-0000-001090083C00}
ProcessId: 5680
Image: C:\Program Files (x86)\Internet Explorer\iexplore.exe"
情報,2019/11/07 17:01:49,Microsoft-Windows-Sysmon,5,Process terminated (rule: ProcessTerminate),"Process terminated:
UtcTime: 2019-11-07 08:01:48.819
ProcessGuid: {CC41BF7E-6862-5A01-0000-001057303C00}
ProcessId: 1096
Image: C:\Windows\System32\Macromed\Flash\FlashUtil_ActiveX.exe"
情報,2019/11/07 17:01:38,Microsoft-Windows-Sysmon,1,Process Create (rule: ProcessCreate),"Process Create:
UtcTime: 2019-11-07 08:01:38.187
ProcessGuid: {CC41BF7E-6862-5A01-0000-001057303C00}
ProcessId: 1096
Image: C:\Windows\System32\Macromed\Flash\FlashUtil_ActiveX.exe
CommandLine: ""C:\Windows\System32\Macromed\Flash\FlashUtil_ActiveX.exe"" -Embedding
CurrentDirectory: C:\Windows\system32\
User: EXAMPLE\maebashi.gunma
LogonGuid: {CC41BF7E-4CE6-5A01-0000-002031FB0200}
LogonId: 0x2FB31
TerminalSessionId: 1
IntegrityLevel: Medium
Hashes: SHA1=7885A583868EA312E7F141E15B2BC45BF0086DB1
ParentProcessGuid: {CC41BF7E-4CCD-5A01-0000-0010D0890000}
ParentProcessId: 664
ParentImage: C:\Windows\System32\svchost.exe
ParentCommandLine: C:\Windows\system32\svchost.exe -k DcomLaunch"
