情報,2019/11/07 15:07:15,Microsoft-Windows-Sysmon,1,Process Create (rule: ProcessCreate),"Process Create:
UtcTime: 2019-11-07 06:07:15.304
ProcessGuid: {CC41BF7E-4D93-5A01-0000-0010092C1100}
ProcessId: 5488
Image: C:\Program Files\Internet Explorer\iexplore.exe
CommandLine: ""C:\Program Files\Internet Explorer\iexplore.exe"" -Embedding
CurrentDirectory: C:\Windows\system32\
User: EXAMPLE\maebashi.gunma
LogonGuid: {CC41BF7E-4CE6-5A01-0000-002031FB0200}
LogonId: 0x2FB31
TerminalSessionId: 1
IntegrityLevel: Medium
Hashes: SHA1=F0FEB5350BD497A9E9BF77ED072315E64ABFFA33
ParentProcessGuid: {CC41BF7E-4CCD-5A01-0000-0010D0890000}
ParentProcessId: 664
ParentImage: C:\Windows\System32\svchost.exe
ParentCommandLine: C:\Windows\system32\svchost.exe -k DcomLaunch"
情報,2019/11/07 15:07:13,Microsoft-Windows-Sysmon,5,Process terminated (rule: ProcessTerminate),"Process terminated:
UtcTime: 2019-11-07 06:07:13.518
ProcessGuid: {CC41BF7E-4D91-5A01-0000-00103AFB1000}
ProcessId: 2516
Image: C:\Windows\System32\wermgr.exe"
情報,2019/11/07 15:07:13,Microsoft-Windows-Sysmon,1,Process Create (rule: ProcessCreate),"Process Create:
UtcTime: 2019-11-07 06:07:13.486
ProcessGuid: {CC41BF7E-4D91-5A01-0000-00103AFB1000}
ProcessId: 2516
Image: C:\Windows\System32\wermgr.exe
CommandLine: ""C:\Windows\system32\wermgr.exe"" ""-outproc"" ""0"" ""900"" ""11384"" ""11444"" ""11272"" ""0"" ""0"" ""0"" ""0"" ""0"" ""0"" ""0"" ""0"" 
CurrentDirectory: C:\Windows\system32\
User: NT AUTHORITY\SYSTEM
LogonGuid: {CC41BF7E-4CCC-5A01-0000-0020E7030000}
LogonId: 0x3E7
TerminalSessionId: 0
IntegrityLevel: System
Hashes: SHA1=0C0329767FD84B8D5A00C91925DA6BE954AE6610
ParentProcessGuid: {CC41BF7E-4CD0-5A01-0000-00101AF00000}
ParentProcessId: 900
ParentImage: C:\Windows\System32\svchost.exe
ParentCommandLine: C:\Windows\system32\svchost.exe -k netsvcs"
情報,2019/11/07 15:07:13,Microsoft-Windows-Sysmon,5,Process terminated (rule: ProcessTerminate),"Process terminated:
UtcTime: 2019-11-07 06:07:13.128
ProcessGuid: {CC41BF7E-4D87-5A01-0000-00107F690F00}
ProcessId: 5800
Image: C:\Windows\System32\wuapihost.exe"
情報,2019/11/07 15:07:13,Microsoft-Windows-Sysmon,5,Process terminated (rule: ProcessTerminate),"Process terminated:
UtcTime: 2019-11-07 06:07:13.128
ProcessGuid: {CC41BF7E-4D86-5A01-0000-0010F8480F00}
ProcessId: 5420
Image: C:\Windows\System32\InstallAgent.exe"
情報,2019/11/07 15:07:11,Microsoft-Windows-Sysmon,5,Process terminated (rule: ProcessTerminate),"Process terminated:
UtcTime: 2019-11-07 06:07:11.612
ProcessGuid: {CC41BF7E-4D89-5A01-0000-0010D79A0F00}
ProcessId: 6024
Image: C:\Windows\System32\InstallAgentUserBroker.exe"
情報,2019/11/07 15:07:10,Microsoft-Windows-Sysmon,5,Process terminated (rule: ProcessTerminate),"Process terminated:
UtcTime: 2019-11-07 06:07:10.784
ProcessGuid: {CC41BF7E-4D86-5A01-0000-0010104F0F00}
ProcessId: 5496
Image: C:\Windows\System32\conhost.exe"
情報,2019/11/07 15:07:10,Microsoft-Windows-Sysmon,5,Process terminated (rule: ProcessTerminate),"Process terminated:
UtcTime: 2019-11-07 06:07:10.737
ProcessGuid: {CC41BF7E-4D86-5A01-0000-0010A8460F00}
ProcessId: 5388
Image: C:\Windows\System32\DeviceCensus.exe"
情報,2019/11/07 15:07:10,Microsoft-Windows-Sysmon,5,Process terminated (rule: ProcessTerminate),"Process terminated:
UtcTime: 2019-11-07 06:07:10.737
ProcessGuid: {CC41BF7E-4D8E-5A01-0000-0010E2381000}
ProcessId: 5900
Image: C:\Windows\System32\conhost.exe"
情報,2019/11/07 15:07:10,Microsoft-Windows-Sysmon,5,Process terminated (rule: ProcessTerminate),"Process terminated:
UtcTime: 2019-11-07 06:07:10.690
ProcessGuid: {CC41BF7E-4D8E-5A01-0000-001085381000}
ProcessId: 5892
Image: C:\Windows\System32\DeviceCensus.exe"
情報,2019/11/07 15:07:10,Microsoft-Windows-Sysmon,2,File creation time changed (rule: FileCreateTime),"File creation time changed:
UtcTime: 2019-11-07 06:07:10.565
ProcessGuid: {CC41BF7E-4CD0-5A01-0000-00101AF00000}
ProcessId: 900
Image: C:\Windows\system32\svchost.exe
TargetFilename: C:\ProgramData\USOPrivate\UpdateStore\updatestoretemp51b519d5-b6f5-4333-8df6-e74d7c9aead4.xml
CreationUtcTime: 2019-12-14 17:33:55.212
PreviousCreationUtcTime: 2019-12-14 17:33:55.212"
情報,2019/11/07 15:07:10,Microsoft-Windows-Sysmon,2,File creation time changed (rule: FileCreateTime),"File creation time changed:
UtcTime: 2019-11-07 06:07:10.503
ProcessGuid: {CC41BF7E-4CD0-5A01-0000-00101AF00000}
ProcessId: 900
Image: C:\Windows\system32\svchost.exe
TargetFilename: C:\ProgramData\USOPrivate\UpdateStore\updatestoretemp51b519d5-b6f5-4333-8df6-e74d7c9aead4.xml
CreationUtcTime: 2019-12-14 17:33:55.212
PreviousCreationUtcTime: 2019-12-14 17:33:55.212"
情報,2019/11/07 15:07:10,Microsoft-Windows-Sysmon,1,Process Create (rule: ProcessCreate),"Process Create:
UtcTime: 2019-11-07 06:07:10.436
ProcessGuid: {CC41BF7E-4D8E-5A01-0000-0010E2381000}
ProcessId: 5900
Image: C:\Windows\System32\conhost.exe
CommandLine: \??\C:\Windows\system32\conhost.exe 0xffffffff -ForceV1
CurrentDirectory: C:\Windows
User: EXAMPLE\maebashi.gunma
LogonGuid: {CC41BF7E-4CE6-5A01-0000-002031FB0200}
LogonId: 0x2FB31
TerminalSessionId: 1
IntegrityLevel: Medium
Hashes: SHA1=00667A0F0C0D5E9DA697E9FF54ECDDD449259354
ParentProcessGuid: {CC41BF7E-4D8E-5A01-0000-001085381000}
ParentProcessId: 5892
ParentImage: C:\Windows\System32\DeviceCensus.exe
ParentCommandLine: C:\Windows\system32\devicecensus.exe UserCxt"
情報,2019/11/07 15:07:10,Microsoft-Windows-Sysmon,1,Process Create (rule: ProcessCreate),"Process Create:
UtcTime: 2019-11-07 06:07:10.431
ProcessGuid: {CC41BF7E-4D8E-5A01-0000-001085381000}
ProcessId: 5892
Image: C:\Windows\System32\DeviceCensus.exe
CommandLine: C:\Windows\system32\devicecensus.exe UserCxt
CurrentDirectory: C:\Windows\system32\
User: EXAMPLE\maebashi.gunma
LogonGuid: {CC41BF7E-4CE6-5A01-0000-002031FB0200}
LogonId: 0x2FB31
TerminalSessionId: 1
IntegrityLevel: Medium
Hashes: SHA1=65894B0162897F2A6BB8D2EB13684BF2B451FDEE
ParentProcessGuid: {CC41BF7E-4D86-5A01-0000-0010A8460F00}
ParentProcessId: 5388
ParentImage: C:\Windows\System32\DeviceCensus.exe
ParentCommandLine: C:\Windows\system32\devicecensus.exe"
情報,2019/11/07 15:07:08,Microsoft-Windows-Sysmon,5,Process terminated (rule: ProcessTerminate),"Process terminated:
UtcTime: 2019-11-07 06:07:08.128
ProcessGuid: {CC41BF7E-4D86-5A01-0000-00106A430F00}
ProcessId: 5336
Image: C:\Windows\System32\taskhostw.exe"
情報,2019/11/07 15:07:08,Microsoft-Windows-Sysmon,9,RawAccessRead detected (rule: RawAccessRead),"RawAccessRead detected:
UtcTime: 2019-11-07 06:07:08.112
ProcessGuid: {CC41BF7E-4D86-5A01-0000-0010A8460F00}
ProcessId: 5388
Image: C:\Windows\System32\DeviceCensus.exe
Device: \Device\HarddiskVolume2"
情報,2019/11/07 15:07:08,Microsoft-Windows-Sysmon,9,RawAccessRead detected (rule: RawAccessRead),"RawAccessRead detected:
UtcTime: 2019-11-07 06:07:08.112
ProcessGuid: {CC41BF7E-4D86-5A01-0000-0010A8460F00}
ProcessId: 5388
Image: C:\Windows\System32\DeviceCensus.exe
Device: \Device\HarddiskVolume2"
情報,2019/11/07 15:07:08,Microsoft-Windows-Sysmon,9,RawAccessRead detected (rule: RawAccessRead),"RawAccessRead detected:
UtcTime: 2019-11-07 06:07:08.112
ProcessGuid: {CC41BF7E-4D86-5A01-0000-0010A8460F00}
ProcessId: 5388
Image: C:\Windows\System32\DeviceCensus.exe
Device: \Device\HarddiskVolume2"
情報,2019/11/07 15:07:08,Microsoft-Windows-Sysmon,9,RawAccessRead detected (rule: RawAccessRead),"RawAccessRead detected:
UtcTime: 2019-11-07 06:07:08.112
ProcessGuid: {CC41BF7E-4D86-5A01-0000-0010A8460F00}
ProcessId: 5388
Image: C:\Windows\System32\DeviceCensus.exe
Device: \Device\HarddiskVolume2"
情報,2019/11/07 15:07:08,Microsoft-Windows-Sysmon,9,RawAccessRead detected (rule: RawAccessRead),"RawAccessRead detected:
UtcTime: 2019-11-07 06:07:08.112
ProcessGuid: {CC41BF7E-4D86-5A01-0000-0010A8460F00}
ProcessId: 5388
Image: C:\Windows\System32\DeviceCensus.exe
Device: \Device\HarddiskVolume1"
情報,2019/11/07 15:07:08,Microsoft-Windows-Sysmon,9,RawAccessRead detected (rule: RawAccessRead),"RawAccessRead detected:
UtcTime: 2019-11-07 06:07:08.112
ProcessGuid: {CC41BF7E-4D86-5A01-0000-0010A8460F00}
ProcessId: 5388
Image: C:\Windows\System32\DeviceCensus.exe
Device: \Device\HarddiskVolume1"
情報,2019/11/07 15:07:08,Microsoft-Windows-Sysmon,9,RawAccessRead detected (rule: RawAccessRead),"RawAccessRead detected:
UtcTime: 2019-11-07 06:07:08.112
ProcessGuid: {CC41BF7E-4D86-5A01-0000-0010A8460F00}
ProcessId: 5388
Image: C:\Windows\System32\DeviceCensus.exe
Device: \Device\HarddiskVolume1"
情報,2019/11/07 15:07:08,Microsoft-Windows-Sysmon,9,RawAccessRead detected (rule: RawAccessRead),"RawAccessRead detected:
UtcTime: 2019-11-07 06:07:08.112
ProcessGuid: {CC41BF7E-4D86-5A01-0000-0010A8460F00}
ProcessId: 5388
Image: C:\Windows\System32\DeviceCensus.exe
Device: \Device\HarddiskVolume1"
情報,2019/11/07 15:07:08,Microsoft-Windows-Sysmon,2,File creation time changed (rule: FileCreateTime),"File creation time changed:
UtcTime: 2019-11-07 06:07:08.034
ProcessGuid: {CC41BF7E-4CD0-5A01-0000-00101AF00000}
ProcessId: 900
Image: C:\Windows\system32\svchost.exe
TargetFilename: C:\ProgramData\USOPrivate\UpdateStore\updatestoretemp51b519d5-b6f5-4333-8df6-e74d7c9aead4.xml
CreationUtcTime: 2019-12-14 17:33:55.212
PreviousCreationUtcTime: 2019-12-14 17:33:55.212"
情報,2019/11/07 15:07:07,Microsoft-Windows-Sysmon,1,Process Create (rule: ProcessCreate),"Process Create:
UtcTime: 2019-11-07 06:07:07.594
ProcessGuid: {CC41BF7E-4D8B-5A01-0000-00101BF70F00}
ProcessId: 1044
Image: C:\Windows\System32\wbem\WmiPrvSE.exe
CommandLine: C:\Windows\system32\wbem\wmiprvse.exe -Embedding
CurrentDirectory: C:\Windows\system32\
User: NT AUTHORITY\SYSTEM
LogonGuid: {CC41BF7E-4CCC-5A01-0000-0020E7030000}
LogonId: 0x3E7
TerminalSessionId: 0
IntegrityLevel: System
Hashes: SHA1=5935A1978B114199079C01D48407894AF30C07DA
ParentProcessGuid: {CC41BF7E-4CCD-5A01-0000-0010D0890000}
ParentProcessId: 664
ParentImage: C:\Windows\System32\svchost.exe
ParentCommandLine: C:\Windows\system32\svchost.exe -k DcomLaunch"
情報,2019/11/07 15:07:07,Microsoft-Windows-Sysmon,9,RawAccessRead detected (rule: RawAccessRead),"RawAccessRead detected:
UtcTime: 2019-11-07 06:07:07.581
ProcessGuid: {CC41BF7E-4D86-5A01-0000-0010A8460F00}
ProcessId: 5388
Image: C:\Windows\System32\DeviceCensus.exe
Device: \Device\HarddiskVolume2"
情報,2019/11/07 15:07:06,Microsoft-Windows-Sysmon,1,Process Create (rule: ProcessCreate),"Process Create:
UtcTime: 2019-11-07 06:07:06.634
ProcessGuid: {CC41BF7E-4D8A-5A01-0000-0010C5E60F00}
ProcessId: 4540
Image: C:\Windows\System32\sppsvc.exe
CommandLine: C:\Windows\system32\sppsvc.exe
CurrentDirectory: C:\Windows
User: NT AUTHORITY\NETWORK SERVICE
LogonGuid: {CC41BF7E-4CCE-5A01-0000-0020E4030000}
LogonId: 0x3E4
TerminalSessionId: 0
IntegrityLevel: System
Hashes: SHA1=C92CD17F0CDBB33C4393B2A4AED618C6B203BF05
ParentProcessGuid: {CC41BF7E-4CCC-5A01-0000-001065750000}
ParentProcessId: 552
ParentImage: C:\Windows\System32\services.exe
ParentCommandLine: C:\Windows\system32\services.exe"
情報,2019/11/07 15:07:06,Microsoft-Windows-Sysmon,9,RawAccessRead detected (rule: RawAccessRead),"RawAccessRead detected:
UtcTime: 2019-11-07 06:07:06.003
ProcessGuid: {CC41BF7E-4CB9-5A01-0000-0010EB030000}
ProcessId: 4
Image: System
Device: \Device\HarddiskVolume2"
情報,2019/11/07 15:07:06,Microsoft-Windows-Sysmon,9,RawAccessRead detected (rule: RawAccessRead),"RawAccessRead detected:
UtcTime: 2019-11-07 06:07:06.003
ProcessGuid: {CC41BF7E-4CB9-5A01-0000-0010EB030000}
ProcessId: 4
Image: System
Device: \Device\HarddiskVolume1"
情報,2019/11/07 15:07:06,Microsoft-Windows-Sysmon,1,Process Create (rule: ProcessCreate),"Process Create:
UtcTime: 2019-11-07 06:07:05.998
ProcessGuid: {CC41BF7E-4D89-5A01-0000-00106EBC0F00}
ProcessId: 4796
Image: C:\Windows\System32\wbem\WmiPrvSE.exe
CommandLine: C:\Windows\system32\wbem\wmiprvse.exe -secured -Embedding
CurrentDirectory: C:\Windows\system32\
User: NT AUTHORITY\NETWORK SERVICE
LogonGuid: {CC41BF7E-4CCE-5A01-0000-0020E4030000}
LogonId: 0x3E4
TerminalSessionId: 0
IntegrityLevel: System
Hashes: SHA1=5935A1978B114199079C01D48407894AF30C07DA
ParentProcessGuid: {CC41BF7E-4CCD-5A01-0000-0010D0890000}
ParentProcessId: 664
ParentImage: C:\Windows\System32\svchost.exe
ParentCommandLine: C:\Windows\system32\svchost.exe -k DcomLaunch"
情報,2019/11/07 15:07:05,Microsoft-Windows-Sysmon,2,File creation time changed (rule: FileCreateTime),"File creation time changed:
UtcTime: 2019-11-07 06:07:05.753
ProcessGuid: {CC41BF7E-4CD0-5A01-0000-00101AF00000}
ProcessId: 900
Image: C:\Windows\system32\svchost.exe
TargetFilename: C:\ProgramData\USOPrivate\UpdateStore\updatestoretemp51b519d5-b6f5-4333-8df6-e74d7c9aead4.xml
CreationUtcTime: 2019-12-14 17:33:55.212
PreviousCreationUtcTime: 2019-11-07 06:07:03.253"
情報,2019/11/07 15:07:05,Microsoft-Windows-Sysmon,5,Process terminated (rule: ProcessTerminate),"Process terminated:
UtcTime: 2019-11-07 06:07:05.737
ProcessGuid: {CC41BF7E-4D86-5A01-0000-0010E14D0F00}
ProcessId: 5468
Image: C:\Windows\System32\conhost.exe"
情報,2019/11/07 15:07:05,Microsoft-Windows-Sysmon,5,Process terminated (rule: ProcessTerminate),"Process terminated:
UtcTime: 2019-11-07 06:07:05.612
ProcessGuid: {CC41BF7E-4D86-5A01-0000-00105F450F00}
ProcessId: 5360
Image: C:\Windows\System32\SIHClient.exe"
情報,2019/11/07 15:07:05,Microsoft-Windows-Sysmon,9,RawAccessRead detected (rule: RawAccessRead),"RawAccessRead detected:
UtcTime: 2019-11-07 06:07:05.487
ProcessGuid: {CC41BF7E-4CB9-5A01-0000-0010EB030000}
ProcessId: 4
Image: System
Device: \Device\HarddiskVolume2"
情報,2019/11/07 15:07:05,Microsoft-Windows-Sysmon,9,RawAccessRead detected (rule: RawAccessRead),"RawAccessRead detected:
UtcTime: 2019-11-07 06:07:05.487
ProcessGuid: {CC41BF7E-4CB9-5A01-0000-0010EB030000}
ProcessId: 4
Image: System
Device: \Device\HarddiskVolume1"
情報,2019/11/07 15:07:05,Microsoft-Windows-Sysmon,1,Process Create (rule: ProcessCreate),"Process Create:
UtcTime: 2019-11-07 06:07:05.493
ProcessGuid: {CC41BF7E-4D89-5A01-0000-0010D79A0F00}
ProcessId: 6024
Image: C:\Windows\System32\InstallAgentUserBroker.exe
CommandLine: C:\Windows\System32\InstallAgentUserBroker.exe -Embedding
CurrentDirectory: C:\Windows\system32\
User: EXAMPLE\maebashi.gunma
LogonGuid: {CC41BF7E-4CE6-5A01-0000-002031FB0200}
LogonId: 0x2FB31
TerminalSessionId: 1
IntegrityLevel: Medium
Hashes: SHA1=31EACCBCA163CCFA31B844751124059C5175FE1F
ParentProcessGuid: {CC41BF7E-4CCD-5A01-0000-0010D0890000}
ParentProcessId: 664
ParentImage: C:\Windows\System32\svchost.exe
ParentCommandLine: C:\Windows\system32\svchost.exe -k DcomLaunch"
情報,2019/11/07 15:07:03,Microsoft-Windows-Sysmon,5,Process terminated (rule: ProcessTerminate),"Process terminated:
UtcTime: 2019-11-07 06:07:03.503
ProcessGuid: {CC41BF7E-4D86-5A01-0000-0010C2460F00}
ProcessId: 5396
Image: C:\Windows\System32\wsqmcons.exe"
情報,2019/11/07 15:07:03,Microsoft-Windows-Sysmon,5,Process terminated (rule: ProcessTerminate),"Process terminated:
UtcTime: 2019-11-07 06:07:03.425
ProcessGuid: {CC41BF7E-4D86-5A01-0000-0010734E0F00}
ProcessId: 5484
Image: C:\Windows\System32\conhost.exe"
情報,2019/11/07 15:07:03,Microsoft-Windows-Sysmon,5,Process terminated (rule: ProcessTerminate),"Process terminated:
UtcTime: 2019-11-07 06:07:03.425
ProcessGuid: {CC41BF7E-4D86-5A01-0000-0010544D0F00}
ProcessId: 5460
Image: C:\Windows\System32\conhost.exe"
情報,2019/11/07 15:07:03,Microsoft-Windows-Sysmon,9,RawAccessRead detected (rule: RawAccessRead),"RawAccessRead detected:
UtcTime: 2019-11-07 06:07:03.394
ProcessGuid: {CC41BF7E-4CB9-5A01-0000-0010EB030000}
ProcessId: 4
Image: System
Device: \Device\HarddiskVolume2"
情報,2019/11/07 15:07:03,Microsoft-Windows-Sysmon,9,RawAccessRead detected (rule: RawAccessRead),"RawAccessRead detected:
UtcTime: 2019-11-07 06:07:03.394
ProcessGuid: {CC41BF7E-4CB9-5A01-0000-0010EB030000}
ProcessId: 4
Image: System
Device: \Device\HarddiskVolume1"
情報,2019/11/07 15:07:03,Microsoft-Windows-Sysmon,1,Process Create (rule: ProcessCreate),"Process Create:
UtcTime: 2019-11-07 06:07:03.361
ProcessGuid: {CC41BF7E-4D87-5A01-0000-00107F690F00}
ProcessId: 5800
Image: C:\Windows\System32\wuapihost.exe
CommandLine: C:\Windows\System32\wuapihost.exe -Embedding
CurrentDirectory: C:\Windows\system32\
User: EXAMPLE\maebashi.gunma
LogonGuid: {CC41BF7E-4CE6-5A01-0000-002031FB0200}
LogonId: 0x2FB31
TerminalSessionId: 1
IntegrityLevel: Medium
Hashes: SHA1=18E62CB04A75681C4324993D47ED0CDDD33D6E01
ParentProcessGuid: {CC41BF7E-4CCD-5A01-0000-0010D0890000}
ParentProcessId: 664
ParentImage: C:\Windows\System32\svchost.exe
ParentCommandLine: C:\Windows\system32\svchost.exe -k DcomLaunch"
情報,2019/11/07 15:07:03,Microsoft-Windows-Sysmon,5,Process terminated (rule: ProcessTerminate),"Process terminated:
UtcTime: 2019-11-07 06:07:03.300
ProcessGuid: {CC41BF7E-4D86-5A01-0000-0010CF450F00}
ProcessId: 5372
Image: C:\Windows\System32\sc.exe"
情報,2019/11/07 15:07:03,Microsoft-Windows-Sysmon,5,Process terminated (rule: ProcessTerminate),"Process terminated:
UtcTime: 2019-11-07 06:07:03.284
ProcessGuid: {CC41BF7E-4D86-5A01-0000-0010C3440F00}
ProcessId: 5348
Image: C:\Windows\System32\UsoClient.exe"
情報,2019/11/07 15:07:03,Microsoft-Windows-Sysmon,1,Process Create (rule: ProcessCreate),"Process Create:
UtcTime: 2019-11-07 06:07:03.270
ProcessGuid: {CC41BF7E-4D87-5A01-0000-00103D620F00}
ProcessId: 5760
Image: C:\Windows\System32\CompatTelRunner.exe
CommandLine: C:\Windows\system32\CompatTelRunner.exe -m:appraiser.dll -f:DoScheduledTelemetryRun -cv:6Qaz/1Gcz0GcRc1m.1
CurrentDirectory: C:\Windows\system32\
User: NT AUTHORITY\SYSTEM
LogonGuid: {CC41BF7E-4CCC-5A01-0000-0020E7030000}
LogonId: 0x3E7
TerminalSessionId: 0
IntegrityLevel: System
Hashes: SHA1=ADD5DC226C1AAD3D34BE09AEF2CEF0D845A4C5CC
ParentProcessGuid: {CC41BF7E-4D86-5A01-0000-0010FC450F00}
ParentProcessId: 5380
ParentImage: C:\Windows\System32\CompatTelRunner.exe
ParentCommandLine: C:\Windows\system32\compattelrunner.exe"
情報,2019/11/07 15:07:02,Microsoft-Windows-Sysmon,1,Process Create (rule: ProcessCreate),"Process Create:
UtcTime: 2019-11-07 06:07:02.961
ProcessGuid: {CC41BF7E-4D86-5A01-0000-0010104F0F00}
ProcessId: 5496
Image: C:\Windows\System32\conhost.exe
CommandLine: \??\C:\Windows\system32\conhost.exe 0xffffffff -ForceV1
CurrentDirectory: C:\Windows
User: NT AUTHORITY\SYSTEM
LogonGuid: {CC41BF7E-4CCC-5A01-0000-0020E7030000}
LogonId: 0x3E7
TerminalSessionId: 0
IntegrityLevel: System
Hashes: SHA1=00667A0F0C0D5E9DA697E9FF54ECDDD449259354
ParentProcessGuid: {CC41BF7E-4D86-5A01-0000-0010A8460F00}
ParentProcessId: 5388
ParentImage: C:\Windows\System32\DeviceCensus.exe
ParentCommandLine: C:\Windows\system32\devicecensus.exe"
情報,2019/11/07 15:07:02,Microsoft-Windows-Sysmon,1,Process Create (rule: ProcessCreate),"Process Create:
UtcTime: 2019-11-07 06:07:02.951
ProcessGuid: {CC41BF7E-4D86-5A01-0000-0010734E0F00}
ProcessId: 5484
Image: C:\Windows\System32\conhost.exe
CommandLine: \??\C:\Windows\system32\conhost.exe 0xffffffff -ForceV1
CurrentDirectory: C:\Windows
User: NT AUTHORITY\SYSTEM
LogonGuid: {CC41BF7E-4CCC-5A01-0000-0020E7030000}
LogonId: 0x3E7
TerminalSessionId: 0
IntegrityLevel: System
Hashes: SHA1=00667A0F0C0D5E9DA697E9FF54ECDDD449259354
ParentProcessGuid: {CC41BF7E-4D86-5A01-0000-0010CF450F00}
ParentProcessId: 5372
ParentImage: C:\Windows\System32\sc.exe
ParentCommandLine: C:\Windows\system32\sc.exe start wuauserv"
情報,2019/11/07 15:07:02,Microsoft-Windows-Sysmon,1,Process Create (rule: ProcessCreate),"Process Create:
UtcTime: 2019-11-07 06:07:02.946
ProcessGuid: {CC41BF7E-4D86-5A01-0000-0010224E0F00}
ProcessId: 5476
Image: C:\Windows\System32\conhost.exe
CommandLine: \??\C:\Windows\system32\conhost.exe 0xffffffff -ForceV1
CurrentDirectory: C:\Windows
User: NT AUTHORITY\SYSTEM
LogonGuid: {CC41BF7E-4CCC-5A01-0000-0020E7030000}
LogonId: 0x3E7
TerminalSessionId: 0
IntegrityLevel: System
Hashes: SHA1=00667A0F0C0D5E9DA697E9FF54ECDDD449259354
ParentProcessGuid: {CC41BF7E-4D86-5A01-0000-0010FC450F00}
ParentProcessId: 5380
ParentImage: C:\Windows\System32\CompatTelRunner.exe
ParentCommandLine: C:\Windows\system32\compattelrunner.exe"
情報,2019/11/07 15:07:02,Microsoft-Windows-Sysmon,1,Process Create (rule: ProcessCreate),"Process Create:
UtcTime: 2019-11-07 06:07:02.939
ProcessGuid: {CC41BF7E-4D86-5A01-0000-0010E14D0F00}
ProcessId: 5468
Image: C:\Windows\System32\conhost.exe
CommandLine: \??\C:\Windows\system32\conhost.exe 0xffffffff -ForceV1
CurrentDirectory: C:\Windows
User: NT AUTHORITY\SYSTEM
LogonGuid: {CC41BF7E-4CCC-5A01-0000-0020E7030000}
LogonId: 0x3E7
TerminalSessionId: 0
IntegrityLevel: System
Hashes: SHA1=00667A0F0C0D5E9DA697E9FF54ECDDD449259354
ParentProcessGuid: {CC41BF7E-4D86-5A01-0000-00105F450F00}
ParentProcessId: 5360
ParentImage: C:\Windows\System32\SIHClient.exe
ParentCommandLine: C:\Windows\System32\sihclient.exe"
情報,2019/11/07 15:07:02,Microsoft-Windows-Sysmon,1,Process Create (rule: ProcessCreate),"Process Create:
UtcTime: 2019-11-07 06:07:02.925
ProcessGuid: {CC41BF7E-4D86-5A01-0000-0010544D0F00}
ProcessId: 5460
Image: C:\Windows\System32\conhost.exe
CommandLine: \??\C:\Windows\system32\conhost.exe 0xffffffff -ForceV1
CurrentDirectory: C:\Windows
User: NT AUTHORITY\SYSTEM
LogonGuid: {CC41BF7E-4CCC-5A01-0000-0020E7030000}
LogonId: 0x3E7
TerminalSessionId: 0
IntegrityLevel: System
Hashes: SHA1=00667A0F0C0D5E9DA697E9FF54ECDDD449259354
ParentProcessGuid: {CC41BF7E-4D86-5A01-0000-0010C3440F00}
ParentProcessId: 5348
ParentImage: C:\Windows\System32\UsoClient.exe
ParentCommandLine: C:\Windows\system32\usoclient.exe StartScan"
情報,2019/11/07 15:07:02,Microsoft-Windows-Sysmon,1,Process Create (rule: ProcessCreate),"Process Create:
UtcTime: 2019-11-07 06:07:02.877
ProcessGuid: {CC41BF7E-4D86-5A01-0000-0010F8480F00}
ProcessId: 5420
Image: C:\Windows\System32\InstallAgent.exe
CommandLine: C:\Windows\System32\InstallAgent.exe -Embedding
CurrentDirectory: C:\Windows\system32\
User: EXAMPLE\maebashi.gunma
LogonGuid: {CC41BF7E-4CE6-5A01-0000-002031FB0200}
LogonId: 0x2FB31
TerminalSessionId: 1
IntegrityLevel: Medium
Hashes: SHA1=05A083370F7A7E7DF99AD0764DEA0E7B53E324E3
ParentProcessGuid: {CC41BF7E-4CCD-5A01-0000-0010D0890000}
ParentProcessId: 664
ParentImage: C:\Windows\System32\svchost.exe
ParentCommandLine: C:\Windows\system32\svchost.exe -k DcomLaunch"
情報,2019/11/07 15:07:02,Microsoft-Windows-Sysmon,1,Process Create (rule: ProcessCreate),"Process Create:
UtcTime: 2019-11-07 06:07:02.843
ProcessGuid: {CC41BF7E-4D86-5A01-0000-0010A8460F00}
ProcessId: 5388
Image: C:\Windows\System32\DeviceCensus.exe
CommandLine: C:\Windows\system32\devicecensus.exe
CurrentDirectory: C:\Windows\system32\
User: NT AUTHORITY\SYSTEM
LogonGuid: {CC41BF7E-4CCC-5A01-0000-0020E7030000}
LogonId: 0x3E7
TerminalSessionId: 0
IntegrityLevel: System
Hashes: SHA1=65894B0162897F2A6BB8D2EB13684BF2B451FDEE
ParentProcessGuid: {CC41BF7E-4CD0-5A01-0000-00101AF00000}
ParentProcessId: 900
ParentImage: C:\Windows\System32\svchost.exe
ParentCommandLine: C:\Windows\system32\svchost.exe -k netsvcs"
情報,2019/11/07 15:07:02,Microsoft-Windows-Sysmon,1,Process Create (rule: ProcessCreate),"Process Create:
UtcTime: 2019-11-07 06:07:02.844
ProcessGuid: {CC41BF7E-4D86-5A01-0000-0010C2460F00}
ProcessId: 5396
Image: C:\Windows\System32\wsqmcons.exe
CommandLine: C:\Windows\System32\wsqmcons.exe
CurrentDirectory: C:\Windows\system32\
User: NT AUTHORITY\SYSTEM
LogonGuid: {CC41BF7E-4CCC-5A01-0000-0020E7030000}
LogonId: 0x3E7
TerminalSessionId: 0
IntegrityLevel: System
Hashes: SHA1=C291EC2A11CCFA3CFD0DDF8CCFBB15A8D41FF022
ParentProcessGuid: {CC41BF7E-4CD0-5A01-0000-00101AF00000}
ParentProcessId: 900
ParentImage: C:\Windows\System32\svchost.exe
ParentCommandLine: C:\Windows\system32\svchost.exe -k netsvcs"
情報,2019/11/07 15:07:02,Microsoft-Windows-Sysmon,1,Process Create (rule: ProcessCreate),"Process Create:
UtcTime: 2019-11-07 06:07:02.831
ProcessGuid: {CC41BF7E-4D86-5A01-0000-0010CF450F00}
ProcessId: 5372
Image: C:\Windows\System32\sc.exe
CommandLine: C:\Windows\system32\sc.exe start wuauserv
CurrentDirectory: C:\Windows\system32\
User: NT AUTHORITY\SYSTEM
LogonGuid: {CC41BF7E-4CCC-5A01-0000-0020E7030000}
LogonId: 0x3E7
TerminalSessionId: 0
IntegrityLevel: System
Hashes: SHA1=8F8DBD13DEE01E3DBECEA052489F924DE5FB869B
ParentProcessGuid: {CC41BF7E-4CD0-5A01-0000-00101AF00000}
ParentProcessId: 900
ParentImage: C:\Windows\System32\svchost.exe
ParentCommandLine: C:\Windows\system32\svchost.exe -k netsvcs"
情報,2019/11/07 15:07:02,Microsoft-Windows-Sysmon,1,Process Create (rule: ProcessCreate),"Process Create:
UtcTime: 2019-11-07 06:07:02.835
ProcessGuid: {CC41BF7E-4D86-5A01-0000-0010FC450F00}
ProcessId: 5380
Image: C:\Windows\System32\CompatTelRunner.exe
CommandLine: C:\Windows\system32\compattelrunner.exe
CurrentDirectory: C:\Windows\system32\
User: NT AUTHORITY\SYSTEM
LogonGuid: {CC41BF7E-4CCC-5A01-0000-0020E7030000}
LogonId: 0x3E7
TerminalSessionId: 0
IntegrityLevel: System
Hashes: SHA1=ADD5DC226C1AAD3D34BE09AEF2CEF0D845A4C5CC
ParentProcessGuid: {CC41BF7E-4CD0-5A01-0000-00101AF00000}
ParentProcessId: 900
ParentImage: C:\Windows\System32\svchost.exe
ParentCommandLine: C:\Windows\system32\svchost.exe -k netsvcs"
情報,2019/11/07 15:07:02,Microsoft-Windows-Sysmon,1,Process Create (rule: ProcessCreate),"Process Create:
UtcTime: 2019-11-07 06:07:02.825
ProcessGuid: {CC41BF7E-4D86-5A01-0000-00105F450F00}
ProcessId: 5360
Image: C:\Windows\System32\SIHClient.exe
CommandLine: C:\Windows\System32\sihclient.exe
CurrentDirectory: C:\Windows\system32\
User: NT AUTHORITY\SYSTEM
LogonGuid: {CC41BF7E-4CCC-5A01-0000-0020E7030000}
LogonId: 0x3E7
TerminalSessionId: 0
IntegrityLevel: System
Hashes: SHA1=04B14F6AF744AD123CC53F3E3CECFDE47496790C
ParentProcessGuid: {CC41BF7E-4CD0-5A01-0000-00101AF00000}
ParentProcessId: 900
ParentImage: C:\Windows\System32\svchost.exe
ParentCommandLine: C:\Windows\system32\svchost.exe -k netsvcs"
情報,2019/11/07 15:07:02,Microsoft-Windows-Sysmon,1,Process Create (rule: ProcessCreate),"Process Create:
UtcTime: 2019-11-07 06:07:02.819
ProcessGuid: {CC41BF7E-4D86-5A01-0000-0010C3440F00}
ProcessId: 5348
Image: C:\Windows\System32\UsoClient.exe
CommandLine: C:\Windows\system32\usoclient.exe StartScan
CurrentDirectory: C:\Windows\system32\
User: NT AUTHORITY\SYSTEM
LogonGuid: {CC41BF7E-4CCC-5A01-0000-0020E7030000}
LogonId: 0x3E7
TerminalSessionId: 0
IntegrityLevel: System
Hashes: SHA1=F6C71AC32EC6A33019C1E85BC08BA4F9A760F7C3
ParentProcessGuid: {CC41BF7E-4CD0-5A01-0000-00101AF00000}
ParentProcessId: 900
ParentImage: C:\Windows\System32\svchost.exe
ParentCommandLine: C:\Windows\system32\svchost.exe -k netsvcs"
情報,2019/11/07 15:07:02,Microsoft-Windows-Sysmon,1,Process Create (rule: ProcessCreate),"Process Create:
UtcTime: 2019-11-07 06:07:02.806
ProcessGuid: {CC41BF7E-4D86-5A01-0000-00106A430F00}
ProcessId: 5336
Image: C:\Windows\System32\taskhostw.exe
CommandLine: taskhostw.exe
CurrentDirectory: C:\Windows\system32\
User: EXAMPLE\maebashi.gunma
LogonGuid: {CC41BF7E-4CE6-5A01-0000-002031FB0200}
LogonId: 0x2FB31
TerminalSessionId: 1
IntegrityLevel: Medium
Hashes: SHA1=9CC394E9F9AEF58F7BDB90B8B19559AB6605CB64
ParentProcessGuid: {CC41BF7E-4CD0-5A01-0000-00101AF00000}
ParentProcessId: 900
ParentImage: C:\Windows\System32\svchost.exe
ParentCommandLine: C:\Windows\system32\svchost.exe -k netsvcs"
情報,2019/11/07 15:07:02,Microsoft-Windows-Sysmon,1,Process Create (rule: ProcessCreate),"Process Create:
UtcTime: 2019-11-07 06:07:02.802
ProcessGuid: {CC41BF7E-4D86-5A01-0000-0010D7420F00}
ProcessId: 5328
Image: C:\Windows\System32\wermgr.exe
CommandLine: C:\Windows\system32\wermgr.exe -upload
CurrentDirectory: C:\Windows\system32\
User: NT AUTHORITY\SYSTEM
LogonGuid: {CC41BF7E-4CCC-5A01-0000-0020E7030000}
LogonId: 0x3E7
TerminalSessionId: 0
IntegrityLevel: System
Hashes: SHA1=0C0329767FD84B8D5A00C91925DA6BE954AE6610
ParentProcessGuid: {CC41BF7E-4CD0-5A01-0000-00101AF00000}
ParentProcessId: 900
ParentImage: C:\Windows\System32\svchost.exe
ParentCommandLine: C:\Windows\system32\svchost.exe -k netsvcs"
情報,2019/11/07 15:06:50,Microsoft-Windows-Sysmon,5,Process terminated (rule: ProcessTerminate),"Process terminated:
UtcTime: 2019-11-07 06:06:50.300
ProcessGuid: {CC41BF7E-4D5A-5A01-0000-0010E47C0D00}
ProcessId: 996
Image: C:\Program Files\Internet Explorer\iexplore.exe"
情報,2019/11/07 15:06:47,Microsoft-Windows-Sysmon,5,Process terminated (rule: ProcessTerminate),"Process terminated:
UtcTime: 2019-11-07 06:06:47.800
ProcessGuid: {CC41BF7E-4D58-5A01-0000-001047E40C00}
ProcessId: 4464
Image: C:\Windows\System32\sppsvc.exe"
情報,2019/11/07 15:06:47,Microsoft-Windows-Sysmon,5,Process terminated (rule: ProcessTerminate),"Process terminated:
UtcTime: 2019-11-07 06:06:47.128
ProcessGuid: {CC41BF7E-4CF3-5A01-0000-00101B670300}
ProcessId: 2200
Image: C:\Windows\System32\wbem\WmiPrvSE.exe"
情報,2019/11/07 15:06:46,Microsoft-Windows-Sysmon,5,Process terminated (rule: ProcessTerminate),"Process terminated:
UtcTime: 2019-11-07 06:06:46.565
ProcessGuid: {CC41BF7E-4D09-5A01-0000-00106DAA0400}
ProcessId: 2380
Image: C:\Windows\System32\SearchFilterHost.exe"
情報,2019/11/07 15:06:46,Microsoft-Windows-Sysmon,5,Process terminated (rule: ProcessTerminate),"Process terminated:
UtcTime: 2019-11-07 06:06:46.565
ProcessGuid: {CC41BF7E-4D05-5A01-0000-0010FC390400}
ProcessId: 3816
Image: C:\Windows\System32\SearchProtocolHost.exe"
情報,2019/11/07 15:06:46,Microsoft-Windows-Sysmon,5,Process terminated (rule: ProcessTerminate),"Process terminated:
UtcTime: 2019-11-07 06:06:46.565
ProcessGuid: {CC41BF7E-4D19-5A01-0000-001077960600}
ProcessId: 4768
Image: C:\Windows\System32\SearchProtocolHost.exe"
情報,2019/11/07 15:06:41,Microsoft-Windows-Sysmon,5,Process terminated (rule: ProcessTerminate),"Process terminated:
UtcTime: 2019-11-07 06:06:41.925
ProcessGuid: {CC41BF7E-4D16-5A01-0000-0010EE010600}
ProcessId: 4260
Image: C:\Users\maebashi.gunma\AppData\Local\Temp\vmcon.exe"
情報,2019/11/07 15:06:36,Microsoft-Windows-Sysmon,5,Process terminated (rule: ProcessTerminate),"Process terminated:
UtcTime: 2019-11-07 06:06:36.190
ProcessGuid: {CC41BF7E-4D6B-5A01-0000-00101AC50E00}
ProcessId: 5148
Image: C:\Windows\System32\backgroundTaskHost.exe"
情報,2019/11/07 15:06:36,Microsoft-Windows-Sysmon,5,Process terminated (rule: ProcessTerminate),"Process terminated:
UtcTime: 2019-11-07 06:06:36.003
ProcessGuid: {CC41BF7E-4D6B-5A01-0000-0010D7BF0E00}
ProcessId: 3960
Image: C:\Windows\System32\taskhostw.exe"
情報,2019/11/07 15:06:35,Microsoft-Windows-Sysmon,1,Process Create (rule: ProcessCreate),"Process Create:
UtcTime: 2019-11-07 06:06:35.971
ProcessGuid: {CC41BF7E-4D6B-5A01-0000-00101AC50E00}
ProcessId: 5148
Image: C:\Windows\System32\backgroundTaskHost.exe
CommandLine: ""C:\Windows\system32\backgroundTaskHost.exe"" -ServerName:App.AppXmtcan0h2tfbfy7k9kn8hbxb6dmzz1zh0.mca
CurrentDirectory: C:\Windows\SystemApps\Microsoft.Windows.ContentDeliveryManager_cw5n1h2txyewy\
User: EXAMPLE\maebashi.gunma
LogonGuid: {CC41BF7E-4CE6-5A01-0000-002031FB0200}
LogonId: 0x2FB31
TerminalSessionId: 1
IntegrityLevel: AppContainer
Hashes: SHA1=8B4E7D875398E67D5277D9C8C9BFA027F9705EDC
ParentProcessGuid: {CC41BF7E-4CCD-5A01-0000-0010D0890000}
ParentProcessId: 664
ParentImage: C:\Windows\System32\svchost.exe
ParentCommandLine: C:\Windows\system32\svchost.exe -k DcomLaunch"
情報,2019/11/07 15:06:35,Microsoft-Windows-Sysmon,9,RawAccessRead detected (rule: RawAccessRead),"RawAccessRead detected:
UtcTime: 2019-11-07 06:06:35.894
ProcessGuid: {CC41BF7E-4CB9-5A01-0000-0010EB030000}
ProcessId: 4
Image: System
Device: \Device\HarddiskVolume2"
情報,2019/11/07 15:06:35,Microsoft-Windows-Sysmon,9,RawAccessRead detected (rule: RawAccessRead),"RawAccessRead detected:
UtcTime: 2019-11-07 06:06:35.894
ProcessGuid: {CC41BF7E-4CB9-5A01-0000-0010EB030000}
ProcessId: 4
Image: System
Device: \Device\HarddiskVolume1"
情報,2019/11/07 15:06:35,Microsoft-Windows-Sysmon,1,Process Create (rule: ProcessCreate),"Process Create:
UtcTime: 2019-11-07 06:06:35.888
ProcessGuid: {CC41BF7E-4D6B-5A01-0000-0010D7BF0E00}
ProcessId: 3960
Image: C:\Windows\System32\taskhostw.exe
CommandLine: taskhostw.exe
CurrentDirectory: C:\Windows\system32\
User: EXAMPLE\maebashi.gunma
LogonGuid: {CC41BF7E-4CE6-5A01-0000-002031FB0200}
LogonId: 0x2FB31
TerminalSessionId: 1
IntegrityLevel: Medium
Hashes: SHA1=9CC394E9F9AEF58F7BDB90B8B19559AB6605CB64
ParentProcessGuid: {CC41BF7E-4CD0-5A01-0000-00101AF00000}
ParentProcessId: 900
ParentImage: C:\Windows\System32\svchost.exe
ParentCommandLine: C:\Windows\system32\svchost.exe -k netsvcs"
情報,2019/11/07 15:06:30,Microsoft-Windows-Sysmon,5,Process terminated (rule: ProcessTerminate),"Process terminated:
UtcTime: 2019-11-07 06:06:30.316
ProcessGuid: {CC41BF7E-4D5A-5A01-0000-0010848A0D00}
ProcessId: 3644
Image: C:\Program Files (x86)\Internet Explorer\iexplore.exe"
情報,2019/11/07 15:06:29,Microsoft-Windows-Sysmon,5,Process terminated (rule: ProcessTerminate),"Process terminated:
UtcTime: 2019-11-07 06:06:29.956
ProcessGuid: {CC41BF7E-4D60-5A01-0000-0010966E0E00}
ProcessId: 2456
Image: C:\Windows\System32\InstallAgent.exe"
情報,2019/11/07 15:06:26,Microsoft-Windows-Sysmon,5,Process terminated (rule: ProcessTerminate),"Process terminated:
UtcTime: 2019-11-07 06:06:26.675
ProcessGuid: {CC41BF7E-4D57-5A01-0000-001097C60C00}
ProcessId: 4268
Image: C:\Windows\System32\svchost.exe"
情報,2019/11/07 15:06:25,Microsoft-Windows-Sysmon,5,Process terminated (rule: ProcessTerminate),"Process terminated:
UtcTime: 2019-11-07 06:06:25.066
ProcessGuid: {CC41BF7E-4D5A-5A01-0000-001095430D00}
ProcessId: 4556
Image: C:\Windows\System32\backgroundTaskHost.exe"
情報,2019/11/07 15:06:24,Microsoft-Windows-Sysmon,9,RawAccessRead detected (rule: RawAccessRead),"RawAccessRead detected:
UtcTime: 2019-11-07 06:06:24.909
ProcessGuid: {CC41BF7E-4CB9-5A01-0000-0010EB030000}
ProcessId: 4
Image: System
Device: \Device\HarddiskVolume2"
情報,2019/11/07 15:06:24,Microsoft-Windows-Sysmon,9,RawAccessRead detected (rule: RawAccessRead),"RawAccessRead detected:
UtcTime: 2019-11-07 06:06:24.909
ProcessGuid: {CC41BF7E-4CB9-5A01-0000-0010EB030000}
ProcessId: 4
Image: System
Device: \Device\HarddiskVolume1"
情報,2019/11/07 15:06:24,Microsoft-Windows-Sysmon,1,Process Create (rule: ProcessCreate),"Process Create:
UtcTime: 2019-11-07 06:06:24.914
ProcessGuid: {CC41BF7E-4D60-5A01-0000-0010966E0E00}
ProcessId: 2456
Image: C:\Windows\System32\InstallAgent.exe
CommandLine: C:\Windows\System32\InstallAgent.exe -Embedding
CurrentDirectory: C:\Windows\system32\
User: EXAMPLE\maebashi.gunma
LogonGuid: {CC41BF7E-4CE6-5A01-0000-002031FB0200}
LogonId: 0x2FB31
TerminalSessionId: 1
IntegrityLevel: Medium
Hashes: SHA1=05A083370F7A7E7DF99AD0764DEA0E7B53E324E3
ParentProcessGuid: {CC41BF7E-4CCD-5A01-0000-0010D0890000}
ParentProcessId: 664
ParentImage: C:\Windows\System32\svchost.exe
ParentCommandLine: C:\Windows\system32\svchost.exe -k DcomLaunch"
情報,2019/11/07 15:06:23,Microsoft-Windows-Sysmon,5,Process terminated (rule: ProcessTerminate),"Process terminated:
UtcTime: 2019-11-07 06:06:23.206
ProcessGuid: {CC41BF7E-4D5F-5A01-0000-0010C6470E00}
ProcessId: 3436
Image: C:\Windows\System32\backgroundTaskHost.exe"
情報,2019/11/07 15:06:23,Microsoft-Windows-Sysmon,9,RawAccessRead detected (rule: RawAccessRead),"RawAccessRead detected:
UtcTime: 2019-11-07 06:06:23.128
ProcessGuid: {CC41BF7E-4CB9-5A01-0000-0010EB030000}
ProcessId: 4
Image: System
Device: \Device\HarddiskVolume2"
情報,2019/11/07 15:06:23,Microsoft-Windows-Sysmon,9,RawAccessRead detected (rule: RawAccessRead),"RawAccessRead detected:
UtcTime: 2019-11-07 06:06:23.128
ProcessGuid: {CC41BF7E-4CB9-5A01-0000-0010EB030000}
ProcessId: 4
Image: System
Device: \Device\HarddiskVolume1"
情報,2019/11/07 15:06:23,Microsoft-Windows-Sysmon,1,Process Create (rule: ProcessCreate),"Process Create:
UtcTime: 2019-11-07 06:06:23.126
ProcessGuid: {CC41BF7E-4D5F-5A01-0000-0010C6470E00}
ProcessId: 3436
Image: C:\Windows\System32\backgroundTaskHost.exe
CommandLine: ""C:\Windows\System32\BackgroundTaskHost.exe"" -ServerName:BackgroundTaskHost.WebAccountProvider
CurrentDirectory: C:\Windows\SystemApps\Microsoft.Windows.CloudExperienceHost_cw5n1h2txyewy\
User: EXAMPLE\maebashi.gunma
LogonGuid: {CC41BF7E-4CE6-5A01-0000-002031FB0200}
LogonId: 0x2FB31
TerminalSessionId: 1
IntegrityLevel: AppContainer
Hashes: SHA1=8B4E7D875398E67D5277D9C8C9BFA027F9705EDC
ParentProcessGuid: {CC41BF7E-4CCD-5A01-0000-0010D0890000}
ParentProcessId: 664
ParentImage: C:\Windows\System32\svchost.exe
ParentCommandLine: C:\Windows\system32\svchost.exe -k DcomLaunch"
情報,2019/11/07 15:06:22,Microsoft-Windows-Sysmon,5,Process terminated (rule: ProcessTerminate),"Process terminated:
UtcTime: 2019-11-07 06:06:22.019
ProcessGuid: {CC41BF7E-4D52-5A01-0000-001026FA0A00}
ProcessId: 2608
Image: C:\Windows\System32\wermgr.exe"
情報,2019/11/07 15:06:21,Microsoft-Windows-Sysmon,2,File creation time changed (rule: FileCreateTime),"File creation time changed:
UtcTime: 2019-11-07 06:06:21.628
ProcessGuid: {CC41BF7E-4D09-5A01-0000-00104DC40400}
ProcessId: 3288
Image: C:\Windows\system32\backgroundTaskHost.exe
TargetFilename: C:\Users\maebashi.gunma\AppData\Local\Packages\Microsoft.Windows.Cortana_cw5n1h2txyewy\LocalState\DeviceSearchCache\AppCache131545083796502297.txt.~tmp
CreationUtcTime: 2019-11-07 06:06:20.453
PreviousCreationUtcTime: 2019-11-07 06:06:20.453"
情報,2019/11/07 15:06:20,Microsoft-Windows-Sysmon,2,File creation time changed (rule: FileCreateTime),"File creation time changed:
UtcTime: 2019-11-07 06:06:20.032
ProcessGuid: {CC41BF7E-4CD0-5A01-0000-00101AF00000}
ProcessId: 900
Image: C:\Windows\system32\svchost.exe
TargetFilename: C:\ProgramData\USOPrivate\UpdateStore\updatestoretemp51b519d5-b6f5-4333-8df6-e74d7c9aead4.xml
CreationUtcTime: 2019-12-14 17:33:55.212
PreviousCreationUtcTime: 2019-11-07 06:06:18.782"
情報,2019/11/07 15:06:19,Microsoft-Windows-Sysmon,5,Process terminated (rule: ProcessTerminate),"Process terminated:
UtcTime: 2019-11-07 06:06:19.547
ProcessGuid: {CC41BF7E-4D50-5A01-0000-001037E10A00}
ProcessId: 4720
Image: C:\Windows\System32\dllhost.exe"
情報,2019/11/07 15:06:18,Microsoft-Windows-Sysmon,1,Process Create (rule: ProcessCreate),"ソース ""Microsoft-Windows-Sysmon"" からのイベント ID 1 の説明が見つかりません。このイベントを発生させるコンポーネントがローカル コンピューターにインストールされていないか、インストールが壊れています。ローカル コンピューターにコンポーネントをインストールするか、コンポーネントを修復してください。

イベントが別のコンピューターから発生している場合、イベントと共に表示情報を保存する必要があります。

イベントには次の情報が含まれています: 

2019-11-07 06:06:18.889
EV_RenderedValue_1.00
3644
C:\Program Files (x86)\Internet Explorer\iexplore.exe
""C:\Program Files (x86)\Internet Explorer\IEXPLORE.EXE"" SCODEF:996 CREDAT:140545 /prefetch:2
C:\Users\maebashi.gunma\Desktop\
EXAMPLE\maebashi.gunma
EV_RenderedValue_7.00
195377
1
Low
SHA1=B2533AE4CDAA5F2B0B38A76B8EB65F12C7B225EC
EV_RenderedValue_12.00
996
C:\Program Files\Internet Explorer\iexplore.exe
""C:\Program Files\Internet Explorer\iexplore.exe"" -Embedding

ハンドルが無効です。
"
情報,2019/11/07 15:06:18,Microsoft-Windows-Sysmon,1,Process Create (rule: ProcessCreate),"Process Create:
UtcTime: 2019-11-07 06:06:18.705
ProcessGuid: {CC41BF7E-4D5A-5A01-0000-0010E47C0D00}
ProcessId: 996
Image: C:\Program Files\Internet Explorer\iexplore.exe
CommandLine: ""C:\Program Files\Internet Explorer\iexplore.exe"" -Embedding
CurrentDirectory: C:\Windows\system32\
User: EXAMPLE\maebashi.gunma
LogonGuid: {CC41BF7E-4CE6-5A01-0000-002031FB0200}
LogonId: 0x2FB31
TerminalSessionId: 1
IntegrityLevel: Medium
Hashes: SHA1=F0FEB5350BD497A9E9BF77ED072315E64ABFFA33
ParentProcessGuid: {CC41BF7E-4CCD-5A01-0000-0010D0890000}
ParentProcessId: 664
ParentImage: C:\Windows\System32\svchost.exe
ParentCommandLine: C:\Windows\system32\svchost.exe -k DcomLaunch"
情報,2019/11/07 15:06:18,Microsoft-Windows-Sysmon,1,Process Create (rule: ProcessCreate),"Process Create:
UtcTime: 2019-11-07 06:06:18.085
ProcessGuid: {CC41BF7E-4D5A-5A01-0000-001095430D00}
ProcessId: 4556
Image: C:\Windows\System32\backgroundTaskHost.exe
CommandLine: ""C:\Windows\system32\backgroundTaskHost.exe"" -ServerName:App.AppXmtcan0h2tfbfy7k9kn8hbxb6dmzz1zh0.mca
CurrentDirectory: C:\Windows\SystemApps\Microsoft.Windows.ContentDeliveryManager_cw5n1h2txyewy\
User: EXAMPLE\maebashi.gunma
LogonGuid: {CC41BF7E-4CE6-5A01-0000-002031FB0200}
LogonId: 0x2FB31
TerminalSessionId: 1
IntegrityLevel: AppContainer
Hashes: SHA1=8B4E7D875398E67D5277D9C8C9BFA027F9705EDC
ParentProcessGuid: {CC41BF7E-4CCD-5A01-0000-0010D0890000}
ParentProcessId: 664
ParentImage: C:\Windows\System32\svchost.exe
ParentCommandLine: C:\Windows\system32\svchost.exe -k DcomLaunch"
情報,2019/11/07 15:06:18,Microsoft-Windows-Sysmon,1,Process Create (rule: ProcessCreate),"Process Create:
UtcTime: 2019-11-07 06:06:18.079
ProcessGuid: {CC41BF7E-4D5A-5A01-0000-00109E420D00}
ProcessId: 4496
Image: C:\Windows\System32\backgroundTaskHost.exe
CommandLine: ""C:\Windows\system32\backgroundTaskHost.exe"" -ServerName:App.AppXe9cvj1thv1hmcw0cs98xm3r97tyzy2xs.mca
CurrentDirectory: C:\Program Files\WindowsApps\Microsoft.WindowsStore_11606.1001.39.0_x64__8wekyb3d8bbwe\
User: EXAMPLE\maebashi.gunma
LogonGuid: {CC41BF7E-4CE6-5A01-0000-002031FB0200}
LogonId: 0x2FB31
TerminalSessionId: 1
IntegrityLevel: AppContainer
Hashes: SHA1=8B4E7D875398E67D5277D9C8C9BFA027F9705EDC
ParentProcessGuid: {CC41BF7E-4CCD-5A01-0000-0010D0890000}
ParentProcessId: 664
ParentImage: C:\Windows\System32\svchost.exe
ParentCommandLine: C:\Windows\system32\svchost.exe -k DcomLaunch"
情報,2019/11/07 15:06:18,Microsoft-Windows-Sysmon,1,Process Create (rule: ProcessCreate),"Process Create:
UtcTime: 2019-11-07 06:06:18.061
ProcessGuid: {CC41BF7E-4D5A-5A01-0000-001035400D00}
ProcessId: 4996
Image: C:\Windows\System32\backgroundTaskHost.exe
CommandLine: ""C:\Windows\system32\backgroundTaskHost.exe"" -ServerName:CortanaUI.AppXy7vb4pc2dr3kc93kfc509b1d0arkfb2x.mca
CurrentDirectory: C:\Windows\SystemApps\Microsoft.Windows.Cortana_cw5n1h2txyewy\
User: EXAMPLE\maebashi.gunma
LogonGuid: {CC41BF7E-4CE6-5A01-0000-002031FB0200}
LogonId: 0x2FB31
TerminalSessionId: 1
IntegrityLevel: AppContainer
Hashes: SHA1=8B4E7D875398E67D5277D9C8C9BFA027F9705EDC
ParentProcessGuid: {CC41BF7E-4CCD-5A01-0000-0010D0890000}
ParentProcessId: 664
ParentImage: C:\Windows\System32\svchost.exe
ParentCommandLine: C:\Windows\system32\svchost.exe -k DcomLaunch"
情報,2019/11/07 15:06:18,Microsoft-Windows-Sysmon,1,Process Create (rule: ProcessCreate),"Process Create:
UtcTime: 2019-11-07 06:06:18.047
ProcessGuid: {CC41BF7E-4D5A-5A01-0000-00105C3E0D00}
ProcessId: 5020
Image: C:\Program Files\WindowsApps\Microsoft.SkypeApp_11.4.86.0_x64__kzf8qxf38zg5c\SkypeHost.exe
CommandLine: ""C:\Program Files\WindowsApps\Microsoft.SkypeApp_11.4.86.0_x64__kzf8qxf38zg5c\SkypeHost.exe"" -ServerName:SkypeHost.ServerServer
CurrentDirectory: C:\Program Files\WindowsApps\Microsoft.SkypeApp_11.4.86.0_x64__kzf8qxf38zg5c\
User: EXAMPLE\maebashi.gunma
LogonGuid: {CC41BF7E-4CE6-5A01-0000-002031FB0200}
LogonId: 0x2FB31
TerminalSessionId: 1
IntegrityLevel: AppContainer
Hashes: SHA1=3B6BF4DE1E0BC097AFCF65156BD0E5436DF7BA77
ParentProcessGuid: {CC41BF7E-4CCD-5A01-0000-0010D0890000}
ParentProcessId: 664
ParentImage: C:\Windows\System32\svchost.exe
ParentCommandLine: C:\Windows\system32\svchost.exe -k DcomLaunch"
情報,2019/11/07 15:06:16,Microsoft-Windows-Sysmon,9,RawAccessRead detected (rule: RawAccessRead),"RawAccessRead detected:
UtcTime: 2019-11-07 06:06:16.797
ProcessGuid: {CC41BF7E-4CB9-5A01-0000-0010EB030000}
ProcessId: 4
Image: System
Device: \Device\HarddiskVolume2"
情報,2019/11/07 15:06:16,Microsoft-Windows-Sysmon,9,RawAccessRead detected (rule: RawAccessRead),"RawAccessRead detected:
UtcTime: 2019-11-07 06:06:16.797
ProcessGuid: {CC41BF7E-4CB9-5A01-0000-0010EB030000}
ProcessId: 4
Image: System
Device: \Device\HarddiskVolume1"
情報,2019/11/07 15:06:16,Microsoft-Windows-Sysmon,1,Process Create (rule: ProcessCreate),"Process Create:
UtcTime: 2019-11-07 06:06:16.802
ProcessGuid: {CC41BF7E-4D58-5A01-0000-001047E40C00}
ProcessId: 4464
Image: C:\Windows\System32\sppsvc.exe
CommandLine: C:\Windows\system32\sppsvc.exe
CurrentDirectory: C:\Windows
User: NT AUTHORITY\NETWORK SERVICE
LogonGuid: {CC41BF7E-4CCE-5A01-0000-0020E4030000}
LogonId: 0x3E4
TerminalSessionId: 0
IntegrityLevel: System
Hashes: SHA1=C92CD17F0CDBB33C4393B2A4AED618C6B203BF05
ParentProcessGuid: {CC41BF7E-4CCC-5A01-0000-001065750000}
ParentProcessId: 552
ParentImage: C:\Windows\System32\services.exe
ParentCommandLine: C:\Windows\system32\services.exe"
情報,2019/11/07 15:06:16,Microsoft-Windows-Sysmon,9,RawAccessRead detected (rule: RawAccessRead),"RawAccessRead detected:
UtcTime: 2019-11-07 06:06:16.516
ProcessGuid: {CC41BF7E-4CB9-5A01-0000-0010EB030000}
ProcessId: 4
Image: System
Device: \Device\HarddiskVolume2"
情報,2019/11/07 15:06:16,Microsoft-Windows-Sysmon,9,RawAccessRead detected (rule: RawAccessRead),"RawAccessRead detected:
UtcTime: 2019-11-07 06:06:16.516
ProcessGuid: {CC41BF7E-4CB9-5A01-0000-0010EB030000}
ProcessId: 4
Image: System
Device: \Device\HarddiskVolume1"
情報,2019/11/07 15:06:15,Microsoft-Windows-Sysmon,1,Process Create (rule: ProcessCreate),"Process Create:
UtcTime: 2019-11-07 06:06:15.884
ProcessGuid: {CC41BF7E-4D57-5A01-0000-001097C60C00}
ProcessId: 4268
Image: C:\Windows\System32\svchost.exe
CommandLine: C:\Windows\System32\svchost.exe -k NetworkService
CurrentDirectory: C:\Windows\system32\
User: NT AUTHORITY\NETWORK SERVICE
LogonGuid: {CC41BF7E-4CCE-5A01-0000-0020E4030000}
LogonId: 0x3E4
TerminalSessionId: 0
IntegrityLevel: System
Hashes: SHA1=0DAC68816AE7C09EFC24D11C27C3274DFD147DEE
ParentProcessGuid: {CC41BF7E-4CCC-5A01-0000-001065750000}
ParentProcessId: 552
ParentImage: C:\Windows\System32\services.exe
ParentCommandLine: C:\Windows\system32\services.exe"
情報,2019/11/07 15:06:10,Microsoft-Windows-Sysmon,5,Process terminated (rule: ProcessTerminate),"Process terminated:
UtcTime: 2019-11-07 06:06:10.110
ProcessGuid: {CC41BF7E-4D52-5A01-0000-001093F70A00}
ProcessId: 976
Image: C:\Windows\System32\wermgr.exe"
情報,2019/11/07 15:06:10,Microsoft-Windows-Sysmon,1,Process Create (rule: ProcessCreate),"Process Create:
UtcTime: 2019-11-07 06:06:10.113
ProcessGuid: {CC41BF7E-4D52-5A01-0000-001026FA0A00}
ProcessId: 2608
Image: C:\Windows\System32\wermgr.exe
CommandLine: C:\Windows\system32\wermgr.exe -upload
CurrentDirectory: C:\Windows\system32\
User: NT AUTHORITY\SYSTEM
LogonGuid: {CC41BF7E-4CCC-5A01-0000-0020E7030000}
LogonId: 0x3E7
TerminalSessionId: 0
IntegrityLevel: System
Hashes: SHA1=0C0329767FD84B8D5A00C91925DA6BE954AE6610
ParentProcessGuid: {CC41BF7E-4CD0-5A01-0000-00101AF00000}
ParentProcessId: 900
ParentImage: C:\Windows\System32\svchost.exe
ParentCommandLine: C:\Windows\system32\svchost.exe -k netsvcs"
情報,2019/11/07 15:06:10,Microsoft-Windows-Sysmon,1,Process Create (rule: ProcessCreate),"Process Create:
UtcTime: 2019-11-07 06:06:10.083
ProcessGuid: {CC41BF7E-4D52-5A01-0000-001093F70A00}
ProcessId: 976
Image: C:\Windows\System32\wermgr.exe
CommandLine: ""C:\Windows\system32\wermgr.exe"" ""-outproc"" ""0"" ""900"" ""1996"" ""9744"" ""6368"" ""0"" ""0"" ""0"" ""0"" ""0"" ""0"" ""0"" ""0"" 
CurrentDirectory: C:\Windows\system32\
User: NT AUTHORITY\SYSTEM
LogonGuid: {CC41BF7E-4CCC-5A01-0000-0020E7030000}
LogonId: 0x3E7
TerminalSessionId: 0
IntegrityLevel: System
Hashes: SHA1=0C0329767FD84B8D5A00C91925DA6BE954AE6610
ParentProcessGuid: {CC41BF7E-4CD0-5A01-0000-00101AF00000}
ParentProcessId: 900
ParentImage: C:\Windows\System32\svchost.exe
ParentCommandLine: C:\Windows\system32\svchost.exe -k netsvcs"
情報,2019/11/07 15:06:08,Microsoft-Windows-Sysmon,9,RawAccessRead detected (rule: RawAccessRead),"RawAccessRead detected:
UtcTime: 2019-11-07 06:06:08.740
ProcessGuid: {CC41BF7E-4CB9-5A01-0000-0010EB030000}
ProcessId: 4
Image: System
Device: \Device\HarddiskVolume2"
情報,2019/11/07 15:06:08,Microsoft-Windows-Sysmon,9,RawAccessRead detected (rule: RawAccessRead),"RawAccessRead detected:
UtcTime: 2019-11-07 06:06:08.740
ProcessGuid: {CC41BF7E-4CB9-5A01-0000-0010EB030000}
ProcessId: 4
Image: System
Device: \Device\HarddiskVolume1"
情報,2019/11/07 15:06:08,Microsoft-Windows-Sysmon,1,Process Create (rule: ProcessCreate),"Process Create:
UtcTime: 2019-11-07 06:06:08.729
ProcessGuid: {CC41BF7E-4D50-5A01-0000-001037E10A00}
ProcessId: 4720
Image: C:\Windows\System32\dllhost.exe
CommandLine: C:\Windows\system32\DllHost.exe /Processid:{448AEE3B-DC65-4AF6-BF5F-DCE86D62B6C7}
CurrentDirectory: C:\Windows\system32\
User: EXAMPLE\maebashi.gunma
LogonGuid: {CC41BF7E-4CE6-5A01-0000-002031FB0200}
LogonId: 0x2FB31
TerminalSessionId: 1
IntegrityLevel: Medium
Hashes: SHA1=0E33FA9CE0074155F361DB9CB36183431C8FC266
ParentProcessGuid: {CC41BF7E-4CCD-5A01-0000-0010D0890000}
ParentProcessId: 664
ParentImage: C:\Windows\System32\svchost.exe
ParentCommandLine: C:\Windows\system32\svchost.exe -k DcomLaunch"
情報,2019/11/07 15:05:45,Microsoft-Windows-Sysmon,9,RawAccessRead detected (rule: RawAccessRead),"RawAccessRead detected:
UtcTime: 2019-11-07 06:05:45.344
ProcessGuid: {CC41BF7E-4CB9-5A01-0000-0010EB030000}
ProcessId: 4
Image: System
Device: \Device\HarddiskVolume2"
情報,2019/11/07 15:05:45,Microsoft-Windows-Sysmon,9,RawAccessRead detected (rule: RawAccessRead),"RawAccessRead detected:
UtcTime: 2019-11-07 06:05:45.344
ProcessGuid: {CC41BF7E-4CB9-5A01-0000-0010EB030000}
ProcessId: 4
Image: System
Device: \Device\HarddiskVolume1"
情報,2019/11/07 15:05:45,Microsoft-Windows-Sysmon,1,Process Create (rule: ProcessCreate),"Process Create:
UtcTime: 2019-11-07 06:05:45.303
ProcessGuid: {CC41BF7E-4D39-5A01-0000-001092470A00}
ProcessId: 4532
Image: C:\Windows\System32\Taskmgr.exe
CommandLine: ""C:\Windows\system32\taskmgr.exe"" /4
CurrentDirectory: C:\Windows\system32\
User: EXAMPLE\maebashi.gunma
LogonGuid: {CC41BF7E-4CE6-5A01-0000-002031FB0200}
LogonId: 0x2FB31
TerminalSessionId: 1
IntegrityLevel: Medium
Hashes: SHA1=69A0FD8A67DF419EC8EC1E900FA42F98B9C12D45
ParentProcessGuid: {CC41BF7E-4CF3-5A01-0000-0010EB5D0300}
ParentProcessId: 2144
ParentImage: C:\Windows\explorer.exe
ParentCommandLine: C:\Windows\Explorer.EXE"
情報,2019/11/07 15:05:38,Microsoft-Windows-Sysmon,5,Process terminated (rule: ProcessTerminate),"Process terminated:
UtcTime: 2019-11-07 06:05:38.532
ProcessGuid: {CC41BF7E-4D25-5A01-0000-0010FFB40800}
ProcessId: 4992
Image: C:\Program Files\Internet Explorer\iexplore.exe"
