情報,2019/11/07 15:04:10,Microsoft-Windows-Sysmon,9,RawAccessRead detected (rule: RawAccessRead),"RawAccessRead detected:
UtcTime: 2019-11-07 06:03:56.118
ProcessGuid: {CC41BF7E-4CB9-5A01-0000-0010C84C0000}
ProcessId: 292
Image: C:\Windows\System32\smss.exe
Device: \Device\HarddiskVolume1"
情報,2019/11/07 15:04:10,Microsoft-Windows-Sysmon,9,RawAccessRead detected (rule: RawAccessRead),"RawAccessRead detected:
UtcTime: 2019-11-07 06:03:56.118
ProcessGuid: {CC41BF7E-4CB9-5A01-0000-0010C84C0000}
ProcessId: 292
Image: C:\Windows\System32\smss.exe
Device: \Device\HarddiskVolume1"
情報,2019/11/07 15:04:10,Microsoft-Windows-Sysmon,5,Process terminated (rule: ProcessTerminate),"Process terminated:
UtcTime: 2019-11-07 06:03:51.165
ProcessGuid: {CC41BF7E-4CC5-5A01-0000-0010015D0000}
ProcessId: 324
Image: C:\Windows\System32\autochk.exe"
情報,2019/11/07 15:04:10,Microsoft-Windows-Sysmon,9,RawAccessRead detected (rule: RawAccessRead),"RawAccessRead detected:
UtcTime: 2019-11-07 06:03:51.149
ProcessGuid: {CC41BF7E-4CC5-5A01-0000-0010015D0000}
ProcessId: 324
Image: C:\Windows\System32\autochk.exe
Device: \Device\HarddiskVolume2"
情報,2019/11/07 15:04:10,Microsoft-Windows-Sysmon,9,RawAccessRead detected (rule: RawAccessRead),"RawAccessRead detected:
UtcTime: 2019-11-07 06:03:51.149
ProcessGuid: {CC41BF7E-4CC5-5A01-0000-0010015D0000}
ProcessId: 324
Image: C:\Windows\System32\autochk.exe
Device: \Device\HarddiskVolume1"
情報,2019/11/07 15:04:10,Microsoft-Windows-Sysmon,1,Process Create (rule: ProcessCreate),"Process Create:
UtcTime: 2019-11-07 06:03:49.448
ProcessGuid: {CC41BF7E-4CC5-5A01-0000-0010015D0000}
ProcessId: 324
Image: C:\Windows\System32\autochk.exe
CommandLine: \??\C:\Windows\system32\autochk.exe *
CurrentDirectory: C:\Windows\system32\
User: NT AUTHORITY\SYSTEM
LogonGuid: {CC41BF7E-4CCC-5A01-0000-0020E7030000}
LogonId: 0x3E7
TerminalSessionId: 0
IntegrityLevel: System
Hashes: SHA1=553E4634A7627B7177FAE7836CA8E0F87AB9B92A
ParentProcessGuid: {CC41BF7E-4CB9-5A01-0000-0010C84C0000}
ParentProcessId: 292
ParentImage: C:\Windows\System32\smss.exe
ParentCommandLine: \SystemRoot\System32\smss.exe"
情報,2019/11/07 15:04:10,Microsoft-Windows-Sysmon,1,Process Create (rule: ProcessCreate),"Process Create:
UtcTime: 2019-11-07 06:03:37.447
ProcessGuid: {CC41BF7E-4CB9-5A01-0000-0010C84C0000}
ProcessId: 292
Image: C:\Windows\System32\smss.exe
CommandLine: \SystemRoot\System32\smss.exe
CurrentDirectory: C:\Windows
User: NT AUTHORITY\SYSTEM
LogonGuid: {CC41BF7E-4CCC-5A01-0000-0020E7030000}
LogonId: 0x3E7
TerminalSessionId: 0
IntegrityLevel: System
Hashes: SHA1=D1AF138271C0AAF33231CA6B69EC292825E4344F
ParentProcessGuid: {CC41BF7E-4CB9-5A01-0000-0010EB030000}
ParentProcessId: 4
ParentImage: System
ParentCommandLine: ?"
情報,2019/11/07 15:04:10,Microsoft-Windows-Sysmon,9,RawAccessRead detected (rule: RawAccessRead),"RawAccessRead detected:
UtcTime: 2019-11-07 06:03:36.648
ProcessGuid: {CC41BF7E-4CB9-5A01-0000-0010EB030000}
ProcessId: 4
Image: System
Device: \Device\HarddiskVolume2"
情報,2019/11/07 15:04:10,Microsoft-Windows-Sysmon,9,RawAccessRead detected (rule: RawAccessRead),"RawAccessRead detected:
UtcTime: 2019-11-07 06:03:36.586
ProcessGuid: {CC41BF7E-4CB9-5A01-0000-0010EB030000}
ProcessId: 4
Image: System
Device: \Device\HarddiskVolume2"
情報,2019/11/07 15:04:10,Microsoft-Windows-Sysmon,4,Sysmon service state changed,"Sysmon service state changed:
UtcTime: 2019-11-07 06:04:10.474
State: Started"
