情報,2019/11/07 15:42:56,Microsoft-Windows-Sysmon,5,Process terminated (rule: ProcessTerminate),"Process terminated:
UtcTime: 2019-11-07 06:42:56.964
ProcessGuid: {CC41BF7E-55F0-5A01-0000-001017462800}
ProcessId: 4412
Image: C:\Windows\SysWOW64\cmd.exe"
情報,2019/11/07 15:42:56,Microsoft-Windows-Sysmon,5,Process terminated (rule: ProcessTerminate),"Process terminated:
UtcTime: 2019-11-07 06:42:56.964
ProcessGuid: {CC41BF7E-55F0-5A01-0000-001083482800}
ProcessId: 2648
Image: C:\Windows\SysWOW64\net.exe"
情報,2019/11/07 15:42:56,Microsoft-Windows-Sysmon,1,Process Create (rule: ProcessCreate),"Process Create:
UtcTime: 2019-11-07 06:42:56.937
ProcessGuid: {CC41BF7E-55F0-5A01-0000-001083482800}
ProcessId: 2648
Image: C:\Windows\SysWOW64\net.exe
CommandLine: net  use \\Win7_64JP_01\c$
CurrentDirectory: C:\Users\maebashi.gunma\Desktop\
User: EXAMPLE\maebashi.gunma
LogonGuid: {CC41BF7E-4CE6-5A01-0000-002031FB0200}
LogonId: 0x2FB31
TerminalSessionId: 1
IntegrityLevel: Medium
Hashes: SHA1=B160F4462A4728BEC8FA053B99709622A4B4DD20
ParentProcessGuid: {CC41BF7E-55F0-5A01-0000-001017462800}
ParentProcessId: 4412
ParentImage: C:\Windows\SysWOW64\cmd.exe
ParentCommandLine: cmd /c ""net use \\Win7_64JP_01\c$"""
情報,2019/11/07 15:42:56,Microsoft-Windows-Sysmon,1,Process Create (rule: ProcessCreate),"Process Create:
UtcTime: 2019-11-07 06:42:56.898
ProcessGuid: {CC41BF7E-55F0-5A01-0000-001091462800}
ProcessId: 5272
Image: C:\Windows\System32\conhost.exe
CommandLine: \??\C:\Windows\system32\conhost.exe 0xffffffff -ForceV1
CurrentDirectory: C:\Windows
User: EXAMPLE\maebashi.gunma
LogonGuid: {CC41BF7E-4CE6-5A01-0000-002031FB0200}
LogonId: 0x2FB31
TerminalSessionId: 1
IntegrityLevel: Medium
Hashes: SHA1=00667A0F0C0D5E9DA697E9FF54ECDDD449259354
ParentProcessGuid: {CC41BF7E-55F0-5A01-0000-001017462800}
ParentProcessId: 4412
ParentImage: C:\Windows\SysWOW64\cmd.exe
ParentCommandLine: cmd /c ""net use \\Win7_64JP_01\c$"""
情報,2019/11/07 15:42:56,Microsoft-Windows-Sysmon,1,Process Create (rule: ProcessCreate),"Process Create:
UtcTime: 2019-11-07 06:42:56.891
ProcessGuid: {CC41BF7E-55F0-5A01-0000-001017462800}
ProcessId: 4412
Image: C:\Windows\SysWOW64\cmd.exe
CommandLine: cmd /c ""net use \\Win7_64JP_01\c$""
CurrentDirectory: C:\Users\maebashi.gunma\Desktop\
User: EXAMPLE\maebashi.gunma
LogonGuid: {CC41BF7E-4CE6-5A01-0000-002031FB0200}
LogonId: 0x2FB31
TerminalSessionId: 1
IntegrityLevel: Medium
Hashes: SHA1=A4D7B99EB716919BB47448E135D489A1100BA70C
ParentProcessGuid: {CC41BF7E-4FD9-5A01-0000-001002AE1B00}
ParentProcessId: 4964
ParentImage: C:\Users\MAEBAS~1.GUN\AppData\Local\Temp\dwm.exe
ParentCommandLine: C:\Users\MAEBAS~1.GUN\AppData\Local\Temp\dwm.exe  ""C:\Users\maebashi.gunma\Desktop"""
情報,2019/11/07 15:42:46,Microsoft-Windows-Sysmon,1,Process Create (rule: ProcessCreate),"Process Create:
UtcTime: 2019-11-07 06:42:46.713
ProcessGuid: {CC41BF7E-55E6-5A01-0000-0010991C2800}
ProcessId: 4548
Image: C:\Program Files (x86)\Internet Explorer\iexplore.exe
CommandLine: ""C:\Program Files (x86)\Internet Explorer\IEXPLORE.EXE"" SCODEF:1436 CREDAT:140545 /prefetch:2
CurrentDirectory: C:\Users\maebashi.gunma\Desktop\
User: EXAMPLE\maebashi.gunma
LogonGuid: {CC41BF7E-4CE6-5A01-0000-002031FB0200}
LogonId: 0x2FB31
TerminalSessionId: 1
IntegrityLevel: Low
Hashes: SHA1=B2533AE4CDAA5F2B0B38A76B8EB65F12C7B225EC
ParentProcessGuid: {CC41BF7E-55E6-5A01-0000-001042122800}
ParentProcessId: 1436
ParentImage: C:\Program Files\Internet Explorer\iexplore.exe
ParentCommandLine: ""C:\Program Files\Internet Explorer\iexplore.exe"" -Embedding"
情報,2019/11/07 15:42:46,Microsoft-Windows-Sysmon,1,Process Create (rule: ProcessCreate),"Process Create:
UtcTime: 2019-11-07 06:42:46.571
ProcessGuid: {CC41BF7E-55E6-5A01-0000-001042122800}
ProcessId: 1436
Image: C:\Program Files\Internet Explorer\iexplore.exe
CommandLine: ""C:\Program Files\Internet Explorer\iexplore.exe"" -Embedding
CurrentDirectory: C:\Windows\system32\
User: EXAMPLE\maebashi.gunma
LogonGuid: {CC41BF7E-4CE6-5A01-0000-002031FB0200}
LogonId: 0x2FB31
TerminalSessionId: 1
IntegrityLevel: Medium
Hashes: SHA1=F0FEB5350BD497A9E9BF77ED072315E64ABFFA33
ParentProcessGuid: {CC41BF7E-4CCD-5A01-0000-0010D0890000}
ParentProcessId: 664
ParentImage: C:\Windows\System32\svchost.exe
ParentCommandLine: C:\Windows\system32\svchost.exe -k DcomLaunch"
情報,2019/11/07 15:42:39,Microsoft-Windows-Sysmon,5,Process terminated (rule: ProcessTerminate),"Process terminated:
UtcTime: 2019-11-07 06:42:39.014
ProcessGuid: {CC41BF7E-55DB-5A01-0000-0010830D2800}
ProcessId: 5776
Image: C:\Windows\System32\conhost.exe"
情報,2019/11/07 15:42:39,Microsoft-Windows-Sysmon,5,Process terminated (rule: ProcessTerminate),"Process terminated:
UtcTime: 2019-11-07 06:42:39.014
ProcessGuid: {CC41BF7E-55DB-5A01-0000-0010090D2800}
ProcessId: 4868
Image: C:\Windows\SysWOW64\cmd.exe"
情報,2019/11/07 15:42:39,Microsoft-Windows-Sysmon,5,Process terminated (rule: ProcessTerminate),"Process terminated:
UtcTime: 2019-11-07 06:42:39.014
ProcessGuid: {CC41BF7E-55DB-5A01-0000-0010800F2800}
ProcessId: 5200
Image: C:\Windows\SysWOW64\PING.EXE"
情報,2019/11/07 15:42:35,Microsoft-Windows-Sysmon,1,Process Create (rule: ProcessCreate),"Process Create:
UtcTime: 2019-11-07 06:42:35.959
ProcessGuid: {CC41BF7E-55DB-5A01-0000-0010800F2800}
ProcessId: 5200
Image: C:\Windows\SysWOW64\PING.EXE
CommandLine: ping  192.168.16.104
CurrentDirectory: C:\Users\maebashi.gunma\Desktop\
User: EXAMPLE\maebashi.gunma
LogonGuid: {CC41BF7E-4CE6-5A01-0000-002031FB0200}
LogonId: 0x2FB31
TerminalSessionId: 1
IntegrityLevel: Medium
Hashes: SHA1=9B170284524AEF2C12F712A6169948F5748CAC61
ParentProcessGuid: {CC41BF7E-55DB-5A01-0000-0010090D2800}
ParentProcessId: 4868
ParentImage: C:\Windows\SysWOW64\cmd.exe
ParentCommandLine: cmd /c ""ping 192.168.16.104"""
情報,2019/11/07 15:42:35,Microsoft-Windows-Sysmon,1,Process Create (rule: ProcessCreate),"Process Create:
UtcTime: 2019-11-07 06:42:35.921
ProcessGuid: {CC41BF7E-55DB-5A01-0000-0010830D2800}
ProcessId: 5776
Image: C:\Windows\System32\conhost.exe
CommandLine: \??\C:\Windows\system32\conhost.exe 0xffffffff -ForceV1
CurrentDirectory: C:\Windows
User: EXAMPLE\maebashi.gunma
LogonGuid: {CC41BF7E-4CE6-5A01-0000-002031FB0200}
LogonId: 0x2FB31
TerminalSessionId: 1
IntegrityLevel: Medium
Hashes: SHA1=00667A0F0C0D5E9DA697E9FF54ECDDD449259354
ParentProcessGuid: {CC41BF7E-55DB-5A01-0000-0010090D2800}
ParentProcessId: 4868
ParentImage: C:\Windows\SysWOW64\cmd.exe
ParentCommandLine: cmd /c ""ping 192.168.16.104"""
情報,2019/11/07 15:42:35,Microsoft-Windows-Sysmon,1,Process Create (rule: ProcessCreate),"Process Create:
UtcTime: 2019-11-07 06:42:35.913
ProcessGuid: {CC41BF7E-55DB-5A01-0000-0010090D2800}
ProcessId: 4868
Image: C:\Windows\SysWOW64\cmd.exe
CommandLine: cmd /c ""ping 192.168.16.104""
CurrentDirectory: C:\Users\maebashi.gunma\Desktop\
User: EXAMPLE\maebashi.gunma
LogonGuid: {CC41BF7E-4CE6-5A01-0000-002031FB0200}
LogonId: 0x2FB31
TerminalSessionId: 1
IntegrityLevel: Medium
Hashes: SHA1=A4D7B99EB716919BB47448E135D489A1100BA70C
ParentProcessGuid: {CC41BF7E-4FD9-5A01-0000-001002AE1B00}
ParentProcessId: 4964
ParentImage: C:\Users\MAEBAS~1.GUN\AppData\Local\Temp\dwm.exe
ParentCommandLine: C:\Users\MAEBAS~1.GUN\AppData\Local\Temp\dwm.exe  ""C:\Users\maebashi.gunma\Desktop"""
情報,2019/11/07 15:42:18,Microsoft-Windows-Sysmon,5,Process terminated (rule: ProcessTerminate),"Process terminated:
UtcTime: 2019-11-07 06:42:18.148
ProcessGuid: {CC41BF7E-55C6-5A01-0000-00105D082800}
ProcessId: 4280
Image: C:\Windows\System32\conhost.exe"
情報,2019/11/07 15:42:18,Microsoft-Windows-Sysmon,5,Process terminated (rule: ProcessTerminate),"Process terminated:
UtcTime: 2019-11-07 06:42:18.148
ProcessGuid: {CC41BF7E-55C6-5A01-0000-0010EC072800}
ProcessId: 2716
Image: C:\Windows\SysWOW64\cmd.exe"
情報,2019/11/07 15:42:18,Microsoft-Windows-Sysmon,5,Process terminated (rule: ProcessTerminate),"Process terminated:
UtcTime: 2019-11-07 06:42:18.148
ProcessGuid: {CC41BF7E-55C6-5A01-0000-0010630A2800}
ProcessId: 4152
Image: C:\Windows\SysWOW64\PING.EXE"
情報,2019/11/07 15:42:14,Microsoft-Windows-Sysmon,1,Process Create (rule: ProcessCreate),"Process Create:
UtcTime: 2019-11-07 06:42:14.983
ProcessGuid: {CC41BF7E-55C6-5A01-0000-0010630A2800}
ProcessId: 4152
Image: C:\Windows\SysWOW64\PING.EXE
CommandLine: ping  192.168.16.103
CurrentDirectory: C:\Users\maebashi.gunma\Desktop\
User: EXAMPLE\maebashi.gunma
LogonGuid: {CC41BF7E-4CE6-5A01-0000-002031FB0200}
LogonId: 0x2FB31
TerminalSessionId: 1
IntegrityLevel: Medium
Hashes: SHA1=9B170284524AEF2C12F712A6169948F5748CAC61
ParentProcessGuid: {CC41BF7E-55C6-5A01-0000-0010EC072800}
ParentProcessId: 2716
ParentImage: C:\Windows\SysWOW64\cmd.exe
ParentCommandLine: cmd /c ""ping 192.168.16.103"""
情報,2019/11/07 15:42:14,Microsoft-Windows-Sysmon,1,Process Create (rule: ProcessCreate),"Process Create:
UtcTime: 2019-11-07 06:42:14.944
ProcessGuid: {CC41BF7E-55C6-5A01-0000-00105D082800}
ProcessId: 4280
Image: C:\Windows\System32\conhost.exe
CommandLine: \??\C:\Windows\system32\conhost.exe 0xffffffff -ForceV1
CurrentDirectory: C:\Windows
User: EXAMPLE\maebashi.gunma
LogonGuid: {CC41BF7E-4CE6-5A01-0000-002031FB0200}
LogonId: 0x2FB31
TerminalSessionId: 1
IntegrityLevel: Medium
Hashes: SHA1=00667A0F0C0D5E9DA697E9FF54ECDDD449259354
ParentProcessGuid: {CC41BF7E-55C6-5A01-0000-0010EC072800}
ParentProcessId: 2716
ParentImage: C:\Windows\SysWOW64\cmd.exe
ParentCommandLine: cmd /c ""ping 192.168.16.103"""
情報,2019/11/07 15:42:14,Microsoft-Windows-Sysmon,1,Process Create (rule: ProcessCreate),"Process Create:
UtcTime: 2019-11-07 06:42:14.938
ProcessGuid: {CC41BF7E-55C6-5A01-0000-0010EC072800}
ProcessId: 2716
Image: C:\Windows\SysWOW64\cmd.exe
CommandLine: cmd /c ""ping 192.168.16.103""
CurrentDirectory: C:\Users\maebashi.gunma\Desktop\
User: EXAMPLE\maebashi.gunma
LogonGuid: {CC41BF7E-4CE6-5A01-0000-002031FB0200}
LogonId: 0x2FB31
TerminalSessionId: 1
IntegrityLevel: Medium
Hashes: SHA1=A4D7B99EB716919BB47448E135D489A1100BA70C
ParentProcessGuid: {CC41BF7E-4FD9-5A01-0000-001002AE1B00}
ParentProcessId: 4964
ParentImage: C:\Users\MAEBAS~1.GUN\AppData\Local\Temp\dwm.exe
ParentCommandLine: C:\Users\MAEBAS~1.GUN\AppData\Local\Temp\dwm.exe  ""C:\Users\maebashi.gunma\Desktop"""
情報,2019/11/07 15:42:08,Microsoft-Windows-Sysmon,5,Process terminated (rule: ProcessTerminate),"Process terminated:
UtcTime: 2019-11-07 06:42:08.721
ProcessGuid: {CC41BF7E-55A2-5A01-0000-0010B6D02700}
ProcessId: 5708
Image: C:\Program Files\Internet Explorer\iexplore.exe"
情報,2019/11/07 15:42:08,Microsoft-Windows-Sysmon,5,Process terminated (rule: ProcessTerminate),"Process terminated:
UtcTime: 2019-11-07 06:42:08.690
ProcessGuid: {CC41BF7E-55A2-5A01-0000-00100EDB2700}
ProcessId: 2516
Image: C:\Program Files (x86)\Internet Explorer\iexplore.exe"
情報,2019/11/07 15:41:45,Microsoft-Windows-Sysmon,5,Process terminated (rule: ProcessTerminate),"Process terminated:
UtcTime: 2019-11-07 06:41:45.873
ProcessGuid: {CC41BF7E-55A6-5A01-0000-001030F82700}
ProcessId: 3232
Image: C:\Windows\System32\conhost.exe"
情報,2019/11/07 15:41:45,Microsoft-Windows-Sysmon,5,Process terminated (rule: ProcessTerminate),"Process terminated:
UtcTime: 2019-11-07 06:41:45.873
ProcessGuid: {CC41BF7E-55A6-5A01-0000-0010B6F72700}
ProcessId: 3800
Image: C:\Windows\SysWOW64\cmd.exe"
情報,2019/11/07 15:41:45,Microsoft-Windows-Sysmon,5,Process terminated (rule: ProcessTerminate),"Process terminated:
UtcTime: 2019-11-07 06:41:45.873
ProcessGuid: {CC41BF7E-55A6-5A01-0000-001005FA2700}
ProcessId: 5556
Image: C:\Windows\SysWOW64\PING.EXE"
情報,2019/11/07 15:41:42,Microsoft-Windows-Sysmon,1,Process Create (rule: ProcessCreate),"Process Create:
UtcTime: 2019-11-07 06:41:42.808
ProcessGuid: {CC41BF7E-55A6-5A01-0000-001005FA2700}
ProcessId: 5556
Image: C:\Windows\SysWOW64\PING.EXE
CommandLine: ping  192.168.16.102
CurrentDirectory: C:\Users\maebashi.gunma\Desktop\
User: EXAMPLE\maebashi.gunma
LogonGuid: {CC41BF7E-4CE6-5A01-0000-002031FB0200}
LogonId: 0x2FB31
TerminalSessionId: 1
IntegrityLevel: Medium
Hashes: SHA1=9B170284524AEF2C12F712A6169948F5748CAC61
ParentProcessGuid: {CC41BF7E-55A6-5A01-0000-0010B6F72700}
ParentProcessId: 3800
ParentImage: C:\Windows\SysWOW64\cmd.exe
ParentCommandLine: cmd /c ""ping 192.168.16.102"""
情報,2019/11/07 15:41:42,Microsoft-Windows-Sysmon,1,Process Create (rule: ProcessCreate),"Process Create:
UtcTime: 2019-11-07 06:41:42.770
ProcessGuid: {CC41BF7E-55A6-5A01-0000-001030F82700}
ProcessId: 3232
Image: C:\Windows\System32\conhost.exe
CommandLine: \??\C:\Windows\system32\conhost.exe 0xffffffff -ForceV1
CurrentDirectory: C:\Windows
User: EXAMPLE\maebashi.gunma
LogonGuid: {CC41BF7E-4CE6-5A01-0000-002031FB0200}
LogonId: 0x2FB31
TerminalSessionId: 1
IntegrityLevel: Medium
Hashes: SHA1=00667A0F0C0D5E9DA697E9FF54ECDDD449259354
ParentProcessGuid: {CC41BF7E-55A6-5A01-0000-0010B6F72700}
ParentProcessId: 3800
ParentImage: C:\Windows\SysWOW64\cmd.exe
ParentCommandLine: cmd /c ""ping 192.168.16.102"""
情報,2019/11/07 15:41:42,Microsoft-Windows-Sysmon,1,Process Create (rule: ProcessCreate),"Process Create:
UtcTime: 2019-11-07 06:41:42.754
ProcessGuid: {CC41BF7E-55A6-5A01-0000-0010B6F72700}
ProcessId: 3800
Image: C:\Windows\SysWOW64\cmd.exe
CommandLine: cmd /c ""ping 192.168.16.102""
CurrentDirectory: C:\Users\maebashi.gunma\Desktop\
User: EXAMPLE\maebashi.gunma
LogonGuid: {CC41BF7E-4CE6-5A01-0000-002031FB0200}
LogonId: 0x2FB31
TerminalSessionId: 1
IntegrityLevel: Medium
Hashes: SHA1=A4D7B99EB716919BB47448E135D489A1100BA70C
ParentProcessGuid: {CC41BF7E-4FD9-5A01-0000-001002AE1B00}
ParentProcessId: 4964
ParentImage: C:\Users\MAEBAS~1.GUN\AppData\Local\Temp\dwm.exe
ParentCommandLine: C:\Users\MAEBAS~1.GUN\AppData\Local\Temp\dwm.exe  ""C:\Users\maebashi.gunma\Desktop"""
情報,2019/11/07 15:41:38,Microsoft-Windows-Sysmon,1,Process Create (rule: ProcessCreate),"Process Create:
UtcTime: 2019-11-07 06:41:38.531
ProcessGuid: {CC41BF7E-55A2-5A01-0000-00100EDB2700}
ProcessId: 2516
Image: C:\Program Files (x86)\Internet Explorer\iexplore.exe
CommandLine: ""C:\Program Files (x86)\Internet Explorer\IEXPLORE.EXE"" SCODEF:5708 CREDAT:140545 /prefetch:2
CurrentDirectory: C:\Users\maebashi.gunma\Desktop\
User: EXAMPLE\maebashi.gunma
LogonGuid: {CC41BF7E-4CE6-5A01-0000-002031FB0200}
LogonId: 0x2FB31
TerminalSessionId: 1
IntegrityLevel: Low
Hashes: SHA1=B2533AE4CDAA5F2B0B38A76B8EB65F12C7B225EC
ParentProcessGuid: {CC41BF7E-55A2-5A01-0000-0010B6D02700}
ParentProcessId: 5708
ParentImage: C:\Program Files\Internet Explorer\iexplore.exe
ParentCommandLine: ""C:\Program Files\Internet Explorer\iexplore.exe"" -Embedding"
情報,2019/11/07 15:41:38,Microsoft-Windows-Sysmon,1,Process Create (rule: ProcessCreate),"Process Create:
UtcTime: 2019-11-07 06:41:38.401
ProcessGuid: {CC41BF7E-55A2-5A01-0000-0010B6D02700}
ProcessId: 5708
Image: C:\Program Files\Internet Explorer\iexplore.exe
CommandLine: ""C:\Program Files\Internet Explorer\iexplore.exe"" -Embedding
CurrentDirectory: C:\Windows\system32\
User: EXAMPLE\maebashi.gunma
LogonGuid: {CC41BF7E-4CE6-5A01-0000-002031FB0200}
LogonId: 0x2FB31
TerminalSessionId: 1
IntegrityLevel: Medium
Hashes: SHA1=F0FEB5350BD497A9E9BF77ED072315E64ABFFA33
ParentProcessGuid: {CC41BF7E-4CCD-5A01-0000-0010D0890000}
ParentProcessId: 664
ParentImage: C:\Windows\System32\svchost.exe
ParentCommandLine: C:\Windows\system32\svchost.exe -k DcomLaunch"
情報,2019/11/07 15:41:27,Microsoft-Windows-Sysmon,5,Process terminated (rule: ProcessTerminate),"Process terminated:
UtcTime: 2019-11-07 06:41:27.426
ProcessGuid: {CC41BF7E-558C-5A01-0000-001054A02700}
ProcessId: 1860
Image: C:\Program Files\Internet Explorer\iexplore.exe"
情報,2019/11/07 15:41:27,Microsoft-Windows-Sysmon,5,Process terminated (rule: ProcessTerminate),"Process terminated:
UtcTime: 2019-11-07 06:41:27.395
ProcessGuid: {CC41BF7E-558C-5A01-0000-0010C0AA2700}
ProcessId: 1468
Image: C:\Program Files (x86)\Internet Explorer\iexplore.exe"
情報,2019/11/07 15:41:27,Microsoft-Windows-Sysmon,5,Process terminated (rule: ProcessTerminate),"Process terminated:
UtcTime: 2019-11-07 06:41:27.176
ProcessGuid: {CC41BF7E-5594-5A01-0000-00108AC82700}
ProcessId: 2228
Image: C:\Windows\System32\conhost.exe"
情報,2019/11/07 15:41:27,Microsoft-Windows-Sysmon,5,Process terminated (rule: ProcessTerminate),"Process terminated:
UtcTime: 2019-11-07 06:41:27.176
ProcessGuid: {CC41BF7E-5594-5A01-0000-001010C82700}
ProcessId: 4344
Image: C:\Windows\SysWOW64\cmd.exe"
情報,2019/11/07 15:41:27,Microsoft-Windows-Sysmon,5,Process terminated (rule: ProcessTerminate),"Process terminated:
UtcTime: 2019-11-07 06:41:27.176
ProcessGuid: {CC41BF7E-5594-5A01-0000-00108ECA2700}
ProcessId: 5220
Image: C:\Windows\SysWOW64\PING.EXE"
情報,2019/11/07 15:41:24,Microsoft-Windows-Sysmon,9,RawAccessRead detected (rule: RawAccessRead),"RawAccessRead detected:
UtcTime: 2019-11-07 06:41:24.086
ProcessGuid: {CC41BF7E-4CB9-5A01-0000-0010EB030000}
ProcessId: 4
Image: System
Device: \Device\HarddiskVolume2"
情報,2019/11/07 15:41:24,Microsoft-Windows-Sysmon,9,RawAccessRead detected (rule: RawAccessRead),"RawAccessRead detected:
UtcTime: 2019-11-07 06:41:24.086
ProcessGuid: {CC41BF7E-4CB9-5A01-0000-0010EB030000}
ProcessId: 4
Image: System
Device: \Device\HarddiskVolume1"
情報,2019/11/07 15:41:24,Microsoft-Windows-Sysmon,1,Process Create (rule: ProcessCreate),"Process Create:
UtcTime: 2019-11-07 06:41:24.082
ProcessGuid: {CC41BF7E-5594-5A01-0000-00108ECA2700}
ProcessId: 5220
Image: C:\Windows\SysWOW64\PING.EXE
CommandLine: ping  192.168.16.101
CurrentDirectory: C:\Users\maebashi.gunma\Desktop\
User: EXAMPLE\maebashi.gunma
LogonGuid: {CC41BF7E-4CE6-5A01-0000-002031FB0200}
LogonId: 0x2FB31
TerminalSessionId: 1
IntegrityLevel: Medium
Hashes: SHA1=9B170284524AEF2C12F712A6169948F5748CAC61
ParentProcessGuid: {CC41BF7E-5594-5A01-0000-001010C82700}
ParentProcessId: 4344
ParentImage: C:\Windows\SysWOW64\cmd.exe
ParentCommandLine: cmd /c ""ping 192.168.16.101"""
情報,2019/11/07 15:41:24,Microsoft-Windows-Sysmon,1,Process Create (rule: ProcessCreate),"Process Create:
UtcTime: 2019-11-07 06:41:24.009
ProcessGuid: {CC41BF7E-5594-5A01-0000-00108AC82700}
ProcessId: 2228
Image: C:\Windows\System32\conhost.exe
CommandLine: \??\C:\Windows\system32\conhost.exe 0xffffffff -ForceV1
CurrentDirectory: C:\Windows
User: EXAMPLE\maebashi.gunma
LogonGuid: {CC41BF7E-4CE6-5A01-0000-002031FB0200}
LogonId: 0x2FB31
TerminalSessionId: 1
IntegrityLevel: Medium
Hashes: SHA1=00667A0F0C0D5E9DA697E9FF54ECDDD449259354
ParentProcessGuid: {CC41BF7E-5594-5A01-0000-001010C82700}
ParentProcessId: 4344
ParentImage: C:\Windows\SysWOW64\cmd.exe
ParentCommandLine: cmd /c ""ping 192.168.16.101"""
情報,2019/11/07 15:41:24,Microsoft-Windows-Sysmon,1,Process Create (rule: ProcessCreate),"Process Create:
UtcTime: 2019-11-07 06:41:24.002
ProcessGuid: {CC41BF7E-5594-5A01-0000-001010C82700}
ProcessId: 4344
Image: C:\Windows\SysWOW64\cmd.exe
CommandLine: cmd /c ""ping 192.168.16.101""
CurrentDirectory: C:\Users\maebashi.gunma\Desktop\
User: EXAMPLE\maebashi.gunma
LogonGuid: {CC41BF7E-4CE6-5A01-0000-002031FB0200}
LogonId: 0x2FB31
TerminalSessionId: 1
IntegrityLevel: Medium
Hashes: SHA1=A4D7B99EB716919BB47448E135D489A1100BA70C
ParentProcessGuid: {CC41BF7E-4FD9-5A01-0000-001002AE1B00}
ParentProcessId: 4964
ParentImage: C:\Users\MAEBAS~1.GUN\AppData\Local\Temp\dwm.exe
ParentCommandLine: C:\Users\MAEBAS~1.GUN\AppData\Local\Temp\dwm.exe  ""C:\Users\maebashi.gunma\Desktop"""
情報,2019/11/07 15:41:16,Microsoft-Windows-Sysmon,1,Process Create (rule: ProcessCreate),"Process Create:
UtcTime: 2019-11-07 06:41:16.361
ProcessGuid: {CC41BF7E-558C-5A01-0000-0010C0AA2700}
ProcessId: 1468
Image: C:\Program Files (x86)\Internet Explorer\iexplore.exe
CommandLine: ""C:\Program Files (x86)\Internet Explorer\IEXPLORE.EXE"" SCODEF:1860 CREDAT:140545 /prefetch:2
CurrentDirectory: C:\Users\maebashi.gunma\Desktop\
User: EXAMPLE\maebashi.gunma
LogonGuid: {CC41BF7E-4CE6-5A01-0000-002031FB0200}
LogonId: 0x2FB31
TerminalSessionId: 1
IntegrityLevel: Low
Hashes: SHA1=B2533AE4CDAA5F2B0B38A76B8EB65F12C7B225EC
ParentProcessGuid: {CC41BF7E-558C-5A01-0000-001054A02700}
ParentProcessId: 1860
ParentImage: C:\Program Files\Internet Explorer\iexplore.exe
ParentCommandLine: ""C:\Program Files\Internet Explorer\iexplore.exe"" -Embedding"
情報,2019/11/07 15:41:16,Microsoft-Windows-Sysmon,1,Process Create (rule: ProcessCreate),"Process Create:
UtcTime: 2019-11-07 06:41:16.224
ProcessGuid: {CC41BF7E-558C-5A01-0000-001054A02700}
ProcessId: 1860
Image: C:\Program Files\Internet Explorer\iexplore.exe
CommandLine: ""C:\Program Files\Internet Explorer\iexplore.exe"" -Embedding
CurrentDirectory: C:\Windows\system32\
User: EXAMPLE\maebashi.gunma
LogonGuid: {CC41BF7E-4CE6-5A01-0000-002031FB0200}
LogonId: 0x2FB31
TerminalSessionId: 1
IntegrityLevel: Medium
Hashes: SHA1=F0FEB5350BD497A9E9BF77ED072315E64ABFFA33
ParentProcessGuid: {CC41BF7E-4CCD-5A01-0000-0010D0890000}
ParentProcessId: 664
ParentImage: C:\Windows\System32\svchost.exe
ParentCommandLine: C:\Windows\system32\svchost.exe -k DcomLaunch"
情報,2019/11/07 15:40:21,Microsoft-Windows-Sysmon,5,Process terminated (rule: ProcessTerminate),"Process terminated:
UtcTime: 2019-11-07 06:40:21.098
ProcessGuid: {CC41BF7E-5555-5A01-0000-001033992700}
ProcessId: 4236
Image: C:\Windows\System32\conhost.exe"
情報,2019/11/07 15:40:21,Microsoft-Windows-Sysmon,5,Process terminated (rule: ProcessTerminate),"Process terminated:
UtcTime: 2019-11-07 06:40:21.098
ProcessGuid: {CC41BF7E-5555-5A01-0000-0010C2982700}
ProcessId: 2868
Image: C:\Windows\SysWOW64\cmd.exe"
情報,2019/11/07 15:40:21,Microsoft-Windows-Sysmon,5,Process terminated (rule: ProcessTerminate),"Process terminated:
UtcTime: 2019-11-07 06:40:21.098
ProcessGuid: {CC41BF7E-5555-5A01-0000-0010349B2700}
ProcessId: 4700
Image: C:\Windows\SysWOW64\net.exe"
情報,2019/11/07 15:40:21,Microsoft-Windows-Sysmon,5,Process terminated (rule: ProcessTerminate),"Process terminated:
UtcTime: 2019-11-07 06:40:21.082
ProcessGuid: {CC41BF7E-5555-5A01-0000-00103C9C2700}
ProcessId: 5088
Image: C:\Windows\SysWOW64\net1.exe"
情報,2019/11/07 15:40:21,Microsoft-Windows-Sysmon,1,Process Create (rule: ProcessCreate),"Process Create:
UtcTime: 2019-11-07 06:40:21.076
ProcessGuid: {CC41BF7E-5555-5A01-0000-00103C9C2700}
ProcessId: 5088
Image: C:\Windows\SysWOW64\net1.exe
CommandLine: C:\Windows\system32\net1  user machida.kanagawa /delete
CurrentDirectory: C:\Users\maebashi.gunma\Desktop\
User: EXAMPLE\maebashi.gunma
LogonGuid: {CC41BF7E-4CE6-5A01-0000-002031FB0200}
LogonId: 0x2FB31
TerminalSessionId: 1
IntegrityLevel: Medium
Hashes: SHA1=382169595D5BBEB535C4575B3EC8CC7E5E933115
ParentProcessGuid: {CC41BF7E-5555-5A01-0000-0010349B2700}
ParentProcessId: 4700
ParentImage: C:\Windows\SysWOW64\net.exe
ParentCommandLine: net  user machida.kanagawa /delete"
情報,2019/11/07 15:40:21,Microsoft-Windows-Sysmon,1,Process Create (rule: ProcessCreate),"Process Create:
UtcTime: 2019-11-07 06:40:21.064
ProcessGuid: {CC41BF7E-5555-5A01-0000-0010349B2700}
ProcessId: 4700
Image: C:\Windows\SysWOW64\net.exe
CommandLine: net  user machida.kanagawa /delete
CurrentDirectory: C:\Users\maebashi.gunma\Desktop\
User: EXAMPLE\maebashi.gunma
LogonGuid: {CC41BF7E-4CE6-5A01-0000-002031FB0200}
LogonId: 0x2FB31
TerminalSessionId: 1
IntegrityLevel: Medium
Hashes: SHA1=B160F4462A4728BEC8FA053B99709622A4B4DD20
ParentProcessGuid: {CC41BF7E-5555-5A01-0000-0010C2982700}
ParentProcessId: 2868
ParentImage: C:\Windows\SysWOW64\cmd.exe
ParentCommandLine: cmd /c ""net user machida.kanagawa /delete"""
情報,2019/11/07 15:40:21,Microsoft-Windows-Sysmon,1,Process Create (rule: ProcessCreate),"Process Create:
UtcTime: 2019-11-07 06:40:21.015
ProcessGuid: {CC41BF7E-5555-5A01-0000-001033992700}
ProcessId: 4236
Image: C:\Windows\System32\conhost.exe
CommandLine: \??\C:\Windows\system32\conhost.exe 0xffffffff -ForceV1
CurrentDirectory: C:\Windows
User: EXAMPLE\maebashi.gunma
LogonGuid: {CC41BF7E-4CE6-5A01-0000-002031FB0200}
LogonId: 0x2FB31
TerminalSessionId: 1
IntegrityLevel: Medium
Hashes: SHA1=00667A0F0C0D5E9DA697E9FF54ECDDD449259354
ParentProcessGuid: {CC41BF7E-5555-5A01-0000-0010C2982700}
ParentProcessId: 2868
ParentImage: C:\Windows\SysWOW64\cmd.exe
ParentCommandLine: cmd /c ""net user machida.kanagawa /delete"""
情報,2019/11/07 15:40:21,Microsoft-Windows-Sysmon,1,Process Create (rule: ProcessCreate),"Process Create:
UtcTime: 2019-11-07 06:40:21.010
ProcessGuid: {CC41BF7E-5555-5A01-0000-0010C2982700}
ProcessId: 2868
Image: C:\Windows\SysWOW64\cmd.exe
CommandLine: cmd /c ""net user machida.kanagawa /delete""
CurrentDirectory: C:\Users\maebashi.gunma\Desktop\
User: EXAMPLE\maebashi.gunma
LogonGuid: {CC41BF7E-4CE6-5A01-0000-002031FB0200}
LogonId: 0x2FB31
TerminalSessionId: 1
IntegrityLevel: Medium
Hashes: SHA1=A4D7B99EB716919BB47448E135D489A1100BA70C
ParentProcessGuid: {CC41BF7E-4FD9-5A01-0000-001002AE1B00}
ParentProcessId: 4964
ParentImage: C:\Users\MAEBAS~1.GUN\AppData\Local\Temp\dwm.exe
ParentCommandLine: C:\Users\MAEBAS~1.GUN\AppData\Local\Temp\dwm.exe  ""C:\Users\maebashi.gunma\Desktop"""
情報,2019/11/07 15:40:18,Microsoft-Windows-Sysmon,5,Process terminated (rule: ProcessTerminate),"Process terminated:
UtcTime: 2019-11-07 06:40:18.320
ProcessGuid: {CC41BF7E-5540-5A01-0000-0010A4502700}
ProcessId: 4768
Image: C:\Program Files\Internet Explorer\iexplore.exe"
情報,2019/11/07 15:40:18,Microsoft-Windows-Sysmon,5,Process terminated (rule: ProcessTerminate),"Process terminated:
UtcTime: 2019-11-07 06:40:18.273
ProcessGuid: {CC41BF7E-5547-5A01-0000-0010FA5B2700}
ProcessId: 4076
Image: C:\Program Files (x86)\Internet Explorer\iexplore.exe"
情報,2019/11/07 15:40:09,Microsoft-Windows-Sysmon,5,Process terminated (rule: ProcessTerminate),"Process terminated:
UtcTime: 2019-11-07 06:40:09.302
ProcessGuid: {CC41BF7E-553D-5A01-0000-001045482700}
ProcessId: 5444
Image: C:\Windows\System32\conhost.exe"
情報,2019/11/07 15:40:09,Microsoft-Windows-Sysmon,5,Process terminated (rule: ProcessTerminate),"Process terminated:
UtcTime: 2019-11-07 06:40:09.302
ProcessGuid: {CC41BF7E-553D-5A01-0000-0010D4472700}
ProcessId: 1240
Image: C:\Windows\SysWOW64\cmd.exe"
情報,2019/11/07 15:40:07,Microsoft-Windows-Sysmon,1,Process Create (rule: ProcessCreate),"Process Create:
UtcTime: 2019-11-07 06:40:07.427
ProcessGuid: {CC41BF7E-5547-5A01-0000-0010FA5B2700}
ProcessId: 4076
Image: C:\Program Files (x86)\Internet Explorer\iexplore.exe
CommandLine: ""C:\Program Files (x86)\Internet Explorer\IEXPLORE.EXE"" SCODEF:4768 CREDAT:140545 /prefetch:2
CurrentDirectory: C:\Users\maebashi.gunma\Desktop\
User: EXAMPLE\maebashi.gunma
LogonGuid: {CC41BF7E-4CE6-5A01-0000-002031FB0200}
LogonId: 0x2FB31
TerminalSessionId: 1
IntegrityLevel: Low
Hashes: SHA1=B2533AE4CDAA5F2B0B38A76B8EB65F12C7B225EC
ParentProcessGuid: {CC41BF7E-5540-5A01-0000-0010A4502700}
ParentProcessId: 4768
ParentImage: C:\Program Files\Internet Explorer\iexplore.exe
ParentCommandLine: ""C:\Program Files\Internet Explorer\iexplore.exe"" -Embedding"
情報,2019/11/07 15:40:00,Microsoft-Windows-Sysmon,1,Process Create (rule: ProcessCreate),"Process Create:
UtcTime: 2019-11-07 06:40:00.875
ProcessGuid: {CC41BF7E-5540-5A01-0000-0010A4502700}
ProcessId: 4768
Image: C:\Program Files\Internet Explorer\iexplore.exe
CommandLine: ""C:\Program Files\Internet Explorer\iexplore.exe"" -Embedding
CurrentDirectory: C:\Windows\system32\
User: EXAMPLE\maebashi.gunma
LogonGuid: {CC41BF7E-4CE6-5A01-0000-002031FB0200}
LogonId: 0x2FB31
TerminalSessionId: 1
IntegrityLevel: Medium
Hashes: SHA1=F0FEB5350BD497A9E9BF77ED072315E64ABFFA33
ParentProcessGuid: {CC41BF7E-4CCD-5A01-0000-0010D0890000}
ParentProcessId: 664
ParentImage: C:\Windows\System32\svchost.exe
ParentCommandLine: C:\Windows\system32\svchost.exe -k DcomLaunch"
情報,2019/11/07 15:39:57,Microsoft-Windows-Sysmon,1,Process Create (rule: ProcessCreate),"Process Create:
UtcTime: 2019-11-07 06:39:57.012
ProcessGuid: {CC41BF7E-553D-5A01-0000-001045482700}
ProcessId: 5444
Image: C:\Windows\System32\conhost.exe
CommandLine: \??\C:\Windows\system32\conhost.exe 0xffffffff -ForceV1
CurrentDirectory: C:\Windows
User: EXAMPLE\maebashi.gunma
LogonGuid: {CC41BF7E-4CE6-5A01-0000-002031FB0200}
LogonId: 0x2FB31
TerminalSessionId: 1
IntegrityLevel: Medium
Hashes: SHA1=00667A0F0C0D5E9DA697E9FF54ECDDD449259354
ParentProcessGuid: {CC41BF7E-553D-5A01-0000-0010D4472700}
ParentProcessId: 1240
ParentImage: C:\Windows\SysWOW64\cmd.exe
ParentCommandLine: cmd /c ""dir C:\Users\*.doc* /s /o-d > C:\Intel\Logs\r.txt"""
情報,2019/11/07 15:39:57,Microsoft-Windows-Sysmon,1,Process Create (rule: ProcessCreate),"Process Create:
UtcTime: 2019-11-07 06:39:57.006
ProcessGuid: {CC41BF7E-553D-5A01-0000-0010D4472700}
ProcessId: 1240
Image: C:\Windows\SysWOW64\cmd.exe
CommandLine: cmd /c ""dir C:\Users\*.doc* /s /o-d > C:\Intel\Logs\r.txt""
CurrentDirectory: C:\Users\maebashi.gunma\Desktop\
User: EXAMPLE\maebashi.gunma
LogonGuid: {CC41BF7E-4CE6-5A01-0000-002031FB0200}
LogonId: 0x2FB31
TerminalSessionId: 1
IntegrityLevel: Medium
Hashes: SHA1=A4D7B99EB716919BB47448E135D489A1100BA70C
ParentProcessGuid: {CC41BF7E-4FD9-5A01-0000-001002AE1B00}
ParentProcessId: 4964
ParentImage: C:\Users\MAEBAS~1.GUN\AppData\Local\Temp\dwm.exe
ParentCommandLine: C:\Users\MAEBAS~1.GUN\AppData\Local\Temp\dwm.exe  ""C:\Users\maebashi.gunma\Desktop"""
情報,2019/11/07 15:39:27,Microsoft-Windows-Sysmon,5,Process terminated (rule: ProcessTerminate),"Process terminated:
UtcTime: 2019-11-07 06:39:27.083
ProcessGuid: {CC41BF7E-551F-5A01-0000-0010032E2700}
ProcessId: 804
Image: C:\Windows\System32\conhost.exe"
情報,2019/11/07 15:39:27,Microsoft-Windows-Sysmon,5,Process terminated (rule: ProcessTerminate),"Process terminated:
UtcTime: 2019-11-07 06:39:27.083
ProcessGuid: {CC41BF7E-551F-5A01-0000-0010922D2700}
ProcessId: 3992
Image: C:\Windows\SysWOW64\cmd.exe"
情報,2019/11/07 15:39:27,Microsoft-Windows-Sysmon,5,Process terminated (rule: ProcessTerminate),"Process terminated:
UtcTime: 2019-11-07 06:39:27.083
ProcessGuid: {CC41BF7E-551F-5A01-0000-001001302700}
ProcessId: 5524
Image: C:\Intel\Logs\mz.exe"
情報,2019/11/07 15:39:27,Microsoft-Windows-Sysmon,1,Process Create (rule: ProcessCreate),"Process Create:
UtcTime: 2019-11-07 06:39:27.063
ProcessGuid: {CC41BF7E-551F-5A01-0000-001001302700}
ProcessId: 5524
Image: C:\Intel\Logs\mz.exe
CommandLine: C:\Intel\Logs\mz.exe  ""kerberos::ptt C:\Intel\Logs\500.kirbi"" exit
CurrentDirectory: C:\Users\maebashi.gunma\Desktop\
User: EXAMPLE\maebashi.gunma
LogonGuid: {CC41BF7E-4CE6-5A01-0000-002031FB0200}
LogonId: 0x2FB31
TerminalSessionId: 1
IntegrityLevel: Medium
Hashes: SHA1=53796614833D7596FF9F6BFD59E55D668089A00F
ParentProcessGuid: {CC41BF7E-551F-5A01-0000-0010922D2700}
ParentProcessId: 3992
ParentImage: C:\Windows\SysWOW64\cmd.exe
ParentCommandLine: cmd /c ""C:\Intel\Logs\mz.exe ""kerberos::ptt C:\Intel\Logs\500.kirbi"" exit"""
情報,2019/11/07 15:39:27,Microsoft-Windows-Sysmon,1,Process Create (rule: ProcessCreate),"Process Create:
UtcTime: 2019-11-07 06:39:27.016
ProcessGuid: {CC41BF7E-551F-5A01-0000-0010032E2700}
ProcessId: 804
Image: C:\Windows\System32\conhost.exe
CommandLine: \??\C:\Windows\system32\conhost.exe 0xffffffff -ForceV1
CurrentDirectory: C:\Windows
User: EXAMPLE\maebashi.gunma
LogonGuid: {CC41BF7E-4CE6-5A01-0000-002031FB0200}
LogonId: 0x2FB31
TerminalSessionId: 1
IntegrityLevel: Medium
Hashes: SHA1=00667A0F0C0D5E9DA697E9FF54ECDDD449259354
ParentProcessGuid: {CC41BF7E-551F-5A01-0000-0010922D2700}
ParentProcessId: 3992
ParentImage: C:\Windows\SysWOW64\cmd.exe
ParentCommandLine: cmd /c ""C:\Intel\Logs\mz.exe ""kerberos::ptt C:\Intel\Logs\500.kirbi"" exit"""
情報,2019/11/07 15:39:27,Microsoft-Windows-Sysmon,1,Process Create (rule: ProcessCreate),"Process Create:
UtcTime: 2019-11-07 06:39:27.010
ProcessGuid: {CC41BF7E-551F-5A01-0000-0010922D2700}
ProcessId: 3992
Image: C:\Windows\SysWOW64\cmd.exe
CommandLine: cmd /c ""C:\Intel\Logs\mz.exe ""kerberos::ptt C:\Intel\Logs\500.kirbi"" exit""
CurrentDirectory: C:\Users\maebashi.gunma\Desktop\
User: EXAMPLE\maebashi.gunma
LogonGuid: {CC41BF7E-4CE6-5A01-0000-002031FB0200}
LogonId: 0x2FB31
TerminalSessionId: 1
IntegrityLevel: Medium
Hashes: SHA1=A4D7B99EB716919BB47448E135D489A1100BA70C
ParentProcessGuid: {CC41BF7E-4FD9-5A01-0000-001002AE1B00}
ParentProcessId: 4964
ParentImage: C:\Users\MAEBAS~1.GUN\AppData\Local\Temp\dwm.exe
ParentCommandLine: C:\Users\MAEBAS~1.GUN\AppData\Local\Temp\dwm.exe  ""C:\Users\maebashi.gunma\Desktop"""
情報,2019/11/07 15:39:03,Microsoft-Windows-Sysmon,5,Process terminated (rule: ProcessTerminate),"Process terminated:
UtcTime: 2019-11-07 06:39:03.423
ProcessGuid: {CC41BF7E-5507-5A01-0000-001039292700}
ProcessId: 5500
Image: C:\Windows\System32\klist.exe"
情報,2019/11/07 15:39:03,Microsoft-Windows-Sysmon,1,Process Create (rule: ProcessCreate),"Process Create:
UtcTime: 2019-11-07 06:39:03.416
ProcessGuid: {CC41BF7E-5507-5A01-0000-001039292700}
ProcessId: 5500
Image: C:\Windows\System32\klist.exe
CommandLine: klist  purge
CurrentDirectory: C:\Users\maebashi.gunma\
User: EXAMPLE\maebashi.gunma
LogonGuid: {CC41BF7E-4CE6-5A01-0000-002031FB0200}
LogonId: 0x2FB31
TerminalSessionId: 1
IntegrityLevel: Medium
Hashes: SHA1=0212B9B929CD5224B181081EEFAEAC5BE04038C4
ParentProcessGuid: {CC41BF7E-4E61-5A01-0000-0010F1A41400}
ParentProcessId: 1492
ParentImage: C:\Windows\System32\cmd.exe
ParentCommandLine: ""C:\Windows\system32\cmd.exe"" "
情報,2019/11/07 15:39:00,Microsoft-Windows-Sysmon,5,Process terminated (rule: ProcessTerminate),"Process terminated:
UtcTime: 2019-11-07 06:39:00.083
ProcessGuid: {CC41BF7E-5504-5A01-0000-001086252700}
ProcessId: 672
Image: C:\Windows\System32\conhost.exe"
情報,2019/11/07 15:39:00,Microsoft-Windows-Sysmon,5,Process terminated (rule: ProcessTerminate),"Process terminated:
UtcTime: 2019-11-07 06:39:00.083
ProcessGuid: {CC41BF7E-5504-5A01-0000-00100E252700}
ProcessId: 1164
Image: C:\Windows\SysWOW64\cmd.exe"
情報,2019/11/07 15:39:00,Microsoft-Windows-Sysmon,1,Process Create (rule: ProcessCreate),"Process Create:
UtcTime: 2019-11-07 06:39:00.059
ProcessGuid: {CC41BF7E-5504-5A01-0000-001086252700}
ProcessId: 672
Image: C:\Windows\System32\conhost.exe
CommandLine: \??\C:\Windows\system32\conhost.exe 0xffffffff -ForceV1
CurrentDirectory: C:\Windows
User: EXAMPLE\maebashi.gunma
LogonGuid: {CC41BF7E-4CE6-5A01-0000-002031FB0200}
LogonId: 0x2FB31
TerminalSessionId: 1
IntegrityLevel: Medium
Hashes: SHA1=00667A0F0C0D5E9DA697E9FF54ECDDD449259354
ParentProcessGuid: {CC41BF7E-5504-5A01-0000-00100E252700}
ParentProcessId: 1164
ParentImage: C:\Windows\SysWOW64\cmd.exe
ParentCommandLine: cmd /c ""klist purge"""
情報,2019/11/07 15:39:00,Microsoft-Windows-Sysmon,1,Process Create (rule: ProcessCreate),"Process Create:
UtcTime: 2019-11-07 06:39:00.043
ProcessGuid: {CC41BF7E-5504-5A01-0000-00100E252700}
ProcessId: 1164
Image: C:\Windows\SysWOW64\cmd.exe
CommandLine: cmd /c ""klist purge""
CurrentDirectory: C:\Users\maebashi.gunma\Desktop\
User: EXAMPLE\maebashi.gunma
LogonGuid: {CC41BF7E-4CE6-5A01-0000-002031FB0200}
LogonId: 0x2FB31
TerminalSessionId: 1
IntegrityLevel: Medium
Hashes: SHA1=A4D7B99EB716919BB47448E135D489A1100BA70C
ParentProcessGuid: {CC41BF7E-4FD9-5A01-0000-001002AE1B00}
ParentProcessId: 4964
ParentImage: C:\Users\MAEBAS~1.GUN\AppData\Local\Temp\dwm.exe
ParentCommandLine: C:\Users\MAEBAS~1.GUN\AppData\Local\Temp\dwm.exe  ""C:\Users\maebashi.gunma\Desktop"""
情報,2019/11/07 15:38:34,Microsoft-Windows-Sysmon,5,Process terminated (rule: ProcessTerminate),"Process terminated:
UtcTime: 2019-11-07 06:38:34.046
ProcessGuid: {CC41BF7E-54DE-5A01-0000-0010FEA02600}
ProcessId: 4576
Image: C:\Program Files\Internet Explorer\iexplore.exe"
情報,2019/11/07 15:38:33,Microsoft-Windows-Sysmon,5,Process terminated (rule: ProcessTerminate),"Process terminated:
UtcTime: 2019-11-07 06:38:33.984
ProcessGuid: {CC41BF7E-54DE-5A01-0000-00106CAB2600}
ProcessId: 4264
Image: C:\Program Files (x86)\Internet Explorer\iexplore.exe"
情報,2019/11/07 15:38:33,Microsoft-Windows-Sysmon,5,Process terminated (rule: ProcessTerminate),"Process terminated:
UtcTime: 2019-11-07 06:38:33.953
ProcessGuid: {CC41BF7E-54DF-5A01-0000-001029CF2600}
ProcessId: 1936
Image: C:\Windows\System32\Macromed\Flash\FlashUtil_ActiveX.exe"
情報,2019/11/07 15:38:27,Microsoft-Windows-Sysmon,5,Process terminated (rule: ProcessTerminate),"Process terminated:
UtcTime: 2019-11-07 06:38:27.046
ProcessGuid: {CC41BF7E-54E2-5A01-0000-0010C80B2700}
ProcessId: 6096
Image: C:\Windows\System32\conhost.exe"
情報,2019/11/07 15:38:27,Microsoft-Windows-Sysmon,5,Process terminated (rule: ProcessTerminate),"Process terminated:
UtcTime: 2019-11-07 06:38:27.046
ProcessGuid: {CC41BF7E-54E2-5A01-0000-00104E0B2700}
ProcessId: 3588
Image: C:\Windows\SysWOW64\cmd.exe"
情報,2019/11/07 15:38:27,Microsoft-Windows-Sysmon,5,Process terminated (rule: ProcessTerminate),"Process terminated:
UtcTime: 2019-11-07 06:38:27.046
ProcessGuid: {CC41BF7E-54E2-5A01-0000-0010990D2700}
ProcessId: 768
Image: C:\Intel\Logs\mz.exe"
情報,2019/11/07 15:38:26,Microsoft-Windows-Sysmon,1,Process Create (rule: ProcessCreate),"Process Create:
UtcTime: 2019-11-07 06:38:26.996
ProcessGuid: {CC41BF7E-54E2-5A01-0000-0010990D2700}
ProcessId: 768
Image: C:\Intel\Logs\mz.exe
CommandLine: C:\Intel\Logs\mz.exe  ""kerberos::golden /domain:example.co.jp /sid:S-1-5-21-1524084746-3249201829-3114449661 /rc4:b23a3443a12bf736973741f65ddcbc83 /user:sysg.admin /id:500 /ticket:C:\Intel\Logs\500.kirbi"" exit
CurrentDirectory: C:\Users\maebashi.gunma\Desktop\
User: EXAMPLE\maebashi.gunma
LogonGuid: {CC41BF7E-4CE6-5A01-0000-002031FB0200}
LogonId: 0x2FB31
TerminalSessionId: 1
IntegrityLevel: Medium
Hashes: SHA1=53796614833D7596FF9F6BFD59E55D668089A00F
ParentProcessGuid: {CC41BF7E-54E2-5A01-0000-00104E0B2700}
ParentProcessId: 3588
ParentImage: C:\Windows\SysWOW64\cmd.exe
ParentCommandLine: cmd /c ""C:\Intel\Logs\mz.exe ""kerberos::golden /domain:example.co.jp /sid:S-1-5-21-1524084746-3249201829-3114449661 /rc4:b23a3443a12bf736973741f65ddcbc83 /user:sysg.admin /id:500 /ticket:C:\Intel\Logs\500.kirbi"" exit"""
情報,2019/11/07 15:38:26,Microsoft-Windows-Sysmon,1,Process Create (rule: ProcessCreate),"Process Create:
UtcTime: 2019-11-07 06:38:26.951
ProcessGuid: {CC41BF7E-54E2-5A01-0000-0010C80B2700}
ProcessId: 6096
Image: C:\Windows\System32\conhost.exe
CommandLine: \??\C:\Windows\system32\conhost.exe 0xffffffff -ForceV1
CurrentDirectory: C:\Windows
User: EXAMPLE\maebashi.gunma
LogonGuid: {CC41BF7E-4CE6-5A01-0000-002031FB0200}
LogonId: 0x2FB31
TerminalSessionId: 1
IntegrityLevel: Medium
Hashes: SHA1=00667A0F0C0D5E9DA697E9FF54ECDDD449259354
ParentProcessGuid: {CC41BF7E-54E2-5A01-0000-00104E0B2700}
ParentProcessId: 3588
ParentImage: C:\Windows\SysWOW64\cmd.exe
ParentCommandLine: cmd /c ""C:\Intel\Logs\mz.exe ""kerberos::golden /domain:example.co.jp /sid:S-1-5-21-1524084746-3249201829-3114449661 /rc4:b23a3443a12bf736973741f65ddcbc83 /user:sysg.admin /id:500 /ticket:C:\Intel\Logs\500.kirbi"" exit"""
情報,2019/11/07 15:38:26,Microsoft-Windows-Sysmon,1,Process Create (rule: ProcessCreate),"Process Create:
UtcTime: 2019-11-07 06:38:26.944
ProcessGuid: {CC41BF7E-54E2-5A01-0000-00104E0B2700}
ProcessId: 3588
Image: C:\Windows\SysWOW64\cmd.exe
CommandLine: cmd /c ""C:\Intel\Logs\mz.exe ""kerberos::golden /domain:example.co.jp /sid:S-1-5-21-1524084746-3249201829-3114449661 /rc4:b23a3443a12bf736973741f65ddcbc83 /user:sysg.admin /id:500 /ticket:C:\Intel\Logs\500.kirbi"" exit""
CurrentDirectory: C:\Users\maebashi.gunma\Desktop\
User: EXAMPLE\maebashi.gunma
LogonGuid: {CC41BF7E-4CE6-5A01-0000-002031FB0200}
LogonId: 0x2FB31
TerminalSessionId: 1
IntegrityLevel: Medium
Hashes: SHA1=A4D7B99EB716919BB47448E135D489A1100BA70C
ParentProcessGuid: {CC41BF7E-4FD9-5A01-0000-001002AE1B00}
ParentProcessId: 4964
ParentImage: C:\Users\MAEBAS~1.GUN\AppData\Local\Temp\dwm.exe
ParentCommandLine: C:\Users\MAEBAS~1.GUN\AppData\Local\Temp\dwm.exe  ""C:\Users\maebashi.gunma\Desktop"""
情報,2019/11/07 15:38:23,Microsoft-Windows-Sysmon,1,Process Create (rule: ProcessCreate),"Process Create:
UtcTime: 2019-11-07 06:38:23.777
ProcessGuid: {CC41BF7E-54DF-5A01-0000-001029CF2600}
ProcessId: 1936
Image: C:\Windows\System32\Macromed\Flash\FlashUtil_ActiveX.exe
CommandLine: ""C:\Windows\System32\Macromed\Flash\FlashUtil_ActiveX.exe"" -Embedding
CurrentDirectory: C:\Windows\system32\
User: EXAMPLE\maebashi.gunma
LogonGuid: {CC41BF7E-4CE6-5A01-0000-002031FB0200}
LogonId: 0x2FB31
TerminalSessionId: 1
IntegrityLevel: Medium
Hashes: SHA1=7885A583868EA312E7F141E15B2BC45BF0086DB1
ParentProcessGuid: {CC41BF7E-4CCD-5A01-0000-0010D0890000}
ParentProcessId: 664
ParentImage: C:\Windows\System32\svchost.exe
ParentCommandLine: C:\Windows\system32\svchost.exe -k DcomLaunch"
情報,2019/11/07 15:38:23,Microsoft-Windows-Sysmon,9,RawAccessRead detected (rule: RawAccessRead),"RawAccessRead detected:
UtcTime: 2019-11-07 06:38:23.608
ProcessGuid: {CC41BF7E-4CB9-5A01-0000-0010EB030000}
ProcessId: 4
Image: System
Device: \Device\HarddiskVolume2"
情報,2019/11/07 15:38:23,Microsoft-Windows-Sysmon,9,RawAccessRead detected (rule: RawAccessRead),"RawAccessRead detected:
UtcTime: 2019-11-07 06:38:23.608
ProcessGuid: {CC41BF7E-4CB9-5A01-0000-0010EB030000}
ProcessId: 4
Image: System
Device: \Device\HarddiskVolume1"
情報,2019/11/07 15:38:23,Microsoft-Windows-Sysmon,1,Process Create (rule: ProcessCreate),"Process Create:
UtcTime: 2019-11-07 06:38:23.565
ProcessGuid: {CC41BF7E-54DF-5A01-0000-001003C92600}
ProcessId: 2636
Image: C:\Windows\System32\fontdrvhost.exe
CommandLine: ""fontdrvhost.exe""
CurrentDirectory: C:\Windows\system32\
User: EXAMPLE\maebashi.gunma
LogonGuid: {CC41BF7E-4CE6-5A01-0000-002031FB0200}
LogonId: 0x2FB31
TerminalSessionId: 1
IntegrityLevel: AppContainer
Hashes: SHA1=2CA5499A79C56A6B0F8803B1AFDA136AF69A35FD
ParentProcessGuid: {CC41BF7E-4CCC-5A01-0000-001086700000}
ParentProcessId: 512
ParentImage: C:\Windows\System32\winlogon.exe
ParentCommandLine: winlogon.exe"
情報,2019/11/07 15:38:22,Microsoft-Windows-Sysmon,1,Process Create (rule: ProcessCreate),"Process Create:
UtcTime: 2019-11-07 06:38:22.642
ProcessGuid: {CC41BF7E-54DE-5A01-0000-00106CAB2600}
ProcessId: 4264
Image: C:\Program Files (x86)\Internet Explorer\iexplore.exe
CommandLine: ""C:\Program Files (x86)\Internet Explorer\IEXPLORE.EXE"" SCODEF:4576 CREDAT:140545 /prefetch:2
CurrentDirectory: C:\Users\maebashi.gunma\Desktop\
User: EXAMPLE\maebashi.gunma
LogonGuid: {CC41BF7E-4CE6-5A01-0000-002031FB0200}
LogonId: 0x2FB31
TerminalSessionId: 1
IntegrityLevel: Low
Hashes: SHA1=B2533AE4CDAA5F2B0B38A76B8EB65F12C7B225EC
ParentProcessGuid: {CC41BF7E-54DE-5A01-0000-0010FEA02600}
ParentProcessId: 4576
ParentImage: C:\Program Files\Internet Explorer\iexplore.exe
ParentCommandLine: ""C:\Program Files\Internet Explorer\iexplore.exe"" -Embedding"
情報,2019/11/07 15:38:22,Microsoft-Windows-Sysmon,1,Process Create (rule: ProcessCreate),"Process Create:
UtcTime: 2019-11-07 06:38:22.189
ProcessGuid: {CC41BF7E-54DE-5A01-0000-0010FEA02600}
ProcessId: 4576
Image: C:\Program Files\Internet Explorer\iexplore.exe
CommandLine: ""C:\Program Files\Internet Explorer\iexplore.exe"" -Embedding
CurrentDirectory: C:\Windows\system32\
User: EXAMPLE\maebashi.gunma
LogonGuid: {CC41BF7E-4CE6-5A01-0000-002031FB0200}
LogonId: 0x2FB31
TerminalSessionId: 1
IntegrityLevel: Medium
Hashes: SHA1=F0FEB5350BD497A9E9BF77ED072315E64ABFFA33
ParentProcessGuid: {CC41BF7E-4CCD-5A01-0000-0010D0890000}
ParentProcessId: 664
ParentImage: C:\Windows\System32\svchost.exe
ParentCommandLine: C:\Windows\system32\svchost.exe -k DcomLaunch"
情報,2019/11/07 15:38:00,Microsoft-Windows-Sysmon,5,Process terminated (rule: ProcessTerminate),"Process terminated:
UtcTime: 2019-11-07 06:38:00.012
ProcessGuid: {CC41BF7E-54C7-5A01-0000-001090982600}
ProcessId: 2128
Image: C:\Windows\System32\conhost.exe"
情報,2019/11/07 15:38:00,Microsoft-Windows-Sysmon,5,Process terminated (rule: ProcessTerminate),"Process terminated:
UtcTime: 2019-11-07 06:38:00.012
ProcessGuid: {CC41BF7E-54C7-5A01-0000-00101F982600}
ProcessId: 5584
Image: C:\Windows\SysWOW64\cmd.exe"
情報,2019/11/07 15:37:59,Microsoft-Windows-Sysmon,1,Process Create (rule: ProcessCreate),"Process Create:
UtcTime: 2019-11-07 06:37:59.945
ProcessGuid: {CC41BF7E-54C7-5A01-0000-001090982600}
ProcessId: 2128
Image: C:\Windows\System32\conhost.exe
CommandLine: \??\C:\Windows\system32\conhost.exe 0xffffffff -ForceV1
CurrentDirectory: C:\Windows
User: EXAMPLE\maebashi.gunma
LogonGuid: {CC41BF7E-4CE6-5A01-0000-002031FB0200}
LogonId: 0x2FB31
TerminalSessionId: 1
IntegrityLevel: Medium
Hashes: SHA1=00667A0F0C0D5E9DA697E9FF54ECDDD449259354
ParentProcessGuid: {CC41BF7E-54C7-5A01-0000-00101F982600}
ParentProcessId: 5584
ParentImage: C:\Windows\SysWOW64\cmd.exe
ParentCommandLine: cmd /c ""copy J:\Windows\Temp\o.txt C:\Intel\Logs\o.txt"""
情報,2019/11/07 15:37:59,Microsoft-Windows-Sysmon,1,Process Create (rule: ProcessCreate),"Process Create:
UtcTime: 2019-11-07 06:37:59.940
ProcessGuid: {CC41BF7E-54C7-5A01-0000-00101F982600}
ProcessId: 5584
Image: C:\Windows\SysWOW64\cmd.exe
CommandLine: cmd /c ""copy J:\Windows\Temp\o.txt C:\Intel\Logs\o.txt""
CurrentDirectory: C:\Users\maebashi.gunma\Desktop\
User: EXAMPLE\maebashi.gunma
LogonGuid: {CC41BF7E-4CE6-5A01-0000-002031FB0200}
LogonId: 0x2FB31
TerminalSessionId: 1
IntegrityLevel: Medium
Hashes: SHA1=A4D7B99EB716919BB47448E135D489A1100BA70C
ParentProcessGuid: {CC41BF7E-4FD9-5A01-0000-001002AE1B00}
ParentProcessId: 4964
ParentImage: C:\Users\MAEBAS~1.GUN\AppData\Local\Temp\dwm.exe
ParentCommandLine: C:\Users\MAEBAS~1.GUN\AppData\Local\Temp\dwm.exe  ""C:\Users\maebashi.gunma\Desktop"""
情報,2019/11/07 15:37:45,Microsoft-Windows-Sysmon,5,Process terminated (rule: ProcessTerminate),"Process terminated:
UtcTime: 2019-11-07 06:37:45.011
ProcessGuid: {CC41BF7E-54B8-5A01-0000-001028952600}
ProcessId: 1512
Image: C:\Windows\System32\conhost.exe"
情報,2019/11/07 15:37:45,Microsoft-Windows-Sysmon,5,Process terminated (rule: ProcessTerminate),"Process terminated:
UtcTime: 2019-11-07 06:37:45.011
ProcessGuid: {CC41BF7E-54B8-5A01-0000-0010AE942600}
ProcessId: 2552
Image: C:\Windows\SysWOW64\cmd.exe"
情報,2019/11/07 15:37:44,Microsoft-Windows-Sysmon,1,Process Create (rule: ProcessCreate),"Process Create:
UtcTime: 2019-11-07 06:37:44.948
ProcessGuid: {CC41BF7E-54B8-5A01-0000-001028952600}
ProcessId: 1512
Image: C:\Windows\System32\conhost.exe
CommandLine: \??\C:\Windows\system32\conhost.exe 0xffffffff -ForceV1
CurrentDirectory: C:\Windows
User: EXAMPLE\maebashi.gunma
LogonGuid: {CC41BF7E-4CE6-5A01-0000-002031FB0200}
LogonId: 0x2FB31
TerminalSessionId: 1
IntegrityLevel: Medium
Hashes: SHA1=00667A0F0C0D5E9DA697E9FF54ECDDD449259354
ParentProcessGuid: {CC41BF7E-54B8-5A01-0000-0010AE942600}
ParentProcessId: 2552
ParentImage: C:\Windows\SysWOW64\cmd.exe
ParentCommandLine: cmd /c ""type J:\Windows\Temp\o.txt"""
情報,2019/11/07 15:37:44,Microsoft-Windows-Sysmon,1,Process Create (rule: ProcessCreate),"Process Create:
UtcTime: 2019-11-07 06:37:44.940
ProcessGuid: {CC41BF7E-54B8-5A01-0000-0010AE942600}
ProcessId: 2552
Image: C:\Windows\SysWOW64\cmd.exe
CommandLine: cmd /c ""type J:\Windows\Temp\o.txt""
CurrentDirectory: C:\Users\maebashi.gunma\Desktop\
User: EXAMPLE\maebashi.gunma
LogonGuid: {CC41BF7E-4CE6-5A01-0000-002031FB0200}
LogonId: 0x2FB31
TerminalSessionId: 1
IntegrityLevel: Medium
Hashes: SHA1=A4D7B99EB716919BB47448E135D489A1100BA70C
ParentProcessGuid: {CC41BF7E-4FD9-5A01-0000-001002AE1B00}
ParentProcessId: 4964
ParentImage: C:\Users\MAEBAS~1.GUN\AppData\Local\Temp\dwm.exe
ParentCommandLine: C:\Users\MAEBAS~1.GUN\AppData\Local\Temp\dwm.exe  ""C:\Users\maebashi.gunma\Desktop"""
情報,2019/11/07 15:37:42,Microsoft-Windows-Sysmon,5,Process terminated (rule: ProcessTerminate),"Process terminated:
UtcTime: 2019-11-07 06:37:42.152
ProcessGuid: {CC41BF7E-54AB-5A01-0000-00107E5C2600}
ProcessId: 5032
Image: C:\Program Files\Internet Explorer\iexplore.exe"
情報,2019/11/07 15:37:42,Microsoft-Windows-Sysmon,5,Process terminated (rule: ProcessTerminate),"Process terminated:
UtcTime: 2019-11-07 06:37:42.136
ProcessGuid: {CC41BF7E-54AB-5A01-0000-001012672600}
ProcessId: 6140
Image: C:\Program Files (x86)\Internet Explorer\iexplore.exe"
情報,2019/11/07 15:37:31,Microsoft-Windows-Sysmon,1,Process Create (rule: ProcessCreate),"Process Create:
UtcTime: 2019-11-07 06:37:31.378
ProcessGuid: {CC41BF7E-54AB-5A01-0000-001012672600}
ProcessId: 6140
Image: C:\Program Files (x86)\Internet Explorer\iexplore.exe
CommandLine: ""C:\Program Files (x86)\Internet Explorer\IEXPLORE.EXE"" SCODEF:5032 CREDAT:140545 /prefetch:2
CurrentDirectory: C:\Users\maebashi.gunma\Desktop\
User: EXAMPLE\maebashi.gunma
LogonGuid: {CC41BF7E-4CE6-5A01-0000-002031FB0200}
LogonId: 0x2FB31
TerminalSessionId: 1
IntegrityLevel: Low
Hashes: SHA1=B2533AE4CDAA5F2B0B38A76B8EB65F12C7B225EC
ParentProcessGuid: {CC41BF7E-54AB-5A01-0000-00107E5C2600}
ParentProcessId: 5032
ParentImage: C:\Program Files\Internet Explorer\iexplore.exe
ParentCommandLine: ""C:\Program Files\Internet Explorer\iexplore.exe"" -Embedding"
情報,2019/11/07 15:37:31,Microsoft-Windows-Sysmon,1,Process Create (rule: ProcessCreate),"Process Create:
UtcTime: 2019-11-07 06:37:31.233
ProcessGuid: {CC41BF7E-54AB-5A01-0000-00107E5C2600}
ProcessId: 5032
Image: C:\Program Files\Internet Explorer\iexplore.exe
CommandLine: ""C:\Program Files\Internet Explorer\iexplore.exe"" -Embedding
CurrentDirectory: C:\Windows\system32\
User: EXAMPLE\maebashi.gunma
LogonGuid: {CC41BF7E-4CE6-5A01-0000-002031FB0200}
LogonId: 0x2FB31
TerminalSessionId: 1
IntegrityLevel: Medium
Hashes: SHA1=F0FEB5350BD497A9E9BF77ED072315E64ABFFA33
ParentProcessGuid: {CC41BF7E-4CCD-5A01-0000-0010D0890000}
ParentProcessId: 664
ParentImage: C:\Windows\System32\svchost.exe
ParentCommandLine: C:\Windows\system32\svchost.exe -k DcomLaunch"
情報,2019/11/07 15:35:45,Microsoft-Windows-Sysmon,5,Process terminated (rule: ProcessTerminate),"Process terminated:
UtcTime: 2019-11-07 06:35:45.236
ProcessGuid: {CC41BF7E-542D-5A01-0000-00108C2B2600}
ProcessId: 3676
Image: C:\Program Files\Internet Explorer\iexplore.exe"
情報,2019/11/07 15:35:45,Microsoft-Windows-Sysmon,5,Process terminated (rule: ProcessTerminate),"Process terminated:
UtcTime: 2019-11-07 06:35:45.221
ProcessGuid: {CC41BF7E-542D-5A01-0000-001013362600}
ProcessId: 4884
Image: C:\Program Files (x86)\Internet Explorer\iexplore.exe"
