情報,2019/11/07 15:04:53,Microsoft-Windows-Sysmon,9,RawAccessRead detected (rule: RawAccessRead),"RawAccessRead detected:
UtcTime: 2019-11-07 06:04:53.912
ProcessGuid: {CC41BF7E-4CB9-5A01-0000-0010EB030000}
ProcessId: 4
Image: System
Device: \Device\HarddiskVolume2"
情報,2019/11/07 15:04:53,Microsoft-Windows-Sysmon,9,RawAccessRead detected (rule: RawAccessRead),"RawAccessRead detected:
UtcTime: 2019-11-07 06:04:53.912
ProcessGuid: {CC41BF7E-4CB9-5A01-0000-0010EB030000}
ProcessId: 4
Image: System
Device: \Device\HarddiskVolume1"
情報,2019/11/07 15:04:52,Microsoft-Windows-Sysmon,1,Process Create (rule: ProcessCreate),"Process Create:
UtcTime: 2019-11-07 06:04:52.323
ProcessGuid: {CC41BF7E-4D04-5A01-0000-0010DD320400}
ProcessId: 3780
Image: C:\Windows\System32\taskhostw.exe
CommandLine: taskhostw.exe
CurrentDirectory: C:\Windows\system32\
User: EXAMPLE\maebashi.gunma
LogonGuid: {CC41BF7E-4CE6-5A01-0000-002031FB0200}
LogonId: 0x2FB31
TerminalSessionId: 1
IntegrityLevel: Medium
Hashes: SHA1=9CC394E9F9AEF58F7BDB90B8B19559AB6605CB64
ParentProcessGuid: {CC41BF7E-4CD0-5A01-0000-00101AF00000}
ParentProcessId: 900
ParentImage: C:\Windows\System32\svchost.exe
ParentCommandLine: C:\Windows\system32\svchost.exe -k netsvcs"
情報,2019/11/07 15:04:51,Microsoft-Windows-Sysmon,9,RawAccessRead detected (rule: RawAccessRead),"RawAccessRead detected:
UtcTime: 2019-11-07 06:04:51.755
ProcessGuid: {CC41BF7E-4CB9-5A01-0000-0010EB030000}
ProcessId: 4
Image: System
Device: \Device\HarddiskVolume2"
情報,2019/11/07 15:04:51,Microsoft-Windows-Sysmon,9,RawAccessRead detected (rule: RawAccessRead),"RawAccessRead detected:
UtcTime: 2019-11-07 06:04:51.755
ProcessGuid: {CC41BF7E-4CB9-5A01-0000-0010EB030000}
ProcessId: 4
Image: System
Device: \Device\HarddiskVolume1"
情報,2019/11/07 15:04:51,Microsoft-Windows-Sysmon,1,Process Create (rule: ProcessCreate),"Process Create:
UtcTime: 2019-11-07 06:04:51.604
ProcessGuid: {CC41BF7E-4D03-5A01-0000-00102E2A0400}
ProcessId: 3744
Image: C:\Windows\System32\slui.exe
CommandLine: ""C:\Windows\System32\SLUI.exe"" RuleId=eeba1977-569e-4571-b639-7623d8bfecc0;Action=AutoActivate;AppId=55c92734-d682-4d71-983e-d6ec3f16059f;SkuId=73111121-5638-40f6-bc11-f1d7b0d64300;NotificationInterval=1440;Trigger=NetworkAvailable
CurrentDirectory: C:\Windows\system32\
User: NT AUTHORITY\NETWORK SERVICE
LogonGuid: {CC41BF7E-4CCE-5A01-0000-0020E4030000}
LogonId: 0x3E4
TerminalSessionId: 0
IntegrityLevel: System
Hashes: SHA1=6A0A58329F23DB9AFFC8373475690A58D096D1E0
ParentProcessGuid: {CC41BF7E-4CFF-5A01-0000-0010120A0400}
ParentProcessId: 3536
ParentImage: C:\Windows\System32\SppExtComObj.Exe
ParentCommandLine: C:\Windows\system32\SppExtComObj.exe -Embedding"
情報,2019/11/07 15:04:49,Microsoft-Windows-Sysmon,9,RawAccessRead detected (rule: RawAccessRead),"RawAccessRead detected:
UtcTime: 2019-11-07 06:04:49.099
ProcessGuid: {CC41BF7E-4CD1-5A01-0000-0010EF070100}
ProcessId: 96
Image: C:\Windows\System32\svchost.exe
Device: \Device\HarddiskVolume2"
情報,2019/11/07 15:04:49,Microsoft-Windows-Sysmon,9,RawAccessRead detected (rule: RawAccessRead),"RawAccessRead detected:
UtcTime: 2019-11-07 06:04:49.099
ProcessGuid: {CC41BF7E-4CD1-5A01-0000-0010EF070100}
ProcessId: 96
Image: C:\Windows\System32\svchost.exe
Device: \Device\HarddiskVolume2"
情報,2019/11/07 15:04:48,Microsoft-Windows-Sysmon,9,RawAccessRead detected (rule: RawAccessRead),"RawAccessRead detected:
UtcTime: 2019-11-07 06:04:48.396
ProcessGuid: {CC41BF7E-4CF6-5A01-0000-0010ABA70300}
ProcessId: 2736
Image: C:\Windows\System32\SearchIndexer.exe
Device: \Device\HarddiskVolume2"
情報,2019/11/07 15:04:48,Microsoft-Windows-Sysmon,9,RawAccessRead detected (rule: RawAccessRead),"RawAccessRead detected:
UtcTime: 2019-11-07 06:04:48.271
ProcessGuid: {CC41BF7E-4CD1-5A01-0000-0010EF070100}
ProcessId: 96
Image: C:\Windows\System32\svchost.exe
Device: \Device\HarddiskVolume2"
情報,2019/11/07 15:04:48,Microsoft-Windows-Sysmon,9,RawAccessRead detected (rule: RawAccessRead),"RawAccessRead detected:
UtcTime: 2019-11-07 06:04:48.271
ProcessGuid: {CC41BF7E-4CD1-5A01-0000-0010EF070100}
ProcessId: 96
Image: C:\Windows\System32\svchost.exe
Device: \Device\HarddiskVolume2"
情報,2019/11/07 15:04:48,Microsoft-Windows-Sysmon,9,RawAccessRead detected (rule: RawAccessRead),"RawAccessRead detected:
UtcTime: 2019-11-07 06:04:48.271
ProcessGuid: {CC41BF7E-4CD1-5A01-0000-0010EF070100}
ProcessId: 96
Image: C:\Windows\System32\svchost.exe
Device: \Device\HarddiskVolume2"
情報,2019/11/07 15:04:48,Microsoft-Windows-Sysmon,9,RawAccessRead detected (rule: RawAccessRead),"RawAccessRead detected:
UtcTime: 2019-11-07 06:04:48.271
ProcessGuid: {CC41BF7E-4CD1-5A01-0000-0010EF070100}
ProcessId: 96
Image: C:\Windows\System32\svchost.exe
Device: \Device\HarddiskVolume1"
情報,2019/11/07 15:04:47,Microsoft-Windows-Sysmon,9,RawAccessRead detected (rule: RawAccessRead),"RawAccessRead detected:
UtcTime: 2019-11-07 06:04:47.927
ProcessGuid: {CC41BF7E-4CB9-5A01-0000-0010EB030000}
ProcessId: 4
Image: System
Device: \Device\HarddiskVolume2"
情報,2019/11/07 15:04:47,Microsoft-Windows-Sysmon,9,RawAccessRead detected (rule: RawAccessRead),"RawAccessRead detected:
UtcTime: 2019-11-07 06:04:47.927
ProcessGuid: {CC41BF7E-4CB9-5A01-0000-0010EB030000}
ProcessId: 4
Image: System
Device: \Device\HarddiskVolume1"
情報,2019/11/07 15:04:47,Microsoft-Windows-Sysmon,1,Process Create (rule: ProcessCreate),"Process Create:
UtcTime: 2019-11-07 06:04:47.694
ProcessGuid: {CC41BF7E-4CFF-5A01-0000-0010120A0400}
ProcessId: 3536
Image: C:\Windows\System32\SppExtComObj.Exe
CommandLine: C:\Windows\system32\SppExtComObj.exe -Embedding
CurrentDirectory: C:\Windows\system32\
User: NT AUTHORITY\NETWORK SERVICE
LogonGuid: {CC41BF7E-4CCE-5A01-0000-0020E4030000}
LogonId: 0x3E4
TerminalSessionId: 0
IntegrityLevel: System
Hashes: SHA1=CB5B695CE9563C717CA5D8DC6785B754B339EFE1
ParentProcessGuid: {CC41BF7E-4CCD-5A01-0000-0010D0890000}
ParentProcessId: 664
ParentImage: C:\Windows\System32\svchost.exe
ParentCommandLine: C:\Windows\system32\svchost.exe -k DcomLaunch"
情報,2019/11/07 15:04:46,Microsoft-Windows-Sysmon,5,Process terminated (rule: ProcessTerminate),"Process terminated:
UtcTime: 2019-11-07 06:04:46.974
ProcessGuid: {CC41BF7E-4CE7-5A01-0000-00101D050300}
ProcessId: 2688
Image: C:\Windows\System32\taskhostw.exe"
情報,2019/11/07 15:04:46,Microsoft-Windows-Sysmon,5,Process terminated (rule: ProcessTerminate),"Process terminated:
UtcTime: 2019-11-07 06:04:46.974
ProcessGuid: {CC41BF7E-4CEC-5A01-0000-0010102D0300}
ProcessId: 2844
Image: C:\Windows\System32\taskhostw.exe"
情報,2019/11/07 15:04:46,Microsoft-Windows-Sysmon,9,RawAccessRead detected (rule: RawAccessRead),"RawAccessRead detected:
UtcTime: 2019-11-07 06:04:46.693
ProcessGuid: {CC41BF7E-4CB9-5A01-0000-0010EB030000}
ProcessId: 4
Image: System
Device: \Device\HarddiskVolume2"
情報,2019/11/07 15:04:46,Microsoft-Windows-Sysmon,9,RawAccessRead detected (rule: RawAccessRead),"RawAccessRead detected:
UtcTime: 2019-11-07 06:04:46.693
ProcessGuid: {CC41BF7E-4CB9-5A01-0000-0010EB030000}
ProcessId: 4
Image: System
Device: \Device\HarddiskVolume1"
情報,2019/11/07 15:04:46,Microsoft-Windows-Sysmon,1,Process Create (rule: ProcessCreate),"Process Create:
UtcTime: 2019-11-07 06:04:46.576
ProcessGuid: {CC41BF7E-4CFE-5A01-0000-00104EFF0300}
ProcessId: 3496
Image: C:\Windows\SystemApps\Microsoft.Windows.Cortana_cw5n1h2txyewy\SearchUI.exe
CommandLine: ""C:\Windows\SystemApps\Microsoft.Windows.Cortana_cw5n1h2txyewy\SearchUI.exe"" -ServerName:CortanaUI.AppXa50dqqa5gqv4a428c9y1jjw7m3btvepj.mca
CurrentDirectory: C:\Windows\SystemApps\Microsoft.Windows.Cortana_cw5n1h2txyewy\
User: EXAMPLE\maebashi.gunma
LogonGuid: {CC41BF7E-4CE6-5A01-0000-002031FB0200}
LogonId: 0x2FB31
TerminalSessionId: 1
IntegrityLevel: AppContainer
Hashes: SHA1=52E981BF76FFAB32A414AC75E2A4E64ECD048658
ParentProcessGuid: {CC41BF7E-4CCD-5A01-0000-0010D0890000}
ParentProcessId: 664
ParentImage: C:\Windows\System32\svchost.exe
ParentCommandLine: C:\Windows\system32\svchost.exe -k DcomLaunch"
情報,2019/11/07 15:04:45,Microsoft-Windows-Sysmon,5,Process terminated (rule: ProcessTerminate),"Process terminated:
UtcTime: 2019-11-07 06:04:45.755
ProcessGuid: {CC41BF7E-4CE0-5A01-0000-00105D7D0200}
ProcessId: 2324
Image: C:\Program Files\Windows Defender\MpCmdRun.exe"
情報,2019/11/07 15:04:44,Microsoft-Windows-Sysmon,9,RawAccessRead detected (rule: RawAccessRead),"RawAccessRead detected:
UtcTime: 2019-11-07 06:04:44.240
ProcessGuid: {CC41BF7E-4CB9-5A01-0000-0010EB030000}
ProcessId: 4
Image: System
Device: \Device\HarddiskVolume2"
情報,2019/11/07 15:04:44,Microsoft-Windows-Sysmon,9,RawAccessRead detected (rule: RawAccessRead),"RawAccessRead detected:
UtcTime: 2019-11-07 06:04:44.240
ProcessGuid: {CC41BF7E-4CB9-5A01-0000-0010EB030000}
ProcessId: 4
Image: System
Device: \Device\HarddiskVolume1"
情報,2019/11/07 15:04:43,Microsoft-Windows-Sysmon,6,Driver loaded (rule: DriverLoad),"Driver loaded:
UtcTime: 2019-11-07 06:04:42.880
ImageLoaded: C:\Windows\System32\drivers\WdNisDrv.sys
Hashes: SHA1=6854442919FCEB79C3D5AE427856695D597277FD
Signed: true
Signature: Microsoft Windows"
情報,2019/11/07 15:04:43,Microsoft-Windows-Sysmon,1,Process Create (rule: ProcessCreate),"Process Create:
UtcTime: 2019-11-07 06:04:42.982
ProcessGuid: {CC41BF7E-4CFA-5A01-0000-00103ADD0300}
ProcessId: 3336
Image: C:\Windows\SystemApps\ShellExperienceHost_cw5n1h2txyewy\ShellExperienceHost.exe
CommandLine: ""C:\Windows\SystemApps\ShellExperienceHost_cw5n1h2txyewy\ShellExperienceHost.exe"" -ServerName:App.AppXtk181tbxbce2qsex02s8tw7hfxa9xb3t.mca
CurrentDirectory: C:\Windows\SystemApps\ShellExperienceHost_cw5n1h2txyewy\
User: EXAMPLE\maebashi.gunma
LogonGuid: {CC41BF7E-4CE6-5A01-0000-002031FB0200}
LogonId: 0x2FB31
TerminalSessionId: 1
IntegrityLevel: AppContainer
Hashes: SHA1=1810F7A0CF59FBE47FD51D44CFFBE920E09B3D82
ParentProcessGuid: {CC41BF7E-4CCD-5A01-0000-0010D0890000}
ParentProcessId: 664
ParentImage: C:\Windows\System32\svchost.exe
ParentCommandLine: C:\Windows\system32\svchost.exe -k DcomLaunch"
情報,2019/11/07 15:04:43,Microsoft-Windows-Sysmon,9,RawAccessRead detected (rule: RawAccessRead),"RawAccessRead detected:
UtcTime: 2019-11-07 06:04:42.990
ProcessGuid: {CC41BF7E-4CB9-5A01-0000-0010EB030000}
ProcessId: 4
Image: System
Device: \Device\HarddiskVolume2"
情報,2019/11/07 15:04:43,Microsoft-Windows-Sysmon,9,RawAccessRead detected (rule: RawAccessRead),"RawAccessRead detected:
UtcTime: 2019-11-07 06:04:42.990
ProcessGuid: {CC41BF7E-4CB9-5A01-0000-0010EB030000}
ProcessId: 4
Image: System
Device: \Device\HarddiskVolume1"
情報,2019/11/07 15:04:42,Microsoft-Windows-Sysmon,1,Process Create (rule: ProcessCreate),"Process Create:
UtcTime: 2019-11-07 06:04:42.972
ProcessGuid: {CC41BF7E-4CFA-5A01-0000-0010EBDF0300}
ProcessId: 3328
Image: C:\Program Files\Windows Defender\NisSrv.exe
CommandLine: ""C:\Program Files\Windows Defender\NisSrv.exe""
CurrentDirectory: C:\Windows\system32\
User: NT AUTHORITY\LOCAL SERVICE
LogonGuid: {CC41BF7E-4CD0-5A01-0000-0020E5030000}
LogonId: 0x3E5
TerminalSessionId: 0
IntegrityLevel: System
Hashes: SHA1=8352246A4D691F13B7A368924D3370B21A6A4CD6
ParentProcessGuid: {CC41BF7E-4CCC-5A01-0000-001065750000}
ParentProcessId: 552
ParentImage: C:\Windows\System32\services.exe
ParentCommandLine: C:\Windows\system32\services.exe"
情報,2019/11/07 15:04:42,Microsoft-Windows-Sysmon,5,Process terminated (rule: ProcessTerminate),"Process terminated:
UtcTime: 2019-11-07 06:04:42.849
ProcessGuid: {CC41BF7E-4CE1-5A01-0000-0010C3930200}
ProcessId: 2400
Image: C:\Windows\System32\conhost.exe"
情報,2019/11/07 15:04:42,Microsoft-Windows-Sysmon,5,Process terminated (rule: ProcessTerminate),"Process terminated:
UtcTime: 2019-11-07 06:04:42.740
ProcessGuid: {CC41BF7E-4CE1-5A01-0000-001056930200}
ProcessId: 2388
Image: C:\Program Files\Windows Defender\MpCmdRun.exe"
情報,2019/11/07 15:04:39,Microsoft-Windows-Sysmon,5,Process terminated (rule: ProcessTerminate),"Process terminated:
UtcTime: 2019-11-07 06:04:39.037
ProcessGuid: {CC41BF7E-4CE4-5A01-0000-00100BDC0200}
ProcessId: 2572
Image: C:\Windows\System32\taskhostw.exe"
情報,2019/11/07 15:04:38,Microsoft-Windows-Sysmon,1,Process Create (rule: ProcessCreate),"Process Create:
UtcTime: 2019-11-07 06:04:38.705
ProcessGuid: {CC41BF7E-4CF6-5A01-0000-0010ABA70300}
ProcessId: 2736
Image: C:\Windows\System32\SearchIndexer.exe
CommandLine: C:\Windows\system32\SearchIndexer.exe /Embedding
CurrentDirectory: C:\Windows\system32\
User: NT AUTHORITY\SYSTEM
LogonGuid: {CC41BF7E-4CCC-5A01-0000-0020E7030000}
LogonId: 0x3E7
TerminalSessionId: 0
IntegrityLevel: System
Hashes: SHA1=3CE9698E2750111BB44425AE3AFC84F89E083F1E
ParentProcessGuid: {CC41BF7E-4CCC-5A01-0000-001065750000}
ParentProcessId: 552
ParentImage: C:\Windows\System32\services.exe
ParentCommandLine: C:\Windows\system32\services.exe"
情報,2019/11/07 15:04:38,Microsoft-Windows-Sysmon,1,Process Create (rule: ProcessCreate),"Process Create:
UtcTime: 2019-11-07 06:04:38.225
ProcessGuid: {CC41BF7E-4CF6-5A01-0000-00109B920300}
ProcessId: 2772
Image: C:\Windows\System32\sppsvc.exe
CommandLine: C:\Windows\system32\sppsvc.exe
CurrentDirectory: C:\Windows
User: NT AUTHORITY\NETWORK SERVICE
LogonGuid: {CC41BF7E-4CCE-5A01-0000-0020E4030000}
LogonId: 0x3E4
TerminalSessionId: 0
IntegrityLevel: System
Hashes: SHA1=C92CD17F0CDBB33C4393B2A4AED618C6B203BF05
ParentProcessGuid: {CC41BF7E-4CCC-5A01-0000-001065750000}
ParentProcessId: 552
ParentImage: C:\Windows\System32\services.exe
ParentCommandLine: C:\Windows\system32\services.exe"
情報,2019/11/07 15:04:37,Microsoft-Windows-Sysmon,9,RawAccessRead detected (rule: RawAccessRead),"RawAccessRead detected:
UtcTime: 2019-11-07 06:04:37.896
ProcessGuid: {CC41BF7E-4CF3-5A01-0000-00101B670300}
ProcessId: 2200
Image: C:\Windows\System32\wbem\WmiPrvSE.exe
Device: \Device\Harddisk0\DR0"
情報,2019/11/07 15:04:35,Microsoft-Windows-Sysmon,1,Process Create (rule: ProcessCreate),"Process Create:
UtcTime: 2019-11-07 06:04:35.732
ProcessGuid: {CC41BF7E-4CF3-5A01-0000-0010D77D0300}
ProcessId: 2544
Image: C:\Program Files (x86)\Google\Update\GoogleUpdate.exe
CommandLine: ""C:\Program Files (x86)\Google\Update\GoogleUpdate.exe"" /ua /installsource core
CurrentDirectory: C:\Program Files (x86)\Google\Update\1.3.26.9\
User: NT AUTHORITY\SYSTEM
LogonGuid: {CC41BF7E-4CCC-5A01-0000-0020E7030000}
LogonId: 0x3E7
TerminalSessionId: 0
IntegrityLevel: System
Hashes: SHA1=2BBB25793FB06E79462911A3F51C4E71EA86034E
ParentProcessGuid: {CC41BF7E-4CDD-5A01-0000-0010ABF90100}
ParentProcessId: 2096
ParentImage: C:\Program Files (x86)\Google\Update\GoogleUpdate.exe
ParentCommandLine: ""C:\Program Files (x86)\Google\Update\GoogleUpdate.exe"" /c"
情報,2019/11/07 15:04:35,Microsoft-Windows-Sysmon,9,RawAccessRead detected (rule: RawAccessRead),"RawAccessRead detected:
UtcTime: 2019-11-07 06:04:35.646
ProcessGuid: {CC41BF7E-4CD0-5A01-0000-00101AF00000}
ProcessId: 900
Image: C:\Windows\System32\svchost.exe
Device: \Device\HarddiskVolume2"
情報,2019/11/07 15:04:35,Microsoft-Windows-Sysmon,9,RawAccessRead detected (rule: RawAccessRead),"RawAccessRead detected:
UtcTime: 2019-11-07 06:04:35.568
ProcessGuid: {CC41BF7E-4CF3-5A01-0000-00101B670300}
ProcessId: 2200
Image: C:\Windows\System32\wbem\WmiPrvSE.exe
Device: \Device\HarddiskVolume2"
情報,2019/11/07 15:04:35,Microsoft-Windows-Sysmon,1,Process Create (rule: ProcessCreate),"Process Create:
UtcTime: 2019-11-07 06:04:35.425
ProcessGuid: {CC41BF7E-4CF3-5A01-0000-00101B670300}
ProcessId: 2200
Image: C:\Windows\System32\wbem\WmiPrvSE.exe
CommandLine: C:\Windows\system32\wbem\wmiprvse.exe -secured -Embedding
CurrentDirectory: C:\Windows\system32\
User: NT AUTHORITY\NETWORK SERVICE
LogonGuid: {CC41BF7E-4CCE-5A01-0000-0020E4030000}
LogonId: 0x3E4
TerminalSessionId: 0
IntegrityLevel: System
Hashes: SHA1=5935A1978B114199079C01D48407894AF30C07DA
ParentProcessGuid: {CC41BF7E-4CCD-5A01-0000-0010D0890000}
ParentProcessId: 664
ParentImage: C:\Windows\System32\svchost.exe
ParentCommandLine: C:\Windows\system32\svchost.exe -k DcomLaunch"
情報,2019/11/07 15:04:35,Microsoft-Windows-Sysmon,1,Process Create (rule: ProcessCreate),"Process Create:
UtcTime: 2019-11-07 06:04:35.026
ProcessGuid: {CC41BF7E-4CF3-5A01-0000-0010EB5D0300}
ProcessId: 2144
Image: C:\Windows\explorer.exe
CommandLine: C:\Windows\Explorer.EXE
CurrentDirectory: C:\Windows\system32\
User: EXAMPLE\maebashi.gunma
LogonGuid: {CC41BF7E-4CE6-5A01-0000-002031FB0200}
LogonId: 0x2FB31
TerminalSessionId: 1
IntegrityLevel: Medium
Hashes: SHA1=AAECC83FF22939ED9B82C75E95369C9378BB2077
ParentProcessGuid: {CC41BF7E-4CF2-5A01-0000-00106E5A0300}
ParentProcessId: 1564
ParentImage: C:\Windows\System32\userinit.exe
ParentCommandLine: C:\Windows\system32\userinit.exe"
情報,2019/11/07 15:04:34,Microsoft-Windows-Sysmon,1,Process Create (rule: ProcessCreate),"Process Create:
UtcTime: 2019-11-07 06:04:34.635
ProcessGuid: {CC41BF7E-4CF2-5A01-0000-00106E5A0300}
ProcessId: 1564
Image: C:\Windows\System32\userinit.exe
CommandLine: C:\Windows\system32\userinit.exe
CurrentDirectory: C:\Windows\system32\
User: EXAMPLE\maebashi.gunma
LogonGuid: {CC41BF7E-4CE6-5A01-0000-002031FB0200}
LogonId: 0x2FB31
TerminalSessionId: 1
IntegrityLevel: Medium
Hashes: SHA1=F1B962CF2939030C15C91226D97B9EEB9649A04A
ParentProcessGuid: {CC41BF7E-4CCC-5A01-0000-001086700000}
ParentProcessId: 512
ParentImage: C:\Windows\System32\winlogon.exe
ParentCommandLine: winlogon.exe"
情報,2019/11/07 15:04:33,Microsoft-Windows-Sysmon,1,Process Create (rule: ProcessCreate),"Process Create:
UtcTime: 2019-11-07 06:04:33.630
ProcessGuid: {CC41BF7E-4CF1-5A01-0000-001015500300}
ProcessId: 3044
Image: C:\Windows\System32\RuntimeBroker.exe
CommandLine: C:\Windows\System32\RuntimeBroker.exe -Embedding
CurrentDirectory: C:\Windows\system32\
User: EXAMPLE\maebashi.gunma
LogonGuid: {CC41BF7E-4CE6-5A01-0000-002031FB0200}
LogonId: 0x2FB31
TerminalSessionId: 1
IntegrityLevel: Medium
Hashes: SHA1=1DFE5C08B6C640833FD1B2D0761E074E3CE6AEC2
ParentProcessGuid: {CC41BF7E-4CCD-5A01-0000-0010D0890000}
ParentProcessId: 664
ParentImage: C:\Windows\System32\svchost.exe
ParentCommandLine: C:\Windows\system32\svchost.exe -k DcomLaunch"
情報,2019/11/07 15:04:32,Microsoft-Windows-Sysmon,5,Process terminated (rule: ProcessTerminate),"Process terminated:
UtcTime: 2019-11-07 06:04:32.865
ProcessGuid: {CC41BF7E-4CEA-5A01-0000-0010F90A0300}
ProcessId: 2712
Image: C:\Windows\System32\dllhost.exe"
情報,2019/11/07 15:04:28,Microsoft-Windows-Sysmon,5,Process terminated (rule: ProcessTerminate),"Process terminated:
UtcTime: 2019-11-07 06:04:28.365
ProcessGuid: {CC41BF7E-4CEC-5A01-0000-00109D1E0300}
ProcessId: 2812
Image: C:\Program Files (x86)\Google\Update\GoogleUpdate.exe"
情報,2019/11/07 15:04:28,Microsoft-Windows-Sysmon,1,Process Create (rule: ProcessCreate),"Process Create:
UtcTime: 2019-11-07 06:04:28.281
ProcessGuid: {CC41BF7E-4CEC-5A01-0000-0010B52D0300}
ProcessId: 2852
Image: C:\Windows\System32\taskhostw.exe
CommandLine: taskhostw.exe {222A245B-E637-4AE9-A93F-A59CA119A75E}
CurrentDirectory: C:\Windows\system32\
User: EXAMPLE\maebashi.gunma
LogonGuid: {CC41BF7E-4CE6-5A01-0000-002031FB0200}
LogonId: 0x2FB31
TerminalSessionId: 1
IntegrityLevel: Medium
Hashes: SHA1=9CC394E9F9AEF58F7BDB90B8B19559AB6605CB64
ParentProcessGuid: {CC41BF7E-4CD0-5A01-0000-00101AF00000}
ParentProcessId: 900
ParentImage: C:\Windows\System32\svchost.exe
ParentCommandLine: C:\Windows\system32\svchost.exe -k netsvcs"
情報,2019/11/07 15:04:28,Microsoft-Windows-Sysmon,1,Process Create (rule: ProcessCreate),"Process Create:
UtcTime: 2019-11-07 06:04:28.277
ProcessGuid: {CC41BF7E-4CEC-5A01-0000-0010102D0300}
ProcessId: 2844
Image: C:\Windows\System32\taskhostw.exe
CommandLine: taskhostw.exe logon
CurrentDirectory: C:\Windows\system32\
User: EXAMPLE\maebashi.gunma
LogonGuid: {CC41BF7E-4CE6-5A01-0000-002031FB0200}
LogonId: 0x2FB31
TerminalSessionId: 1
IntegrityLevel: Medium
Hashes: SHA1=9CC394E9F9AEF58F7BDB90B8B19559AB6605CB64
ParentProcessGuid: {CC41BF7E-4CD0-5A01-0000-00101AF00000}
ParentProcessId: 900
ParentImage: C:\Windows\System32\svchost.exe
ParentCommandLine: C:\Windows\system32\svchost.exe -k netsvcs"
情報,2019/11/07 15:04:28,Microsoft-Windows-Sysmon,1,Process Create (rule: ProcessCreate),"Process Create:
UtcTime: 2019-11-07 06:04:28.159
ProcessGuid: {CC41BF7E-4CEC-5A01-0000-00109D1E0300}
ProcessId: 2812
Image: C:\Program Files (x86)\Google\Update\GoogleUpdate.exe
CommandLine: ""C:\Program Files (x86)\Google\Update\GoogleUpdate.exe"" /c
CurrentDirectory: C:\Windows\system32\
User: NT AUTHORITY\SYSTEM
LogonGuid: {CC41BF7E-4CCC-5A01-0000-0020E7030000}
LogonId: 0x3E7
TerminalSessionId: 0
IntegrityLevel: System
Hashes: SHA1=2BBB25793FB06E79462911A3F51C4E71EA86034E
ParentProcessGuid: {CC41BF7E-4CD0-5A01-0000-00101AF00000}
ParentProcessId: 900
ParentImage: C:\Windows\System32\svchost.exe
ParentCommandLine: C:\Windows\system32\svchost.exe -k netsvcs"
情報,2019/11/07 15:04:27,Microsoft-Windows-Sysmon,1,Process Create (rule: ProcessCreate),"Process Create:
UtcTime: 2019-11-07 06:04:27.947
ProcessGuid: {CC41BF7E-4CEB-5A01-0000-0010B9160300}
ProcessId: 2764
Image: C:\Windows\System32\sihost.exe
CommandLine: sihost.exe
CurrentDirectory: C:\Windows\system32\
User: EXAMPLE\maebashi.gunma
LogonGuid: {CC41BF7E-4CE6-5A01-0000-002031FB0200}
LogonId: 0x2FB31
TerminalSessionId: 1
IntegrityLevel: Medium
Hashes: SHA1=B7F3E6395F369B98B5DD7BEE93BEAA02FFB843F0
ParentProcessGuid: {CC41BF7E-4CD0-5A01-0000-00101AF00000}
ParentProcessId: 900
ParentImage: C:\Windows\System32\svchost.exe
ParentCommandLine: C:\Windows\system32\svchost.exe -k netsvcs"
情報,2019/11/07 15:04:27,Microsoft-Windows-Sysmon,1,Process Create (rule: ProcessCreate),"Process Create:
UtcTime: 2019-11-07 06:04:27.945
ProcessGuid: {CC41BF7E-4CEB-5A01-0000-001087160300}
ProcessId: 2756
Image: C:\Windows\System32\svchost.exe
CommandLine: C:\Windows\system32\svchost.exe -k UnistackSvcGroup
CurrentDirectory: C:\Windows\system32\
User: EXAMPLE\maebashi.gunma
LogonGuid: {CC41BF7E-4CE6-5A01-0000-002031FB0200}
LogonId: 0x2FB31
TerminalSessionId: 1
IntegrityLevel: Medium
Hashes: SHA1=0DAC68816AE7C09EFC24D11C27C3274DFD147DEE
ParentProcessGuid: {CC41BF7E-4CCC-5A01-0000-001065750000}
ParentProcessId: 552
ParentImage: C:\Windows\System32\services.exe
ParentCommandLine: C:\Windows\system32\services.exe"
情報,2019/11/07 15:04:26,Microsoft-Windows-Sysmon,1,Process Create (rule: ProcessCreate),"Process Create:
UtcTime: 2019-11-07 06:04:26.211
ProcessGuid: {CC41BF7E-4CEA-5A01-0000-0010F90A0300}
ProcessId: 2712
Image: C:\Windows\System32\dllhost.exe
CommandLine: C:\Windows\system32\DllHost.exe /Processid:{E10F6C3A-F1AE-4ADC-AA9D-2FE65525666E}
CurrentDirectory: C:\Windows\system32\
User: NT AUTHORITY\SYSTEM
LogonGuid: {CC41BF7E-4CCC-5A01-0000-0020E7030000}
LogonId: 0x3E7
TerminalSessionId: 0
IntegrityLevel: System
Hashes: SHA1=0E33FA9CE0074155F361DB9CB36183431C8FC266
ParentProcessGuid: {CC41BF7E-4CCD-5A01-0000-0010D0890000}
ParentProcessId: 664
ParentImage: C:\Windows\System32\svchost.exe
ParentCommandLine: C:\Windows\system32\svchost.exe -k DcomLaunch"
情報,2019/11/07 15:04:23,Microsoft-Windows-Sysmon,1,Process Create (rule: ProcessCreate),"Process Create:
UtcTime: 2019-11-07 06:04:23.036
ProcessGuid: {CC41BF7E-4CE7-5A01-0000-00101D050300}
ProcessId: 2688
Image: C:\Windows\System32\taskhostw.exe
CommandLine: taskhostw.exe network
CurrentDirectory: C:\Windows\system32\
User: NT AUTHORITY\NETWORK SERVICE
LogonGuid: {CC41BF7E-4CCE-5A01-0000-0020E4030000}
LogonId: 0x3E4
TerminalSessionId: 0
IntegrityLevel: System
Hashes: SHA1=9CC394E9F9AEF58F7BDB90B8B19559AB6605CB64
ParentProcessGuid: {CC41BF7E-4CD0-5A01-0000-00101AF00000}
ParentProcessId: 900
ParentImage: C:\Windows\System32\svchost.exe
ParentCommandLine: C:\Windows\system32\svchost.exe -k netsvcs"
情報,2019/11/07 15:04:22,Microsoft-Windows-Sysmon,5,Process terminated (rule: ProcessTerminate),"Process terminated:
UtcTime: 2019-11-07 06:04:22.818
ProcessGuid: {CC41BF7E-4CE4-5A01-0000-0010EFF30200}
ProcessId: 2632
Image: C:\Windows\System32\UpgradeSubscription.exe"
情報,2019/11/07 15:04:20,Microsoft-Windows-Sysmon,1,Process Create (rule: ProcessCreate),"Process Create:
UtcTime: 2019-11-07 06:04:20.950
ProcessGuid: {CC41BF7E-4CE4-5A01-0000-0010EFF30200}
ProcessId: 2632
Image: C:\Windows\System32\UpgradeSubscription.exe
CommandLine: C:\Windows\system32\UpgradeSubscription.exe -e
CurrentDirectory: C:\Windows\system32\
User: NT AUTHORITY\SYSTEM
LogonGuid: {CC41BF7E-4CCC-5A01-0000-0020E7030000}
LogonId: 0x3E7
TerminalSessionId: 0
IntegrityLevel: System
Hashes: SHA1=FAFAFB9AD39F8B807A344E3DD3673693FAD8D0EE
ParentProcessGuid: {CC41BF7E-4CD0-5A01-0000-00101AF00000}
ParentProcessId: 900
ParentImage: C:\Windows\System32\svchost.exe
ParentCommandLine: C:\Windows\system32\svchost.exe -k netsvcs"
情報,2019/11/07 15:04:20,Microsoft-Windows-Sysmon,1,Process Create (rule: ProcessCreate),"Process Create:
UtcTime: 2019-11-07 06:04:20.363
ProcessGuid: {CC41BF7E-4CE4-5A01-0000-00100BDC0200}
ProcessId: 2572
Image: C:\Windows\System32\taskhostw.exe
CommandLine: taskhostw.exe TpmTasks
CurrentDirectory: C:\Windows\system32\
User: NT AUTHORITY\SYSTEM
LogonGuid: {CC41BF7E-4CCC-5A01-0000-0020E7030000}
LogonId: 0x3E7
TerminalSessionId: 0
IntegrityLevel: System
Hashes: SHA1=9CC394E9F9AEF58F7BDB90B8B19559AB6605CB64
ParentProcessGuid: {CC41BF7E-4CD0-5A01-0000-00101AF00000}
ParentProcessId: 900
ParentImage: C:\Windows\System32\svchost.exe
ParentCommandLine: C:\Windows\system32\svchost.exe -k netsvcs"
情報,2019/11/07 15:04:19,Microsoft-Windows-Sysmon,6,Driver loaded (rule: DriverLoad),"Driver loaded:
UtcTime: 2019-11-07 06:04:16.427
ImageLoaded: C:\Windows\System32\drivers\condrv.sys
Hashes: SHA1=EDFF2F63DF20625C9DB5DC6254B822E4AA7EE820
Signed: true
Signature: Microsoft Windows"
情報,2019/11/07 15:04:19,Microsoft-Windows-Sysmon,6,Driver loaded (rule: DriverLoad),"Driver loaded:
UtcTime: 2019-11-07 06:04:09.537
ImageLoaded: C:\Windows\System32\drivers\tunnel.sys
Hashes: SHA1=022D77C53B516B7963AAC0C3BBE4CA7B041F3C29
Signed: true
Signature: Microsoft Windows"
情報,2019/11/07 15:04:19,Microsoft-Windows-Sysmon,6,Driver loaded (rule: DriverLoad),"Driver loaded:
UtcTime: 2019-11-07 06:04:07.818
ImageLoaded: C:\Windows\System32\drivers\tcpipreg.sys
Hashes: SHA1=8C2A168CF0120C8F5BAD4FAA45E0FB741CDF4897
Signed: true
Signature: Microsoft Windows"
情報,2019/11/07 15:04:19,Microsoft-Windows-Sysmon,6,Driver loaded (rule: DriverLoad),"Driver loaded:
UtcTime: 2019-11-07 06:04:07.802
ImageLoaded: C:\Windows\System32\drivers\mrxsmb10.sys
Hashes: SHA1=F8AE7BB80D2307E8724CDE1AC8E7E740CB881957
Signed: true
Signature: Microsoft Windows"
情報,2019/11/07 15:04:18,Microsoft-Windows-Sysmon,5,Process terminated (rule: ProcessTerminate),"Process terminated:
UtcTime: 2019-11-07 06:04:18.724
ProcessGuid: {CC41BF7E-4CE1-5A01-0000-0010F99F0200}
ProcessId: 2492
Image: C:\Program Files (x86)\Google\Update\1.3.26.9\GoogleCrashHandler64.exe"
情報,2019/11/07 15:04:18,Microsoft-Windows-Sysmon,1,Process Create (rule: ProcessCreate),"Process Create:
UtcTime: 2019-11-07 06:04:17.732
ProcessGuid: {CC41BF7E-4CE1-5A01-0000-0010F99F0200}
ProcessId: 2492
Image: C:\Program Files (x86)\Google\Update\1.3.26.9\GoogleCrashHandler64.exe
CommandLine: ""C:\Program Files (x86)\Google\Update\1.3.26.9\GoogleCrashHandler64.exe""
CurrentDirectory: C:\Program Files (x86)\Google\Update\1.3.26.9\
User: NT AUTHORITY\SYSTEM
LogonGuid: {CC41BF7E-4CCC-5A01-0000-0020E7030000}
LogonId: 0x3E7
TerminalSessionId: 0
IntegrityLevel: System
Hashes: SHA1=4741A3CC37BCE3D154201157D395EAE584403BF6
ParentProcessGuid: {CC41BF7E-4CDD-5A01-0000-0010ABF90100}
ParentProcessId: 2096
ParentImage: C:\Program Files (x86)\Google\Update\GoogleUpdate.exe
ParentCommandLine: ""C:\Program Files (x86)\Google\Update\GoogleUpdate.exe"" /c"
情報,2019/11/07 15:04:18,Microsoft-Windows-Sysmon,6,Driver loaded (rule: DriverLoad),"Driver loaded:
UtcTime: 2019-11-07 06:04:07.553
ImageLoaded: C:\Windows\System32\drivers\Ndu.sys
Hashes: SHA1=C783FA412E247C311ABDDB9E014B71C0DF89757E
Signed: true
Signature: Microsoft Windows"
情報,2019/11/07 15:04:17,Microsoft-Windows-Sysmon,5,Process terminated (rule: ProcessTerminate),"Process terminated:
UtcTime: 2019-11-07 06:04:17.740
ProcessGuid: {CC41BF7E-4CE1-5A01-0000-0010419A0200}
ProcessId: 2436
Image: C:\Program Files (x86)\Google\Update\1.3.26.9\GoogleCrashHandler.exe"
情報,2019/11/07 15:04:17,Microsoft-Windows-Sysmon,6,Driver loaded (rule: DriverLoad),"Driver loaded:
UtcTime: 2019-11-07 06:04:06.146
ImageLoaded: C:\Windows\System32\drivers\npf.sys
Hashes: SHA1=67C9C64F7642456C86E49A1F600712139A9DE1F2
Signed: true
Signature: CACE Technologies"
情報,2019/11/07 15:04:17,Microsoft-Windows-Sysmon,1,Process Create (rule: ProcessCreate),"Process Create:
UtcTime: 2019-11-07 06:04:17.158
ProcessGuid: {CC41BF7E-4CE1-5A01-0000-0010419A0200}
ProcessId: 2436
Image: C:\Program Files (x86)\Google\Update\1.3.26.9\GoogleCrashHandler.exe
CommandLine: ""C:\Program Files (x86)\Google\Update\1.3.26.9\GoogleCrashHandler.exe""
CurrentDirectory: C:\Program Files (x86)\Google\Update\1.3.26.9\
User: NT AUTHORITY\SYSTEM
LogonGuid: {CC41BF7E-4CCC-5A01-0000-0020E7030000}
LogonId: 0x3E7
TerminalSessionId: 0
IntegrityLevel: System
Hashes: SHA1=3E1D8B34CC081F41BB3655987B01FCF622518D1B
ParentProcessGuid: {CC41BF7E-4CDD-5A01-0000-0010ABF90100}
ParentProcessId: 2096
ParentImage: C:\Program Files (x86)\Google\Update\GoogleUpdate.exe
ParentCommandLine: ""C:\Program Files (x86)\Google\Update\GoogleUpdate.exe"" /c"
情報,2019/11/07 15:04:17,Microsoft-Windows-Sysmon,6,Driver loaded (rule: DriverLoad),"Driver loaded:
UtcTime: 2019-11-07 06:04:05.162
ImageLoaded: C:\Windows\System32\drivers\srv.sys
Hashes: SHA1=DD00226BE5A6B2E1703822A5BF1C0107C5815101
Signed: true
Signature: Microsoft Windows"
情報,2019/11/07 15:04:17,Microsoft-Windows-Sysmon,6,Driver loaded (rule: DriverLoad),"Driver loaded:
UtcTime: 2019-11-07 06:04:05.146
ImageLoaded: C:\Windows\System32\drivers\PEAuth.sys
Hashes: SHA1=34D094347AFBE2CB496D15DC9F6C285960DD0E10
Signed: true
Signature: Microsoft Windows"
情報,2019/11/07 15:04:17,Microsoft-Windows-Sysmon,6,Driver loaded (rule: DriverLoad),"Driver loaded:
UtcTime: 2019-11-07 06:04:05.099
ImageLoaded: C:\Windows\System32\drivers\mmcss.sys
Hashes: SHA1=E1C49A1F92B226602BF64AFEA29D3BBA37D506B4
Signed: true
Signature: Microsoft Windows"
情報,2019/11/07 15:04:17,Microsoft-Windows-Sysmon,6,Driver loaded (rule: DriverLoad),"Driver loaded:
UtcTime: 2019-11-07 06:04:05.084
ImageLoaded: C:\Windows\System32\drivers\srv2.sys
Hashes: SHA1=EC9D7A83986012E48F01182D8797709603938D84
Signed: true
Signature: Microsoft Windows"
情報,2019/11/07 15:04:17,Microsoft-Windows-Sysmon,1,Process Create (rule: ProcessCreate),"Process Create:
UtcTime: 2019-11-07 06:04:17.048
ProcessGuid: {CC41BF7E-4CE1-5A01-0000-0010C3930200}
ProcessId: 2400
Image: C:\Windows\System32\conhost.exe
CommandLine: \??\C:\Windows\system32\conhost.exe 0xffffffff -ForceV1
CurrentDirectory: C:\Windows
User: NT AUTHORITY\SYSTEM
LogonGuid: {CC41BF7E-4CCC-5A01-0000-0020E7030000}
LogonId: 0x3E7
TerminalSessionId: 0
IntegrityLevel: System
Hashes: SHA1=00667A0F0C0D5E9DA697E9FF54ECDDD449259354
ParentProcessGuid: {CC41BF7E-4CE1-5A01-0000-001056930200}
ParentProcessId: 2388
ParentImage: C:\Program Files\Windows Defender\MpCmdRun.exe
ParentCommandLine: ""C:\Program Files\Windows Defender\\MpCmdRun.exe"" SignaturesUpdateService -ScheduleJob -UnmanagedUpdate"
情報,2019/11/07 15:04:17,Microsoft-Windows-Sysmon,1,Process Create (rule: ProcessCreate),"Process Create:
UtcTime: 2019-11-07 06:04:17.032
ProcessGuid: {CC41BF7E-4CE1-5A01-0000-001056930200}
ProcessId: 2388
Image: C:\Program Files\Windows Defender\MpCmdRun.exe
CommandLine: ""C:\Program Files\Windows Defender\\MpCmdRun.exe"" SignaturesUpdateService -ScheduleJob -UnmanagedUpdate
CurrentDirectory: C:\Windows\system32\
User: NT AUTHORITY\SYSTEM
LogonGuid: {CC41BF7E-4CCC-5A01-0000-0020E7030000}
LogonId: 0x3E7
TerminalSessionId: 0
IntegrityLevel: System
Hashes: SHA1=4793ECD652D0186B5085997E60B5F0D9E7B58C38
ParentProcessGuid: {CC41BF7E-4CD7-5A01-0000-001056910100}
ParentProcessId: 1968
ParentImage: C:\Program Files\Windows Defender\MsMpEng.exe
ParentCommandLine: ""C:\Program Files\Windows Defender\MsMpEng.exe"""
情報,2019/11/07 15:04:17,Microsoft-Windows-Sysmon,6,Driver loaded (rule: DriverLoad),"Driver loaded:
UtcTime: 2019-11-07 06:04:05.068
ImageLoaded: C:\Windows\System32\drivers\srvnet.sys
Hashes: SHA1=BE4F8A181CD1259805961B92DEE80369CEEADBF3
Signed: true
Signature: Microsoft Windows"
情報,2019/11/07 15:04:17,Microsoft-Windows-Sysmon,6,Driver loaded (rule: DriverLoad),"Driver loaded:
UtcTime: 2019-11-07 06:04:04.677
ImageLoaded: C:\Windows\System32\drivers\mpsdrv.sys
Hashes: SHA1=05F38EE7898ABCDC0D6307BFCE4D1E50E0C90131
Signed: true
Signature: Microsoft Windows"
情報,2019/11/07 15:04:17,Microsoft-Windows-Sysmon,6,Driver loaded (rule: DriverLoad),"Driver loaded:
UtcTime: 2019-11-07 06:04:04.662
ImageLoaded: C:\Windows\System32\drivers\mrxsmb20.sys
Hashes: SHA1=08242042C0C1CD6A874BDDD8030D8FE27C3ABF43
Signed: true
Signature: Microsoft Windows"
情報,2019/11/07 15:04:17,Microsoft-Windows-Sysmon,6,Driver loaded (rule: DriverLoad),"Driver loaded:
UtcTime: 2019-11-07 06:04:04.646
ImageLoaded: C:\Windows\System32\drivers\mrxsmb.sys
Hashes: SHA1=D712636A09568F7A9B5F04E0DD6C7338E6030E6F
Signed: true
Signature: Microsoft Windows"
情報,2019/11/07 15:04:16,Microsoft-Windows-Sysmon,6,Driver loaded (rule: DriverLoad),"Driver loaded:
UtcTime: 2019-11-07 06:04:04.646
ImageLoaded: C:\Windows\System32\drivers\bowser.sys
Hashes: SHA1=41A685335372A3B39125047628F9E3283E82E60C
Signed: true
Signature: Microsoft Windows"
情報,2019/11/07 15:04:16,Microsoft-Windows-Sysmon,6,Driver loaded (rule: DriverLoad),"Driver loaded:
UtcTime: 2019-11-07 06:04:04.505
ImageLoaded: C:\Windows\System32\drivers\WUDFPf.sys
Hashes: SHA1=1113F404B95B5ACDAA10A1AE32CE416E9AC26011
Signed: true
Signature: Microsoft Windows"
情報,2019/11/07 15:04:16,Microsoft-Windows-Sysmon,6,Driver loaded (rule: DriverLoad),"Driver loaded:
UtcTime: 2019-11-07 06:04:03.115
ImageLoaded: C:\Windows\System32\drivers\http.sys
Hashes: SHA1=6E6FD57DF97DD999F5E3C9412D598B4059B71CD8
Signed: true
Signature: Microsoft Windows"
情報,2019/11/07 15:04:16,Microsoft-Windows-Sysmon,6,Driver loaded (rule: DriverLoad),"Driver loaded:
UtcTime: 2019-11-07 06:04:02.943
ImageLoaded: C:\Windows\System32\drivers\wanarp.sys
Hashes: SHA1=502825E459C9AA92C1E67B600D36C269C756817A
Signed: true
Signature: Microsoft Windows"
情報,2019/11/07 15:04:16,Microsoft-Windows-Sysmon,6,Driver loaded (rule: DriverLoad),"Driver loaded:
UtcTime: 2019-11-07 06:04:02.943
ImageLoaded: C:\Windows\System32\drivers\rspndr.sys
Hashes: SHA1=A965A2877659EF8A203C9A215C79EF5C34E2D83A
Signed: true
Signature: Microsoft Windows"
情報,2019/11/07 15:04:16,Microsoft-Windows-Sysmon,6,Driver loaded (rule: DriverLoad),"Driver loaded:
UtcTime: 2019-11-07 06:04:02.943
ImageLoaded: C:\Windows\System32\drivers\mslldp.sys
Hashes: SHA1=CA22F609646FB73F32FDEBD0D697D6B2E2D435C9
Signed: true
Signature: Microsoft Windows"
情報,2019/11/07 15:04:16,Microsoft-Windows-Sysmon,6,Driver loaded (rule: DriverLoad),"Driver loaded:
UtcTime: 2019-11-07 06:04:02.943
ImageLoaded: C:\Windows\System32\drivers\lltdio.sys
Hashes: SHA1=D7FA676CA036F153E95F26A019C2FDF58BE94B85
Signed: true
Signature: Microsoft Windows"
情報,2019/11/07 15:04:16,Microsoft-Windows-Sysmon,6,Driver loaded (rule: DriverLoad),"Driver loaded:
UtcTime: 2019-11-07 06:04:02.834
ImageLoaded: C:\Windows\System32\drivers\registry.sys
Hashes: SHA1=326B8468B1466ACF76011966AC4C949C3273B5A3
Signed: true
Signature: Microsoft Windows"
情報,2019/11/07 15:04:16,Microsoft-Windows-Sysmon,6,Driver loaded (rule: DriverLoad),"Driver loaded:
UtcTime: 2019-11-07 06:04:02.834
ImageLoaded: C:\Windows\System32\drivers\wcnfs.sys
Hashes: SHA1=FD52AF69A790A97DF4D88D233EF6C7EA86167476
Signed: true
Signature: Microsoft Windows"
情報,2019/11/07 15:04:16,Microsoft-Windows-Sysmon,6,Driver loaded (rule: DriverLoad),"Driver loaded:
UtcTime: 2019-11-07 06:04:02.834
ImageLoaded: C:\Windows\System32\drivers\storqosflt.sys
Hashes: SHA1=B6801C13F4030338619E87A303C1B3258E07A310
Signed: true
Signature: Microsoft Windows"
情報,2019/11/07 15:04:16,Microsoft-Windows-Sysmon,6,Driver loaded (rule: DriverLoad),"Driver loaded:
UtcTime: 2019-11-07 06:04:02.834
ImageLoaded: C:\Windows\System32\drivers\wcifs.sys
Hashes: SHA1=91953C5E716F61039F303D808D767DC094C3679E
Signed: true
Signature: Microsoft Windows"
情報,2019/11/07 15:04:16,Microsoft-Windows-Sysmon,6,Driver loaded (rule: DriverLoad),"Driver loaded:
UtcTime: 2019-11-07 06:04:02.818
ImageLoaded: C:\Windows\System32\drivers\luafv.sys
Hashes: SHA1=E415E877B24AE256FF9328B7DBA527142DE62E33
Signed: true
Signature: Microsoft Windows"
情報,2019/11/07 15:04:16,Microsoft-Windows-Sysmon,6,Driver loaded (rule: DriverLoad),"Driver loaded:
UtcTime: 2019-11-07 06:03:56.462
ImageLoaded: C:\Windows\System32\cdd.dll
Hashes: SHA1=215682DE280E1804AE263E8765DE010756B6B385
Signed: true
Signature: Microsoft Windows"
情報,2019/11/07 15:04:16,Microsoft-Windows-Sysmon,5,Process terminated (rule: ProcessTerminate),"Process terminated:
UtcTime: 2019-11-07 06:04:16.755
ProcessGuid: {CC41BF7E-4CE0-5A01-0000-001059720200}
ProcessId: 2220
Image: C:\Windows\System32\conhost.exe"
情報,2019/11/07 15:04:16,Microsoft-Windows-Sysmon,6,Driver loaded (rule: DriverLoad),"Driver loaded:
UtcTime: 2019-11-07 06:03:56.415
ImageLoaded: C:\Windows\System32\tsddd.dll
Hashes: SHA1=EAF0ADF09043E383CF5B4750AFA9F6A7E1D37742
Signed: true
Signature: Microsoft Windows"
情報,2019/11/07 15:04:16,Microsoft-Windows-Sysmon,6,Driver loaded (rule: DriverLoad),"Driver loaded:
UtcTime: 2019-11-07 06:03:56.415
ImageLoaded: C:\Windows\System32\tsddd.dll
Hashes: SHA1=EAF0ADF09043E383CF5B4750AFA9F6A7E1D37742
Signed: true
Signature: Microsoft Windows"
情報,2019/11/07 15:04:16,Microsoft-Windows-Sysmon,5,Process terminated (rule: ProcessTerminate),"Process terminated:
UtcTime: 2019-11-07 06:04:16.740
ProcessGuid: {CC41BF7E-4CE0-5A01-0000-00109F6E0200}
ProcessId: 2200
Image: C:\Program Files\Windows Defender\MpCmdRun.exe"
情報,2019/11/07 15:04:16,Microsoft-Windows-Sysmon,6,Driver loaded (rule: DriverLoad),"Driver loaded:
UtcTime: 2019-11-07 06:03:56.399
ImageLoaded: C:\Windows\System32\drivers\dxgmms2.sys
Hashes: SHA1=D7DA3C3D8F688CE6D8FBDF5666327955C5CC51F2
Signed: true
Signature: Microsoft Windows"
情報,2019/11/07 15:04:16,Microsoft-Windows-Sysmon,6,Driver loaded (rule: DriverLoad),"Driver loaded:
UtcTime: 2019-11-07 06:03:56.399
ImageLoaded: C:\Windows\System32\drivers\monitor.sys
Hashes: SHA1=7C1D36522FA2A8FDAFC73FA980F63D646DF4159E
Signed: true
Signature: Microsoft Windows"
情報,2019/11/07 15:04:16,Microsoft-Windows-Sysmon,6,Driver loaded (rule: DriverLoad),"Driver loaded:
UtcTime: 2019-11-07 06:03:56.352
ImageLoaded: C:\Windows\System32\win32k.sys
Hashes: SHA1=BCB91E7635286587A6735E2921713CCC9FC551EB
Signed: true
Signature: Microsoft Windows"
情報,2019/11/07 15:04:16,Microsoft-Windows-Sysmon,6,Driver loaded (rule: DriverLoad),"Driver loaded:
UtcTime: 2019-11-07 06:03:56.352
ImageLoaded: C:\Windows\System32\win32kfull.sys
Hashes: SHA1=A466BF85E5903920F2F13FD9EED9AB5CEE5B6EA5
Signed: true
Signature: Microsoft Windows"
情報,2019/11/07 15:04:16,Microsoft-Windows-Sysmon,1,Process Create (rule: ProcessCreate),"Process Create:
UtcTime: 2019-11-07 06:04:16.694
ProcessGuid: {CC41BF7E-4CE0-5A01-0000-00105D7D0200}
ProcessId: 2324
Image: C:\Program Files\Windows Defender\MpCmdRun.exe
CommandLine: ""C:\Program Files\Windows Defender\\MpCmdRun.exe"" SignatureUpdate -ScheduleJob -RestrictPrivileges -Reinvoke
CurrentDirectory: C:\Windows\system32\
User: NT AUTHORITY\NETWORK SERVICE
LogonGuid: {CC41BF7E-4CCE-5A01-0000-0020E4030000}
LogonId: 0x3E4
TerminalSessionId: 0
IntegrityLevel: System
Hashes: SHA1=4793ECD652D0186B5085997E60B5F0D9E7B58C38
ParentProcessGuid: {CC41BF7E-4CE0-5A01-0000-00109F6E0200}
ParentProcessId: 2200
ParentImage: C:\Program Files\Windows Defender\MpCmdRun.exe
ParentCommandLine: ""C:\Program Files\Windows Defender\\MpCmdRun.exe"" SignatureUpdate -ScheduleJob -RestrictPrivileges"
情報,2019/11/07 15:04:16,Microsoft-Windows-Sysmon,6,Driver loaded (rule: DriverLoad),"Driver loaded:
UtcTime: 2019-11-07 06:03:56.306
ImageLoaded: C:\Windows\System32\win32kbase.sys
Hashes: SHA1=506904526B381E85750290CD3CA5121E8F2A3969
Signed: true
Signature: Microsoft Windows"
情報,2019/11/07 15:04:16,Microsoft-Windows-Sysmon,6,Driver loaded (rule: DriverLoad),"Driver loaded:
UtcTime: 2019-11-07 06:03:47.530
ImageLoaded: C:\Windows\System32\drivers\mouhid.sys
Hashes: SHA1=D2641222FF0D29C86E689BEA61854EBD889CB77D
Signed: true
Signature: Microsoft Windows"
情報,2019/11/07 15:04:16,Microsoft-Windows-Sysmon,6,Driver loaded (rule: DriverLoad),"Driver loaded:
UtcTime: 2019-11-07 06:03:47.522
ImageLoaded: C:\Windows\System32\drivers\hidusb.sys
Hashes: SHA1=31F6EC2CA41C652EC665D4DEFA875B8E302E4C5F
Signed: true
Signature: Microsoft Windows"
情報,2019/11/07 15:04:16,Microsoft-Windows-Sysmon,1,Process Create (rule: ProcessCreate),"Process Create:
UtcTime: 2019-11-07 06:04:16.434
ProcessGuid: {CC41BF7E-4CE0-5A01-0000-001059720200}
ProcessId: 2220
Image: C:\Windows\System32\conhost.exe
CommandLine: \??\C:\Windows\system32\conhost.exe 0xffffffff -ForceV1
CurrentDirectory: C:\Windows
User: NT AUTHORITY\SYSTEM
LogonGuid: {CC41BF7E-4CCC-5A01-0000-0020E7030000}
LogonId: 0x3E7
TerminalSessionId: 0
IntegrityLevel: System
Hashes: SHA1=00667A0F0C0D5E9DA697E9FF54ECDDD449259354
ParentProcessGuid: {CC41BF7E-4CE0-5A01-0000-00109F6E0200}
ParentProcessId: 2200
ParentImage: C:\Program Files\Windows Defender\MpCmdRun.exe
ParentCommandLine: ""C:\Program Files\Windows Defender\\MpCmdRun.exe"" SignatureUpdate -ScheduleJob -RestrictPrivileges"
情報,2019/11/07 15:04:16,Microsoft-Windows-Sysmon,1,Process Create (rule: ProcessCreate),"Process Create:
UtcTime: 2019-11-07 06:04:16.401
ProcessGuid: {CC41BF7E-4CE0-5A01-0000-00109F6E0200}
ProcessId: 2200
Image: C:\Program Files\Windows Defender\MpCmdRun.exe
CommandLine: ""C:\Program Files\Windows Defender\\MpCmdRun.exe"" SignatureUpdate -ScheduleJob -RestrictPrivileges
CurrentDirectory: C:\Windows\system32\
User: NT AUTHORITY\SYSTEM
LogonGuid: {CC41BF7E-4CCC-5A01-0000-0020E7030000}
LogonId: 0x3E7
TerminalSessionId: 0
IntegrityLevel: System
Hashes: SHA1=4793ECD652D0186B5085997E60B5F0D9E7B58C38
ParentProcessGuid: {CC41BF7E-4CD7-5A01-0000-001056910100}
ParentProcessId: 1968
ParentImage: C:\Program Files\Windows Defender\MsMpEng.exe
ParentCommandLine: ""C:\Program Files\Windows Defender\MsMpEng.exe"""
