情報,2019/11/07 15:04:16,Microsoft-Windows-Sysmon,6,Driver loaded (rule: DriverLoad),"Driver loaded:
UtcTime: 2019-11-07 06:03:47.521
ImageLoaded: C:\Windows\System32\drivers\hidclass.sys
Hashes: SHA1=5A5F5CCDDD1A876486935343BA980D5F69FDBA5C
Signed: true
Signature: Microsoft Windows"
情報,2019/11/07 15:04:16,Microsoft-Windows-Sysmon,6,Driver loaded (rule: DriverLoad),"Driver loaded:
UtcTime: 2019-11-07 06:03:47.515
ImageLoaded: C:\Windows\System32\drivers\hidparse.sys
Hashes: SHA1=8E4B5610190271E14965CA66E6A3FDF4DC60BCAF
Signed: true
Signature: Microsoft Windows"
情報,2019/11/07 15:04:16,Microsoft-Windows-Sysmon,6,Driver loaded (rule: DriverLoad),"Driver loaded:
UtcTime: 2019-11-07 06:03:46.926
ImageLoaded: C:\Windows\System32\drivers\usbccgp.sys
Hashes: SHA1=69A98C6F535597FFA0745E3D9649DD021FE7BEF7
Signed: true
Signature: Microsoft Windows"
情報,2019/11/07 15:04:16,Microsoft-Windows-Sysmon,6,Driver loaded (rule: DriverLoad),"Driver loaded:
UtcTime: 2019-11-07 06:03:46.415
ImageLoaded: C:\Windows\System32\drivers\usbhub.sys
Hashes: SHA1=18E451BC0E6907EA3906266EB40928010F0322A3
Signed: true
Signature: Microsoft Windows"
情報,2019/11/07 15:04:16,Microsoft-Windows-Sysmon,6,Driver loaded (rule: DriverLoad),"Driver loaded:
UtcTime: 2019-11-07 06:03:46.415
ImageLoaded: C:\Windows\System32\drivers\usbd.sys
Hashes: SHA1=B31CC71FD136C5EC24AD0E3A4209B009A9326E61
Signed: true
Signature: Microsoft Windows"
情報,2019/11/07 15:04:16,Microsoft-Windows-Sysmon,6,Driver loaded (rule: DriverLoad),"Driver loaded:
UtcTime: 2019-11-07 06:03:46.117
ImageLoaded: C:\Windows\System32\drivers\flpydisk.sys
Hashes: SHA1=6501B869922236BB987C4BC3150CEFAF21E2C624
Signed: true
Signature: Microsoft Windows"
情報,2019/11/07 15:04:16,Microsoft-Windows-Sysmon,6,Driver loaded (rule: DriverLoad),"Driver loaded:
UtcTime: 2019-11-07 06:03:45.867
ImageLoaded: C:\Windows\System32\drivers\rdpbus.sys
Hashes: SHA1=29A8A099EDBA697DD7F1489FF16D9374059E6B4B
Signed: true
Signature: Microsoft Windows"
情報,2019/11/07 15:04:16,Microsoft-Windows-Sysmon,6,Driver loaded (rule: DriverLoad),"Driver loaded:
UtcTime: 2019-11-07 06:03:45.867
ImageLoaded: C:\Windows\System32\drivers\swenum.sys
Hashes: SHA1=C5DC3CC751CCE7B0FACCC3181C969D454A1FA3CA
Signed: true
Signature: Microsoft Windows"
情報,2019/11/07 15:04:16,Microsoft-Windows-Sysmon,6,Driver loaded (rule: DriverLoad),"Driver loaded:
UtcTime: 2019-11-07 06:03:45.867
ImageLoaded: C:\Windows\System32\drivers\ks.sys
Hashes: SHA1=53CD5705F86428A57A9A8EC5DCFA32440D1C9EFA
Signed: true
Signature: Microsoft Windows"
情報,2019/11/07 15:04:16,Microsoft-Windows-Sysmon,6,Driver loaded (rule: DriverLoad),"Driver loaded:
UtcTime: 2019-11-07 06:03:45.867
ImageLoaded: C:\Windows\System32\drivers\NdisVirtualBus.sys
Hashes: SHA1=154B76642C6E2F3225AA95A598D54FD91F10B8DE
Signed: true
Signature: Microsoft Windows"
情報,2019/11/07 15:04:16,Microsoft-Windows-Sysmon,6,Driver loaded (rule: DriverLoad),"Driver loaded:
UtcTime: 2019-11-07 06:03:45.867
ImageLoaded: C:\Windows\System32\drivers\intelppm.sys
Hashes: SHA1=6F8337DB6E0734A114059516EC75796720A99E63
Signed: true
Signature: Microsoft Windows"
情報,2019/11/07 15:04:16,Microsoft-Windows-Sysmon,6,Driver loaded (rule: DriverLoad),"Driver loaded:
UtcTime: 2019-11-07 06:03:45.851
ImageLoaded: C:\Windows\System32\drivers\CmBatt.sys
Hashes: SHA1=93DBF8738680D5F3AF888C427D1264287BDEDB3A
Signed: true
Signature: Microsoft Windows"
情報,2019/11/07 15:04:16,Microsoft-Windows-Sysmon,6,Driver loaded (rule: DriverLoad),"Driver loaded:
UtcTime: 2019-11-07 06:03:45.851
ImageLoaded: C:\Windows\System32\drivers\battc.sys
Hashes: SHA1=9F406947FF0DB78542A586A7ADE023D42DCB93FA
Signed: true
Signature: Microsoft Windows"
情報,2019/11/07 15:04:16,Microsoft-Windows-Sysmon,6,Driver loaded (rule: DriverLoad),"Driver loaded:
UtcTime: 2019-11-07 06:03:45.851
ImageLoaded: C:\Windows\System32\drivers\usbehci.sys
Hashes: SHA1=8CBDA19205FFD6C4F066E0AB17F9C7687D4A2C44
Signed: true
Signature: Microsoft Windows"
情報,2019/11/07 15:04:16,Microsoft-Windows-Sysmon,6,Driver loaded (rule: DriverLoad),"Driver loaded:
UtcTime: 2019-11-07 06:03:45.851
ImageLoaded: C:\Windows\System32\drivers\usbuhci.sys
Hashes: SHA1=9F5218C35F6827B5105F7555F52542F01D6E6458
Signed: true
Signature: Microsoft Windows"
情報,2019/11/07 15:04:16,Microsoft-Windows-Sysmon,6,Driver loaded (rule: DriverLoad),"Driver loaded:
UtcTime: 2019-11-07 06:03:45.851
ImageLoaded: C:\Windows\System32\drivers\usbport.sys
Hashes: SHA1=315AFF10CAC9A9DF43C6EBE4569D89C541B57C5B
Signed: true
Signature: Microsoft Windows"
情報,2019/11/07 15:04:16,Microsoft-Windows-Sysmon,6,Driver loaded (rule: DriverLoad),"Driver loaded:
UtcTime: 2019-11-07 06:03:45.820
ImageLoaded: C:\Windows\System32\drivers\E1G6032E.sys
Hashes: SHA1=00A7CD17A03B4CFBCDEF4F597FA89935161F95B0
Signed: true
Signature: Microsoft Windows"
情報,2019/11/07 15:04:16,Microsoft-Windows-Sysmon,6,Driver loaded (rule: DriverLoad),"Driver loaded:
UtcTime: 2019-11-07 06:03:45.804
ImageLoaded: C:\Windows\System32\drivers\fdc.sys
Hashes: SHA1=8FE1CD556C2CB76B4161FC7B849BD0E2525EED85
Signed: true
Signature: Microsoft Windows"
情報,2019/11/07 15:04:16,Microsoft-Windows-Sysmon,6,Driver loaded (rule: DriverLoad),"Driver loaded:
UtcTime: 2019-11-07 06:03:45.804
ImageLoaded: C:\Windows\System32\drivers\serenum.sys
Hashes: SHA1=5EBDAD05ABDDA28214EE0703891D63F6AB4EB027
Signed: true
Signature: Microsoft Windows"
情報,2019/11/07 15:04:16,Microsoft-Windows-Sysmon,6,Driver loaded (rule: DriverLoad),"Driver loaded:
UtcTime: 2019-11-07 06:03:45.804
ImageLoaded: C:\Windows\System32\drivers\serial.sys
Hashes: SHA1=A788DCEF811F0FFD01CB8ACB568EC055ECCC5CDE
Signed: true
Signature: Microsoft Windows"
情報,2019/11/07 15:04:16,Microsoft-Windows-Sysmon,6,Driver loaded (rule: DriverLoad),"Driver loaded:
UtcTime: 2019-11-07 06:03:45.789
ImageLoaded: C:\Windows\System32\drivers\parport.sys
Hashes: SHA1=55685D18E3FAD6447C82E905DD61E576D060F88B
Signed: true
Signature: Microsoft Windows"
情報,2019/11/07 15:04:16,Microsoft-Windows-Sysmon,6,Driver loaded (rule: DriverLoad),"Driver loaded:
UtcTime: 2019-11-07 06:03:45.789
ImageLoaded: C:\Windows\System32\drivers\mouclass.sys
Hashes: SHA1=3CFF953104A52A46A0F06C1B9D67AAAA6744FED8
Signed: true
Signature: Microsoft Windows"
情報,2019/11/07 15:04:16,Microsoft-Windows-Sysmon,6,Driver loaded (rule: DriverLoad),"Driver loaded:
UtcTime: 2019-11-07 06:03:45.789
ImageLoaded: C:\Windows\System32\drivers\kbdclass.sys
Hashes: SHA1=2258AC516577A5A46A30F8FC949115C34B33DA40
Signed: true
Signature: Microsoft Windows"
情報,2019/11/07 15:04:16,Microsoft-Windows-Sysmon,6,Driver loaded (rule: DriverLoad),"Driver loaded:
UtcTime: 2019-11-07 06:03:45.789
ImageLoaded: C:\Windows\System32\drivers\i8042prt.sys
Hashes: SHA1=270F6E9FBFC668DD1239F0CF57A805773F87BF65
Signed: true
Signature: Microsoft Windows"
情報,2019/11/07 15:04:15,Microsoft-Windows-Sysmon,6,Driver loaded (rule: DriverLoad),"Driver loaded:
UtcTime: 2019-11-07 06:03:45.789
ImageLoaded: C:\Windows\System32\drivers\umbus.sys
Hashes: SHA1=1BA486130BC87AA26B5AD929860DC5D14FDE5978
Signed: true
Signature: Microsoft Windows"
情報,2019/11/07 15:04:15,Microsoft-Windows-Sysmon,6,Driver loaded (rule: DriverLoad),"Driver loaded:
UtcTime: 2019-11-07 06:03:41.476
ImageLoaded: C:\Windows\System32\drivers\kdnic.sys
Hashes: SHA1=5B5ED10B0AE7F5BE29FEC114A0438304F983C101
Signed: true
Signature: Microsoft Windows"
情報,2019/11/07 15:04:15,Microsoft-Windows-Sysmon,6,Driver loaded (rule: DriverLoad),"Driver loaded:
UtcTime: 2019-11-07 06:03:37.445
ImageLoaded: C:\Windows\System32\DriverStore\FileRepository\compositebus.inf_amd64_a140581a8f8b58b7\CompositeBus.sys
Hashes: SHA1=208E32D15C6B0B0BEA3453E71FE516C548D45BBF
Signed: true
Signature: Microsoft Windows"
情報,2019/11/07 15:04:15,Microsoft-Windows-Sysmon,6,Driver loaded (rule: DriverLoad),"Driver loaded:
UtcTime: 2019-11-07 06:03:37.429
ImageLoaded: C:\Windows\System32\drivers\ahcache.sys
Hashes: SHA1=C056B0D77828A78C62AB8F4A530B40352817D6BD
Signed: true
Signature: Microsoft Windows"
情報,2019/11/07 15:04:15,Microsoft-Windows-Sysmon,6,Driver loaded (rule: DriverLoad),"Driver loaded:
UtcTime: 2019-11-07 06:03:37.429
ImageLoaded: C:\Windows\System32\drivers\dam.sys
Hashes: SHA1=F6867A754537BD15CE134B85EAD053DAE7630E02
Signed: true
Signature: Microsoft Windows"
情報,2019/11/07 15:04:15,Microsoft-Windows-Sysmon,5,Process terminated (rule: ProcessTerminate),"Process terminated:
UtcTime: 2019-11-07 06:04:15.927
ProcessGuid: {CC41BF7E-4CD5-5A01-0000-00102F630100}
ProcessId: 1592
Image: C:\Program Files (x86)\Google\Update\GoogleUpdate.exe"
情報,2019/11/07 15:04:15,Microsoft-Windows-Sysmon,6,Driver loaded (rule: DriverLoad),"Driver loaded:
UtcTime: 2019-11-07 06:03:37.414
ImageLoaded: C:\Windows\System32\drivers\dfsc.sys
Hashes: SHA1=9BEF40FA051393E6F79583BB208F97AF9F1BFAB5
Signed: true
Signature: Microsoft Windows"
情報,2019/11/07 15:04:15,Microsoft-Windows-Sysmon,6,Driver loaded (rule: DriverLoad),"Driver loaded:
UtcTime: 2019-11-07 06:03:37.414
ImageLoaded: C:\Windows\System32\drivers\gpuenergydrv.sys
Hashes: SHA1=C59965AA1BD5EE541307323FB516ECBC0A98A150
Signed: true
Signature: Microsoft Windows"
情報,2019/11/07 15:04:15,Microsoft-Windows-Sysmon,6,Driver loaded (rule: DriverLoad),"Driver loaded:
UtcTime: 2019-11-07 06:03:37.414
ImageLoaded: C:\Windows\System32\drivers\mssmbios.sys
Hashes: SHA1=C0D3A3CC48FCD5111925C42ABFA968E746E636A3
Signed: true
Signature: Microsoft Windows"
情報,2019/11/07 15:04:15,Microsoft-Windows-Sysmon,6,Driver loaded (rule: DriverLoad),"Driver loaded:
UtcTime: 2019-11-07 06:03:37.414
ImageLoaded: C:\Windows\System32\drivers\npsvctrig.sys
Hashes: SHA1=F5374D88690C0F04511F8E2B1BF46A4EFDD202AB
Signed: true
Signature: Microsoft Windows"
情報,2019/11/07 15:04:15,Microsoft-Windows-Sysmon,6,Driver loaded (rule: DriverLoad),"Driver loaded:
UtcTime: 2019-11-07 06:03:37.382
ImageLoaded: C:\Windows\System32\drivers\nsiproxy.sys
Hashes: SHA1=8B6244DF892133BE38C9B324AE53E8E3205B66D9
Signed: true
Signature: Microsoft Windows"
情報,2019/11/07 15:04:15,Microsoft-Windows-Sysmon,5,Process terminated (rule: ProcessTerminate),"Process terminated:
UtcTime: 2019-11-07 06:04:15.646
ProcessGuid: {CC41BF7E-4CDD-5A01-0000-001032F60100}
ProcessId: 2084
Image: C:\Windows\System32\taskhostw.exe"
情報,2019/11/07 15:04:15,Microsoft-Windows-Sysmon,1,Process Create (rule: ProcessCreate),"Process Create:
UtcTime: 2019-11-07 06:04:15.018
ProcessGuid: {CC41BF7E-4CDF-5A01-0000-00107D340200}
ProcessId: 2172
Image: C:\Program Files (x86)\Google\Update\GoogleUpdate.exe
CommandLine: ""C:\Program Files (x86)\Google\Update\GoogleUpdate.exe"" /cr
CurrentDirectory: C:\Program Files (x86)\Google\Update\1.3.26.9\
User: NT AUTHORITY\SYSTEM
LogonGuid: {CC41BF7E-4CCC-5A01-0000-0020E7030000}
LogonId: 0x3E7
TerminalSessionId: 0
IntegrityLevel: System
Hashes: SHA1=2BBB25793FB06E79462911A3F51C4E71EA86034E
ParentProcessGuid: {CC41BF7E-4CDD-5A01-0000-0010ABF90100}
ParentProcessId: 2096
ParentImage: C:\Program Files (x86)\Google\Update\GoogleUpdate.exe
ParentCommandLine: ""C:\Program Files (x86)\Google\Update\GoogleUpdate.exe"" /c"
情報,2019/11/07 15:04:14,Microsoft-Windows-Sysmon,1,Process Create (rule: ProcessCreate),"Process Create:
UtcTime: 2019-11-07 06:04:14.949
ProcessGuid: {CC41BF7E-4CDE-5A01-0000-0010DD2E0200}
ProcessId: 2128
Image: C:\Windows\System32\svchost.exe
CommandLine: C:\Windows\System32\svchost.exe -k wsappx
CurrentDirectory: C:\Windows\system32\
User: NT AUTHORITY\SYSTEM
LogonGuid: {CC41BF7E-4CCC-5A01-0000-0020E7030000}
LogonId: 0x3E7
TerminalSessionId: 0
IntegrityLevel: System
Hashes: SHA1=0DAC68816AE7C09EFC24D11C27C3274DFD147DEE
ParentProcessGuid: {CC41BF7E-4CCC-5A01-0000-001065750000}
ParentProcessId: 552
ParentImage: C:\Windows\System32\services.exe
ParentCommandLine: C:\Windows\system32\services.exe"
情報,2019/11/07 15:04:14,Microsoft-Windows-Sysmon,6,Driver loaded (rule: DriverLoad),"Driver loaded:
UtcTime: 2019-11-07 06:03:37.382
ImageLoaded: C:\Windows\System32\drivers\csc.sys
Hashes: SHA1=66379F7D593C9A6CC6CC785AC618B64BBC301F46
Signed: true
Signature: Microsoft Windows"
情報,2019/11/07 15:04:14,Microsoft-Windows-Sysmon,6,Driver loaded (rule: DriverLoad),"Driver loaded:
UtcTime: 2019-11-07 06:03:37.367
ImageLoaded: C:\Windows\System32\drivers\rdbss.sys
Hashes: SHA1=D1977F5BB78E58E3955BB0927BEB8D67DAC88609
Signed: true
Signature: Microsoft Windows"
情報,2019/11/07 15:04:14,Microsoft-Windows-Sysmon,6,Driver loaded (rule: DriverLoad),"Driver loaded:
UtcTime: 2019-11-07 06:03:36.929
ImageLoaded: C:\Windows\System32\drivers\netbios.sys
Hashes: SHA1=CC486AA97891945F0F19EFFE6B52F4D441C917A1
Signed: true
Signature: Microsoft Windows"
情報,2019/11/07 15:04:14,Microsoft-Windows-Sysmon,6,Driver loaded (rule: DriverLoad),"Driver loaded:
UtcTime: 2019-11-07 06:03:36.929
ImageLoaded: C:\Windows\System32\drivers\pacer.sys
Hashes: SHA1=8E02A0B4A60019C40847FF155E215267FC523EDE
Signed: true
Signature: Microsoft Windows"
情報,2019/11/07 15:04:14,Microsoft-Windows-Sysmon,6,Driver loaded (rule: DriverLoad),"Driver loaded:
UtcTime: 2019-11-07 06:03:36.914
ImageLoaded: C:\Windows\System32\drivers\vwififlt.sys
Hashes: SHA1=374048757E6DC80581F4E083E359C99D22CEBAA8
Signed: true
Signature: Microsoft Windows"
情報,2019/11/07 15:04:14,Microsoft-Windows-Sysmon,6,Driver loaded (rule: DriverLoad),"Driver loaded:
UtcTime: 2019-11-07 06:03:36.882
ImageLoaded: C:\Windows\System32\drivers\afd.sys
Hashes: SHA1=13B700627D69F009E2F1CE71CD1F54124C734B9C
Signed: true
Signature: Microsoft Windows"
情報,2019/11/07 15:04:14,Microsoft-Windows-Sysmon,6,Driver loaded (rule: DriverLoad),"Driver loaded:
UtcTime: 2019-11-07 06:03:36.882
ImageLoaded: C:\Windows\System32\drivers\netbt.sys
Hashes: SHA1=44562A41D6EBC0F63F43C4FB8D977169505F7F6A
Signed: true
Signature: Microsoft Windows"
情報,2019/11/07 15:04:14,Microsoft-Windows-Sysmon,6,Driver loaded (rule: DriverLoad),"Driver loaded:
UtcTime: 2019-11-07 06:03:36.882
ImageLoaded: C:\Windows\System32\drivers\tdx.sys
Hashes: SHA1=7AD447EF2990627177A0E59C19E7D67887C802AB
Signed: true
Signature: Microsoft Windows"
情報,2019/11/07 15:04:14,Microsoft-Windows-Sysmon,6,Driver loaded (rule: DriverLoad),"Driver loaded:
UtcTime: 2019-11-07 06:03:36.882
ImageLoaded: C:\Windows\System32\drivers\tdi.sys
Hashes: SHA1=FB536E092767CF55295B38F2885C9B1537C1031F
Signed: true
Signature: Microsoft Windows"
情報,2019/11/07 15:04:14,Microsoft-Windows-Sysmon,6,Driver loaded (rule: DriverLoad),"Driver loaded:
UtcTime: 2019-11-07 06:03:36.867
ImageLoaded: C:\Windows\System32\drivers\msfs.sys
Hashes: SHA1=0F1E33E10EAE4674B19A1035C24F542EE7CE0754
Signed: true
Signature: Microsoft Windows"
情報,2019/11/07 15:04:14,Microsoft-Windows-Sysmon,6,Driver loaded (rule: DriverLoad),"Driver loaded:
UtcTime: 2019-11-07 06:03:36.867
ImageLoaded: C:\Windows\System32\drivers\npfs.sys
Hashes: SHA1=3B795467591FE1BEC25480D079BE86CB6941DA7C
Signed: true
Signature: Microsoft Windows"
情報,2019/11/07 15:04:14,Microsoft-Windows-Sysmon,6,Driver loaded (rule: DriverLoad),"Driver loaded:
UtcTime: 2019-11-07 06:03:36.867
ImageLoaded: C:\Windows\System32\drivers\BasicRender.sys
Hashes: SHA1=27D7F00157AA36CA52DAB6C38746B5F17F5BC2A7
Signed: true
Signature: Microsoft Windows"
情報,2019/11/07 15:04:14,Microsoft-Windows-Sysmon,6,Driver loaded (rule: DriverLoad),"Driver loaded:
UtcTime: 2019-11-07 06:03:36.867
ImageLoaded: C:\Windows\System32\drivers\dxgkrnl.sys
Hashes: SHA1=6A3EE644527BE06A7AF12219569296151D088EF9
Signed: true
Signature: Microsoft Windows"
情報,2019/11/07 15:04:14,Microsoft-Windows-Sysmon,6,Driver loaded (rule: DriverLoad),"Driver loaded:
UtcTime: 2019-11-07 06:03:36.836
ImageLoaded: C:\Windows\System32\drivers\BasicDisplay.sys
Hashes: SHA1=78242FF7A9793FAEE9AB6E1CED96C965F3A55969
Signed: true
Signature: Microsoft Windows"
情報,2019/11/07 15:04:14,Microsoft-Windows-Sysmon,6,Driver loaded (rule: DriverLoad),"Driver loaded:
UtcTime: 2019-11-07 06:03:36.836
ImageLoaded: C:\Windows\System32\drivers\watchdog.sys
Hashes: SHA1=18D6E862135D9022E81777A7BE98FA0EA45D74CA
Signed: true
Signature: Microsoft Windows"
情報,2019/11/07 15:04:14,Microsoft-Windows-Sysmon,6,Driver loaded (rule: DriverLoad),"Driver loaded:
UtcTime: 2019-11-07 06:03:36.836
ImageLoaded: C:\Windows\System32\drivers\beep.sys
Hashes: SHA1=9311593D89B6D8D72E176EA3705686D249EDEE0B
Signed: true
Signature: Microsoft Windows"
情報,2019/11/07 15:04:14,Microsoft-Windows-Sysmon,6,Driver loaded (rule: DriverLoad),"Driver loaded:
UtcTime: 2019-11-07 06:03:36.820
ImageLoaded: C:\Windows\System32\drivers\null.sys
Hashes: SHA1=11E8D65AFA9F3AAFAD1F90BE502A05A6B44F6F06
Signed: true
Signature: Microsoft Windows"
情報,2019/11/07 15:04:13,Microsoft-Windows-Sysmon,6,Driver loaded (rule: DriverLoad),"Driver loaded:
UtcTime: 2019-11-07 06:03:36.820
ImageLoaded: C:\Windows\System32\drivers\filecrypt.sys
Hashes: SHA1=8FADE7A0924B180F8E1F4E8AB53918E8ECA25FBF
Signed: true
Signature: Microsoft Windows"
情報,2019/11/07 15:04:13,Microsoft-Windows-Sysmon,6,Driver loaded (rule: DriverLoad),"Driver loaded:
UtcTime: 2019-11-07 06:03:36.820
ImageLoaded: C:\Windows\System32\drivers\tbs.sys
Hashes: SHA1=F56FD0CDC6AA3150D058290B9B887FC97115A550
Signed: true
Signature: Microsoft Windows"
情報,2019/11/07 15:04:13,Microsoft-Windows-Sysmon,6,Driver loaded (rule: DriverLoad),"Driver loaded:
UtcTime: 2019-11-07 06:03:36.820
ImageLoaded: C:\Windows\System32\drivers\cdrom.sys
Hashes: SHA1=EA734E696B4F439890F41E31A537108CF3E230CB
Signed: true
Signature: Microsoft Windows"
情報,2019/11/07 15:04:13,Microsoft-Windows-Sysmon,1,Process Create (rule: ProcessCreate),"Process Create:
UtcTime: 2019-11-07 06:04:13.504
ProcessGuid: {CC41BF7E-4CDD-5A01-0000-0010ABF90100}
ProcessId: 2096
Image: C:\Program Files (x86)\Google\Update\GoogleUpdate.exe
CommandLine: ""C:\Program Files (x86)\Google\Update\GoogleUpdate.exe"" /c
CurrentDirectory: C:\Program Files (x86)\Google\Update\1.3.26.9\
User: NT AUTHORITY\SYSTEM
LogonGuid: {CC41BF7E-4CCC-5A01-0000-0020E7030000}
LogonId: 0x3E7
TerminalSessionId: 0
IntegrityLevel: System
Hashes: SHA1=2BBB25793FB06E79462911A3F51C4E71EA86034E
ParentProcessGuid: {CC41BF7E-4CD5-5A01-0000-00102F630100}
ParentProcessId: 1592
ParentImage: C:\Program Files (x86)\Google\Update\GoogleUpdate.exe
ParentCommandLine: ""C:\Program Files (x86)\Google\Update\GoogleUpdate.exe"" /svc"
情報,2019/11/07 15:04:13,Microsoft-Windows-Sysmon,1,Process Create (rule: ProcessCreate),"Process Create:
UtcTime: 2019-11-07 06:04:13.377
ProcessGuid: {CC41BF7E-4CDD-5A01-0000-001032F60100}
ProcessId: 2084
Image: C:\Windows\System32\taskhostw.exe
CommandLine: taskhostw.exe SYSTEM
CurrentDirectory: C:\Windows\system32\
User: NT AUTHORITY\SYSTEM
LogonGuid: {CC41BF7E-4CCC-5A01-0000-0020E7030000}
LogonId: 0x3E7
TerminalSessionId: 0
IntegrityLevel: System
Hashes: SHA1=9CC394E9F9AEF58F7BDB90B8B19559AB6605CB64
ParentProcessGuid: {CC41BF7E-4CD0-5A01-0000-00101AF00000}
ParentProcessId: 900
ParentImage: C:\Windows\System32\svchost.exe
ParentCommandLine: C:\Windows\system32\svchost.exe -k netsvcs"
情報,2019/11/07 15:04:13,Microsoft-Windows-Sysmon,9,RawAccessRead detected (rule: RawAccessRead),"RawAccessRead detected:
UtcTime: 2019-11-07 06:04:13.302
ProcessGuid: {CC41BF7E-4CD7-5A01-0000-001056910100}
ProcessId: 1968
Image: C:\Program Files\Windows Defender\MsMpEng.exe
Device: \Device\HarddiskVolume2"
情報,2019/11/07 15:04:13,Microsoft-Windows-Sysmon,9,RawAccessRead detected (rule: RawAccessRead),"RawAccessRead detected:
UtcTime: 2019-11-07 06:04:13.302
ProcessGuid: {CC41BF7E-4CD7-5A01-0000-001056910100}
ProcessId: 1968
Image: C:\Program Files\Windows Defender\MsMpEng.exe
Device: \Device\HarddiskVolume2"
情報,2019/11/07 15:04:12,Microsoft-Windows-Sysmon,6,Driver loaded (rule: DriverLoad),"Driver loaded:
UtcTime: 2019-11-07 06:03:36.632
ImageLoaded: C:\Windows\System32\drivers\dumpfve.sys
Hashes: SHA1=307E400CC6A2D190EA3362B693A9B154BE300993
Signed: true
Signature: Microsoft Windows"
情報,2019/11/07 15:04:12,Microsoft-Windows-Sysmon,6,Driver loaded (rule: DriverLoad),"Driver loaded:
UtcTime: 2019-11-07 06:03:56.196
ImageLoaded: C:\Windows\System32\drivers\dumpfve.sys
Hashes: SHA1=307E400CC6A2D190EA3362B693A9B154BE300993
Signed: true
Signature: Microsoft Windows"
情報,2019/11/07 15:04:12,Microsoft-Windows-Sysmon,6,Driver loaded (rule: DriverLoad),"Driver loaded:
UtcTime: 2019-11-07 06:03:36.617
ImageLoaded: C:\Windows\System32\drivers\lsi_sas.sys
Hashes: SHA1=6F252BCC6706CFB30E237C67025634614CCBA3C9
Signed: true
Signature: Microsoft Windows"
情報,2019/11/07 15:04:12,Microsoft-Windows-Sysmon,6,Driver loaded (rule: DriverLoad),"Driver loaded:
UtcTime: 2019-11-07 06:03:56.196
ImageLoaded: C:\Windows\System32\drivers\lsi_sas.sys
Hashes: SHA1=6F252BCC6706CFB30E237C67025634614CCBA3C9
Signed: true
Signature: Microsoft Windows"
情報,2019/11/07 15:04:12,Microsoft-Windows-Sysmon,6,Driver loaded (rule: DriverLoad),"Driver loaded:
UtcTime: 2019-11-07 06:03:36.601
ImageLoaded: C:\Windows\System32\drivers\Diskdump.sys
Hashes: SHA1=712992153144DC9D56FB4509D7C0101941D72FF7
Signed: true
Signature: Microsoft Windows"
情報,2019/11/07 15:04:12,Microsoft-Windows-Sysmon,6,Driver loaded (rule: DriverLoad),"Driver loaded:
UtcTime: 2019-11-07 06:03:56.196
ImageLoaded: C:\Windows\System32\drivers\Diskdump.sys
Hashes: SHA1=712992153144DC9D56FB4509D7C0101941D72FF7
Signed: true
Signature: Microsoft Windows"
情報,2019/11/07 15:04:12,Microsoft-Windows-Sysmon,6,Driver loaded (rule: DriverLoad),"Driver loaded:
UtcTime: 2019-11-07 06:03:36.586
ImageLoaded: C:\Windows\System32\drivers\crashdmp.sys
Hashes: SHA1=3812D220C75DD5E4F88818EF97F3548D6E3D1E5E
Signed: true
Signature: Microsoft Windows"
情報,2019/11/07 15:04:12,Microsoft-Windows-Sysmon,9,RawAccessRead detected (rule: RawAccessRead),"RawAccessRead detected:
UtcTime: 2019-11-07 06:04:12.084
ProcessGuid: {CC41BF7E-4CD7-5A01-0000-001056910100}
ProcessId: 1968
Image: C:\Program Files\Windows Defender\MsMpEng.exe
Device: \Device\HarddiskVolume2"
情報,2019/11/07 15:04:12,Microsoft-Windows-Sysmon,9,RawAccessRead detected (rule: RawAccessRead),"RawAccessRead detected:
UtcTime: 2019-11-07 06:04:12.084
ProcessGuid: {CC41BF7E-4CD7-5A01-0000-001056910100}
ProcessId: 1968
Image: C:\Program Files\Windows Defender\MsMpEng.exe
Device: \Device\HarddiskVolume2"
情報,2019/11/07 15:04:11,Microsoft-Windows-Sysmon,9,RawAccessRead detected (rule: RawAccessRead),"RawAccessRead detected:
UtcTime: 2019-11-07 06:04:11.130
ProcessGuid: {CC41BF7E-4CD7-5A01-0000-001056910100}
ProcessId: 1968
Image: C:\Program Files\Windows Defender\MsMpEng.exe
Device: \Device\HarddiskVolume2"
情報,2019/11/07 15:04:10,Microsoft-Windows-Sysmon,9,RawAccessRead detected (rule: RawAccessRead),"RawAccessRead detected:
UtcTime: 2019-11-07 06:04:10.162
ProcessGuid: {CC41BF7E-4CD1-5A01-0000-0010EF070100}
ProcessId: 96
Image: C:\Windows\System32\svchost.exe
Device: \Device\HarddiskVolume1"
情報,2019/11/07 15:04:10,Microsoft-Windows-Sysmon,9,RawAccessRead detected (rule: RawAccessRead),"RawAccessRead detected:
UtcTime: 2019-11-07 06:04:08.130
ProcessGuid: {CC41BF7E-4CD1-5A01-0000-0010EF070100}
ProcessId: 96
Image: C:\Windows\System32\svchost.exe
Device: \Device\HarddiskVolume2"
情報,2019/11/07 15:04:10,Microsoft-Windows-Sysmon,9,RawAccessRead detected (rule: RawAccessRead),"RawAccessRead detected:
UtcTime: 2019-11-07 06:04:08.068
ProcessGuid: {CC41BF7E-4CD1-5A01-0000-0010EF070100}
ProcessId: 96
Image: C:\Windows\System32\svchost.exe
Device: \Device\HarddiskVolume2"
情報,2019/11/07 15:04:10,Microsoft-Windows-Sysmon,9,RawAccessRead detected (rule: RawAccessRead),"RawAccessRead detected:
UtcTime: 2019-11-07 06:04:08.068
ProcessGuid: {CC41BF7E-4CD1-5A01-0000-0010EF070100}
ProcessId: 96
Image: C:\Windows\System32\svchost.exe
Device: \Device\HarddiskVolume1"
情報,2019/11/07 15:04:10,Microsoft-Windows-Sysmon,1,Process Create (rule: ProcessCreate),"Process Create:
UtcTime: 2019-11-07 06:04:07.925
ProcessGuid: {CC41BF7E-4CD7-5A01-0000-001056910100}
ProcessId: 1968
Image: C:\Program Files\Windows Defender\MsMpEng.exe
CommandLine: ""C:\Program Files\Windows Defender\MsMpEng.exe""
CurrentDirectory: C:\Windows\system32\
User: NT AUTHORITY\SYSTEM
LogonGuid: {CC41BF7E-4CCC-5A01-0000-0020E7030000}
LogonId: 0x3E7
TerminalSessionId: 0
IntegrityLevel: System
Hashes: SHA1=1B08F209132C3A3AFDA69A5682B07127D694CD15
ParentProcessGuid: {CC41BF7E-4CCC-5A01-0000-001065750000}
ParentProcessId: 552
ParentImage: C:\Windows\System32\services.exe
ParentCommandLine: C:\Windows\system32\services.exe"
情報,2019/11/07 15:04:10,Microsoft-Windows-Sysmon,1,Process Create (rule: ProcessCreate),"Process Create:
UtcTime: 2019-11-07 06:04:07.915
ProcessGuid: {CC41BF7E-4CD7-5A01-0000-0010EA900100}
ProcessId: 1956
Image: C:\Windows\System32\svchost.exe
CommandLine: C:\Windows\system32\svchost.exe -k appmodel
CurrentDirectory: C:\Windows\system32\
User: NT AUTHORITY\SYSTEM
LogonGuid: {CC41BF7E-4CCC-5A01-0000-0020E7030000}
LogonId: 0x3E7
TerminalSessionId: 0
IntegrityLevel: System
Hashes: SHA1=0DAC68816AE7C09EFC24D11C27C3274DFD147DEE
ParentProcessGuid: {CC41BF7E-4CCC-5A01-0000-001065750000}
ParentProcessId: 552
ParentImage: C:\Windows\System32\services.exe
ParentCommandLine: C:\Windows\system32\services.exe"
情報,2019/11/07 15:04:10,Microsoft-Windows-Sysmon,1,Process Create (rule: ProcessCreate),"Process Create:
UtcTime: 2019-11-07 06:04:07.820
ProcessGuid: {CC41BF7E-4CD7-5A01-0000-0010248C0100}
ProcessId: 1924
Image: C:\Windows\Sysmon.exe
CommandLine: C:\Windows\Sysmon.exe
CurrentDirectory: C:\Windows\system32\
User: NT AUTHORITY\SYSTEM
LogonGuid: {CC41BF7E-4CCC-5A01-0000-0020E7030000}
LogonId: 0x3E7
TerminalSessionId: 0
IntegrityLevel: System
Hashes: SHA1=773B7C7AD676757B410DFE53F32DB008D8421A08
ParentProcessGuid: {CC41BF7E-4CCC-5A01-0000-001065750000}
ParentProcessId: 552
ParentImage: C:\Windows\System32\services.exe
ParentCommandLine: C:\Windows\system32\services.exe"
情報,2019/11/07 15:04:10,Microsoft-Windows-Sysmon,9,RawAccessRead detected (rule: RawAccessRead),"RawAccessRead detected:
UtcTime: 2019-11-07 06:04:05.193
ProcessGuid: {CC41BF7E-4CD5-5A01-0000-0010E1620100}
ProcessId: 1584
Image: C:\Windows\System32\svchost.exe
Device: \Device\HarddiskVolume2"
情報,2019/11/07 15:04:10,Microsoft-Windows-Sysmon,1,Process Create (rule: ProcessCreate),"Process Create:
UtcTime: 2019-11-07 06:04:05.078
ProcessGuid: {CC41BF7E-4CD5-5A01-0000-00102F630100}
ProcessId: 1592
Image: C:\Program Files (x86)\Google\Update\GoogleUpdate.exe
CommandLine: ""C:\Program Files (x86)\Google\Update\GoogleUpdate.exe"" /svc
CurrentDirectory: C:\Windows\system32\
User: NT AUTHORITY\SYSTEM
LogonGuid: {CC41BF7E-4CCC-5A01-0000-0020E7030000}
LogonId: 0x3E7
TerminalSessionId: 0
IntegrityLevel: System
Hashes: SHA1=2BBB25793FB06E79462911A3F51C4E71EA86034E
ParentProcessGuid: {CC41BF7E-4CCC-5A01-0000-001065750000}
ParentProcessId: 552
ParentImage: C:\Windows\System32\services.exe
ParentCommandLine: C:\Windows\system32\services.exe"
情報,2019/11/07 15:04:10,Microsoft-Windows-Sysmon,1,Process Create (rule: ProcessCreate),"Process Create:
UtcTime: 2019-11-07 06:04:05.076
ProcessGuid: {CC41BF7E-4CD5-5A01-0000-0010E1620100}
ProcessId: 1584
Image: C:\Windows\System32\svchost.exe
CommandLine: C:\Windows\System32\svchost.exe -k utcsvc
CurrentDirectory: C:\Windows\system32\
User: NT AUTHORITY\SYSTEM
LogonGuid: {CC41BF7E-4CCC-5A01-0000-0020E7030000}
LogonId: 0x3E7
TerminalSessionId: 0
IntegrityLevel: System
Hashes: SHA1=0DAC68816AE7C09EFC24D11C27C3274DFD147DEE
ParentProcessGuid: {CC41BF7E-4CCC-5A01-0000-001065750000}
ParentProcessId: 552
ParentImage: C:\Windows\System32\services.exe
ParentCommandLine: C:\Windows\system32\services.exe"
情報,2019/11/07 15:04:10,Microsoft-Windows-Sysmon,1,Process Create (rule: ProcessCreate),"Process Create:
UtcTime: 2019-11-07 06:04:04.617
ProcessGuid: {CC41BF7E-4CD4-5A01-0000-0010BF480100}
ProcessId: 1352
Image: C:\Windows\System32\svchost.exe
CommandLine: C:\Windows\system32\svchost.exe -k WbioSvcGroup
CurrentDirectory: C:\Windows\system32\
User: NT AUTHORITY\SYSTEM
LogonGuid: {CC41BF7E-4CCC-5A01-0000-0020E7030000}
LogonId: 0x3E7
TerminalSessionId: 0
IntegrityLevel: System
Hashes: SHA1=0DAC68816AE7C09EFC24D11C27C3274DFD147DEE
ParentProcessGuid: {CC41BF7E-4CCC-5A01-0000-001065750000}
ParentProcessId: 552
ParentImage: C:\Windows\System32\services.exe
ParentCommandLine: C:\Windows\system32\services.exe"
情報,2019/11/07 15:04:10,Microsoft-Windows-Sysmon,9,RawAccessRead detected (rule: RawAccessRead),"RawAccessRead detected:
UtcTime: 2019-11-07 06:04:04.427
ProcessGuid: {CC41BF7E-4CD0-5A01-0000-00101AF00000}
ProcessId: 900
Image: C:\Windows\System32\svchost.exe
Device: \Device\HarddiskVolume2"
情報,2019/11/07 15:04:10,Microsoft-Windows-Sysmon,9,RawAccessRead detected (rule: RawAccessRead),"RawAccessRead detected:
UtcTime: 2019-11-07 06:04:04.427
ProcessGuid: {CC41BF7E-4CD0-5A01-0000-00101AF00000}
ProcessId: 900
Image: C:\Windows\System32\svchost.exe
Device: \Device\HarddiskVolume2"
情報,2019/11/07 15:04:10,Microsoft-Windows-Sysmon,9,RawAccessRead detected (rule: RawAccessRead),"RawAccessRead detected:
UtcTime: 2019-11-07 06:04:04.427
ProcessGuid: {CC41BF7E-4CD0-5A01-0000-00101AF00000}
ProcessId: 900
Image: C:\Windows\System32\svchost.exe
Device: \Device\HarddiskVolume2"
情報,2019/11/07 15:04:10,Microsoft-Windows-Sysmon,9,RawAccessRead detected (rule: RawAccessRead),"RawAccessRead detected:
UtcTime: 2019-11-07 06:04:04.427
ProcessGuid: {CC41BF7E-4CD0-5A01-0000-00101AF00000}
ProcessId: 900
Image: C:\Windows\System32\svchost.exe
Device: \Device\HarddiskVolume2"
情報,2019/11/07 15:04:10,Microsoft-Windows-Sysmon,9,RawAccessRead detected (rule: RawAccessRead),"RawAccessRead detected:
UtcTime: 2019-11-07 06:04:04.427
ProcessGuid: {CC41BF7E-4CD0-5A01-0000-00101AF00000}
ProcessId: 900
Image: C:\Windows\System32\svchost.exe
Device: \Device\HarddiskVolume1"
情報,2019/11/07 15:04:10,Microsoft-Windows-Sysmon,9,RawAccessRead detected (rule: RawAccessRead),"RawAccessRead detected:
UtcTime: 2019-11-07 06:04:04.427
ProcessGuid: {CC41BF7E-4CD0-5A01-0000-00101AF00000}
ProcessId: 900
Image: C:\Windows\System32\svchost.exe
Device: \Device\HarddiskVolume1"
情報,2019/11/07 15:04:10,Microsoft-Windows-Sysmon,9,RawAccessRead detected (rule: RawAccessRead),"RawAccessRead detected:
UtcTime: 2019-11-07 06:04:04.427
ProcessGuid: {CC41BF7E-4CD0-5A01-0000-00101AF00000}
ProcessId: 900
Image: C:\Windows\System32\svchost.exe
Device: \Device\HarddiskVolume1"
情報,2019/11/07 15:04:10,Microsoft-Windows-Sysmon,9,RawAccessRead detected (rule: RawAccessRead),"RawAccessRead detected:
UtcTime: 2019-11-07 06:04:04.427
ProcessGuid: {CC41BF7E-4CD0-5A01-0000-00101AF00000}
ProcessId: 900
Image: C:\Windows\System32\svchost.exe
Device: \Device\HarddiskVolume1"
情報,2019/11/07 15:04:10,Microsoft-Windows-Sysmon,1,Process Create (rule: ProcessCreate),"Process Create:
UtcTime: 2019-11-07 06:04:03.126
ProcessGuid: {CC41BF7E-4CD3-5A01-0000-00105E360100}
ProcessId: 1268
Image: C:\Windows\System32\spoolsv.exe
CommandLine: C:\Windows\System32\spoolsv.exe
CurrentDirectory: C:\Windows\system32\
User: NT AUTHORITY\SYSTEM
LogonGuid: {CC41BF7E-4CCC-5A01-0000-0020E7030000}
LogonId: 0x3E7
TerminalSessionId: 0
IntegrityLevel: System
Hashes: SHA1=A374C91178FB6C23035E4B624B660947987ECE70
ParentProcessGuid: {CC41BF7E-4CCC-5A01-0000-001065750000}
ParentProcessId: 552
ParentImage: C:\Windows\System32\services.exe
ParentCommandLine: C:\Windows\system32\services.exe"
情報,2019/11/07 15:04:10,Microsoft-Windows-Sysmon,1,Process Create (rule: ProcessCreate),"Process Create:
UtcTime: 2019-11-07 06:04:02.953
ProcessGuid: {CC41BF7E-4CD2-5A01-0000-001070320100}
ProcessId: 1184
Image: C:\Windows\System32\svchost.exe
CommandLine: C:\Windows\system32\svchost.exe -k LocalServiceNetworkRestricted
CurrentDirectory: C:\Windows\system32\
User: NT AUTHORITY\LOCAL SERVICE
LogonGuid: {CC41BF7E-4CD0-5A01-0000-0020E5030000}
LogonId: 0x3E5
TerminalSessionId: 0
IntegrityLevel: System
Hashes: SHA1=0DAC68816AE7C09EFC24D11C27C3274DFD147DEE
ParentProcessGuid: {CC41BF7E-4CCC-5A01-0000-001065750000}
ParentProcessId: 552
ParentImage: C:\Windows\System32\services.exe
ParentCommandLine: C:\Windows\system32\services.exe"
情報,2019/11/07 15:04:10,Microsoft-Windows-Sysmon,1,Process Create (rule: ProcessCreate),"Process Create:
UtcTime: 2019-11-07 06:04:02.917
ProcessGuid: {CC41BF7E-4CD2-5A01-0000-0010AF2E0100}
ProcessId: 1148
Image: C:\Windows\System32\svchost.exe
CommandLine: C:\Windows\System32\svchost.exe -k LocalServiceNetworkRestricted
CurrentDirectory: C:\Windows\system32\
User: NT AUTHORITY\LOCAL SERVICE
LogonGuid: {CC41BF7E-4CD0-5A01-0000-0020E5030000}
LogonId: 0x3E5
TerminalSessionId: 0
IntegrityLevel: System
Hashes: SHA1=0DAC68816AE7C09EFC24D11C27C3274DFD147DEE
ParentProcessGuid: {CC41BF7E-4CCC-5A01-0000-001065750000}
ParentProcessId: 552
ParentImage: C:\Windows\System32\services.exe
ParentCommandLine: C:\Windows\system32\services.exe"
情報,2019/11/07 15:04:10,Microsoft-Windows-Sysmon,1,Process Create (rule: ProcessCreate),"Process Create:
UtcTime: 2019-11-07 06:04:01.730
ProcessGuid: {CC41BF7E-4CD1-5A01-0000-0010620C0100}
ProcessId: 352
Image: C:\Windows\System32\svchost.exe
CommandLine: C:\Windows\system32\svchost.exe -k NetworkService
CurrentDirectory: C:\Windows\system32\
User: NT AUTHORITY\NETWORK SERVICE
LogonGuid: {CC41BF7E-4CCE-5A01-0000-0020E4030000}
LogonId: 0x3E4
TerminalSessionId: 0
IntegrityLevel: System
Hashes: SHA1=0DAC68816AE7C09EFC24D11C27C3274DFD147DEE
ParentProcessGuid: {CC41BF7E-4CCC-5A01-0000-001065750000}
ParentProcessId: 552
ParentImage: C:\Windows\System32\services.exe
ParentCommandLine: C:\Windows\system32\services.exe"
情報,2019/11/07 15:04:10,Microsoft-Windows-Sysmon,9,RawAccessRead detected (rule: RawAccessRead),"RawAccessRead detected:
UtcTime: 2019-11-07 06:04:01.709
ProcessGuid: {CC41BF7E-4CD0-5A01-0000-00101AF00000}
ProcessId: 900
Image: C:\Windows\System32\svchost.exe
Device: \Device\HarddiskVolume2"
情報,2019/11/07 15:04:10,Microsoft-Windows-Sysmon,1,Process Create (rule: ProcessCreate),"Process Create:
UtcTime: 2019-11-07 06:04:01.663
ProcessGuid: {CC41BF7E-4CD1-5A01-0000-0010EF070100}
ProcessId: 96
Image: C:\Windows\System32\svchost.exe
CommandLine: C:\Windows\System32\svchost.exe -k LocalSystemNetworkRestricted
CurrentDirectory: C:\Windows\system32\
User: NT AUTHORITY\SYSTEM
LogonGuid: {CC41BF7E-4CCC-5A01-0000-0020E7030000}
LogonId: 0x3E7
TerminalSessionId: 0
IntegrityLevel: System
Hashes: SHA1=0DAC68816AE7C09EFC24D11C27C3274DFD147DEE
ParentProcessGuid: {CC41BF7E-4CCC-5A01-0000-001065750000}
ParentProcessId: 552
ParentImage: C:\Windows\System32\services.exe
ParentCommandLine: C:\Windows\system32\services.exe"
情報,2019/11/07 15:04:10,Microsoft-Windows-Sysmon,1,Process Create (rule: ProcessCreate),"Process Create:
UtcTime: 2019-11-07 06:04:01.201
ProcessGuid: {CC41BF7E-4CD1-5A01-0000-0010AC040100}
ProcessId: 964
Image: C:\Windows\System32\svchost.exe
CommandLine: C:\Windows\system32\svchost.exe -k LocalService
CurrentDirectory: C:\Windows\system32\
User: NT AUTHORITY\LOCAL SERVICE
LogonGuid: {CC41BF7E-4CD0-5A01-0000-0020E5030000}
LogonId: 0x3E5
TerminalSessionId: 0
IntegrityLevel: System
Hashes: SHA1=0DAC68816AE7C09EFC24D11C27C3274DFD147DEE
ParentProcessGuid: {CC41BF7E-4CCC-5A01-0000-001065750000}
ParentProcessId: 552
ParentImage: C:\Windows\System32\services.exe
ParentCommandLine: C:\Windows\system32\services.exe"
情報,2019/11/07 15:04:10,Microsoft-Windows-Sysmon,1,Process Create (rule: ProcessCreate),"Process Create:
UtcTime: 2019-11-07 06:04:01.200
ProcessGuid: {CC41BF7E-4CD1-5A01-0000-001079040100}
ProcessId: 956
Image: C:\Windows\System32\svchost.exe
CommandLine: C:\Windows\System32\svchost.exe -k LocalServiceNetworkRestricted
CurrentDirectory: C:\Windows\system32\
User: NT AUTHORITY\LOCAL SERVICE
LogonGuid: {CC41BF7E-4CD0-5A01-0000-0020E5030000}
LogonId: 0x3E5
TerminalSessionId: 0
IntegrityLevel: System
Hashes: SHA1=0DAC68816AE7C09EFC24D11C27C3274DFD147DEE
ParentProcessGuid: {CC41BF7E-4CCC-5A01-0000-001065750000}
ParentProcessId: 552
ParentImage: C:\Windows\System32\services.exe
ParentCommandLine: C:\Windows\system32\services.exe"
情報,2019/11/07 15:04:10,Microsoft-Windows-Sysmon,1,Process Create (rule: ProcessCreate),"Process Create:
UtcTime: 2019-11-07 06:04:01.198
ProcessGuid: {CC41BF7E-4CD1-5A01-0000-001018040100}
ProcessId: 948
Image: C:\Windows\System32\svchost.exe
CommandLine: C:\Windows\system32\svchost.exe -k LocalServiceNoNetwork
CurrentDirectory: C:\Windows\system32\
User: NT AUTHORITY\LOCAL SERVICE
LogonGuid: {CC41BF7E-4CD0-5A01-0000-0020E5030000}
LogonId: 0x3E5
TerminalSessionId: 0
IntegrityLevel: System
Hashes: SHA1=0DAC68816AE7C09EFC24D11C27C3274DFD147DEE
ParentProcessGuid: {CC41BF7E-4CCC-5A01-0000-001065750000}
ParentProcessId: 552
ParentImage: C:\Windows\System32\services.exe
ParentCommandLine: C:\Windows\system32\services.exe"
情報,2019/11/07 15:04:10,Microsoft-Windows-Sysmon,1,Process Create (rule: ProcessCreate),"Process Create:
UtcTime: 2019-11-07 06:04:00.369
ProcessGuid: {CC41BF7E-4CD0-5A01-0000-00101AF00000}
ProcessId: 900
Image: C:\Windows\System32\svchost.exe
CommandLine: C:\Windows\system32\svchost.exe -k netsvcs
CurrentDirectory: C:\Windows\system32\
User: NT AUTHORITY\SYSTEM
LogonGuid: {CC41BF7E-4CCC-5A01-0000-0020E7030000}
LogonId: 0x3E7
TerminalSessionId: 0
IntegrityLevel: System
Hashes: SHA1=0DAC68816AE7C09EFC24D11C27C3274DFD147DEE
ParentProcessGuid: {CC41BF7E-4CCC-5A01-0000-001065750000}
ParentProcessId: 552
ParentImage: C:\Windows\System32\services.exe
ParentCommandLine: C:\Windows\system32\services.exe"
情報,2019/11/07 15:04:10,Microsoft-Windows-Sysmon,1,Process Create (rule: ProcessCreate),"Process Create:
UtcTime: 2019-11-07 06:03:58.334
ProcessGuid: {CC41BF7E-4CCE-5A01-0000-00109EDD0000}
ProcessId: 812
Image: C:\Windows\System32\LogonUI.exe
CommandLine: ""LogonUI.exe"" /flags:0x0 /state0:0xa3bca855 /state1:0x41c64e6d
CurrentDirectory: C:\Windows\system32\
User: NT AUTHORITY\SYSTEM
LogonGuid: {CC41BF7E-4CCC-5A01-0000-0020E7030000}
LogonId: 0x3E7
TerminalSessionId: 1
IntegrityLevel: System
Hashes: SHA1=D14F98FA954E585672D8505DFBB1F8240C49EDA1
ParentProcessGuid: {CC41BF7E-4CCC-5A01-0000-001086700000}
ParentProcessId: 512
ParentImage: C:\Windows\System32\winlogon.exe
ParentCommandLine: winlogon.exe"
情報,2019/11/07 15:04:10,Microsoft-Windows-Sysmon,1,Process Create (rule: ProcessCreate),"Process Create:
UtcTime: 2019-11-07 06:03:58.152
ProcessGuid: {CC41BF7E-4CCE-5A01-0000-001056D40000}
ProcessId: 716
Image: C:\Windows\System32\svchost.exe
CommandLine: C:\Windows\system32\svchost.exe -k RPCSS
CurrentDirectory: C:\Windows\system32\
User: NT AUTHORITY\NETWORK SERVICE
LogonGuid: {CC41BF7E-4CCE-5A01-0000-0020E4030000}
LogonId: 0x3E4
TerminalSessionId: 0
IntegrityLevel: System
Hashes: SHA1=0DAC68816AE7C09EFC24D11C27C3274DFD147DEE
ParentProcessGuid: {CC41BF7E-4CCC-5A01-0000-001065750000}
ParentProcessId: 552
ParentImage: C:\Windows\System32\services.exe
ParentCommandLine: C:\Windows\system32\services.exe"
情報,2019/11/07 15:04:10,Microsoft-Windows-Sysmon,1,Process Create (rule: ProcessCreate),"Process Create:
UtcTime: 2019-11-07 06:03:57.866
ProcessGuid: {CC41BF7E-4CCD-5A01-0000-0010D0890000}
ProcessId: 664
Image: C:\Windows\System32\svchost.exe
CommandLine: C:\Windows\system32\svchost.exe -k DcomLaunch
CurrentDirectory: C:\Windows\system32\
User: NT AUTHORITY\SYSTEM
LogonGuid: {CC41BF7E-4CCC-5A01-0000-0020E7030000}
LogonId: 0x3E7
TerminalSessionId: 0
IntegrityLevel: System
Hashes: SHA1=0DAC68816AE7C09EFC24D11C27C3274DFD147DEE
ParentProcessGuid: {CC41BF7E-4CCC-5A01-0000-001065750000}
ParentProcessId: 552
ParentImage: C:\Windows\System32\services.exe
ParentCommandLine: C:\Windows\system32\services.exe"
情報,2019/11/07 15:04:10,Microsoft-Windows-Sysmon,1,Process Create (rule: ProcessCreate),"Process Create:
UtcTime: 2019-11-07 06:03:56.602
ProcessGuid: {CC41BF7E-4CCC-5A01-0000-0010AF760000}
ProcessId: 560
Image: C:\Windows\System32\lsass.exe
CommandLine: C:\Windows\system32\lsass.exe
CurrentDirectory: C:\Windows\system32\
User: NT AUTHORITY\SYSTEM
LogonGuid: {CC41BF7E-4CCC-5A01-0000-0020E7030000}
LogonId: 0x3E7
TerminalSessionId: 0
IntegrityLevel: System
Hashes: SHA1=EBC9E392BEA1ABD4E3429A1DFE01DDC0F865B054
ParentProcessGuid: {CC41BF7E-4CCC-5A01-0000-0010B46D0000}
ParentProcessId: 448
ParentImage: C:\Windows\System32\wininit.exe
ParentCommandLine: wininit.exe"
情報,2019/11/07 15:04:10,Microsoft-Windows-Sysmon,1,Process Create (rule: ProcessCreate),"Process Create:
UtcTime: 2019-11-07 06:03:56.579
ProcessGuid: {CC41BF7E-4CCC-5A01-0000-001065750000}
ProcessId: 552
Image: C:\Windows\System32\services.exe
CommandLine: C:\Windows\system32\services.exe
CurrentDirectory: C:\Windows\system32\
User: NT AUTHORITY\SYSTEM
LogonGuid: {CC41BF7E-4CCC-5A01-0000-0020E7030000}
LogonId: 0x3E7
TerminalSessionId: 0
IntegrityLevel: System
Hashes: SHA1=9E9401E57780AC3C1B0BDA37A735C84D00AC2395
ParentProcessGuid: {CC41BF7E-4CCC-5A01-0000-0010B46D0000}
ParentProcessId: 448
ParentImage: C:\Windows\System32\wininit.exe
ParentCommandLine: wininit.exe"
情報,2019/11/07 15:04:10,Microsoft-Windows-Sysmon,5,Process terminated (rule: ProcessTerminate),"Process terminated:
UtcTime: 2019-11-07 06:03:56.477
ProcessGuid: {CC41BF7E-4CCC-5A01-0000-00109B6D0000}
ProcessId: 440
Image: C:\Windows\System32\smss.exe"
情報,2019/11/07 15:04:10,Microsoft-Windows-Sysmon,1,Process Create (rule: ProcessCreate),"Process Create:
UtcTime: 2019-11-07 06:03:56.488
ProcessGuid: {CC41BF7E-4CCC-5A01-0000-001086700000}
ProcessId: 512
Image: C:\Windows\System32\winlogon.exe
CommandLine: winlogon.exe
CurrentDirectory: C:\Windows\system32\
User: NT AUTHORITY\SYSTEM
LogonGuid: {CC41BF7E-4CCC-5A01-0000-0020E7030000}
LogonId: 0x3E7
TerminalSessionId: 1
IntegrityLevel: System
Hashes: SHA1=1478B34132FA7C0B9BB6B5947259230CCC1CC849
ParentProcessGuid: {CC41BF7E-4CCC-5A01-0000-00109B6D0000}
ParentProcessId: 440
ParentImage: C:\Windows\System32\smss.exe
ParentCommandLine: \SystemRoot\System32\smss.exe 000000cc 0000007c "
情報,2019/11/07 15:04:10,Microsoft-Windows-Sysmon,1,Process Create (rule: ProcessCreate),"Process Create:
UtcTime: 2019-11-07 06:03:56.445
ProcessGuid: {CC41BF7E-4CCC-5A01-0000-00102F6E0000}
ProcessId: 460
Image: C:\Windows\System32\csrss.exe
CommandLine: %SystemRoot%\system32\csrss.exe ObjectDirectory=\Windows SharedSection=1024,20480,768 Windows=On SubSystemType=Windows ServerDll=basesrv,1 ServerDll=winsrv:UserServerDllInitialization,3 ServerDll=sxssrv,4 ProfileControl=Off MaxRequestThreads=16
CurrentDirectory: C:\Windows\system32\
User: NT AUTHORITY\SYSTEM
LogonGuid: {CC41BF7E-4CCC-5A01-0000-0020E7030000}
LogonId: 0x3E7
TerminalSessionId: 1
IntegrityLevel: System
Hashes: SHA1=F6EC4F4C5509B67F864E8C0FAE8FBE37E662AD47
ParentProcessGuid: {CC41BF7E-4CCC-5A01-0000-00109B6D0000}
ParentProcessId: 440
ParentImage: C:\Windows\System32\smss.exe
ParentCommandLine: \SystemRoot\System32\smss.exe 000000cc 0000007c "
情報,2019/11/07 15:04:10,Microsoft-Windows-Sysmon,5,Process terminated (rule: ProcessTerminate),"Process terminated:
UtcTime: 2019-11-07 06:03:56.431
ProcessGuid: {CC41BF7E-4CCC-5A01-0000-0010E7690000}
ProcessId: 368
Image: C:\Windows\System32\smss.exe"
情報,2019/11/07 15:04:10,Microsoft-Windows-Sysmon,1,Process Create (rule: ProcessCreate),"Process Create:
UtcTime: 2019-11-07 06:03:56.439
ProcessGuid: {CC41BF7E-4CCC-5A01-0000-0010B46D0000}
ProcessId: 448
Image: C:\Windows\System32\wininit.exe
CommandLine: wininit.exe
CurrentDirectory: C:\Windows\system32\
User: NT AUTHORITY\SYSTEM
LogonGuid: {CC41BF7E-4CCC-5A01-0000-0020E7030000}
LogonId: 0x3E7
TerminalSessionId: 0
IntegrityLevel: System
Hashes: SHA1=C710B6C67C34889571E797B7C8D73AEFB52C6002
ParentProcessGuid: {CC41BF7E-4CCC-5A01-0000-0010E7690000}
ParentProcessId: 368
ParentImage: C:\Windows\System32\smss.exe
ParentCommandLine: \SystemRoot\System32\smss.exe 00000078 0000007c "
情報,2019/11/07 15:04:10,Microsoft-Windows-Sysmon,1,Process Create (rule: ProcessCreate),"Process Create:
UtcTime: 2019-11-07 06:03:56.438
ProcessGuid: {CC41BF7E-4CCC-5A01-0000-00109B6D0000}
ProcessId: 440
Image: C:\Windows\System32\smss.exe
CommandLine: \SystemRoot\System32\smss.exe 000000cc 0000007c 
CurrentDirectory: C:\Windows\
User: NT AUTHORITY\SYSTEM
LogonGuid: {CC41BF7E-4CCC-5A01-0000-0020E7030000}
LogonId: 0x3E7
TerminalSessionId: 1
IntegrityLevel: System
Hashes: SHA1=D1AF138271C0AAF33231CA6B69EC292825E4344F
ParentProcessGuid: {CC41BF7E-4CB9-5A01-0000-0010C84C0000}
ParentProcessId: 292
ParentImage: C:\Windows\System32\smss.exe
ParentCommandLine: \SystemRoot\System32\smss.exe"
情報,2019/11/07 15:04:10,Microsoft-Windows-Sysmon,1,Process Create (rule: ProcessCreate),"Process Create:
UtcTime: 2019-11-07 06:03:56.367
ProcessGuid: {CC41BF7E-4CCC-5A01-0000-00107C6A0000}
ProcessId: 376
Image: C:\Windows\System32\csrss.exe
CommandLine: %SystemRoot%\system32\csrss.exe ObjectDirectory=\Windows SharedSection=1024,20480,768 Windows=On SubSystemType=Windows ServerDll=basesrv,1 ServerDll=winsrv:UserServerDllInitialization,3 ServerDll=sxssrv,4 ProfileControl=Off MaxRequestThreads=16
CurrentDirectory: C:\Windows\system32\
User: NT AUTHORITY\SYSTEM
LogonGuid: {CC41BF7E-4CCC-5A01-0000-0020E7030000}
LogonId: 0x3E7
TerminalSessionId: 0
IntegrityLevel: System
Hashes: SHA1=F6EC4F4C5509B67F864E8C0FAE8FBE37E662AD47
ParentProcessGuid: {CC41BF7E-4CCC-5A01-0000-0010E7690000}
ParentProcessId: 368
ParentImage: C:\Windows\System32\smss.exe
ParentCommandLine: \SystemRoot\System32\smss.exe 00000078 0000007c "
情報,2019/11/07 15:04:10,Microsoft-Windows-Sysmon,1,Process Create (rule: ProcessCreate),"Process Create:
UtcTime: 2019-11-07 06:03:56.256
ProcessGuid: {CC41BF7E-4CCC-5A01-0000-0010E7690000}
ProcessId: 368
Image: C:\Windows\System32\smss.exe
CommandLine: \SystemRoot\System32\smss.exe 00000078 0000007c 
CurrentDirectory: C:\Windows\
User: NT AUTHORITY\SYSTEM
LogonGuid: {CC41BF7E-4CCC-5A01-0000-0020E7030000}
LogonId: 0x3E7
TerminalSessionId: 0
IntegrityLevel: System
Hashes: SHA1=D1AF138271C0AAF33231CA6B69EC292825E4344F
ParentProcessGuid: {CC41BF7E-4CB9-5A01-0000-0010C84C0000}
ParentProcessId: 292
ParentImage: C:\Windows\System32\smss.exe
ParentCommandLine: \SystemRoot\System32\smss.exe"
情報,2019/11/07 15:04:10,Microsoft-Windows-Sysmon,9,RawAccessRead detected (rule: RawAccessRead),"RawAccessRead detected:
UtcTime: 2019-11-07 06:03:56.196
ProcessGuid: {CC41BF7E-4CB9-5A01-0000-0010C84C0000}
ProcessId: 292
Image: C:\Windows\System32\smss.exe
Device: \Device\HarddiskVolume2"
情報,2019/11/07 15:04:10,Microsoft-Windows-Sysmon,9,RawAccessRead detected (rule: RawAccessRead),"RawAccessRead detected:
UtcTime: 2019-11-07 06:03:56.196
ProcessGuid: {CC41BF7E-4CB9-5A01-0000-0010C84C0000}
ProcessId: 292
Image: C:\Windows\System32\smss.exe
Device: \Device\HarddiskVolume2"
情報,2019/11/07 15:04:10,Microsoft-Windows-Sysmon,9,RawAccessRead detected (rule: RawAccessRead),"RawAccessRead detected:
UtcTime: 2019-11-07 06:03:56.134
ProcessGuid: {CC41BF7E-4CB9-5A01-0000-0010C84C0000}
ProcessId: 292
Image: C:\Windows\System32\smss.exe
Device: \Device\HarddiskVolume2"
情報,2019/11/07 15:04:10,Microsoft-Windows-Sysmon,9,RawAccessRead detected (rule: RawAccessRead),"RawAccessRead detected:
UtcTime: 2019-11-07 06:03:56.134
ProcessGuid: {CC41BF7E-4CB9-5A01-0000-0010C84C0000}
ProcessId: 292
Image: C:\Windows\System32\smss.exe
Device: \Device\HarddiskVolume2"
情報,2019/11/07 15:04:10,Microsoft-Windows-Sysmon,9,RawAccessRead detected (rule: RawAccessRead),"RawAccessRead detected:
UtcTime: 2019-11-07 06:03:56.134
ProcessGuid: {CC41BF7E-4CB9-5A01-0000-0010C84C0000}
ProcessId: 292
Image: C:\Windows\System32\smss.exe
Device: \Device\HarddiskVolume2"
情報,2019/11/07 15:04:10,Microsoft-Windows-Sysmon,9,RawAccessRead detected (rule: RawAccessRead),"RawAccessRead detected:
UtcTime: 2019-11-07 06:03:56.134
ProcessGuid: {CC41BF7E-4CB9-5A01-0000-0010C84C0000}
ProcessId: 292
Image: C:\Windows\System32\smss.exe
Device: \Device\HarddiskVolume2"
情報,2019/11/07 15:04:10,Microsoft-Windows-Sysmon,9,RawAccessRead detected (rule: RawAccessRead),"RawAccessRead detected:
UtcTime: 2019-11-07 06:03:56.134
ProcessGuid: {CC41BF7E-4CB9-5A01-0000-0010C84C0000}
ProcessId: 292
Image: C:\Windows\System32\smss.exe
Device: \Device\HarddiskVolume2"
情報,2019/11/07 15:04:10,Microsoft-Windows-Sysmon,9,RawAccessRead detected (rule: RawAccessRead),"RawAccessRead detected:
UtcTime: 2019-11-07 06:03:56.134
ProcessGuid: {CC41BF7E-4CB9-5A01-0000-0010C84C0000}
ProcessId: 292
Image: C:\Windows\System32\smss.exe
Device: \Device\HarddiskVolume2"
情報,2019/11/07 15:04:10,Microsoft-Windows-Sysmon,9,RawAccessRead detected (rule: RawAccessRead),"RawAccessRead detected:
UtcTime: 2019-11-07 06:03:56.134
ProcessGuid: {CC41BF7E-4CB9-5A01-0000-0010C84C0000}
ProcessId: 292
Image: C:\Windows\System32\smss.exe
Device: \Device\HarddiskVolume2"
情報,2019/11/07 15:04:10,Microsoft-Windows-Sysmon,9,RawAccessRead detected (rule: RawAccessRead),"RawAccessRead detected:
UtcTime: 2019-11-07 06:03:56.134
ProcessGuid: {CC41BF7E-4CB9-5A01-0000-0010C84C0000}
ProcessId: 292
Image: C:\Windows\System32\smss.exe
Device: \Device\HarddiskVolume2"
情報,2019/11/07 15:04:10,Microsoft-Windows-Sysmon,9,RawAccessRead detected (rule: RawAccessRead),"RawAccessRead detected:
UtcTime: 2019-11-07 06:03:56.134
ProcessGuid: {CC41BF7E-4CB9-5A01-0000-0010C84C0000}
ProcessId: 292
Image: C:\Windows\System32\smss.exe
Device: \Device\Harddisk0\DR0"
情報,2019/11/07 15:04:10,Microsoft-Windows-Sysmon,9,RawAccessRead detected (rule: RawAccessRead),"RawAccessRead detected:
UtcTime: 2019-11-07 06:03:56.134
ProcessGuid: {CC41BF7E-4CB9-5A01-0000-0010C84C0000}
ProcessId: 292
Image: C:\Windows\System32\smss.exe
Device: \Device\Harddisk0\DR0"
情報,2019/11/07 15:04:10,Microsoft-Windows-Sysmon,9,RawAccessRead detected (rule: RawAccessRead),"RawAccessRead detected:
UtcTime: 2019-11-07 06:03:56.118
ProcessGuid: {CC41BF7E-4CB9-5A01-0000-0010C84C0000}
ProcessId: 292
Image: C:\Windows\System32\smss.exe
Device: \Device\HarddiskVolume1"
情報,2019/11/07 15:04:10,Microsoft-Windows-Sysmon,9,RawAccessRead detected (rule: RawAccessRead),"RawAccessRead detected:
UtcTime: 2019-11-07 06:03:56.118
ProcessGuid: {CC41BF7E-4CB9-5A01-0000-0010C84C0000}
ProcessId: 292
Image: C:\Windows\System32\smss.exe
Device: \Device\HarddiskVolume1"
