情報,2019/11/07 16:40:32,Microsoft-Windows-Sysmon,5,Process terminated (rule: ProcessTerminate),"Process terminated:
UtcTime: 2019-11-07 07:40:32.883
ProcessGuid: {CC41BF7E-633B-5A01-0000-0010E3D03600}
ProcessId: 4780
Image: C:\Program Files\Internet Explorer\iexplore.exe"
情報,2019/11/07 16:40:32,Microsoft-Windows-Sysmon,5,Process terminated (rule: ProcessTerminate),"Process terminated:
UtcTime: 2019-11-07 07:40:32.836
ProcessGuid: {CC41BF7E-633C-5A01-0000-001060DB3600}
ProcessId: 1512
Image: C:\Program Files (x86)\Internet Explorer\iexplore.exe"
情報,2019/11/07 16:40:32,Microsoft-Windows-Sysmon,2,File creation time changed (rule: FileCreateTime),"File creation time changed:
UtcTime: 2019-11-07 07:40:32.790
ProcessGuid: {CC41BF7E-633B-5A01-0000-0010E3D03600}
ProcessId: 4780
Image: C:\Program Files\Internet Explorer\iexplore.exe
TargetFilename: C:\Users\maebashi.gunma\AppData\Roaming\Microsoft\Windows\Recent\CustomDestinations\FSKJ5ZGUF6LA7IY031EV.temp
CreationUtcTime: 2019-09-20 02:25:16.046
PreviousCreationUtcTime: 2019-11-07 07:40:32.790"
情報,2019/11/07 16:40:16,Microsoft-Windows-Sysmon,5,Process terminated (rule: ProcessTerminate),"Process terminated:
UtcTime: 2019-11-07 07:40:16.149
ProcessGuid: {CC41BF7E-6233-5A01-0000-001076E83500}
ProcessId: 5628
Image: C:\Windows\System32\svchost.exe"
情報,2019/11/07 16:39:40,Microsoft-Windows-Sysmon,1,Process Create (rule: ProcessCreate),"Process Create:
UtcTime: 2019-11-07 07:39:40.029
ProcessGuid: {CC41BF7E-633C-5A01-0000-001060DB3600}
ProcessId: 1512
Image: C:\Program Files (x86)\Internet Explorer\iexplore.exe
CommandLine: ""C:\Program Files (x86)\Internet Explorer\IEXPLORE.EXE"" SCODEF:4780 CREDAT:140545 /prefetch:2
CurrentDirectory: C:\Users\maebashi.gunma\Desktop\
User: EXAMPLE\maebashi.gunma
LogonGuid: {CC41BF7E-4CE6-5A01-0000-002031FB0200}
LogonId: 0x2FB31
TerminalSessionId: 1
IntegrityLevel: Low
Hashes: SHA1=B2533AE4CDAA5F2B0B38A76B8EB65F12C7B225EC
ParentProcessGuid: {CC41BF7E-633B-5A01-0000-0010E3D03600}
ParentProcessId: 4780
ParentImage: C:\Program Files\Internet Explorer\iexplore.exe
ParentCommandLine: ""C:\Program Files\Internet Explorer\iexplore.exe"" -Embedding"
情報,2019/11/07 16:39:39,Microsoft-Windows-Sysmon,1,Process Create (rule: ProcessCreate),"Process Create:
UtcTime: 2019-11-07 07:39:39.855
ProcessGuid: {CC41BF7E-633B-5A01-0000-0010E3D03600}
ProcessId: 4780
Image: C:\Program Files\Internet Explorer\iexplore.exe
CommandLine: ""C:\Program Files\Internet Explorer\iexplore.exe"" -Embedding
CurrentDirectory: C:\Windows\system32\
User: EXAMPLE\maebashi.gunma
LogonGuid: {CC41BF7E-4CE6-5A01-0000-002031FB0200}
LogonId: 0x2FB31
TerminalSessionId: 1
IntegrityLevel: Medium
Hashes: SHA1=F0FEB5350BD497A9E9BF77ED072315E64ABFFA33
ParentProcessGuid: {CC41BF7E-4CCD-5A01-0000-0010D0890000}
ParentProcessId: 664
ParentImage: C:\Windows\System32\svchost.exe
ParentCommandLine: C:\Windows\system32\svchost.exe -k DcomLaunch"
情報,2019/11/07 16:39:32,Microsoft-Windows-Sysmon,5,Process terminated (rule: ProcessTerminate),"Process terminated:
UtcTime: 2019-11-07 07:39:32.836
ProcessGuid: {CC41BF7E-6320-5A01-0000-0010439B3600}
ProcessId: 5724
Image: C:\Program Files\Internet Explorer\iexplore.exe"
情報,2019/11/07 16:39:32,Microsoft-Windows-Sysmon,5,Process terminated (rule: ProcessTerminate),"Process terminated:
UtcTime: 2019-11-07 07:39:32.789
ProcessGuid: {CC41BF7E-6320-5A01-0000-0010C2A53600}
ProcessId: 1280
Image: C:\Program Files (x86)\Internet Explorer\iexplore.exe"
情報,2019/11/07 16:39:12,Microsoft-Windows-Sysmon,1,Process Create (rule: ProcessCreate),"Process Create:
UtcTime: 2019-11-07 07:39:12.978
ProcessGuid: {CC41BF7E-6320-5A01-0000-0010C2A53600}
ProcessId: 1280
Image: C:\Program Files (x86)\Internet Explorer\iexplore.exe
CommandLine: ""C:\Program Files (x86)\Internet Explorer\IEXPLORE.EXE"" SCODEF:5724 CREDAT:140545 /prefetch:2
CurrentDirectory: C:\Users\maebashi.gunma\Desktop\
User: EXAMPLE\maebashi.gunma
LogonGuid: {CC41BF7E-4CE6-5A01-0000-002031FB0200}
LogonId: 0x2FB31
TerminalSessionId: 1
IntegrityLevel: Low
Hashes: SHA1=B2533AE4CDAA5F2B0B38A76B8EB65F12C7B225EC
ParentProcessGuid: {CC41BF7E-6320-5A01-0000-0010439B3600}
ParentProcessId: 5724
ParentImage: C:\Program Files\Internet Explorer\iexplore.exe
ParentCommandLine: ""C:\Program Files\Internet Explorer\iexplore.exe"" -Embedding"
情報,2019/11/07 16:39:12,Microsoft-Windows-Sysmon,1,Process Create (rule: ProcessCreate),"Process Create:
UtcTime: 2019-11-07 07:39:12.840
ProcessGuid: {CC41BF7E-6320-5A01-0000-0010439B3600}
ProcessId: 5724
Image: C:\Program Files\Internet Explorer\iexplore.exe
CommandLine: ""C:\Program Files\Internet Explorer\iexplore.exe"" -Embedding
CurrentDirectory: C:\Windows\system32\
User: EXAMPLE\maebashi.gunma
LogonGuid: {CC41BF7E-4CE6-5A01-0000-002031FB0200}
LogonId: 0x2FB31
TerminalSessionId: 1
IntegrityLevel: Medium
Hashes: SHA1=F0FEB5350BD497A9E9BF77ED072315E64ABFFA33
ParentProcessGuid: {CC41BF7E-4CCD-5A01-0000-0010D0890000}
ParentProcessId: 664
ParentImage: C:\Windows\System32\svchost.exe
ParentCommandLine: C:\Windows\system32\svchost.exe -k DcomLaunch"
情報,2019/11/07 16:38:41,Microsoft-Windows-Sysmon,5,Process terminated (rule: ProcessTerminate),"Process terminated:
UtcTime: 2019-11-07 07:38:41.164
ProcessGuid: {CC41BF7E-62F5-5A01-0000-00109E633600}
ProcessId: 6092
Image: C:\Program Files\Internet Explorer\iexplore.exe"
情報,2019/11/07 16:38:41,Microsoft-Windows-Sysmon,5,Process terminated (rule: ProcessTerminate),"Process terminated:
UtcTime: 2019-11-07 07:38:41.149
ProcessGuid: {CC41BF7E-62F5-5A01-0000-00101C6E3600}
ProcessId: 3436
Image: C:\Program Files (x86)\Internet Explorer\iexplore.exe"
情報,2019/11/07 16:38:29,Microsoft-Windows-Sysmon,1,Process Create (rule: ProcessCreate),"Process Create:
UtcTime: 2019-11-07 07:38:29.636
ProcessGuid: {CC41BF7E-62F5-5A01-0000-00101C6E3600}
ProcessId: 3436
Image: C:\Program Files (x86)\Internet Explorer\iexplore.exe
CommandLine: ""C:\Program Files (x86)\Internet Explorer\IEXPLORE.EXE"" SCODEF:6092 CREDAT:140545 /prefetch:2
CurrentDirectory: C:\Users\maebashi.gunma\Desktop\
User: EXAMPLE\maebashi.gunma
LogonGuid: {CC41BF7E-4CE6-5A01-0000-002031FB0200}
LogonId: 0x2FB31
TerminalSessionId: 1
IntegrityLevel: Low
Hashes: SHA1=B2533AE4CDAA5F2B0B38A76B8EB65F12C7B225EC
ParentProcessGuid: {CC41BF7E-62F5-5A01-0000-00109E633600}
ParentProcessId: 6092
ParentImage: C:\Program Files\Internet Explorer\iexplore.exe
ParentCommandLine: ""C:\Program Files\Internet Explorer\iexplore.exe"" -Embedding"
情報,2019/11/07 16:38:29,Microsoft-Windows-Sysmon,1,Process Create (rule: ProcessCreate),"Process Create:
UtcTime: 2019-11-07 07:38:29.491
ProcessGuid: {CC41BF7E-62F5-5A01-0000-00109E633600}
ProcessId: 6092
Image: C:\Program Files\Internet Explorer\iexplore.exe
CommandLine: ""C:\Program Files\Internet Explorer\iexplore.exe"" -Embedding
CurrentDirectory: C:\Windows\system32\
User: EXAMPLE\maebashi.gunma
LogonGuid: {CC41BF7E-4CE6-5A01-0000-002031FB0200}
LogonId: 0x2FB31
TerminalSessionId: 1
IntegrityLevel: Medium
Hashes: SHA1=F0FEB5350BD497A9E9BF77ED072315E64ABFFA33
ParentProcessGuid: {CC41BF7E-4CCD-5A01-0000-0010D0890000}
ParentProcessId: 664
ParentImage: C:\Windows\System32\svchost.exe
ParentCommandLine: C:\Windows\system32\svchost.exe -k DcomLaunch"
情報,2019/11/07 16:36:46,Microsoft-Windows-Sysmon,5,Process terminated (rule: ProcessTerminate),"Process terminated:
UtcTime: 2019-11-07 07:36:46.518
ProcessGuid: {CC41BF7E-6283-5A01-0000-00104A213600}
ProcessId: 3420
Image: C:\Program Files\Internet Explorer\iexplore.exe"
情報,2019/11/07 16:36:46,Microsoft-Windows-Sysmon,5,Process terminated (rule: ProcessTerminate),"Process terminated:
UtcTime: 2019-11-07 07:36:46.486
ProcessGuid: {CC41BF7E-6283-5A01-0000-0010B72B3600}
ProcessId: 5368
Image: C:\Program Files (x86)\Internet Explorer\iexplore.exe"
情報,2019/11/07 16:36:35,Microsoft-Windows-Sysmon,1,Process Create (rule: ProcessCreate),"Process Create:
UtcTime: 2019-11-07 07:36:35.647
ProcessGuid: {CC41BF7E-6283-5A01-0000-0010B72B3600}
ProcessId: 5368
Image: C:\Program Files (x86)\Internet Explorer\iexplore.exe
CommandLine: ""C:\Program Files (x86)\Internet Explorer\IEXPLORE.EXE"" SCODEF:3420 CREDAT:140545 /prefetch:2
CurrentDirectory: C:\Users\maebashi.gunma\Desktop\
User: EXAMPLE\maebashi.gunma
LogonGuid: {CC41BF7E-4CE6-5A01-0000-002031FB0200}
LogonId: 0x2FB31
TerminalSessionId: 1
IntegrityLevel: Low
Hashes: SHA1=B2533AE4CDAA5F2B0B38A76B8EB65F12C7B225EC
ParentProcessGuid: {CC41BF7E-6283-5A01-0000-00104A213600}
ParentProcessId: 3420
ParentImage: C:\Program Files\Internet Explorer\iexplore.exe
ParentCommandLine: ""C:\Program Files\Internet Explorer\iexplore.exe"" -Embedding"
情報,2019/11/07 16:36:35,Microsoft-Windows-Sysmon,1,Process Create (rule: ProcessCreate),"Process Create:
UtcTime: 2019-11-07 07:36:35.506
ProcessGuid: {CC41BF7E-6283-5A01-0000-00104A213600}
ProcessId: 3420
Image: C:\Program Files\Internet Explorer\iexplore.exe
CommandLine: ""C:\Program Files\Internet Explorer\iexplore.exe"" -Embedding
CurrentDirectory: C:\Windows\system32\
User: EXAMPLE\maebashi.gunma
LogonGuid: {CC41BF7E-4CE6-5A01-0000-002031FB0200}
LogonId: 0x2FB31
TerminalSessionId: 1
IntegrityLevel: Medium
Hashes: SHA1=F0FEB5350BD497A9E9BF77ED072315E64ABFFA33
ParentProcessGuid: {CC41BF7E-4CCD-5A01-0000-0010D0890000}
ParentProcessId: 664
ParentImage: C:\Windows\System32\svchost.exe
ParentCommandLine: C:\Windows\system32\svchost.exe -k DcomLaunch"
情報,2019/11/07 16:35:43,Microsoft-Windows-Sysmon,5,Process terminated (rule: ProcessTerminate),"Process terminated:
UtcTime: 2019-11-07 07:35:43.439
ProcessGuid: {CC41BF7E-6242-5A01-0000-001003163600}
ProcessId: 5760
Image: C:\Windows\System32\conhost.exe"
情報,2019/11/07 16:35:43,Microsoft-Windows-Sysmon,5,Process terminated (rule: ProcessTerminate),"Process terminated:
UtcTime: 2019-11-07 07:35:43.439
ProcessGuid: {CC41BF7E-6242-5A01-0000-00108D153600}
ProcessId: 5400
Image: C:\Windows\System32\gpupdate.exe"
情報,2019/11/07 16:35:30,Microsoft-Windows-Sysmon,9,RawAccessRead detected (rule: RawAccessRead),"RawAccessRead detected:
UtcTime: 2019-11-07 07:35:30.002
ProcessGuid: {CC41BF7E-4CB9-5A01-0000-0010EB030000}
ProcessId: 4
Image: System
Device: \Device\HarddiskVolume2"
情報,2019/11/07 16:35:30,Microsoft-Windows-Sysmon,9,RawAccessRead detected (rule: RawAccessRead),"RawAccessRead detected:
UtcTime: 2019-11-07 07:35:30.002
ProcessGuid: {CC41BF7E-4CB9-5A01-0000-0010EB030000}
ProcessId: 4
Image: System
Device: \Device\HarddiskVolume1"
情報,2019/11/07 16:35:30,Microsoft-Windows-Sysmon,1,Process Create (rule: ProcessCreate),"Process Create:
UtcTime: 2019-11-07 07:35:30.014
ProcessGuid: {CC41BF7E-6242-5A01-0000-001003163600}
ProcessId: 5760
Image: C:\Windows\System32\conhost.exe
CommandLine: \??\C:\Windows\system32\conhost.exe 0xffffffff -ForceV1
CurrentDirectory: C:\Windows
User: NT AUTHORITY\NETWORK SERVICE
LogonGuid: {CC41BF7E-4CCE-5A01-0000-0020E4030000}
LogonId: 0x3E4
TerminalSessionId: 0
IntegrityLevel: System
Hashes: SHA1=00667A0F0C0D5E9DA697E9FF54ECDDD449259354
ParentProcessGuid: {CC41BF7E-6242-5A01-0000-00108D153600}
ParentProcessId: 5400
ParentImage: C:\Windows\System32\gpupdate.exe
ParentCommandLine: gpupdate.exe /target:user"
情報,2019/11/07 16:35:30,Microsoft-Windows-Sysmon,9,RawAccessRead detected (rule: RawAccessRead),"RawAccessRead detected:
UtcTime: 2019-11-07 07:35:30.002
ProcessGuid: {CC41BF7E-4CB9-5A01-0000-0010EB030000}
ProcessId: 4
Image: System
Device: \Device\HarddiskVolume2"
情報,2019/11/07 16:35:30,Microsoft-Windows-Sysmon,9,RawAccessRead detected (rule: RawAccessRead),"RawAccessRead detected:
UtcTime: 2019-11-07 07:35:30.002
ProcessGuid: {CC41BF7E-4CB9-5A01-0000-0010EB030000}
ProcessId: 4
Image: System
Device: \Device\HarddiskVolume1"
情報,2019/11/07 16:35:30,Microsoft-Windows-Sysmon,1,Process Create (rule: ProcessCreate),"Process Create:
UtcTime: 2019-11-07 07:35:30.005
ProcessGuid: {CC41BF7E-6242-5A01-0000-00108D153600}
ProcessId: 5400
Image: C:\Windows\System32\gpupdate.exe
CommandLine: gpupdate.exe /target:user
CurrentDirectory: C:\Windows\system32\
User: NT AUTHORITY\NETWORK SERVICE
LogonGuid: {CC41BF7E-4CCE-5A01-0000-0020E4030000}
LogonId: 0x3E4
TerminalSessionId: 0
IntegrityLevel: System
Hashes: SHA1=997316B1EF8F2381DF519201BB53D05A57A080B4
ParentProcessGuid: {CC41BF7E-4CD0-5A01-0000-00101AF00000}
ParentProcessId: 900
ParentImage: C:\Windows\System32\svchost.exe
ParentCommandLine: C:\Windows\system32\svchost.exe -k netsvcs"
情報,2019/11/07 16:35:18,Microsoft-Windows-Sysmon,5,Process terminated (rule: ProcessTerminate),"Process terminated:
UtcTime: 2019-11-07 07:35:18.471
ProcessGuid: {CC41BF7E-622B-5A01-0000-00104AB93500}
ProcessId: 2916
Image: C:\Program Files\Internet Explorer\iexplore.exe"
情報,2019/11/07 16:35:18,Microsoft-Windows-Sysmon,5,Process terminated (rule: ProcessTerminate),"Process terminated:
UtcTime: 2019-11-07 07:35:18.439
ProcessGuid: {CC41BF7E-622B-5A01-0000-0010C6C33500}
ProcessId: 1536
Image: C:\Program Files (x86)\Internet Explorer\iexplore.exe"
情報,2019/11/07 16:35:15,Microsoft-Windows-Sysmon,1,Process Create (rule: ProcessCreate),"Process Create:
UtcTime: 2019-11-07 07:35:15.786
ProcessGuid: {CC41BF7E-6233-5A01-0000-001076E83500}
ProcessId: 5628
Image: C:\Windows\System32\svchost.exe
CommandLine: C:\Windows\System32\svchost.exe -k wsappx
CurrentDirectory: C:\Windows\system32\
User: NT AUTHORITY\SYSTEM
LogonGuid: {CC41BF7E-4CCC-5A01-0000-0020E7030000}
LogonId: 0x3E7
TerminalSessionId: 0
IntegrityLevel: System
Hashes: SHA1=0DAC68816AE7C09EFC24D11C27C3274DFD147DEE
ParentProcessGuid: {CC41BF7E-4CCC-5A01-0000-001065750000}
ParentProcessId: 552
ParentImage: C:\Windows\System32\services.exe
ParentCommandLine: C:\Windows\system32\services.exe"
情報,2019/11/07 16:35:07,Microsoft-Windows-Sysmon,1,Process Create (rule: ProcessCreate),"Process Create:
UtcTime: 2019-11-07 07:35:07.677
ProcessGuid: {CC41BF7E-622B-5A01-0000-0010C6C33500}
ProcessId: 1536
Image: C:\Program Files (x86)\Internet Explorer\iexplore.exe
CommandLine: ""C:\Program Files (x86)\Internet Explorer\IEXPLORE.EXE"" SCODEF:2916 CREDAT:140545 /prefetch:2
CurrentDirectory: C:\Users\maebashi.gunma\Desktop\
User: EXAMPLE\maebashi.gunma
LogonGuid: {CC41BF7E-4CE6-5A01-0000-002031FB0200}
LogonId: 0x2FB31
TerminalSessionId: 1
IntegrityLevel: Low
Hashes: SHA1=B2533AE4CDAA5F2B0B38A76B8EB65F12C7B225EC
ParentProcessGuid: {CC41BF7E-622B-5A01-0000-00104AB93500}
ParentProcessId: 2916
ParentImage: C:\Program Files\Internet Explorer\iexplore.exe
ParentCommandLine: ""C:\Program Files\Internet Explorer\iexplore.exe"" -Embedding"
情報,2019/11/07 16:35:07,Microsoft-Windows-Sysmon,1,Process Create (rule: ProcessCreate),"Process Create:
UtcTime: 2019-11-07 07:35:07.521
ProcessGuid: {CC41BF7E-622B-5A01-0000-00104AB93500}
ProcessId: 2916
Image: C:\Program Files\Internet Explorer\iexplore.exe
CommandLine: ""C:\Program Files\Internet Explorer\iexplore.exe"" -Embedding
CurrentDirectory: C:\Windows\system32\
User: EXAMPLE\maebashi.gunma
LogonGuid: {CC41BF7E-4CE6-5A01-0000-002031FB0200}
LogonId: 0x2FB31
TerminalSessionId: 1
IntegrityLevel: Medium
Hashes: SHA1=F0FEB5350BD497A9E9BF77ED072315E64ABFFA33
ParentProcessGuid: {CC41BF7E-4CCD-5A01-0000-0010D0890000}
ParentProcessId: 664
ParentImage: C:\Windows\System32\svchost.exe
ParentCommandLine: C:\Windows\system32\svchost.exe -k DcomLaunch"
情報,2019/11/07 16:34:46,Microsoft-Windows-Sysmon,5,Process terminated (rule: ProcessTerminate),"Process terminated:
UtcTime: 2019-11-07 07:34:46.580
ProcessGuid: {CC41BF7E-61CF-5A01-0000-001060423500}
ProcessId: 2900
Image: C:\Windows\System32\SearchFilterHost.exe"
情報,2019/11/07 16:34:46,Microsoft-Windows-Sysmon,5,Process terminated (rule: ProcessTerminate),"Process terminated:
UtcTime: 2019-11-07 07:34:46.580
ProcessGuid: {CC41BF7E-61CF-5A01-0000-00104E403500}
ProcessId: 5440
Image: C:\Windows\System32\SearchProtocolHost.exe"
情報,2019/11/07 16:34:15,Microsoft-Windows-Sysmon,5,Process terminated (rule: ProcessTerminate),"Process terminated:
UtcTime: 2019-11-07 07:34:15.595
ProcessGuid: {CC41BF7E-61EC-5A01-0000-00109F793500}
ProcessId: 5084
Image: C:\Program Files\Internet Explorer\iexplore.exe"
情報,2019/11/07 16:34:15,Microsoft-Windows-Sysmon,5,Process terminated (rule: ProcessTerminate),"Process terminated:
UtcTime: 2019-11-07 07:34:15.564
ProcessGuid: {CC41BF7E-61EC-5A01-0000-001008843500}
ProcessId: 2772
Image: C:\Program Files (x86)\Internet Explorer\iexplore.exe"
情報,2019/11/07 16:34:04,Microsoft-Windows-Sysmon,1,Process Create (rule: ProcessCreate),"Process Create:
UtcTime: 2019-11-07 07:34:04.422
ProcessGuid: {CC41BF7E-61EC-5A01-0000-001008843500}
ProcessId: 2772
Image: C:\Program Files (x86)\Internet Explorer\iexplore.exe
CommandLine: ""C:\Program Files (x86)\Internet Explorer\IEXPLORE.EXE"" SCODEF:5084 CREDAT:140545 /prefetch:2
CurrentDirectory: C:\Users\maebashi.gunma\Desktop\
User: EXAMPLE\maebashi.gunma
LogonGuid: {CC41BF7E-4CE6-5A01-0000-002031FB0200}
LogonId: 0x2FB31
TerminalSessionId: 1
IntegrityLevel: Low
Hashes: SHA1=B2533AE4CDAA5F2B0B38A76B8EB65F12C7B225EC
ParentProcessGuid: {CC41BF7E-61EC-5A01-0000-00109F793500}
ParentProcessId: 5084
ParentImage: C:\Program Files\Internet Explorer\iexplore.exe
ParentCommandLine: ""C:\Program Files\Internet Explorer\iexplore.exe"" -Embedding"
情報,2019/11/07 16:34:04,Microsoft-Windows-Sysmon,1,Process Create (rule: ProcessCreate),"Process Create:
UtcTime: 2019-11-07 07:34:04.288
ProcessGuid: {CC41BF7E-61EC-5A01-0000-00109F793500}
ProcessId: 5084
Image: C:\Program Files\Internet Explorer\iexplore.exe
CommandLine: ""C:\Program Files\Internet Explorer\iexplore.exe"" -Embedding
CurrentDirectory: C:\Windows\system32\
User: EXAMPLE\maebashi.gunma
LogonGuid: {CC41BF7E-4CE6-5A01-0000-002031FB0200}
LogonId: 0x2FB31
TerminalSessionId: 1
IntegrityLevel: Medium
Hashes: SHA1=F0FEB5350BD497A9E9BF77ED072315E64ABFFA33
ParentProcessGuid: {CC41BF7E-4CCD-5A01-0000-0010D0890000}
ParentProcessId: 664
ParentImage: C:\Windows\System32\svchost.exe
ParentCommandLine: C:\Windows\system32\svchost.exe -k DcomLaunch"
情報,2019/11/07 16:34:03,Microsoft-Windows-Sysmon,5,Process terminated (rule: ProcessTerminate),"Process terminated:
UtcTime: 2019-11-07 07:34:03.251
ProcessGuid: {CC41BF7E-61E0-5A01-0000-00101C453500}
ProcessId: 1524
Image: C:\Program Files\Internet Explorer\iexplore.exe"
情報,2019/11/07 16:34:03,Microsoft-Windows-Sysmon,5,Process terminated (rule: ProcessTerminate),"Process terminated:
UtcTime: 2019-11-07 07:34:03.220
ProcessGuid: {CC41BF7E-61E0-5A01-0000-00107D4F3500}
ProcessId: 4580
Image: C:\Program Files (x86)\Internet Explorer\iexplore.exe"
情報,2019/11/07 16:33:52,Microsoft-Windows-Sysmon,1,Process Create (rule: ProcessCreate),"Process Create:
UtcTime: 2019-11-07 07:33:52.471
ProcessGuid: {CC41BF7E-61E0-5A01-0000-00107D4F3500}
ProcessId: 4580
Image: C:\Program Files (x86)\Internet Explorer\iexplore.exe
CommandLine: ""C:\Program Files (x86)\Internet Explorer\IEXPLORE.EXE"" SCODEF:1524 CREDAT:140545 /prefetch:2
CurrentDirectory: C:\Users\maebashi.gunma\Desktop\
User: EXAMPLE\maebashi.gunma
LogonGuid: {CC41BF7E-4CE6-5A01-0000-002031FB0200}
LogonId: 0x2FB31
TerminalSessionId: 1
IntegrityLevel: Low
Hashes: SHA1=B2533AE4CDAA5F2B0B38A76B8EB65F12C7B225EC
ParentProcessGuid: {CC41BF7E-61E0-5A01-0000-00101C453500}
ParentProcessId: 1524
ParentImage: C:\Program Files\Internet Explorer\iexplore.exe
ParentCommandLine: ""C:\Program Files\Internet Explorer\iexplore.exe"" -Embedding"
情報,2019/11/07 16:33:52,Microsoft-Windows-Sysmon,1,Process Create (rule: ProcessCreate),"Process Create:
UtcTime: 2019-11-07 07:33:52.333
ProcessGuid: {CC41BF7E-61E0-5A01-0000-00101C453500}
ProcessId: 1524
Image: C:\Program Files\Internet Explorer\iexplore.exe
CommandLine: ""C:\Program Files\Internet Explorer\iexplore.exe"" -Embedding
CurrentDirectory: C:\Windows\system32\
User: EXAMPLE\maebashi.gunma
LogonGuid: {CC41BF7E-4CE6-5A01-0000-002031FB0200}
LogonId: 0x2FB31
TerminalSessionId: 1
IntegrityLevel: Medium
Hashes: SHA1=F0FEB5350BD497A9E9BF77ED072315E64ABFFA33
ParentProcessGuid: {CC41BF7E-4CCD-5A01-0000-0010D0890000}
ParentProcessId: 664
ParentImage: C:\Windows\System32\svchost.exe
ParentCommandLine: C:\Windows\system32\svchost.exe -k DcomLaunch"
情報,2019/11/07 16:33:35,Microsoft-Windows-Sysmon,1,Process Create (rule: ProcessCreate),"Process Create:
UtcTime: 2019-11-07 07:33:35.824
ProcessGuid: {CC41BF7E-61CF-5A01-0000-001060423500}
ProcessId: 2900
Image: C:\Windows\System32\SearchFilterHost.exe
CommandLine: ""C:\Windows\system32\SearchFilterHost.exe"" 0 628 632 640 8192 636 
CurrentDirectory: C:\Windows\system32\
User: NT AUTHORITY\SYSTEM
LogonGuid: {CC41BF7E-4CCC-5A01-0000-0020E7030000}
LogonId: 0x3E7
TerminalSessionId: 0
IntegrityLevel: Medium
Hashes: SHA1=EB23AC4D23CB9BD84A7D76B091B95785EBE92540
ParentProcessGuid: {CC41BF7E-4CF6-5A01-0000-0010ABA70300}
ParentProcessId: 2736
ParentImage: C:\Windows\System32\SearchIndexer.exe
ParentCommandLine: C:\Windows\system32\SearchIndexer.exe /Embedding"
情報,2019/11/07 16:33:35,Microsoft-Windows-Sysmon,1,Process Create (rule: ProcessCreate),"Process Create:
UtcTime: 2019-11-07 07:33:35.799
ProcessGuid: {CC41BF7E-61CF-5A01-0000-00104E403500}
ProcessId: 5440
Image: C:\Windows\System32\SearchProtocolHost.exe
CommandLine: ""C:\Windows\system32\SearchProtocolHost.exe"" Global\UsGthrFltPipeMssGthrPipe7_ Global\UsGthrCtrlFltPipeMssGthrPipe7 1 -2147483646 ""Software\Microsoft\Windows Search"" ""Mozilla/4.0 (compatible; MSIE 6.0; Windows NT; MS Search 4.0 Robot)"" ""C:\ProgramData\Microsoft\Search\Data\Temp\usgthrsvc"" ""DownLevelDaemon"" 
CurrentDirectory: C:\Windows\system32\
User: NT AUTHORITY\SYSTEM
LogonGuid: {CC41BF7E-4CCC-5A01-0000-0020E7030000}
LogonId: 0x3E7
TerminalSessionId: 0
IntegrityLevel: System
Hashes: SHA1=DE8ADB411330C39BC9E67C1D8E753206E91E31DF
ParentProcessGuid: {CC41BF7E-4CF6-5A01-0000-0010ABA70300}
ParentProcessId: 2736
ParentImage: C:\Windows\System32\SearchIndexer.exe
ParentCommandLine: C:\Windows\system32\SearchIndexer.exe /Embedding"
情報,2019/11/07 16:32:04,Microsoft-Windows-Sysmon,5,Process terminated (rule: ProcessTerminate),"Process terminated:
UtcTime: 2019-11-07 07:32:04.390
ProcessGuid: {CC41BF7E-6169-5A01-0000-001096073500}
ProcessId: 616
Image: C:\Program Files\Internet Explorer\iexplore.exe"
情報,2019/11/07 16:32:04,Microsoft-Windows-Sysmon,5,Process terminated (rule: ProcessTerminate),"Process terminated:
UtcTime: 2019-11-07 07:32:04.359
ProcessGuid: {CC41BF7E-6169-5A01-0000-001040123500}
ProcessId: 5780
Image: C:\Program Files (x86)\Internet Explorer\iexplore.exe"
情報,2019/11/07 16:31:53,Microsoft-Windows-Sysmon,1,Process Create (rule: ProcessCreate),"Process Create:
UtcTime: 2019-11-07 07:31:53.237
ProcessGuid: {CC41BF7E-6169-5A01-0000-001040123500}
ProcessId: 5780
Image: C:\Program Files (x86)\Internet Explorer\iexplore.exe
CommandLine: ""C:\Program Files (x86)\Internet Explorer\IEXPLORE.EXE"" SCODEF:616 CREDAT:140545 /prefetch:2
CurrentDirectory: C:\Users\maebashi.gunma\Desktop\
User: EXAMPLE\maebashi.gunma
LogonGuid: {CC41BF7E-4CE6-5A01-0000-002031FB0200}
LogonId: 0x2FB31
TerminalSessionId: 1
IntegrityLevel: Low
Hashes: SHA1=B2533AE4CDAA5F2B0B38A76B8EB65F12C7B225EC
ParentProcessGuid: {CC41BF7E-6169-5A01-0000-001096073500}
ParentProcessId: 616
ParentImage: C:\Program Files\Internet Explorer\iexplore.exe
ParentCommandLine: ""C:\Program Files\Internet Explorer\iexplore.exe"" -Embedding"
情報,2019/11/07 16:31:53,Microsoft-Windows-Sysmon,1,Process Create (rule: ProcessCreate),"Process Create:
UtcTime: 2019-11-07 07:31:53.097
ProcessGuid: {CC41BF7E-6169-5A01-0000-001096073500}
ProcessId: 616
Image: C:\Program Files\Internet Explorer\iexplore.exe
CommandLine: ""C:\Program Files\Internet Explorer\iexplore.exe"" -Embedding
CurrentDirectory: C:\Windows\system32\
User: EXAMPLE\maebashi.gunma
LogonGuid: {CC41BF7E-4CE6-5A01-0000-002031FB0200}
LogonId: 0x2FB31
TerminalSessionId: 1
IntegrityLevel: Medium
Hashes: SHA1=F0FEB5350BD497A9E9BF77ED072315E64ABFFA33
ParentProcessGuid: {CC41BF7E-4CCD-5A01-0000-0010D0890000}
ParentProcessId: 664
ParentImage: C:\Windows\System32\svchost.exe
ParentCommandLine: C:\Windows\system32\svchost.exe -k DcomLaunch"
情報,2019/11/07 16:30:24,Microsoft-Windows-Sysmon,5,Process terminated (rule: ProcessTerminate),"Process terminated:
UtcTime: 2019-11-07 07:30:24.185
ProcessGuid: {CC41BF7E-6104-5A01-0000-0010F0923400}
ProcessId: 5728
Image: C:\Program Files\Internet Explorer\iexplore.exe"
情報,2019/11/07 16:30:24,Microsoft-Windows-Sysmon,5,Process terminated (rule: ProcessTerminate),"Process terminated:
UtcTime: 2019-11-07 07:30:24.154
ProcessGuid: {CC41BF7E-6105-5A01-0000-0010669D3400}
ProcessId: 4996
Image: C:\Program Files (x86)\Internet Explorer\iexplore.exe"
情報,2019/11/07 16:30:24,Microsoft-Windows-Sysmon,5,Process terminated (rule: ProcessTerminate),"Process terminated:
UtcTime: 2019-11-07 07:30:24.123
ProcessGuid: {CC41BF7E-6106-5A01-0000-0010D4C43400}
ProcessId: 5144
Image: C:\Windows\System32\Macromed\Flash\FlashUtil_ActiveX.exe"
情報,2019/11/07 16:30:14,Microsoft-Windows-Sysmon,1,Process Create (rule: ProcessCreate),"Process Create:
UtcTime: 2019-11-07 07:30:14.265
ProcessGuid: {CC41BF7E-6106-5A01-0000-0010D4C43400}
ProcessId: 5144
Image: C:\Windows\System32\Macromed\Flash\FlashUtil_ActiveX.exe
CommandLine: ""C:\Windows\System32\Macromed\Flash\FlashUtil_ActiveX.exe"" -Embedding
CurrentDirectory: C:\Windows\system32\
User: EXAMPLE\maebashi.gunma
LogonGuid: {CC41BF7E-4CE6-5A01-0000-002031FB0200}
LogonId: 0x2FB31
TerminalSessionId: 1
IntegrityLevel: Medium
Hashes: SHA1=7885A583868EA312E7F141E15B2BC45BF0086DB1
ParentProcessGuid: {CC41BF7E-4CCD-5A01-0000-0010D0890000}
ParentProcessId: 664
ParentImage: C:\Windows\System32\svchost.exe
ParentCommandLine: C:\Windows\system32\svchost.exe -k DcomLaunch"
情報,2019/11/07 16:30:13,Microsoft-Windows-Sysmon,1,Process Create (rule: ProcessCreate),"Process Create:
UtcTime: 2019-11-07 07:30:13.020
ProcessGuid: {CC41BF7E-6105-5A01-0000-0010669D3400}
ProcessId: 4996
Image: C:\Program Files (x86)\Internet Explorer\iexplore.exe
CommandLine: ""C:\Program Files (x86)\Internet Explorer\IEXPLORE.EXE"" SCODEF:5728 CREDAT:140545 /prefetch:2
CurrentDirectory: C:\Users\maebashi.gunma\Desktop\
User: EXAMPLE\maebashi.gunma
LogonGuid: {CC41BF7E-4CE6-5A01-0000-002031FB0200}
LogonId: 0x2FB31
TerminalSessionId: 1
IntegrityLevel: Low
Hashes: SHA1=B2533AE4CDAA5F2B0B38A76B8EB65F12C7B225EC
ParentProcessGuid: {CC41BF7E-6104-5A01-0000-0010F0923400}
ParentProcessId: 5728
ParentImage: C:\Program Files\Internet Explorer\iexplore.exe
ParentCommandLine: ""C:\Program Files\Internet Explorer\iexplore.exe"" -Embedding"
情報,2019/11/07 16:30:12,Microsoft-Windows-Sysmon,1,Process Create (rule: ProcessCreate),"Process Create:
UtcTime: 2019-11-07 07:30:12.878
ProcessGuid: {CC41BF7E-6104-5A01-0000-0010F0923400}
ProcessId: 5728
Image: C:\Program Files\Internet Explorer\iexplore.exe
CommandLine: ""C:\Program Files\Internet Explorer\iexplore.exe"" -Embedding
CurrentDirectory: C:\Windows\system32\
User: EXAMPLE\maebashi.gunma
LogonGuid: {CC41BF7E-4CE6-5A01-0000-002031FB0200}
LogonId: 0x2FB31
TerminalSessionId: 1
IntegrityLevel: Medium
Hashes: SHA1=F0FEB5350BD497A9E9BF77ED072315E64ABFFA33
ParentProcessGuid: {CC41BF7E-4CCD-5A01-0000-0010D0890000}
ParentProcessId: 664
ParentImage: C:\Windows\System32\svchost.exe
ParentCommandLine: C:\Windows\system32\svchost.exe -k DcomLaunch"
情報,2019/11/07 16:28:43,Microsoft-Windows-Sysmon,5,Process terminated (rule: ProcessTerminate),"Process terminated:
UtcTime: 2019-11-07 07:28:43.951
ProcessGuid: {CC41BF7E-609F-5A01-0000-0010F8293400}
ProcessId: 5776
Image: C:\Program Files\Internet Explorer\iexplore.exe"
情報,2019/11/07 16:28:43,Microsoft-Windows-Sysmon,5,Process terminated (rule: ProcessTerminate),"Process terminated:
UtcTime: 2019-11-07 07:28:43.904
ProcessGuid: {CC41BF7E-609F-5A01-0000-001071343400}
ProcessId: 2024
Image: C:\Program Files (x86)\Internet Explorer\iexplore.exe"
情報,2019/11/07 16:28:43,Microsoft-Windows-Sysmon,5,Process terminated (rule: ProcessTerminate),"Process terminated:
UtcTime: 2019-11-07 07:28:43.888
ProcessGuid: {CC41BF7E-60A0-5A01-0000-00107D523400}
ProcessId: 3980
Image: C:\Windows\System32\Macromed\Flash\FlashUtil_ActiveX.exe"
情報,2019/11/07 16:28:32,Microsoft-Windows-Sysmon,1,Process Create (rule: ProcessCreate),"Process Create:
UtcTime: 2019-11-07 07:28:32.685
ProcessGuid: {CC41BF7E-60A0-5A01-0000-00107D523400}
ProcessId: 3980
Image: C:\Windows\System32\Macromed\Flash\FlashUtil_ActiveX.exe
CommandLine: ""C:\Windows\System32\Macromed\Flash\FlashUtil_ActiveX.exe"" -Embedding
CurrentDirectory: C:\Windows\system32\
User: EXAMPLE\maebashi.gunma
LogonGuid: {CC41BF7E-4CE6-5A01-0000-002031FB0200}
LogonId: 0x2FB31
TerminalSessionId: 1
IntegrityLevel: Medium
Hashes: SHA1=7885A583868EA312E7F141E15B2BC45BF0086DB1
ParentProcessGuid: {CC41BF7E-4CCD-5A01-0000-0010D0890000}
ParentProcessId: 664
ParentImage: C:\Windows\System32\svchost.exe
ParentCommandLine: C:\Windows\system32\svchost.exe -k DcomLaunch"
情報,2019/11/07 16:28:31,Microsoft-Windows-Sysmon,1,Process Create (rule: ProcessCreate),"Process Create:
UtcTime: 2019-11-07 07:28:31.922
ProcessGuid: {CC41BF7E-609F-5A01-0000-001071343400}
ProcessId: 2024
Image: C:\Program Files (x86)\Internet Explorer\iexplore.exe
CommandLine: ""C:\Program Files (x86)\Internet Explorer\IEXPLORE.EXE"" SCODEF:5776 CREDAT:140545 /prefetch:2
CurrentDirectory: C:\Users\maebashi.gunma\Desktop\
User: EXAMPLE\maebashi.gunma
LogonGuid: {CC41BF7E-4CE6-5A01-0000-002031FB0200}
LogonId: 0x2FB31
TerminalSessionId: 1
IntegrityLevel: Low
Hashes: SHA1=B2533AE4CDAA5F2B0B38A76B8EB65F12C7B225EC
ParentProcessGuid: {CC41BF7E-609F-5A01-0000-0010F8293400}
ParentProcessId: 5776
ParentImage: C:\Program Files\Internet Explorer\iexplore.exe
ParentCommandLine: ""C:\Program Files\Internet Explorer\iexplore.exe"" -Embedding"
情報,2019/11/07 16:28:31,Microsoft-Windows-Sysmon,1,Process Create (rule: ProcessCreate),"Process Create:
UtcTime: 2019-11-07 07:28:31.751
ProcessGuid: {CC41BF7E-609F-5A01-0000-0010F8293400}
ProcessId: 5776
Image: C:\Program Files\Internet Explorer\iexplore.exe
CommandLine: ""C:\Program Files\Internet Explorer\iexplore.exe"" -Embedding
CurrentDirectory: C:\Windows\system32\
User: EXAMPLE\maebashi.gunma
LogonGuid: {CC41BF7E-4CE6-5A01-0000-002031FB0200}
LogonId: 0x2FB31
TerminalSessionId: 1
IntegrityLevel: Medium
Hashes: SHA1=F0FEB5350BD497A9E9BF77ED072315E64ABFFA33
ParentProcessGuid: {CC41BF7E-4CCD-5A01-0000-0010D0890000}
ParentProcessId: 664
ParentImage: C:\Windows\System32\svchost.exe
ParentCommandLine: C:\Windows\system32\svchost.exe -k DcomLaunch"
情報,2019/11/07 16:28:04,Microsoft-Windows-Sysmon,5,Process terminated (rule: ProcessTerminate),"Process terminated:
UtcTime: 2019-11-07 07:28:04.732
ProcessGuid: {CC41BF7E-6070-5A01-0000-001032F13300}
ProcessId: 5132
Image: C:\Program Files\Internet Explorer\iexplore.exe"
情報,2019/11/07 16:28:04,Microsoft-Windows-Sysmon,5,Process terminated (rule: ProcessTerminate),"Process terminated:
UtcTime: 2019-11-07 07:28:04.685
ProcessGuid: {CC41BF7E-6070-5A01-0000-00108EFB3300}
ProcessId: 5240
Image: C:\Program Files (x86)\Internet Explorer\iexplore.exe"
情報,2019/11/07 16:27:44,Microsoft-Windows-Sysmon,1,Process Create (rule: ProcessCreate),"Process Create:
UtcTime: 2019-11-07 07:27:44.905
ProcessGuid: {CC41BF7E-6070-5A01-0000-00108EFB3300}
ProcessId: 5240
Image: C:\Program Files (x86)\Internet Explorer\iexplore.exe
CommandLine: ""C:\Program Files (x86)\Internet Explorer\IEXPLORE.EXE"" SCODEF:5132 CREDAT:140545 /prefetch:2
CurrentDirectory: C:\Users\maebashi.gunma\Desktop\
User: EXAMPLE\maebashi.gunma
LogonGuid: {CC41BF7E-4CE6-5A01-0000-002031FB0200}
LogonId: 0x2FB31
TerminalSessionId: 1
IntegrityLevel: Low
Hashes: SHA1=B2533AE4CDAA5F2B0B38A76B8EB65F12C7B225EC
ParentProcessGuid: {CC41BF7E-6070-5A01-0000-001032F13300}
ParentProcessId: 5132
ParentImage: C:\Program Files\Internet Explorer\iexplore.exe
ParentCommandLine: ""C:\Program Files\Internet Explorer\iexplore.exe"" -Embedding"
情報,2019/11/07 16:27:44,Microsoft-Windows-Sysmon,1,Process Create (rule: ProcessCreate),"Process Create:
UtcTime: 2019-11-07 07:27:44.767
ProcessGuid: {CC41BF7E-6070-5A01-0000-001032F13300}
ProcessId: 5132
Image: C:\Program Files\Internet Explorer\iexplore.exe
CommandLine: ""C:\Program Files\Internet Explorer\iexplore.exe"" -Embedding
CurrentDirectory: C:\Windows\system32\
User: EXAMPLE\maebashi.gunma
LogonGuid: {CC41BF7E-4CE6-5A01-0000-002031FB0200}
LogonId: 0x2FB31
TerminalSessionId: 1
IntegrityLevel: Medium
Hashes: SHA1=F0FEB5350BD497A9E9BF77ED072315E64ABFFA33
ParentProcessGuid: {CC41BF7E-4CCD-5A01-0000-0010D0890000}
ParentProcessId: 664
ParentImage: C:\Windows\System32\svchost.exe
ParentCommandLine: C:\Windows\system32\svchost.exe -k DcomLaunch"
情報,2019/11/07 16:26:19,Microsoft-Windows-Sysmon,5,Process terminated (rule: ProcessTerminate),"Process terminated:
UtcTime: 2019-11-07 07:26:19.732
ProcessGuid: {CC41BF7E-600F-5A01-0000-0010FEB53300}
ProcessId: 4300
Image: C:\Program Files\Internet Explorer\iexplore.exe"
情報,2019/11/07 16:26:19,Microsoft-Windows-Sysmon,5,Process terminated (rule: ProcessTerminate),"Process terminated:
UtcTime: 2019-11-07 07:26:19.701
ProcessGuid: {CC41BF7E-600F-5A01-0000-001081C03300}
ProcessId: 1948
Image: C:\Program Files (x86)\Internet Explorer\iexplore.exe"
情報,2019/11/07 16:26:07,Microsoft-Windows-Sysmon,1,Process Create (rule: ProcessCreate),"Process Create:
UtcTime: 2019-11-07 07:26:07.924
ProcessGuid: {CC41BF7E-600F-5A01-0000-001081C03300}
ProcessId: 1948
Image: C:\Program Files (x86)\Internet Explorer\iexplore.exe
CommandLine: ""C:\Program Files (x86)\Internet Explorer\IEXPLORE.EXE"" SCODEF:4300 CREDAT:140545 /prefetch:2
CurrentDirectory: C:\Users\maebashi.gunma\Desktop\
User: EXAMPLE\maebashi.gunma
LogonGuid: {CC41BF7E-4CE6-5A01-0000-002031FB0200}
LogonId: 0x2FB31
TerminalSessionId: 1
IntegrityLevel: Low
Hashes: SHA1=B2533AE4CDAA5F2B0B38A76B8EB65F12C7B225EC
ParentProcessGuid: {CC41BF7E-600F-5A01-0000-0010FEB53300}
ParentProcessId: 4300
ParentImage: C:\Program Files\Internet Explorer\iexplore.exe
ParentCommandLine: ""C:\Program Files\Internet Explorer\iexplore.exe"" -Embedding"
情報,2019/11/07 16:26:07,Microsoft-Windows-Sysmon,1,Process Create (rule: ProcessCreate),"Process Create:
UtcTime: 2019-11-07 07:26:07.783
ProcessGuid: {CC41BF7E-600F-5A01-0000-0010FEB53300}
ProcessId: 4300
Image: C:\Program Files\Internet Explorer\iexplore.exe
CommandLine: ""C:\Program Files\Internet Explorer\iexplore.exe"" -Embedding
CurrentDirectory: C:\Windows\system32\
User: EXAMPLE\maebashi.gunma
LogonGuid: {CC41BF7E-4CE6-5A01-0000-002031FB0200}
LogonId: 0x2FB31
TerminalSessionId: 1
IntegrityLevel: Medium
Hashes: SHA1=F0FEB5350BD497A9E9BF77ED072315E64ABFFA33
ParentProcessGuid: {CC41BF7E-4CCD-5A01-0000-0010D0890000}
ParentProcessId: 664
ParentImage: C:\Windows\System32\svchost.exe
ParentCommandLine: C:\Windows\system32\svchost.exe -k DcomLaunch"
情報,2019/11/07 16:25:15,Microsoft-Windows-Sysmon,5,Process terminated (rule: ProcessTerminate),"Process terminated:
UtcTime: 2019-11-07 07:25:15.686
ProcessGuid: {CC41BF7E-5EAF-5A01-0000-001047773200}
ProcessId: 3364
Image: C:\Windows\System32\svchost.exe"
情報,2019/11/07 16:25:11,Microsoft-Windows-Sysmon,5,Process terminated (rule: ProcessTerminate),"Process terminated:
UtcTime: 2019-11-07 07:25:11.858
ProcessGuid: {CC41BF7E-5FC8-5A01-0000-00108B7B3300}
ProcessId: 4852
Image: C:\Program Files\Internet Explorer\iexplore.exe"
情報,2019/11/07 16:25:11,Microsoft-Windows-Sysmon,5,Process terminated (rule: ProcessTerminate),"Process terminated:
UtcTime: 2019-11-07 07:25:11.811
ProcessGuid: {CC41BF7E-5FC8-5A01-0000-0010F0853300}
ProcessId: 2200
Image: C:\Program Files (x86)\Internet Explorer\iexplore.exe"
情報,2019/11/07 16:24:56,Microsoft-Windows-Sysmon,1,Process Create (rule: ProcessCreate),"Process Create:
UtcTime: 2019-11-07 07:24:56.918
ProcessGuid: {CC41BF7E-5FC8-5A01-0000-0010F0853300}
ProcessId: 2200
Image: C:\Program Files (x86)\Internet Explorer\iexplore.exe
CommandLine: ""C:\Program Files (x86)\Internet Explorer\IEXPLORE.EXE"" SCODEF:4852 CREDAT:140545 /prefetch:2
CurrentDirectory: C:\Users\maebashi.gunma\Desktop\
User: EXAMPLE\maebashi.gunma
LogonGuid: {CC41BF7E-4CE6-5A01-0000-002031FB0200}
LogonId: 0x2FB31
TerminalSessionId: 1
IntegrityLevel: Low
Hashes: SHA1=B2533AE4CDAA5F2B0B38A76B8EB65F12C7B225EC
ParentProcessGuid: {CC41BF7E-5FC8-5A01-0000-00108B7B3300}
ParentProcessId: 4852
ParentImage: C:\Program Files\Internet Explorer\iexplore.exe
ParentCommandLine: ""C:\Program Files\Internet Explorer\iexplore.exe"" -Embedding"
情報,2019/11/07 16:24:56,Microsoft-Windows-Sysmon,1,Process Create (rule: ProcessCreate),"Process Create:
UtcTime: 2019-11-07 07:24:56.783
ProcessGuid: {CC41BF7E-5FC8-5A01-0000-00108B7B3300}
ProcessId: 4852
Image: C:\Program Files\Internet Explorer\iexplore.exe
CommandLine: ""C:\Program Files\Internet Explorer\iexplore.exe"" -Embedding
CurrentDirectory: C:\Windows\system32\
User: EXAMPLE\maebashi.gunma
LogonGuid: {CC41BF7E-4CE6-5A01-0000-002031FB0200}
LogonId: 0x2FB31
TerminalSessionId: 1
IntegrityLevel: Medium
Hashes: SHA1=F0FEB5350BD497A9E9BF77ED072315E64ABFFA33
ParentProcessGuid: {CC41BF7E-4CCD-5A01-0000-0010D0890000}
ParentProcessId: 664
ParentImage: C:\Windows\System32\svchost.exe
ParentCommandLine: C:\Windows\system32\svchost.exe -k DcomLaunch"
情報,2019/11/07 16:24:29,Microsoft-Windows-Sysmon,5,Process terminated (rule: ProcessTerminate),"Process terminated:
UtcTime: 2019-11-07 07:24:29.936
ProcessGuid: {CC41BF7E-5FA2-5A01-0000-0010EA3E3300}
ProcessId: 2084
Image: C:\Program Files\Internet Explorer\iexplore.exe"
情報,2019/11/07 16:24:29,Microsoft-Windows-Sysmon,5,Process terminated (rule: ProcessTerminate),"Process terminated:
UtcTime: 2019-11-07 07:24:29.842
ProcessGuid: {CC41BF7E-5FA2-5A01-0000-00104E493300}
ProcessId: 2668
Image: C:\Program Files (x86)\Internet Explorer\iexplore.exe"
情報,2019/11/07 16:24:18,Microsoft-Windows-Sysmon,1,Process Create (rule: ProcessCreate),"Process Create:
UtcTime: 2019-11-07 07:24:18.673
ProcessGuid: {CC41BF7E-5FA2-5A01-0000-00104E493300}
ProcessId: 2668
Image: C:\Program Files (x86)\Internet Explorer\iexplore.exe
CommandLine: ""C:\Program Files (x86)\Internet Explorer\IEXPLORE.EXE"" SCODEF:2084 CREDAT:140545 /prefetch:2
CurrentDirectory: C:\Users\maebashi.gunma\Desktop\
User: EXAMPLE\maebashi.gunma
LogonGuid: {CC41BF7E-4CE6-5A01-0000-002031FB0200}
LogonId: 0x2FB31
TerminalSessionId: 1
IntegrityLevel: Low
Hashes: SHA1=B2533AE4CDAA5F2B0B38A76B8EB65F12C7B225EC
ParentProcessGuid: {CC41BF7E-5FA2-5A01-0000-0010EA3E3300}
ParentProcessId: 2084
ParentImage: C:\Program Files\Internet Explorer\iexplore.exe
ParentCommandLine: ""C:\Program Files\Internet Explorer\iexplore.exe"" -Embedding"
情報,2019/11/07 16:24:18,Microsoft-Windows-Sysmon,1,Process Create (rule: ProcessCreate),"Process Create:
UtcTime: 2019-11-07 07:24:18.535
ProcessGuid: {CC41BF7E-5FA2-5A01-0000-0010EA3E3300}
ProcessId: 2084
Image: C:\Program Files\Internet Explorer\iexplore.exe
CommandLine: ""C:\Program Files\Internet Explorer\iexplore.exe"" -Embedding
CurrentDirectory: C:\Windows\system32\
User: EXAMPLE\maebashi.gunma
LogonGuid: {CC41BF7E-4CE6-5A01-0000-002031FB0200}
LogonId: 0x2FB31
TerminalSessionId: 1
IntegrityLevel: Medium
Hashes: SHA1=F0FEB5350BD497A9E9BF77ED072315E64ABFFA33
ParentProcessGuid: {CC41BF7E-4CCD-5A01-0000-0010D0890000}
ParentProcessId: 664
ParentImage: C:\Windows\System32\svchost.exe
ParentCommandLine: C:\Windows\system32\svchost.exe -k DcomLaunch"
情報,2019/11/07 16:23:31,Microsoft-Windows-Sysmon,5,Process terminated (rule: ProcessTerminate),"Process terminated:
UtcTime: 2019-11-07 07:23:31.592
ProcessGuid: {CC41BF7E-5F68-5A01-0000-00101A0B3300}
ProcessId: 4036
Image: C:\Program Files\Internet Explorer\iexplore.exe"
情報,2019/11/07 16:23:31,Microsoft-Windows-Sysmon,5,Process terminated (rule: ProcessTerminate),"Process terminated:
UtcTime: 2019-11-07 07:23:31.577
ProcessGuid: {CC41BF7E-5F68-5A01-0000-0010A5153300}
ProcessId: 3316
Image: C:\Program Files (x86)\Internet Explorer\iexplore.exe"
情報,2019/11/07 16:23:20,Microsoft-Windows-Sysmon,1,Process Create (rule: ProcessCreate),"Process Create:
UtcTime: 2019-11-07 07:23:20.435
ProcessGuid: {CC41BF7E-5F68-5A01-0000-0010A5153300}
ProcessId: 3316
Image: C:\Program Files (x86)\Internet Explorer\iexplore.exe
CommandLine: ""C:\Program Files (x86)\Internet Explorer\IEXPLORE.EXE"" SCODEF:4036 CREDAT:140545 /prefetch:2
CurrentDirectory: C:\Users\maebashi.gunma\Desktop\
User: EXAMPLE\maebashi.gunma
LogonGuid: {CC41BF7E-4CE6-5A01-0000-002031FB0200}
LogonId: 0x2FB31
TerminalSessionId: 1
IntegrityLevel: Low
Hashes: SHA1=B2533AE4CDAA5F2B0B38A76B8EB65F12C7B225EC
ParentProcessGuid: {CC41BF7E-5F68-5A01-0000-00101A0B3300}
ParentProcessId: 4036
ParentImage: C:\Program Files\Internet Explorer\iexplore.exe
ParentCommandLine: ""C:\Program Files\Internet Explorer\iexplore.exe"" -Embedding"
情報,2019/11/07 16:23:20,Microsoft-Windows-Sysmon,1,Process Create (rule: ProcessCreate),"Process Create:
UtcTime: 2019-11-07 07:23:20.285
ProcessGuid: {CC41BF7E-5F68-5A01-0000-00101A0B3300}
ProcessId: 4036
Image: C:\Program Files\Internet Explorer\iexplore.exe
CommandLine: ""C:\Program Files\Internet Explorer\iexplore.exe"" -Embedding
CurrentDirectory: C:\Windows\system32\
User: EXAMPLE\maebashi.gunma
LogonGuid: {CC41BF7E-4CE6-5A01-0000-002031FB0200}
LogonId: 0x2FB31
TerminalSessionId: 1
IntegrityLevel: Medium
Hashes: SHA1=F0FEB5350BD497A9E9BF77ED072315E64ABFFA33
ParentProcessGuid: {CC41BF7E-4CCD-5A01-0000-0010D0890000}
ParentProcessId: 664
ParentImage: C:\Windows\System32\svchost.exe
ParentCommandLine: C:\Windows\system32\svchost.exe -k DcomLaunch"
情報,2019/11/07 16:21:57,Microsoft-Windows-Sysmon,5,Process terminated (rule: ProcessTerminate),"Process terminated:
UtcTime: 2019-11-07 07:21:57.249
ProcessGuid: {CC41BF7E-5F0A-5A01-0000-001089D63200}
ProcessId: 932
Image: C:\Program Files\Internet Explorer\iexplore.exe"
情報,2019/11/07 16:21:57,Microsoft-Windows-Sysmon,5,Process terminated (rule: ProcessTerminate),"Process terminated:
UtcTime: 2019-11-07 07:21:57.233
ProcessGuid: {CC41BF7E-5F0A-5A01-0000-0010F3E03200}
ProcessId: 332
Image: C:\Program Files (x86)\Internet Explorer\iexplore.exe"
情報,2019/11/07 16:21:46,Microsoft-Windows-Sysmon,1,Process Create (rule: ProcessCreate),"Process Create:
UtcTime: 2019-11-07 07:21:46.438
ProcessGuid: {CC41BF7E-5F0A-5A01-0000-0010F3E03200}
ProcessId: 332
Image: C:\Program Files (x86)\Internet Explorer\iexplore.exe
CommandLine: ""C:\Program Files (x86)\Internet Explorer\IEXPLORE.EXE"" SCODEF:932 CREDAT:140545 /prefetch:2
CurrentDirectory: C:\Users\maebashi.gunma\Desktop\
User: EXAMPLE\maebashi.gunma
LogonGuid: {CC41BF7E-4CE6-5A01-0000-002031FB0200}
LogonId: 0x2FB31
TerminalSessionId: 1
IntegrityLevel: Low
Hashes: SHA1=B2533AE4CDAA5F2B0B38A76B8EB65F12C7B225EC
ParentProcessGuid: {CC41BF7E-5F0A-5A01-0000-001089D63200}
ParentProcessId: 932
ParentImage: C:\Program Files\Internet Explorer\iexplore.exe
ParentCommandLine: ""C:\Program Files\Internet Explorer\iexplore.exe"" -Embedding"
情報,2019/11/07 16:21:46,Microsoft-Windows-Sysmon,1,Process Create (rule: ProcessCreate),"Process Create:
UtcTime: 2019-11-07 07:21:46.299
ProcessGuid: {CC41BF7E-5F0A-5A01-0000-001089D63200}
ProcessId: 932
Image: C:\Program Files\Internet Explorer\iexplore.exe
CommandLine: ""C:\Program Files\Internet Explorer\iexplore.exe"" -Embedding
CurrentDirectory: C:\Windows\system32\
User: EXAMPLE\maebashi.gunma
LogonGuid: {CC41BF7E-4CE6-5A01-0000-002031FB0200}
LogonId: 0x2FB31
TerminalSessionId: 1
IntegrityLevel: Medium
Hashes: SHA1=F0FEB5350BD497A9E9BF77ED072315E64ABFFA33
ParentProcessGuid: {CC41BF7E-4CCD-5A01-0000-0010D0890000}
ParentProcessId: 664
ParentImage: C:\Windows\System32\svchost.exe
ParentCommandLine: C:\Windows\system32\svchost.exe -k DcomLaunch"
情報,2019/11/07 16:21:27,Microsoft-Windows-Sysmon,5,Process terminated (rule: ProcessTerminate),"Process terminated:
UtcTime: 2019-11-07 07:21:27.483
ProcessGuid: {CC41BF7E-5EEB-5A01-0000-0010AE9E3200}
ProcessId: 5088
Image: C:\Program Files\Internet Explorer\iexplore.exe"
情報,2019/11/07 16:21:27,Microsoft-Windows-Sysmon,5,Process terminated (rule: ProcessTerminate),"Process terminated:
UtcTime: 2019-11-07 07:21:27.467
ProcessGuid: {CC41BF7E-5EEB-5A01-0000-00103DA93200}
ProcessId: 5220
Image: C:\Program Files (x86)\Internet Explorer\iexplore.exe"
情報,2019/11/07 16:21:15,Microsoft-Windows-Sysmon,1,Process Create (rule: ProcessCreate),"Process Create:
UtcTime: 2019-11-07 07:21:15.307
ProcessGuid: {CC41BF7E-5EEB-5A01-0000-00103DA93200}
ProcessId: 5220
Image: C:\Program Files (x86)\Internet Explorer\iexplore.exe
CommandLine: ""C:\Program Files (x86)\Internet Explorer\IEXPLORE.EXE"" SCODEF:5088 CREDAT:140545 /prefetch:2
CurrentDirectory: C:\Users\maebashi.gunma\Desktop\
User: EXAMPLE\maebashi.gunma
LogonGuid: {CC41BF7E-4CE6-5A01-0000-002031FB0200}
LogonId: 0x2FB31
TerminalSessionId: 1
IntegrityLevel: Low
Hashes: SHA1=B2533AE4CDAA5F2B0B38A76B8EB65F12C7B225EC
ParentProcessGuid: {CC41BF7E-5EEB-5A01-0000-0010AE9E3200}
ParentProcessId: 5088
ParentImage: C:\Program Files\Internet Explorer\iexplore.exe
ParentCommandLine: ""C:\Program Files\Internet Explorer\iexplore.exe"" -Embedding"
情報,2019/11/07 16:21:15,Microsoft-Windows-Sysmon,1,Process Create (rule: ProcessCreate),"Process Create:
UtcTime: 2019-11-07 07:21:15.159
ProcessGuid: {CC41BF7E-5EEB-5A01-0000-0010AE9E3200}
ProcessId: 5088
Image: C:\Program Files\Internet Explorer\iexplore.exe
CommandLine: ""C:\Program Files\Internet Explorer\iexplore.exe"" -Embedding
CurrentDirectory: C:\Windows\system32\
User: EXAMPLE\maebashi.gunma
LogonGuid: {CC41BF7E-4CE6-5A01-0000-002031FB0200}
LogonId: 0x2FB31
TerminalSessionId: 1
IntegrityLevel: Medium
Hashes: SHA1=F0FEB5350BD497A9E9BF77ED072315E64ABFFA33
ParentProcessGuid: {CC41BF7E-4CCD-5A01-0000-0010D0890000}
ParentProcessId: 664
ParentImage: C:\Windows\System32\svchost.exe
ParentCommandLine: C:\Windows\system32\svchost.exe -k DcomLaunch"
情報,2019/11/07 16:20:15,Microsoft-Windows-Sysmon,1,Process Create (rule: ProcessCreate),"Process Create:
UtcTime: 2019-11-07 07:20:15.361
ProcessGuid: {CC41BF7E-5EAF-5A01-0000-001047773200}
ProcessId: 3364
Image: C:\Windows\System32\svchost.exe
CommandLine: C:\Windows\System32\svchost.exe -k wsappx
CurrentDirectory: C:\Windows\system32\
User: NT AUTHORITY\SYSTEM
LogonGuid: {CC41BF7E-4CCC-5A01-0000-0020E7030000}
LogonId: 0x3E7
TerminalSessionId: 0
IntegrityLevel: System
Hashes: SHA1=0DAC68816AE7C09EFC24D11C27C3274DFD147DEE
ParentProcessGuid: {CC41BF7E-4CCC-5A01-0000-001065750000}
ParentProcessId: 552
ParentImage: C:\Windows\System32\services.exe
ParentCommandLine: C:\Windows\system32\services.exe"
情報,2019/11/07 16:20:14,Microsoft-Windows-Sysmon,5,Process terminated (rule: ProcessTerminate),"Process terminated:
UtcTime: 2019-11-07 07:20:14.217
ProcessGuid: {CC41BF7E-5EA2-5A01-0000-00103B3C3200}
ProcessId: 1696
Image: C:\Program Files\Internet Explorer\iexplore.exe"
情報,2019/11/07 16:20:14,Microsoft-Windows-Sysmon,5,Process terminated (rule: ProcessTerminate),"Process terminated:
UtcTime: 2019-11-07 07:20:14.170
ProcessGuid: {CC41BF7E-5EA3-5A01-0000-001080463200}
ProcessId: 6036
Image: C:\Program Files (x86)\Internet Explorer\iexplore.exe"
情報,2019/11/07 16:20:03,Microsoft-Windows-Sysmon,1,Process Create (rule: ProcessCreate),"Process Create:
UtcTime: 2019-11-07 07:20:03.085
ProcessGuid: {CC41BF7E-5EA3-5A01-0000-001080463200}
ProcessId: 6036
Image: C:\Program Files (x86)\Internet Explorer\iexplore.exe
CommandLine: ""C:\Program Files (x86)\Internet Explorer\IEXPLORE.EXE"" SCODEF:1696 CREDAT:140545 /prefetch:2
CurrentDirectory: C:\Users\maebashi.gunma\Desktop\
User: EXAMPLE\maebashi.gunma
LogonGuid: {CC41BF7E-4CE6-5A01-0000-002031FB0200}
LogonId: 0x2FB31
TerminalSessionId: 1
IntegrityLevel: Low
Hashes: SHA1=B2533AE4CDAA5F2B0B38A76B8EB65F12C7B225EC
ParentProcessGuid: {CC41BF7E-5EA2-5A01-0000-00103B3C3200}
ParentProcessId: 1696
ParentImage: C:\Program Files\Internet Explorer\iexplore.exe
ParentCommandLine: ""C:\Program Files\Internet Explorer\iexplore.exe"" -Embedding"
情報,2019/11/07 16:20:02,Microsoft-Windows-Sysmon,1,Process Create (rule: ProcessCreate),"Process Create:
UtcTime: 2019-11-07 07:20:02.956
ProcessGuid: {CC41BF7E-5EA2-5A01-0000-00103B3C3200}
ProcessId: 1696
Image: C:\Program Files\Internet Explorer\iexplore.exe
CommandLine: ""C:\Program Files\Internet Explorer\iexplore.exe"" -Embedding
CurrentDirectory: C:\Windows\system32\
User: EXAMPLE\maebashi.gunma
LogonGuid: {CC41BF7E-4CE6-5A01-0000-002031FB0200}
LogonId: 0x2FB31
TerminalSessionId: 1
IntegrityLevel: Medium
Hashes: SHA1=F0FEB5350BD497A9E9BF77ED072315E64ABFFA33
ParentProcessGuid: {CC41BF7E-4CCD-5A01-0000-0010D0890000}
ParentProcessId: 664
ParentImage: C:\Windows\System32\svchost.exe
ParentCommandLine: C:\Windows\system32\svchost.exe -k DcomLaunch"
情報,2019/11/07 16:20:02,Microsoft-Windows-Sysmon,5,Process terminated (rule: ProcessTerminate),"Process terminated:
UtcTime: 2019-11-07 07:20:02.016
ProcessGuid: {CC41BF7E-5E96-5A01-0000-001020033200}
ProcessId: 1504
Image: C:\Program Files\Internet Explorer\iexplore.exe"
情報,2019/11/07 16:20:01,Microsoft-Windows-Sysmon,5,Process terminated (rule: ProcessTerminate),"Process terminated:
UtcTime: 2019-11-07 07:20:01.985
ProcessGuid: {CC41BF7E-5E96-5A01-0000-0010780D3200}
ProcessId: 1196
Image: C:\Program Files (x86)\Internet Explorer\iexplore.exe"
情報,2019/11/07 16:19:50,Microsoft-Windows-Sysmon,1,Process Create (rule: ProcessCreate),"Process Create:
UtcTime: 2019-11-07 07:19:50.737
ProcessGuid: {CC41BF7E-5E96-5A01-0000-0010780D3200}
ProcessId: 1196
Image: C:\Program Files (x86)\Internet Explorer\iexplore.exe
CommandLine: ""C:\Program Files (x86)\Internet Explorer\IEXPLORE.EXE"" SCODEF:1504 CREDAT:140545 /prefetch:2
CurrentDirectory: C:\Users\maebashi.gunma\Desktop\
User: EXAMPLE\maebashi.gunma
LogonGuid: {CC41BF7E-4CE6-5A01-0000-002031FB0200}
LogonId: 0x2FB31
TerminalSessionId: 1
IntegrityLevel: Low
Hashes: SHA1=B2533AE4CDAA5F2B0B38A76B8EB65F12C7B225EC
ParentProcessGuid: {CC41BF7E-5E96-5A01-0000-001020033200}
ParentProcessId: 1504
ParentImage: C:\Program Files\Internet Explorer\iexplore.exe
ParentCommandLine: ""C:\Program Files\Internet Explorer\iexplore.exe"" -Embedding"
