情報,2019/11/07 17:01:36,Microsoft-Windows-Sysmon,1,Process Create (rule: ProcessCreate),"Process Create:
UtcTime: 2019-11-07 08:01:36.086
ProcessGuid: {CC41BF7E-6860-5A01-0000-001090083C00}
ProcessId: 5680
Image: C:\Program Files (x86)\Internet Explorer\iexplore.exe
CommandLine: ""C:\Program Files (x86)\Internet Explorer\IEXPLORE.EXE"" SCODEF:2368 CREDAT:140545 /prefetch:2
CurrentDirectory: C:\Users\maebashi.gunma\Desktop\
User: EXAMPLE\maebashi.gunma
LogonGuid: {CC41BF7E-4CE6-5A01-0000-002031FB0200}
LogonId: 0x2FB31
TerminalSessionId: 1
IntegrityLevel: Low
Hashes: SHA1=B2533AE4CDAA5F2B0B38A76B8EB65F12C7B225EC
ParentProcessGuid: {CC41BF7E-685F-5A01-0000-001031FE3B00}
ParentProcessId: 2368
ParentImage: C:\Program Files\Internet Explorer\iexplore.exe
ParentCommandLine: ""C:\Program Files\Internet Explorer\iexplore.exe"" -Embedding"
情報,2019/11/07 17:01:35,Microsoft-Windows-Sysmon,1,Process Create (rule: ProcessCreate),"Process Create:
UtcTime: 2019-11-07 08:01:35.949
ProcessGuid: {CC41BF7E-685F-5A01-0000-001031FE3B00}
ProcessId: 2368
Image: C:\Program Files\Internet Explorer\iexplore.exe
CommandLine: ""C:\Program Files\Internet Explorer\iexplore.exe"" -Embedding
CurrentDirectory: C:\Windows\system32\
User: EXAMPLE\maebashi.gunma
LogonGuid: {CC41BF7E-4CE6-5A01-0000-002031FB0200}
LogonId: 0x2FB31
TerminalSessionId: 1
IntegrityLevel: Medium
Hashes: SHA1=F0FEB5350BD497A9E9BF77ED072315E64ABFFA33
ParentProcessGuid: {CC41BF7E-4CCD-5A01-0000-0010D0890000}
ParentProcessId: 664
ParentImage: C:\Windows\System32\svchost.exe
ParentCommandLine: C:\Windows\system32\svchost.exe -k DcomLaunch"
情報,2019/11/07 17:01:16,Microsoft-Windows-Sysmon,1,Process Create (rule: ProcessCreate),"Process Create:
UtcTime: 2019-11-07 08:01:16.182
ProcessGuid: {CC41BF7E-684C-5A01-0000-0010DDE93B00}
ProcessId: 4032
Image: C:\Windows\System32\svchost.exe
CommandLine: C:\Windows\System32\svchost.exe -k wsappx
CurrentDirectory: C:\Windows\system32\
User: NT AUTHORITY\SYSTEM
LogonGuid: {CC41BF7E-4CCC-5A01-0000-0020E7030000}
LogonId: 0x3E7
TerminalSessionId: 0
IntegrityLevel: System
Hashes: SHA1=0DAC68816AE7C09EFC24D11C27C3274DFD147DEE
ParentProcessGuid: {CC41BF7E-4CCC-5A01-0000-001065750000}
ParentProcessId: 552
ParentImage: C:\Windows\System32\services.exe
ParentCommandLine: C:\Windows\system32\services.exe"
情報,2019/11/07 17:00:25,Microsoft-Windows-Sysmon,5,Process terminated (rule: ProcessTerminate),"Process terminated:
UtcTime: 2019-11-07 08:00:25.741
ProcessGuid: {CC41BF7E-6814-5A01-0000-001036D83B00}
ProcessId: 4236
Image: C:\Windows\System32\conhost.exe"
情報,2019/11/07 17:00:25,Microsoft-Windows-Sysmon,5,Process terminated (rule: ProcessTerminate),"Process terminated:
UtcTime: 2019-11-07 08:00:25.741
ProcessGuid: {CC41BF7E-6814-5A01-0000-0010C0D73B00}
ProcessId: 3604
Image: C:\Windows\System32\gpupdate.exe"
情報,2019/11/07 17:00:22,Microsoft-Windows-Sysmon,5,Process terminated (rule: ProcessTerminate),"Process terminated:
UtcTime: 2019-11-07 08:00:22.960
ProcessGuid: {CC41BF7E-680B-5A01-0000-001075A93B00}
ProcessId: 3588
Image: C:\Program Files\Internet Explorer\iexplore.exe"
情報,2019/11/07 17:00:22,Microsoft-Windows-Sysmon,5,Process terminated (rule: ProcessTerminate),"Process terminated:
UtcTime: 2019-11-07 08:00:22.944
ProcessGuid: {CC41BF7E-680C-5A01-0000-0010EFB33B00}
ProcessId: 5896
Image: C:\Program Files (x86)\Internet Explorer\iexplore.exe"
情報,2019/11/07 17:00:20,Microsoft-Windows-Sysmon,1,Process Create (rule: ProcessCreate),"Process Create:
UtcTime: 2019-11-07 08:00:20.018
ProcessGuid: {CC41BF7E-6814-5A01-0000-001036D83B00}
ProcessId: 4236
Image: C:\Windows\System32\conhost.exe
CommandLine: \??\C:\Windows\system32\conhost.exe 0xffffffff -ForceV1
CurrentDirectory: C:\Windows
User: NT AUTHORITY\NETWORK SERVICE
LogonGuid: {CC41BF7E-4CCE-5A01-0000-0020E4030000}
LogonId: 0x3E4
TerminalSessionId: 0
IntegrityLevel: System
Hashes: SHA1=00667A0F0C0D5E9DA697E9FF54ECDDD449259354
ParentProcessGuid: {CC41BF7E-6814-5A01-0000-0010C0D73B00}
ParentProcessId: 3604
ParentImage: C:\Windows\System32\gpupdate.exe
ParentCommandLine: gpupdate.exe /target:computer"
情報,2019/11/07 17:00:20,Microsoft-Windows-Sysmon,9,RawAccessRead detected (rule: RawAccessRead),"RawAccessRead detected:
UtcTime: 2019-11-07 08:00:20.007
ProcessGuid: {CC41BF7E-4CB9-5A01-0000-0010EB030000}
ProcessId: 4
Image: System
Device: \Device\HarddiskVolume2"
情報,2019/11/07 17:00:20,Microsoft-Windows-Sysmon,9,RawAccessRead detected (rule: RawAccessRead),"RawAccessRead detected:
UtcTime: 2019-11-07 08:00:20.007
ProcessGuid: {CC41BF7E-4CB9-5A01-0000-0010EB030000}
ProcessId: 4
Image: System
Device: \Device\HarddiskVolume1"
情報,2019/11/07 17:00:20,Microsoft-Windows-Sysmon,1,Process Create (rule: ProcessCreate),"Process Create:
UtcTime: 2019-11-07 08:00:20.010
ProcessGuid: {CC41BF7E-6814-5A01-0000-0010C0D73B00}
ProcessId: 3604
Image: C:\Windows\System32\gpupdate.exe
CommandLine: gpupdate.exe /target:computer
CurrentDirectory: C:\Windows\system32\
User: NT AUTHORITY\NETWORK SERVICE
LogonGuid: {CC41BF7E-4CCE-5A01-0000-0020E4030000}
LogonId: 0x3E4
TerminalSessionId: 0
IntegrityLevel: System
Hashes: SHA1=997316B1EF8F2381DF519201BB53D05A57A080B4
ParentProcessGuid: {CC41BF7E-4CD0-5A01-0000-00101AF00000}
ParentProcessId: 900
ParentImage: C:\Windows\System32\svchost.exe
ParentCommandLine: C:\Windows\system32\svchost.exe -k netsvcs"
情報,2019/11/07 17:00:12,Microsoft-Windows-Sysmon,1,Process Create (rule: ProcessCreate),"Process Create:
UtcTime: 2019-11-07 08:00:12.059
ProcessGuid: {CC41BF7E-680C-5A01-0000-0010EFB33B00}
ProcessId: 5896
Image: C:\Program Files (x86)\Internet Explorer\iexplore.exe
CommandLine: ""C:\Program Files (x86)\Internet Explorer\IEXPLORE.EXE"" SCODEF:3588 CREDAT:140545 /prefetch:2
CurrentDirectory: C:\Users\maebashi.gunma\Desktop\
User: EXAMPLE\maebashi.gunma
LogonGuid: {CC41BF7E-4CE6-5A01-0000-002031FB0200}
LogonId: 0x2FB31
TerminalSessionId: 1
IntegrityLevel: Low
Hashes: SHA1=B2533AE4CDAA5F2B0B38A76B8EB65F12C7B225EC
ParentProcessGuid: {CC41BF7E-680B-5A01-0000-001075A93B00}
ParentProcessId: 3588
ParentImage: C:\Program Files\Internet Explorer\iexplore.exe
ParentCommandLine: ""C:\Program Files\Internet Explorer\iexplore.exe"" -Embedding"
情報,2019/11/07 17:00:11,Microsoft-Windows-Sysmon,1,Process Create (rule: ProcessCreate),"Process Create:
UtcTime: 2019-11-07 08:00:11.917
ProcessGuid: {CC41BF7E-680B-5A01-0000-001075A93B00}
ProcessId: 3588
Image: C:\Program Files\Internet Explorer\iexplore.exe
CommandLine: ""C:\Program Files\Internet Explorer\iexplore.exe"" -Embedding
CurrentDirectory: C:\Windows\system32\
User: EXAMPLE\maebashi.gunma
LogonGuid: {CC41BF7E-4CE6-5A01-0000-002031FB0200}
LogonId: 0x2FB31
TerminalSessionId: 1
IntegrityLevel: Medium
Hashes: SHA1=F0FEB5350BD497A9E9BF77ED072315E64ABFFA33
ParentProcessGuid: {CC41BF7E-4CCD-5A01-0000-0010D0890000}
ParentProcessId: 664
ParentImage: C:\Windows\System32\svchost.exe
ParentCommandLine: C:\Windows\system32\svchost.exe -k DcomLaunch"
情報,2019/11/07 16:58:42,Microsoft-Windows-Sysmon,5,Process terminated (rule: ProcessTerminate),"Process terminated:
UtcTime: 2019-11-07 07:58:42.928
ProcessGuid: {CC41BF7E-67A8-5A01-0000-0010AA5F3B00}
ProcessId: 3412
Image: C:\Program Files\Internet Explorer\iexplore.exe"
情報,2019/11/07 16:58:42,Microsoft-Windows-Sysmon,5,Process terminated (rule: ProcessTerminate),"Process terminated:
UtcTime: 2019-11-07 07:58:42.913
ProcessGuid: {CC41BF7E-67A8-5A01-0000-00101D6A3B00}
ProcessId: 4296
Image: C:\Program Files (x86)\Internet Explorer\iexplore.exe"
情報,2019/11/07 16:58:37,Microsoft-Windows-Sysmon,5,Process terminated (rule: ProcessTerminate),"Process terminated:
UtcTime: 2019-11-07 07:58:37.335
ProcessGuid: {CC41BF7E-67AD-5A01-0000-00108D933B00}
ProcessId: 5724
Image: C:\Windows\System32\conhost.exe"
情報,2019/11/07 16:58:37,Microsoft-Windows-Sysmon,5,Process terminated (rule: ProcessTerminate),"Process terminated:
UtcTime: 2019-11-07 07:58:37.335
ProcessGuid: {CC41BF7E-67AD-5A01-0000-001013933B00}
ProcessId: 2888
Image: C:\Windows\SysWOW64\cmd.exe"
情報,2019/11/07 16:58:37,Microsoft-Windows-Sysmon,5,Process terminated (rule: ProcessTerminate),"Process terminated:
UtcTime: 2019-11-07 07:58:37.319
ProcessGuid: {CC41BF7E-67AD-5A01-0000-001074953B00}
ProcessId: 5776
Image: C:\Intel\Logs\rar.exe"
情報,2019/11/07 16:58:37,Microsoft-Windows-Sysmon,1,Process Create (rule: ProcessCreate),"Process Create:
UtcTime: 2019-11-07 07:58:37.233
ProcessGuid: {CC41BF7E-67AD-5A01-0000-001074953B00}
ProcessId: 5776
Image: C:\Intel\Logs\rar.exe
CommandLine: C:\Intel\Logs\rar.exe  a -r -ed -v300m -taistoleit C:\Intel\Logs\d.rar ""\\Win7_64JP_01\c$\Users\chiyoda.tokyo.EXAMPLE\Documents"" -n*.docx -n*.pptx -n*.txt -n*.xlsx
CurrentDirectory: C:\Users\maebashi.gunma\Desktop\
User: EXAMPLE\maebashi.gunma
LogonGuid: {CC41BF7E-4CE6-5A01-0000-002031FB0200}
LogonId: 0x2FB31
TerminalSessionId: 1
IntegrityLevel: Medium
Hashes: SHA1=02258D0D381D54565948B0FB921CAE11CDCCC256
ParentProcessGuid: {CC41BF7E-67AD-5A01-0000-001013933B00}
ParentProcessId: 2888
ParentImage: C:\Windows\SysWOW64\cmd.exe
ParentCommandLine: cmd /c ""C:\Intel\Logs\rar.exe a -r -ed -v300m -taistoleit C:\Intel\Logs\d.rar ""\\Win7_64JP_01\c$\Users\chiyoda.tokyo.EXAMPLE\Documents"" -n*.docx -n*.pptx -n*.txt -n*.xlsx"""
情報,2019/11/07 16:58:37,Microsoft-Windows-Sysmon,1,Process Create (rule: ProcessCreate),"Process Create:
UtcTime: 2019-11-07 07:58:37.193
ProcessGuid: {CC41BF7E-67AD-5A01-0000-00108D933B00}
ProcessId: 5724
Image: C:\Windows\System32\conhost.exe
CommandLine: \??\C:\Windows\system32\conhost.exe 0xffffffff -ForceV1
CurrentDirectory: C:\Windows
User: EXAMPLE\maebashi.gunma
LogonGuid: {CC41BF7E-4CE6-5A01-0000-002031FB0200}
LogonId: 0x2FB31
TerminalSessionId: 1
IntegrityLevel: Medium
Hashes: SHA1=00667A0F0C0D5E9DA697E9FF54ECDDD449259354
ParentProcessGuid: {CC41BF7E-67AD-5A01-0000-001013933B00}
ParentProcessId: 2888
ParentImage: C:\Windows\SysWOW64\cmd.exe
ParentCommandLine: cmd /c ""C:\Intel\Logs\rar.exe a -r -ed -v300m -taistoleit C:\Intel\Logs\d.rar ""\\Win7_64JP_01\c$\Users\chiyoda.tokyo.EXAMPLE\Documents"" -n*.docx -n*.pptx -n*.txt -n*.xlsx"""
情報,2019/11/07 16:58:37,Microsoft-Windows-Sysmon,1,Process Create (rule: ProcessCreate),"Process Create:
UtcTime: 2019-11-07 07:58:37.185
ProcessGuid: {CC41BF7E-67AD-5A01-0000-001013933B00}
ProcessId: 2888
Image: C:\Windows\SysWOW64\cmd.exe
CommandLine: cmd /c ""C:\Intel\Logs\rar.exe a -r -ed -v300m -taistoleit C:\Intel\Logs\d.rar ""\\Win7_64JP_01\c$\Users\chiyoda.tokyo.EXAMPLE\Documents"" -n*.docx -n*.pptx -n*.txt -n*.xlsx""
CurrentDirectory: C:\Users\maebashi.gunma\Desktop\
User: EXAMPLE\maebashi.gunma
LogonGuid: {CC41BF7E-4CE6-5A01-0000-002031FB0200}
LogonId: 0x2FB31
TerminalSessionId: 1
IntegrityLevel: Medium
Hashes: SHA1=A4D7B99EB716919BB47448E135D489A1100BA70C
ParentProcessGuid: {CC41BF7E-4FD9-5A01-0000-001002AE1B00}
ParentProcessId: 4964
ParentImage: C:\Users\MAEBAS~1.GUN\AppData\Local\Temp\dwm.exe
ParentCommandLine: C:\Users\MAEBAS~1.GUN\AppData\Local\Temp\dwm.exe  ""C:\Users\maebashi.gunma\Desktop"""
情報,2019/11/07 16:58:32,Microsoft-Windows-Sysmon,1,Process Create (rule: ProcessCreate),"Process Create:
UtcTime: 2019-11-07 07:58:32.186
ProcessGuid: {CC41BF7E-67A8-5A01-0000-00101D6A3B00}
ProcessId: 4296
Image: C:\Program Files (x86)\Internet Explorer\iexplore.exe
CommandLine: ""C:\Program Files (x86)\Internet Explorer\IEXPLORE.EXE"" SCODEF:3412 CREDAT:140545 /prefetch:2
CurrentDirectory: C:\Users\maebashi.gunma\Desktop\
User: EXAMPLE\maebashi.gunma
LogonGuid: {CC41BF7E-4CE6-5A01-0000-002031FB0200}
LogonId: 0x2FB31
TerminalSessionId: 1
IntegrityLevel: Low
Hashes: SHA1=B2533AE4CDAA5F2B0B38A76B8EB65F12C7B225EC
ParentProcessGuid: {CC41BF7E-67A8-5A01-0000-0010AA5F3B00}
ParentProcessId: 3412
ParentImage: C:\Program Files\Internet Explorer\iexplore.exe
ParentCommandLine: ""C:\Program Files\Internet Explorer\iexplore.exe"" -Embedding"
情報,2019/11/07 16:58:32,Microsoft-Windows-Sysmon,1,Process Create (rule: ProcessCreate),"Process Create:
UtcTime: 2019-11-07 07:58:32.032
ProcessGuid: {CC41BF7E-67A8-5A01-0000-0010AA5F3B00}
ProcessId: 3412
Image: C:\Program Files\Internet Explorer\iexplore.exe
CommandLine: ""C:\Program Files\Internet Explorer\iexplore.exe"" -Embedding
CurrentDirectory: C:\Windows\system32\
User: EXAMPLE\maebashi.gunma
LogonGuid: {CC41BF7E-4CE6-5A01-0000-002031FB0200}
LogonId: 0x2FB31
TerminalSessionId: 1
IntegrityLevel: Medium
Hashes: SHA1=F0FEB5350BD497A9E9BF77ED072315E64ABFFA33
ParentProcessGuid: {CC41BF7E-4CCD-5A01-0000-0010D0890000}
ParentProcessId: 664
ParentImage: C:\Windows\System32\svchost.exe
ParentCommandLine: C:\Windows\system32\svchost.exe -k DcomLaunch"
情報,2019/11/07 16:57:22,Microsoft-Windows-Sysmon,5,Process terminated (rule: ProcessTerminate),"Process terminated:
UtcTime: 2019-11-07 07:57:22.106
ProcessGuid: {CC41BF7E-6755-5A01-0000-0010DD253B00}
ProcessId: 2932
Image: C:\Program Files\Internet Explorer\iexplore.exe"
情報,2019/11/07 16:57:22,Microsoft-Windows-Sysmon,5,Process terminated (rule: ProcessTerminate),"Process terminated:
UtcTime: 2019-11-07 07:57:22.075
ProcessGuid: {CC41BF7E-6755-5A01-0000-001031303B00}
ProcessId: 2192
Image: C:\Program Files (x86)\Internet Explorer\iexplore.exe"
情報,2019/11/07 16:57:09,Microsoft-Windows-Sysmon,1,Process Create (rule: ProcessCreate),"Process Create:
UtcTime: 2019-11-07 07:57:09.645
ProcessGuid: {CC41BF7E-6755-5A01-0000-001031303B00}
ProcessId: 2192
Image: C:\Program Files (x86)\Internet Explorer\iexplore.exe
CommandLine: ""C:\Program Files (x86)\Internet Explorer\IEXPLORE.EXE"" SCODEF:2932 CREDAT:140545 /prefetch:2
CurrentDirectory: C:\Users\maebashi.gunma\Desktop\
User: EXAMPLE\maebashi.gunma
LogonGuid: {CC41BF7E-4CE6-5A01-0000-002031FB0200}
LogonId: 0x2FB31
TerminalSessionId: 1
IntegrityLevel: Low
Hashes: SHA1=B2533AE4CDAA5F2B0B38A76B8EB65F12C7B225EC
ParentProcessGuid: {CC41BF7E-6755-5A01-0000-0010DD253B00}
ParentProcessId: 2932
ParentImage: C:\Program Files\Internet Explorer\iexplore.exe
ParentCommandLine: ""C:\Program Files\Internet Explorer\iexplore.exe"" -Embedding"
情報,2019/11/07 16:57:09,Microsoft-Windows-Sysmon,1,Process Create (rule: ProcessCreate),"Process Create:
UtcTime: 2019-11-07 07:57:09.515
ProcessGuid: {CC41BF7E-6755-5A01-0000-0010DD253B00}
ProcessId: 2932
Image: C:\Program Files\Internet Explorer\iexplore.exe
CommandLine: ""C:\Program Files\Internet Explorer\iexplore.exe"" -Embedding
CurrentDirectory: C:\Windows\system32\
User: EXAMPLE\maebashi.gunma
LogonGuid: {CC41BF7E-4CE6-5A01-0000-002031FB0200}
LogonId: 0x2FB31
TerminalSessionId: 1
IntegrityLevel: Medium
Hashes: SHA1=F0FEB5350BD497A9E9BF77ED072315E64ABFFA33
ParentProcessGuid: {CC41BF7E-4CCD-5A01-0000-0010D0890000}
ParentProcessId: 664
ParentImage: C:\Windows\System32\svchost.exe
ParentCommandLine: C:\Windows\system32\svchost.exe -k DcomLaunch"
情報,2019/11/07 16:56:55,Microsoft-Windows-Sysmon,5,Process terminated (rule: ProcessTerminate),"Process terminated:
UtcTime: 2019-11-07 07:56:55.622
ProcessGuid: {CC41BF7E-673B-5A01-0000-0010F4CB3A00}
ProcessId: 5184
Image: C:\Program Files\Internet Explorer\iexplore.exe"
情報,2019/11/07 16:56:55,Microsoft-Windows-Sysmon,5,Process terminated (rule: ProcessTerminate),"Process terminated:
UtcTime: 2019-11-07 07:56:55.575
ProcessGuid: {CC41BF7E-673B-5A01-0000-001056D63A00}
ProcessId: 6004
Image: C:\Program Files (x86)\Internet Explorer\iexplore.exe"
情報,2019/11/07 16:56:55,Microsoft-Windows-Sysmon,5,Process terminated (rule: ProcessTerminate),"Process terminated:
UtcTime: 2019-11-07 07:56:55.528
ProcessGuid: {CC41BF7E-673C-5A01-0000-0010AFF43A00}
ProcessId: 648
Image: C:\Windows\System32\Macromed\Flash\FlashUtil_ActiveX.exe"
情報,2019/11/07 16:56:44,Microsoft-Windows-Sysmon,1,Process Create (rule: ProcessCreate),"Process Create:
UtcTime: 2019-11-07 07:56:44.517
ProcessGuid: {CC41BF7E-673C-5A01-0000-0010AFF43A00}
ProcessId: 648
Image: C:\Windows\System32\Macromed\Flash\FlashUtil_ActiveX.exe
CommandLine: ""C:\Windows\System32\Macromed\Flash\FlashUtil_ActiveX.exe"" -Embedding
CurrentDirectory: C:\Windows\system32\
User: EXAMPLE\maebashi.gunma
LogonGuid: {CC41BF7E-4CE6-5A01-0000-002031FB0200}
LogonId: 0x2FB31
TerminalSessionId: 1
IntegrityLevel: Medium
Hashes: SHA1=7885A583868EA312E7F141E15B2BC45BF0086DB1
ParentProcessGuid: {CC41BF7E-4CCD-5A01-0000-0010D0890000}
ParentProcessId: 664
ParentImage: C:\Windows\System32\svchost.exe
ParentCommandLine: C:\Windows\system32\svchost.exe -k DcomLaunch"
情報,2019/11/07 16:56:43,Microsoft-Windows-Sysmon,1,Process Create (rule: ProcessCreate),"Process Create:
UtcTime: 2019-11-07 07:56:43.728
ProcessGuid: {CC41BF7E-673B-5A01-0000-001056D63A00}
ProcessId: 6004
Image: C:\Program Files (x86)\Internet Explorer\iexplore.exe
CommandLine: ""C:\Program Files (x86)\Internet Explorer\IEXPLORE.EXE"" SCODEF:5184 CREDAT:140545 /prefetch:2
CurrentDirectory: C:\Users\maebashi.gunma\Desktop\
User: EXAMPLE\maebashi.gunma
LogonGuid: {CC41BF7E-4CE6-5A01-0000-002031FB0200}
LogonId: 0x2FB31
TerminalSessionId: 1
IntegrityLevel: Low
Hashes: SHA1=B2533AE4CDAA5F2B0B38A76B8EB65F12C7B225EC
ParentProcessGuid: {CC41BF7E-673B-5A01-0000-0010F4CB3A00}
ParentProcessId: 5184
ParentImage: C:\Program Files\Internet Explorer\iexplore.exe
ParentCommandLine: ""C:\Program Files\Internet Explorer\iexplore.exe"" -Embedding"
情報,2019/11/07 16:56:43,Microsoft-Windows-Sysmon,1,Process Create (rule: ProcessCreate),"Process Create:
UtcTime: 2019-11-07 07:56:43.594
ProcessGuid: {CC41BF7E-673B-5A01-0000-0010F4CB3A00}
ProcessId: 5184
Image: C:\Program Files\Internet Explorer\iexplore.exe
CommandLine: ""C:\Program Files\Internet Explorer\iexplore.exe"" -Embedding
CurrentDirectory: C:\Windows\system32\
User: EXAMPLE\maebashi.gunma
LogonGuid: {CC41BF7E-4CE6-5A01-0000-002031FB0200}
LogonId: 0x2FB31
TerminalSessionId: 1
IntegrityLevel: Medium
Hashes: SHA1=F0FEB5350BD497A9E9BF77ED072315E64ABFFA33
ParentProcessGuid: {CC41BF7E-4CCD-5A01-0000-0010D0890000}
ParentProcessId: 664
ParentImage: C:\Windows\System32\svchost.exe
ParentCommandLine: C:\Windows\system32\svchost.exe -k DcomLaunch"
情報,2019/11/07 16:56:28,Microsoft-Windows-Sysmon,5,Process terminated (rule: ProcessTerminate),"Process terminated:
UtcTime: 2019-11-07 07:56:28.231
ProcessGuid: {CC41BF7E-672C-5A01-0000-0010C5C83A00}
ProcessId: 2200
Image: C:\Windows\System32\conhost.exe"
情報,2019/11/07 16:56:28,Microsoft-Windows-Sysmon,5,Process terminated (rule: ProcessTerminate),"Process terminated:
UtcTime: 2019-11-07 07:56:28.231
ProcessGuid: {CC41BF7E-672C-5A01-0000-00104BC83A00}
ProcessId: 2488
Image: C:\Windows\SysWOW64\cmd.exe"
情報,2019/11/07 16:56:28,Microsoft-Windows-Sysmon,1,Process Create (rule: ProcessCreate),"Process Create:
UtcTime: 2019-11-07 07:56:28.203
ProcessGuid: {CC41BF7E-672C-5A01-0000-0010C5C83A00}
ProcessId: 2200
Image: C:\Windows\System32\conhost.exe
CommandLine: \??\C:\Windows\system32\conhost.exe 0xffffffff -ForceV1
CurrentDirectory: C:\Windows
User: EXAMPLE\maebashi.gunma
LogonGuid: {CC41BF7E-4CE6-5A01-0000-002031FB0200}
LogonId: 0x2FB31
TerminalSessionId: 1
IntegrityLevel: Medium
Hashes: SHA1=00667A0F0C0D5E9DA697E9FF54ECDDD449259354
ParentProcessGuid: {CC41BF7E-672C-5A01-0000-00104BC83A00}
ParentProcessId: 2488
ParentImage: C:\Windows\SysWOW64\cmd.exe
ParentCommandLine: cmd /c ""type C:\Intel\Logs\k.txt"""
情報,2019/11/07 16:56:28,Microsoft-Windows-Sysmon,1,Process Create (rule: ProcessCreate),"Process Create:
UtcTime: 2019-11-07 07:56:28.197
ProcessGuid: {CC41BF7E-672C-5A01-0000-00104BC83A00}
ProcessId: 2488
Image: C:\Windows\SysWOW64\cmd.exe
CommandLine: cmd /c ""type C:\Intel\Logs\k.txt""
CurrentDirectory: C:\Users\maebashi.gunma\Desktop\
User: EXAMPLE\maebashi.gunma
LogonGuid: {CC41BF7E-4CE6-5A01-0000-002031FB0200}
LogonId: 0x2FB31
TerminalSessionId: 1
IntegrityLevel: Medium
Hashes: SHA1=A4D7B99EB716919BB47448E135D489A1100BA70C
ParentProcessGuid: {CC41BF7E-4FD9-5A01-0000-001002AE1B00}
ParentProcessId: 4964
ParentImage: C:\Users\MAEBAS~1.GUN\AppData\Local\Temp\dwm.exe
ParentCommandLine: C:\Users\MAEBAS~1.GUN\AppData\Local\Temp\dwm.exe  ""C:\Users\maebashi.gunma\Desktop"""
情報,2019/11/07 16:56:04,Microsoft-Windows-Sysmon,5,Process terminated (rule: ProcessTerminate),"Process terminated:
UtcTime: 2019-11-07 07:56:04.700
ProcessGuid: {CC41BF7E-6708-5A01-0000-00108B5A3A00}
ProcessId: 4432
Image: C:\Program Files\Internet Explorer\iexplore.exe"
情報,2019/11/07 16:56:04,Microsoft-Windows-Sysmon,5,Process terminated (rule: ProcessTerminate),"Process terminated:
UtcTime: 2019-11-07 07:56:04.668
ProcessGuid: {CC41BF7E-6709-5A01-0000-001001653A00}
ProcessId: 1536
Image: C:\Program Files (x86)\Internet Explorer\iexplore.exe"
情報,2019/11/07 16:56:04,Microsoft-Windows-Sysmon,5,Process terminated (rule: ProcessTerminate),"Process terminated:
UtcTime: 2019-11-07 07:56:04.637
ProcessGuid: {CC41BF7E-670A-5A01-0000-0010748B3A00}
ProcessId: 4640
Image: C:\Windows\System32\Macromed\Flash\FlashUtil_ActiveX.exe"
情報,2019/11/07 16:55:54,Microsoft-Windows-Sysmon,1,Process Create (rule: ProcessCreate),"Process Create:
UtcTime: 2019-11-07 07:55:54.330
ProcessGuid: {CC41BF7E-670A-5A01-0000-0010748B3A00}
ProcessId: 4640
Image: C:\Windows\System32\Macromed\Flash\FlashUtil_ActiveX.exe
CommandLine: ""C:\Windows\System32\Macromed\Flash\FlashUtil_ActiveX.exe"" -Embedding
CurrentDirectory: C:\Windows\system32\
User: EXAMPLE\maebashi.gunma
LogonGuid: {CC41BF7E-4CE6-5A01-0000-002031FB0200}
LogonId: 0x2FB31
TerminalSessionId: 1
IntegrityLevel: Medium
Hashes: SHA1=7885A583868EA312E7F141E15B2BC45BF0086DB1
ParentProcessGuid: {CC41BF7E-4CCD-5A01-0000-0010D0890000}
ParentProcessId: 664
ParentImage: C:\Windows\System32\svchost.exe
ParentCommandLine: C:\Windows\system32\svchost.exe -k DcomLaunch"
情報,2019/11/07 16:55:53,Microsoft-Windows-Sysmon,1,Process Create (rule: ProcessCreate),"Process Create:
UtcTime: 2019-11-07 07:55:53.138
ProcessGuid: {CC41BF7E-6709-5A01-0000-001001653A00}
ProcessId: 1536
Image: C:\Program Files (x86)\Internet Explorer\iexplore.exe
CommandLine: ""C:\Program Files (x86)\Internet Explorer\IEXPLORE.EXE"" SCODEF:4432 CREDAT:140545 /prefetch:2
CurrentDirectory: C:\Users\maebashi.gunma\Desktop\
User: EXAMPLE\maebashi.gunma
LogonGuid: {CC41BF7E-4CE6-5A01-0000-002031FB0200}
LogonId: 0x2FB31
TerminalSessionId: 1
IntegrityLevel: Low
Hashes: SHA1=B2533AE4CDAA5F2B0B38A76B8EB65F12C7B225EC
ParentProcessGuid: {CC41BF7E-6708-5A01-0000-00108B5A3A00}
ParentProcessId: 4432
ParentImage: C:\Program Files\Internet Explorer\iexplore.exe
ParentCommandLine: ""C:\Program Files\Internet Explorer\iexplore.exe"" -Embedding"
情報,2019/11/07 16:55:52,Microsoft-Windows-Sysmon,1,Process Create (rule: ProcessCreate),"Process Create:
UtcTime: 2019-11-07 07:55:52.987
ProcessGuid: {CC41BF7E-6708-5A01-0000-00108B5A3A00}
ProcessId: 4432
Image: C:\Program Files\Internet Explorer\iexplore.exe
CommandLine: ""C:\Program Files\Internet Explorer\iexplore.exe"" -Embedding
CurrentDirectory: C:\Windows\system32\
User: EXAMPLE\maebashi.gunma
LogonGuid: {CC41BF7E-4CE6-5A01-0000-002031FB0200}
LogonId: 0x2FB31
TerminalSessionId: 1
IntegrityLevel: Medium
Hashes: SHA1=F0FEB5350BD497A9E9BF77ED072315E64ABFFA33
ParentProcessGuid: {CC41BF7E-4CCD-5A01-0000-0010D0890000}
ParentProcessId: 664
ParentImage: C:\Windows\System32\svchost.exe
ParentCommandLine: C:\Windows\system32\svchost.exe -k DcomLaunch"
情報,2019/11/07 16:55:16,Microsoft-Windows-Sysmon,5,Process terminated (rule: ProcessTerminate),"Process terminated:
UtcTime: 2019-11-07 07:55:16.996
ProcessGuid: {CC41BF7E-65B8-5A01-0000-0010E7313900}
ProcessId: 2612
Image: C:\Windows\System32\svchost.exe"
情報,2019/11/07 16:54:51,Microsoft-Windows-Sysmon,5,Process terminated (rule: ProcessTerminate),"Process terminated:
UtcTime: 2019-11-07 07:54:51.903
ProcessGuid: {CC41BF7E-66CB-5A01-0000-00104E4B3A00}
ProcessId: 1296
Image: C:\Windows\System32\conhost.exe"
情報,2019/11/07 16:54:51,Microsoft-Windows-Sysmon,5,Process terminated (rule: ProcessTerminate),"Process terminated:
UtcTime: 2019-11-07 07:54:51.903
ProcessGuid: {CC41BF7E-66CB-5A01-0000-0010D24A3A00}
ProcessId: 6096
Image: C:\Windows\SysWOW64\cmd.exe"
情報,2019/11/07 16:54:51,Microsoft-Windows-Sysmon,1,Process Create (rule: ProcessCreate),"Process Create:
UtcTime: 2019-11-07 07:54:51.840
ProcessGuid: {CC41BF7E-66CB-5A01-0000-00104E4B3A00}
ProcessId: 1296
Image: C:\Windows\System32\conhost.exe
CommandLine: \??\C:\Windows\system32\conhost.exe 0xffffffff -ForceV1
CurrentDirectory: C:\Windows
User: EXAMPLE\maebashi.gunma
LogonGuid: {CC41BF7E-4CE6-5A01-0000-002031FB0200}
LogonId: 0x2FB31
TerminalSessionId: 1
IntegrityLevel: Medium
Hashes: SHA1=00667A0F0C0D5E9DA697E9FF54ECDDD449259354
ParentProcessGuid: {CC41BF7E-66CB-5A01-0000-0010D24A3A00}
ParentProcessId: 6096
ParentImage: C:\Windows\SysWOW64\cmd.exe
ParentCommandLine: cmd /c ""dir \\Win7_64JP_01\c$\Users\chiyoda.tokyo.EXAMPLE\*.doc* /s /o-d > C:\Intel\Logs\k.txt"""
情報,2019/11/07 16:54:51,Microsoft-Windows-Sysmon,1,Process Create (rule: ProcessCreate),"Process Create:
UtcTime: 2019-11-07 07:54:51.831
ProcessGuid: {CC41BF7E-66CB-5A01-0000-0010D24A3A00}
ProcessId: 6096
Image: C:\Windows\SysWOW64\cmd.exe
CommandLine: cmd /c ""dir \\Win7_64JP_01\c$\Users\chiyoda.tokyo.EXAMPLE\*.doc* /s /o-d > C:\Intel\Logs\k.txt""
CurrentDirectory: C:\Users\maebashi.gunma\Desktop\
User: EXAMPLE\maebashi.gunma
LogonGuid: {CC41BF7E-4CE6-5A01-0000-002031FB0200}
LogonId: 0x2FB31
TerminalSessionId: 1
IntegrityLevel: Medium
Hashes: SHA1=A4D7B99EB716919BB47448E135D489A1100BA70C
ParentProcessGuid: {CC41BF7E-4FD9-5A01-0000-001002AE1B00}
ParentProcessId: 4964
ParentImage: C:\Users\MAEBAS~1.GUN\AppData\Local\Temp\dwm.exe
ParentCommandLine: C:\Users\MAEBAS~1.GUN\AppData\Local\Temp\dwm.exe  ""C:\Users\maebashi.gunma\Desktop"""
情報,2019/11/07 16:53:57,Microsoft-Windows-Sysmon,5,Process terminated (rule: ProcessTerminate),"Process terminated:
UtcTime: 2019-11-07 07:53:56.996
ProcessGuid: {CC41BF7E-6684-5A01-0000-0010870E3A00}
ProcessId: 1112
Image: C:\Program Files\Internet Explorer\iexplore.exe"
情報,2019/11/07 16:53:56,Microsoft-Windows-Sysmon,5,Process terminated (rule: ProcessTerminate),"Process terminated:
UtcTime: 2019-11-07 07:53:56.965
ProcessGuid: {CC41BF7E-6684-5A01-0000-0010DC183A00}
ProcessId: 1232
Image: C:\Program Files (x86)\Internet Explorer\iexplore.exe"
情報,2019/11/07 16:53:40,Microsoft-Windows-Sysmon,1,Process Create (rule: ProcessCreate),"Process Create:
UtcTime: 2019-11-07 07:53:40.895
ProcessGuid: {CC41BF7E-6684-5A01-0000-0010DC183A00}
ProcessId: 1232
Image: C:\Program Files (x86)\Internet Explorer\iexplore.exe
CommandLine: ""C:\Program Files (x86)\Internet Explorer\IEXPLORE.EXE"" SCODEF:1112 CREDAT:140545 /prefetch:2
CurrentDirectory: C:\Users\maebashi.gunma\Desktop\
User: EXAMPLE\maebashi.gunma
LogonGuid: {CC41BF7E-4CE6-5A01-0000-002031FB0200}
LogonId: 0x2FB31
TerminalSessionId: 1
IntegrityLevel: Low
Hashes: SHA1=B2533AE4CDAA5F2B0B38A76B8EB65F12C7B225EC
ParentProcessGuid: {CC41BF7E-6684-5A01-0000-0010870E3A00}
ParentProcessId: 1112
ParentImage: C:\Program Files\Internet Explorer\iexplore.exe
ParentCommandLine: ""C:\Program Files\Internet Explorer\iexplore.exe"" -Embedding"
情報,2019/11/07 16:53:40,Microsoft-Windows-Sysmon,1,Process Create (rule: ProcessCreate),"Process Create:
UtcTime: 2019-11-07 07:53:40.757
ProcessGuid: {CC41BF7E-6684-5A01-0000-0010870E3A00}
ProcessId: 1112
Image: C:\Program Files\Internet Explorer\iexplore.exe
CommandLine: ""C:\Program Files\Internet Explorer\iexplore.exe"" -Embedding
CurrentDirectory: C:\Windows\system32\
User: EXAMPLE\maebashi.gunma
LogonGuid: {CC41BF7E-4CE6-5A01-0000-002031FB0200}
LogonId: 0x2FB31
TerminalSessionId: 1
IntegrityLevel: Medium
Hashes: SHA1=F0FEB5350BD497A9E9BF77ED072315E64ABFFA33
ParentProcessGuid: {CC41BF7E-4CCD-5A01-0000-0010D0890000}
ParentProcessId: 664
ParentImage: C:\Windows\System32\svchost.exe
ParentCommandLine: C:\Windows\system32\svchost.exe -k DcomLaunch"
情報,2019/11/07 16:53:15,Microsoft-Windows-Sysmon,5,Process terminated (rule: ProcessTerminate),"Process terminated:
UtcTime: 2019-11-07 07:53:15.737
ProcessGuid: {CC41BF7E-665F-5A01-0000-001067D83900}
ProcessId: 1244
Image: C:\Program Files\Internet Explorer\iexplore.exe"
情報,2019/11/07 16:53:15,Microsoft-Windows-Sysmon,5,Process terminated (rule: ProcessTerminate),"Process terminated:
UtcTime: 2019-11-07 07:53:15.674
ProcessGuid: {CC41BF7E-6660-5A01-0000-0010C8E23900}
ProcessId: 832
Image: C:\Program Files (x86)\Internet Explorer\iexplore.exe"
情報,2019/11/07 16:53:04,Microsoft-Windows-Sysmon,1,Process Create (rule: ProcessCreate),"Process Create:
UtcTime: 2019-11-07 07:53:04.000
ProcessGuid: {CC41BF7E-6660-5A01-0000-0010C8E23900}
ProcessId: 832
Image: C:\Program Files (x86)\Internet Explorer\iexplore.exe
CommandLine: ""C:\Program Files (x86)\Internet Explorer\IEXPLORE.EXE"" SCODEF:1244 CREDAT:140545 /prefetch:2
CurrentDirectory: C:\Users\maebashi.gunma\Desktop\
User: EXAMPLE\maebashi.gunma
LogonGuid: {CC41BF7E-4CE6-5A01-0000-002031FB0200}
LogonId: 0x2FB31
TerminalSessionId: 1
IntegrityLevel: Low
Hashes: SHA1=B2533AE4CDAA5F2B0B38A76B8EB65F12C7B225EC
ParentProcessGuid: {CC41BF7E-665F-5A01-0000-001067D83900}
ParentProcessId: 1244
ParentImage: C:\Program Files\Internet Explorer\iexplore.exe
ParentCommandLine: ""C:\Program Files\Internet Explorer\iexplore.exe"" -Embedding"
情報,2019/11/07 16:53:03,Microsoft-Windows-Sysmon,1,Process Create (rule: ProcessCreate),"Process Create:
UtcTime: 2019-11-07 07:53:03.866
ProcessGuid: {CC41BF7E-665F-5A01-0000-001067D83900}
ProcessId: 1244
Image: C:\Program Files\Internet Explorer\iexplore.exe
CommandLine: ""C:\Program Files\Internet Explorer\iexplore.exe"" -Embedding
CurrentDirectory: C:\Windows\system32\
User: EXAMPLE\maebashi.gunma
LogonGuid: {CC41BF7E-4CE6-5A01-0000-002031FB0200}
LogonId: 0x2FB31
TerminalSessionId: 1
IntegrityLevel: Medium
Hashes: SHA1=F0FEB5350BD497A9E9BF77ED072315E64ABFFA33
ParentProcessGuid: {CC41BF7E-4CCD-5A01-0000-0010D0890000}
ParentProcessId: 664
ParentImage: C:\Windows\System32\svchost.exe
ParentCommandLine: C:\Windows\system32\svchost.exe -k DcomLaunch"
情報,2019/11/07 16:52:21,Microsoft-Windows-Sysmon,5,Process terminated (rule: ProcessTerminate),"Process terminated:
UtcTime: 2019-11-07 07:52:21.018
ProcessGuid: {CC41BF7E-6628-5A01-0000-0010299B3900}
ProcessId: 3352
Image: C:\Program Files\Internet Explorer\iexplore.exe"
情報,2019/11/07 16:52:20,Microsoft-Windows-Sysmon,5,Process terminated (rule: ProcessTerminate),"Process terminated:
UtcTime: 2019-11-07 07:52:20.987
ProcessGuid: {CC41BF7E-6628-5A01-0000-0010A1A53900}
ProcessId: 6028
Image: C:\Program Files (x86)\Internet Explorer\iexplore.exe"
情報,2019/11/07 16:52:08,Microsoft-Windows-Sysmon,1,Process Create (rule: ProcessCreate),"Process Create:
UtcTime: 2019-11-07 07:52:08.156
ProcessGuid: {CC41BF7E-6628-5A01-0000-0010A1A53900}
ProcessId: 6028
Image: C:\Program Files (x86)\Internet Explorer\iexplore.exe
CommandLine: ""C:\Program Files (x86)\Internet Explorer\IEXPLORE.EXE"" SCODEF:3352 CREDAT:140545 /prefetch:2
CurrentDirectory: C:\Users\maebashi.gunma\Desktop\
User: EXAMPLE\maebashi.gunma
LogonGuid: {CC41BF7E-4CE6-5A01-0000-002031FB0200}
LogonId: 0x2FB31
TerminalSessionId: 1
IntegrityLevel: Low
Hashes: SHA1=B2533AE4CDAA5F2B0B38A76B8EB65F12C7B225EC
ParentProcessGuid: {CC41BF7E-6628-5A01-0000-0010299B3900}
ParentProcessId: 3352
ParentImage: C:\Program Files\Internet Explorer\iexplore.exe
ParentCommandLine: ""C:\Program Files\Internet Explorer\iexplore.exe"" -Embedding"
情報,2019/11/07 16:52:08,Microsoft-Windows-Sysmon,1,Process Create (rule: ProcessCreate),"Process Create:
UtcTime: 2019-11-07 07:52:08.010
ProcessGuid: {CC41BF7E-6628-5A01-0000-0010299B3900}
ProcessId: 3352
Image: C:\Program Files\Internet Explorer\iexplore.exe
CommandLine: ""C:\Program Files\Internet Explorer\iexplore.exe"" -Embedding
CurrentDirectory: C:\Windows\system32\
User: EXAMPLE\maebashi.gunma
LogonGuid: {CC41BF7E-4CE6-5A01-0000-002031FB0200}
LogonId: 0x2FB31
TerminalSessionId: 1
IntegrityLevel: Medium
Hashes: SHA1=F0FEB5350BD497A9E9BF77ED072315E64ABFFA33
ParentProcessGuid: {CC41BF7E-4CCD-5A01-0000-0010D0890000}
ParentProcessId: 664
ParentImage: C:\Windows\System32\svchost.exe
ParentCommandLine: C:\Windows\system32\svchost.exe -k DcomLaunch"
情報,2019/11/07 16:50:34,Microsoft-Windows-Sysmon,5,Process terminated (rule: ProcessTerminate),"Process terminated:
UtcTime: 2019-11-07 07:50:34.067
ProcessGuid: {CC41BF7E-65BD-5A01-0000-0010A4583900}
ProcessId: 2136
Image: C:\Program Files\Internet Explorer\iexplore.exe"
情報,2019/11/07 16:50:34,Microsoft-Windows-Sysmon,5,Process terminated (rule: ProcessTerminate),"Process terminated:
UtcTime: 2019-11-07 07:50:34.021
ProcessGuid: {CC41BF7E-65BD-5A01-0000-0010E5623900}
ProcessId: 4068
Image: C:\Program Files (x86)\Internet Explorer\iexplore.exe"
情報,2019/11/07 16:50:21,Microsoft-Windows-Sysmon,1,Process Create (rule: ProcessCreate),"Process Create:
UtcTime: 2019-11-07 07:50:21.555
ProcessGuid: {CC41BF7E-65BD-5A01-0000-0010E5623900}
ProcessId: 4068
Image: C:\Program Files (x86)\Internet Explorer\iexplore.exe
CommandLine: ""C:\Program Files (x86)\Internet Explorer\IEXPLORE.EXE"" SCODEF:2136 CREDAT:140545 /prefetch:2
CurrentDirectory: C:\Users\maebashi.gunma\Desktop\
User: EXAMPLE\maebashi.gunma
LogonGuid: {CC41BF7E-4CE6-5A01-0000-002031FB0200}
LogonId: 0x2FB31
TerminalSessionId: 1
IntegrityLevel: Low
Hashes: SHA1=B2533AE4CDAA5F2B0B38A76B8EB65F12C7B225EC
ParentProcessGuid: {CC41BF7E-65BD-5A01-0000-0010A4583900}
ParentProcessId: 2136
ParentImage: C:\Program Files\Internet Explorer\iexplore.exe
ParentCommandLine: ""C:\Program Files\Internet Explorer\iexplore.exe"" -Embedding"
情報,2019/11/07 16:50:21,Microsoft-Windows-Sysmon,1,Process Create (rule: ProcessCreate),"Process Create:
UtcTime: 2019-11-07 07:50:21.424
ProcessGuid: {CC41BF7E-65BD-5A01-0000-0010A4583900}
ProcessId: 2136
Image: C:\Program Files\Internet Explorer\iexplore.exe
CommandLine: ""C:\Program Files\Internet Explorer\iexplore.exe"" -Embedding
CurrentDirectory: C:\Windows\system32\
User: EXAMPLE\maebashi.gunma
LogonGuid: {CC41BF7E-4CE6-5A01-0000-002031FB0200}
LogonId: 0x2FB31
TerminalSessionId: 1
IntegrityLevel: Medium
Hashes: SHA1=F0FEB5350BD497A9E9BF77ED072315E64ABFFA33
ParentProcessGuid: {CC41BF7E-4CCD-5A01-0000-0010D0890000}
ParentProcessId: 664
ParentImage: C:\Windows\System32\svchost.exe
ParentCommandLine: C:\Windows\system32\svchost.exe -k DcomLaunch"
情報,2019/11/07 16:50:16,Microsoft-Windows-Sysmon,5,Process terminated (rule: ProcessTerminate),"Process terminated:
UtcTime: 2019-11-07 07:50:16.624
ProcessGuid: {CC41BF7E-65AD-5A01-0000-001003D33800}
ProcessId: 5896
Image: C:\Program Files\Internet Explorer\iexplore.exe"
情報,2019/11/07 16:50:16,Microsoft-Windows-Sysmon,5,Process terminated (rule: ProcessTerminate),"Process terminated:
UtcTime: 2019-11-07 07:50:16.546
ProcessGuid: {CC41BF7E-65AD-5A01-0000-001094DD3800}
ProcessId: 5188
Image: C:\Program Files (x86)\Internet Explorer\iexplore.exe"
情報,2019/11/07 16:50:16,Microsoft-Windows-Sysmon,1,Process Create (rule: ProcessCreate),"Process Create:
UtcTime: 2019-11-07 07:50:16.518
ProcessGuid: {CC41BF7E-65B8-5A01-0000-0010E7313900}
ProcessId: 2612
Image: C:\Windows\System32\svchost.exe
CommandLine: C:\Windows\System32\svchost.exe -k wsappx
CurrentDirectory: C:\Windows\system32\
User: NT AUTHORITY\SYSTEM
LogonGuid: {CC41BF7E-4CCC-5A01-0000-0020E7030000}
LogonId: 0x3E7
TerminalSessionId: 0
IntegrityLevel: System
Hashes: SHA1=0DAC68816AE7C09EFC24D11C27C3274DFD147DEE
ParentProcessGuid: {CC41BF7E-4CCC-5A01-0000-001065750000}
ParentProcessId: 552
ParentImage: C:\Windows\System32\services.exe
ParentCommandLine: C:\Windows\system32\services.exe"
情報,2019/11/07 16:50:16,Microsoft-Windows-Sysmon,5,Process terminated (rule: ProcessTerminate),"Process terminated:
UtcTime: 2019-11-07 07:50:16.499
ProcessGuid: {CC41BF7E-65AE-5A01-0000-001066FF3800}
ProcessId: 2516
Image: C:\Windows\System32\Macromed\Flash\FlashUtil_ActiveX.exe"
情報,2019/11/07 16:50:06,Microsoft-Windows-Sysmon,1,Process Create (rule: ProcessCreate),"Process Create:
UtcTime: 2019-11-07 07:50:06.538
ProcessGuid: {CC41BF7E-65AE-5A01-0000-001066FF3800}
ProcessId: 2516
Image: C:\Windows\System32\Macromed\Flash\FlashUtil_ActiveX.exe
CommandLine: ""C:\Windows\System32\Macromed\Flash\FlashUtil_ActiveX.exe"" -Embedding
CurrentDirectory: C:\Windows\system32\
User: EXAMPLE\maebashi.gunma
LogonGuid: {CC41BF7E-4CE6-5A01-0000-002031FB0200}
LogonId: 0x2FB31
TerminalSessionId: 1
IntegrityLevel: Medium
Hashes: SHA1=7885A583868EA312E7F141E15B2BC45BF0086DB1
ParentProcessGuid: {CC41BF7E-4CCD-5A01-0000-0010D0890000}
ParentProcessId: 664
ParentImage: C:\Windows\System32\svchost.exe
ParentCommandLine: C:\Windows\system32\svchost.exe -k DcomLaunch"
情報,2019/11/07 16:50:05,Microsoft-Windows-Sysmon,1,Process Create (rule: ProcessCreate),"Process Create:
UtcTime: 2019-11-07 07:50:05.415
ProcessGuid: {CC41BF7E-65AD-5A01-0000-001094DD3800}
ProcessId: 5188
Image: C:\Program Files (x86)\Internet Explorer\iexplore.exe
CommandLine: ""C:\Program Files (x86)\Internet Explorer\IEXPLORE.EXE"" SCODEF:5896 CREDAT:140545 /prefetch:2
CurrentDirectory: C:\Users\maebashi.gunma\Desktop\
User: EXAMPLE\maebashi.gunma
LogonGuid: {CC41BF7E-4CE6-5A01-0000-002031FB0200}
LogonId: 0x2FB31
TerminalSessionId: 1
IntegrityLevel: Low
Hashes: SHA1=B2533AE4CDAA5F2B0B38A76B8EB65F12C7B225EC
ParentProcessGuid: {CC41BF7E-65AD-5A01-0000-001003D33800}
ParentProcessId: 5896
ParentImage: C:\Program Files\Internet Explorer\iexplore.exe
ParentCommandLine: ""C:\Program Files\Internet Explorer\iexplore.exe"" -Embedding"
情報,2019/11/07 16:50:05,Microsoft-Windows-Sysmon,1,Process Create (rule: ProcessCreate),"Process Create:
UtcTime: 2019-11-07 07:50:05.264
ProcessGuid: {CC41BF7E-65AD-5A01-0000-001003D33800}
ProcessId: 5896
Image: C:\Program Files\Internet Explorer\iexplore.exe
CommandLine: ""C:\Program Files\Internet Explorer\iexplore.exe"" -Embedding
CurrentDirectory: C:\Windows\system32\
User: EXAMPLE\maebashi.gunma
LogonGuid: {CC41BF7E-4CE6-5A01-0000-002031FB0200}
LogonId: 0x2FB31
TerminalSessionId: 1
IntegrityLevel: Medium
Hashes: SHA1=F0FEB5350BD497A9E9BF77ED072315E64ABFFA33
ParentProcessGuid: {CC41BF7E-4CCD-5A01-0000-0010D0890000}
ParentProcessId: 664
ParentImage: C:\Windows\System32\svchost.exe
ParentCommandLine: C:\Windows\system32\svchost.exe -k DcomLaunch"
情報,2019/11/07 16:49:16,Microsoft-Windows-Sysmon,5,Process terminated (rule: ProcessTerminate),"Process terminated:
UtcTime: 2019-11-07 07:49:16.307
ProcessGuid: {CC41BF7E-6570-5A01-0000-00102D943800}
ProcessId: 1384
Image: C:\Program Files\Internet Explorer\iexplore.exe"
情報,2019/11/07 16:49:16,Microsoft-Windows-Sysmon,5,Process terminated (rule: ProcessTerminate),"Process terminated:
UtcTime: 2019-11-07 07:49:16.291
ProcessGuid: {CC41BF7E-6570-5A01-0000-0010FB9E3800}
ProcessId: 2448
Image: C:\Program Files (x86)\Internet Explorer\iexplore.exe"
情報,2019/11/07 16:49:05,Microsoft-Windows-Sysmon,1,Process Create (rule: ProcessCreate),"Process Create:
UtcTime: 2019-11-07 07:49:04.998
ProcessGuid: {CC41BF7E-6570-5A01-0000-0010FB9E3800}
ProcessId: 2448
Image: C:\Program Files (x86)\Internet Explorer\iexplore.exe
CommandLine: ""C:\Program Files (x86)\Internet Explorer\IEXPLORE.EXE"" SCODEF:1384 CREDAT:140545 /prefetch:2
CurrentDirectory: C:\Users\maebashi.gunma\Desktop\
User: EXAMPLE\maebashi.gunma
LogonGuid: {CC41BF7E-4CE6-5A01-0000-002031FB0200}
LogonId: 0x2FB31
TerminalSessionId: 1
IntegrityLevel: Low
Hashes: SHA1=B2533AE4CDAA5F2B0B38A76B8EB65F12C7B225EC
ParentProcessGuid: {CC41BF7E-6570-5A01-0000-00102D943800}
ParentProcessId: 1384
ParentImage: C:\Program Files\Internet Explorer\iexplore.exe
ParentCommandLine: ""C:\Program Files\Internet Explorer\iexplore.exe"" -Embedding"
情報,2019/11/07 16:49:04,Microsoft-Windows-Sysmon,1,Process Create (rule: ProcessCreate),"Process Create:
UtcTime: 2019-11-07 07:49:04.842
ProcessGuid: {CC41BF7E-6570-5A01-0000-00102D943800}
ProcessId: 1384
Image: C:\Program Files\Internet Explorer\iexplore.exe
CommandLine: ""C:\Program Files\Internet Explorer\iexplore.exe"" -Embedding
CurrentDirectory: C:\Windows\system32\
User: EXAMPLE\maebashi.gunma
LogonGuid: {CC41BF7E-4CE6-5A01-0000-002031FB0200}
LogonId: 0x2FB31
TerminalSessionId: 1
IntegrityLevel: Medium
Hashes: SHA1=F0FEB5350BD497A9E9BF77ED072315E64ABFFA33
ParentProcessGuid: {CC41BF7E-4CCD-5A01-0000-0010D0890000}
ParentProcessId: 664
ParentImage: C:\Windows\System32\svchost.exe
ParentCommandLine: C:\Windows\system32\svchost.exe -k DcomLaunch"
情報,2019/11/07 16:47:16,Microsoft-Windows-Sysmon,5,Process terminated (rule: ProcessTerminate),"Process terminated:
UtcTime: 2019-11-07 07:47:16.072
ProcessGuid: {CC41BF7E-6481-5A01-0000-00103CDB3700}
ProcessId: 3240
Image: C:\Program Files\Internet Explorer\iexplore.exe"
情報,2019/11/07 16:47:16,Microsoft-Windows-Sysmon,5,Process terminated (rule: ProcessTerminate),"Process terminated:
UtcTime: 2019-11-07 07:47:15.993
ProcessGuid: {CC41BF7E-64AD-5A01-0000-0010FF333800}
ProcessId: 5860
Image: C:\Program Files (x86)\Internet Explorer\iexplore.exe"
情報,2019/11/07 16:47:16,Microsoft-Windows-Sysmon,2,File creation time changed (rule: FileCreateTime),"File creation time changed:
UtcTime: 2019-11-07 07:47:15.978
ProcessGuid: {CC41BF7E-6481-5A01-0000-00103CDB3700}
ProcessId: 3240
Image: C:\Program Files\Internet Explorer\iexplore.exe
TargetFilename: C:\Users\maebashi.gunma\AppData\Roaming\Microsoft\Windows\Recent\CustomDestinations\H2O2XXK9NVCVNQ7F960L.temp
CreationUtcTime: 2019-09-20 02:25:16.046
PreviousCreationUtcTime: 2019-11-07 07:47:15.931"
情報,2019/11/07 16:45:49,Microsoft-Windows-Sysmon,5,Process terminated (rule: ProcessTerminate),"Process terminated:
UtcTime: 2019-11-07 07:45:49.776
ProcessGuid: {CC41BF7E-6481-5A01-0000-0010ACE53700}
ProcessId: 3672
Image: C:\Program Files (x86)\Internet Explorer\iexplore.exe"
情報,2019/11/07 16:45:49,Microsoft-Windows-Sysmon,1,Process Create (rule: ProcessCreate),"Process Create:
UtcTime: 2019-11-07 07:45:49.719
ProcessGuid: {CC41BF7E-64AD-5A01-0000-0010FF333800}
ProcessId: 5860
Image: C:\Program Files (x86)\Internet Explorer\iexplore.exe
CommandLine: ""C:\Program Files (x86)\Internet Explorer\IEXPLORE.EXE"" SCODEF:3240 CREDAT:140549 /prefetch:2
CurrentDirectory: C:\Users\maebashi.gunma\Desktop\
User: EXAMPLE\maebashi.gunma
LogonGuid: {CC41BF7E-4CE6-5A01-0000-002031FB0200}
LogonId: 0x2FB31
TerminalSessionId: 1
IntegrityLevel: Low
Hashes: SHA1=B2533AE4CDAA5F2B0B38A76B8EB65F12C7B225EC
ParentProcessGuid: {CC41BF7E-6481-5A01-0000-00103CDB3700}
ParentProcessId: 3240
ParentImage: C:\Program Files\Internet Explorer\iexplore.exe
ParentCommandLine: ""C:\Program Files\Internet Explorer\iexplore.exe"" -Embedding"
情報,2019/11/07 16:45:49,Microsoft-Windows-Sysmon,2,File creation time changed (rule: FileCreateTime),"File creation time changed:
UtcTime: 2019-11-07 07:45:49.635
ProcessGuid: {CC41BF7E-6481-5A01-0000-00103CDB3700}
ProcessId: 3240
Image: C:\Program Files\Internet Explorer\iexplore.exe
TargetFilename: C:\Users\maebashi.gunma\AppData\Roaming\Microsoft\Windows\Recent\CustomDestinations\3ADF8WULJD5DTWC8AR1E.temp
CreationUtcTime: 2019-09-20 02:25:16.046
PreviousCreationUtcTime: 2019-11-07 07:45:49.604"
情報,2019/11/07 16:45:05,Microsoft-Windows-Sysmon,1,Process Create (rule: ProcessCreate),"Process Create:
UtcTime: 2019-11-07 07:45:05.808
ProcessGuid: {CC41BF7E-6481-5A01-0000-0010ACE53700}
ProcessId: 3672
Image: C:\Program Files (x86)\Internet Explorer\iexplore.exe
CommandLine: ""C:\Program Files (x86)\Internet Explorer\IEXPLORE.EXE"" SCODEF:3240 CREDAT:140545 /prefetch:2
CurrentDirectory: C:\Users\maebashi.gunma\Desktop\
User: EXAMPLE\maebashi.gunma
LogonGuid: {CC41BF7E-4CE6-5A01-0000-002031FB0200}
LogonId: 0x2FB31
TerminalSessionId: 1
IntegrityLevel: Low
Hashes: SHA1=B2533AE4CDAA5F2B0B38A76B8EB65F12C7B225EC
ParentProcessGuid: {CC41BF7E-6481-5A01-0000-00103CDB3700}
ParentProcessId: 3240
ParentImage: C:\Program Files\Internet Explorer\iexplore.exe
ParentCommandLine: ""C:\Program Files\Internet Explorer\iexplore.exe"" -Embedding"
情報,2019/11/07 16:45:05,Microsoft-Windows-Sysmon,1,Process Create (rule: ProcessCreate),"Process Create:
UtcTime: 2019-11-07 07:45:05.657
ProcessGuid: {CC41BF7E-6481-5A01-0000-00103CDB3700}
ProcessId: 3240
Image: C:\Program Files\Internet Explorer\iexplore.exe
CommandLine: ""C:\Program Files\Internet Explorer\iexplore.exe"" -Embedding
CurrentDirectory: C:\Windows\system32\
User: EXAMPLE\maebashi.gunma
LogonGuid: {CC41BF7E-4CE6-5A01-0000-002031FB0200}
LogonId: 0x2FB31
TerminalSessionId: 1
IntegrityLevel: Medium
Hashes: SHA1=F0FEB5350BD497A9E9BF77ED072315E64ABFFA33
ParentProcessGuid: {CC41BF7E-4CCD-5A01-0000-0010D0890000}
ParentProcessId: 664
ParentImage: C:\Windows\System32\svchost.exe
ParentCommandLine: C:\Windows\system32\svchost.exe -k DcomLaunch"
情報,2019/11/07 16:43:08,Microsoft-Windows-Sysmon,5,Process terminated (rule: ProcessTerminate),"Process terminated:
UtcTime: 2019-11-07 07:43:08.697
ProcessGuid: {CC41BF7E-6400-5A01-0000-00106E9C3700}
ProcessId: 5436
Image: C:\Program Files\Internet Explorer\iexplore.exe"
情報,2019/11/07 16:43:08,Microsoft-Windows-Sysmon,5,Process terminated (rule: ProcessTerminate),"Process terminated:
UtcTime: 2019-11-07 07:43:08.666
ProcessGuid: {CC41BF7E-6400-5A01-0000-0010CAA63700}
ProcessId: 932
Image: C:\Program Files (x86)\Internet Explorer\iexplore.exe"
情報,2019/11/07 16:42:56,Microsoft-Windows-Sysmon,1,Process Create (rule: ProcessCreate),"Process Create:
UtcTime: 2019-11-07 07:42:56.972
ProcessGuid: {CC41BF7E-6400-5A01-0000-0010CAA63700}
ProcessId: 932
Image: C:\Program Files (x86)\Internet Explorer\iexplore.exe
CommandLine: ""C:\Program Files (x86)\Internet Explorer\IEXPLORE.EXE"" SCODEF:5436 CREDAT:140545 /prefetch:2
CurrentDirectory: C:\Users\maebashi.gunma\Desktop\
User: EXAMPLE\maebashi.gunma
LogonGuid: {CC41BF7E-4CE6-5A01-0000-002031FB0200}
LogonId: 0x2FB31
TerminalSessionId: 1
IntegrityLevel: Low
Hashes: SHA1=B2533AE4CDAA5F2B0B38A76B8EB65F12C7B225EC
ParentProcessGuid: {CC41BF7E-6400-5A01-0000-00106E9C3700}
ParentProcessId: 5436
ParentImage: C:\Program Files\Internet Explorer\iexplore.exe
ParentCommandLine: ""C:\Program Files\Internet Explorer\iexplore.exe"" -Embedding"
情報,2019/11/07 16:42:56,Microsoft-Windows-Sysmon,1,Process Create (rule: ProcessCreate),"Process Create:
UtcTime: 2019-11-07 07:42:56.825
ProcessGuid: {CC41BF7E-6400-5A01-0000-00106E9C3700}
ProcessId: 5436
Image: C:\Program Files\Internet Explorer\iexplore.exe
CommandLine: ""C:\Program Files\Internet Explorer\iexplore.exe"" -Embedding
CurrentDirectory: C:\Windows\system32\
User: EXAMPLE\maebashi.gunma
LogonGuid: {CC41BF7E-4CE6-5A01-0000-002031FB0200}
LogonId: 0x2FB31
TerminalSessionId: 1
IntegrityLevel: Medium
Hashes: SHA1=F0FEB5350BD497A9E9BF77ED072315E64ABFFA33
ParentProcessGuid: {CC41BF7E-4CCD-5A01-0000-0010D0890000}
ParentProcessId: 664
ParentImage: C:\Windows\System32\svchost.exe
ParentCommandLine: C:\Windows\system32\svchost.exe -k DcomLaunch"
情報,2019/11/07 16:41:32,Microsoft-Windows-Sysmon,5,Process terminated (rule: ProcessTerminate),"Process terminated:
UtcTime: 2019-11-07 07:41:32.133
ProcessGuid: {CC41BF7E-63A0-5A01-0000-0010C62B3700}
ProcessId: 372
Image: C:\Program Files\Internet Explorer\iexplore.exe"
情報,2019/11/07 16:41:32,Microsoft-Windows-Sysmon,5,Process terminated (rule: ProcessTerminate),"Process terminated:
UtcTime: 2019-11-07 07:41:32.102
ProcessGuid: {CC41BF7E-63A0-5A01-0000-001039363700}
ProcessId: 2784
Image: C:\Program Files (x86)\Internet Explorer\iexplore.exe"
情報,2019/11/07 16:41:32,Microsoft-Windows-Sysmon,5,Process terminated (rule: ProcessTerminate),"Process terminated:
UtcTime: 2019-11-07 07:41:31.868
ProcessGuid: {CC41BF7E-63A2-5A01-0000-0010405B3700}
ProcessId: 656
Image: C:\Windows\System32\Macromed\Flash\FlashUtil_ActiveX.exe"
情報,2019/11/07 16:41:22,Microsoft-Windows-Sysmon,1,Process Create (rule: ProcessCreate),"Process Create:
UtcTime: 2019-11-07 07:41:22.723
ProcessGuid: {CC41BF7E-63A2-5A01-0000-0010405B3700}
ProcessId: 656
Image: C:\Windows\System32\Macromed\Flash\FlashUtil_ActiveX.exe
CommandLine: ""C:\Windows\System32\Macromed\Flash\FlashUtil_ActiveX.exe"" -Embedding
CurrentDirectory: C:\Windows\system32\
User: EXAMPLE\maebashi.gunma
LogonGuid: {CC41BF7E-4CE6-5A01-0000-002031FB0200}
LogonId: 0x2FB31
TerminalSessionId: 1
IntegrityLevel: Medium
Hashes: SHA1=7885A583868EA312E7F141E15B2BC45BF0086DB1
ParentProcessGuid: {CC41BF7E-4CCD-5A01-0000-0010D0890000}
ParentProcessId: 664
ParentImage: C:\Windows\System32\svchost.exe
ParentCommandLine: C:\Windows\system32\svchost.exe -k DcomLaunch"
情報,2019/11/07 16:41:20,Microsoft-Windows-Sysmon,1,Process Create (rule: ProcessCreate),"Process Create:
UtcTime: 2019-11-07 07:41:20.887
ProcessGuid: {CC41BF7E-63A0-5A01-0000-001039363700}
ProcessId: 2784
Image: C:\Program Files (x86)\Internet Explorer\iexplore.exe
CommandLine: ""C:\Program Files (x86)\Internet Explorer\IEXPLORE.EXE"" SCODEF:372 CREDAT:140545 /prefetch:2
CurrentDirectory: C:\Users\maebashi.gunma\Desktop\
User: EXAMPLE\maebashi.gunma
LogonGuid: {CC41BF7E-4CE6-5A01-0000-002031FB0200}
LogonId: 0x2FB31
TerminalSessionId: 1
IntegrityLevel: Low
Hashes: SHA1=B2533AE4CDAA5F2B0B38A76B8EB65F12C7B225EC
ParentProcessGuid: {CC41BF7E-63A0-5A01-0000-0010C62B3700}
ParentProcessId: 372
ParentImage: C:\Program Files\Internet Explorer\iexplore.exe
ParentCommandLine: ""C:\Program Files\Internet Explorer\iexplore.exe"" -Embedding"
情報,2019/11/07 16:41:20,Microsoft-Windows-Sysmon,1,Process Create (rule: ProcessCreate),"Process Create:
UtcTime: 2019-11-07 07:41:20.716
ProcessGuid: {CC41BF7E-63A0-5A01-0000-0010C62B3700}
ProcessId: 372
Image: C:\Program Files\Internet Explorer\iexplore.exe
CommandLine: ""C:\Program Files\Internet Explorer\iexplore.exe"" -Embedding
CurrentDirectory: C:\Windows\system32\
User: EXAMPLE\maebashi.gunma
LogonGuid: {CC41BF7E-4CE6-5A01-0000-002031FB0200}
LogonId: 0x2FB31
TerminalSessionId: 1
IntegrityLevel: Medium
Hashes: SHA1=F0FEB5350BD497A9E9BF77ED072315E64ABFFA33
ParentProcessGuid: {CC41BF7E-4CCD-5A01-0000-0010D0890000}
ParentProcessId: 664
ParentImage: C:\Windows\System32\svchost.exe
ParentCommandLine: C:\Windows\system32\svchost.exe -k DcomLaunch"
